#
# A fatal error has been detected by the Java Runtime Environment:
#
#  SIGILL (0x4) at pc=0x00007fffbe402bde, pid=3580, tid=0x0000000000000203
#
# JRE version: Java(TM) SE Runtime Environment (8.0_111-b14) (build 1.8.0_111-b14)
# Java VM: Java HotSpot(TM) 64-Bit Server VM (25.111-b14 mixed mode bsd-amd64 compressed oops)
# Problematic frame:
# C  [libsystem_platform.dylib+0x5bde]  _os_unfair_lock_corruption_abort+0x17
#
# Failed to write core dump. Core dumps have been disabled. To enable core dumping, try "ulimit -c unlimited" before starting Java again
#
# If you would like to submit a bug report, please visit:
#   http://bugreport.java.com/bugreport/crash.jsp
# The crash happened outside the Java Virtual Machine in native code.
# See problematic frame for where to report the bug.
#

---------------  T H R E A D  ---------------

Current thread (0x000000012c8d5000):  JavaThread "Spawner Reaper" daemon [_thread_in_native, id=192579, stack(0x0000700003d83000,0x0000700003e83000)]

siginfo: si_signo: 4 (SIGILL), si_code: 1 (ILL_ILLOPC), si_addr: 0x00007fffbe402bde

Registers:
RAX=0x0000000000000306, RBX=0x0000000000000306, RCX=0x00007fffbe404b6c, RDX=0x0000000000000000
RSP=0x0000700003e821e8, RBP=0x0000700003e82220, RSI=0x00007fffc6f2fe40, RDI=0x0000000000000306
R8 =0x000000000000031c, R9 =0x0000000128178460, R10=0x0000000000000000, R11=0x0000000000000246
R12=0x00007fffc6f2fe40, R13=0x0000000000000203, R14=0x0000000001010002, R15=0x0000000000000203
RIP=0x00007fffbe402bde, EFLAGS=0x0000000000010246, ERR=0x0000000000000000
  TRAPNO=0x0000000000000006

Top of Stack: (sp=0x0000700003e821e8)
0x0000700003e821e8:   00007fffbe40244e 0000000000000307
0x0000700003e821f8:   00000000000009c0 0000000128182b20
0x0000700003e82208:   00007fffc6f2f480 00007fffc6f2fe40
0x0000700003e82218:   0000000131c4fa80 0000700003e82270
0x0000700003e82228:   00007fffbd90a370 0000000000000000
0x0000700003e82238:   0000000000000000 0000000000000000
0x0000700003e82248:   0000000128182b20 0000000000000000
0x0000700003e82258:   0000000131c4fa80 0000000000000001
0x0000700003e82268:   0000000131c4fa80 0000700003e82290
0x0000700003e82278:   00007fffbd90a0b7 0000000128182b20
0x0000700003e82288:   0000000000000003 0000700003e822b0
0x0000700003e82298:   00007fffbd90a017 0000000000000000
0x0000700003e822a8:   000000010015d920 0000700003e822d0
0x0000700003e822b8:   00007fffbe44ab23 0000000000000203
0x0000700003e822c8:   0000000131c9d160 0000700003e82300
0x0000700003e822d8:   00007fffbe44aa3f 00007fffc6fefa50
0x0000700003e822e8:   0000000131c4fa80 0000000000000000
0x0000700003e822f8:   0000000000000008 0000700003e82320
0x0000700003e82308:   00007fffbe44a4f9 00000000ffffffff
0x0000700003e82318:   0000000000000008 0000700003e823b0
0x0000700003e82328:   00007fffbe44b0a2 0000000000000000
0x0000700003e82338:   1c24f8f00bef0011 0000700003e823c0
0x0000700003e82348:   00000000be1ee48e 00007fffbe304290
0x0000700003e82358:   0000700003e823f4 0000000131c43780
0x0000700003e82368:   ff00000000000000 0000000000000000
0x0000700003e82378:   ff00000000000000 6961692f73726573
0x0000700003e82388:   1c24f8f00bef0011 0000000100202550
0x0000700003e82398:   0000000000000000 0000000000000000
0x0000700003e823a8:   0000000000000002 0000700003e823e0
0x0000700003e823b8:   00007fffbe44ae2d 0000000000000000
0x0000700003e823c8:   0000000000000000 1c24f8f00bef0011
0x0000700003e823d8:   00007fffbe304290 0000700003e82410 

Instructions: (pc=0x00007fffbe402bde)
0x00007fffbe402bbe:   89 f7 e8 55 18 00 00 eb ae 89 f8 48 8d 0d 9c 1f
0x00007fffbe402bce:   00 00 48 89 0d e1 c6 bd 08 48 89 05 0a c7 bd 08
0x00007fffbe402bde:   0f 0b 89 f8 48 8d 0d 12 20 00 00 48 89 0d c8 c6
0x00007fffbe402bee:   bd 08 48 89 05 f1 c6 bd 08 0f 0b 55 48 89 e5 41 

Register to memory mapping:

RAX=0x0000000000000306 is an unknown value
RBX=0x0000000000000306 is an unknown value
RCX=0x00007fffbe404b6c: _h+0x25c in /usr/lib/system/libsystem_platform.dylib at 0x00007fffbe3fd000
RDX=0x0000000000000000 is an unknown value
RSP=0x0000700003e821e8 is pointing into the stack for thread: 0x000000012c8d5000
RBP=0x0000700003e82220 is pointing into the stack for thread: 0x000000012c8d5000
RSI=0x00007fffc6f2fe40: _ZN12_GLOBAL__N_1L12SideTableBufE+0x9c0 in /usr/lib/libobjc.A.dylib at 0x00007fffbd901000
RDI=0x0000000000000306 is an unknown value
R8 =0x000000000000031c is an unknown value
R9 =0x0000000128178460 is an unknown value
R10=0x0000000000000000 is an unknown value
R11=0x0000000000000246 is an unknown value
R12=0x00007fffc6f2fe40: _ZN12_GLOBAL__N_1L12SideTableBufE+0x9c0 in /usr/lib/libobjc.A.dylib at 0x00007fffbd901000
R13=0x0000000000000203 is an unknown value
R14=0x0000000001010002 is an unknown value
R15=0x0000000000000203 is an unknown value


Stack: [0x0000700003d83000,0x0000700003e83000],  sp=0x0000700003e821e8,  free space=1020k
Native frames: (J=compiled Java code, j=interpreted, Vv=VM code, C=native code)
C  [libsystem_platform.dylib+0x5bde]  _os_unfair_lock_corruption_abort+0x17
C  [libobjc.A.dylib+0x9370]  _ZN11objc_object27sidetable_clearDeallocatingEv+0x54
C  [libobjc.A.dylib+0x90b7]  objc_destructInstance+0x8f
C  [libobjc.A.dylib+0x9017]  object_dispose+0x16
C  [libxpc.dylib+0x4b23]  _xpc_dictionary_node_free+0x36
C  [libxpc.dylib+0x4a3f]  _xpc_dictionary_dispose+0x22
C  [libxpc.dylib+0x44f9]  _xpc_dispose+0xf
C  [libxpc.dylib+0x50a2]  bootstrap_look_up3+0x263
C  [libxpc.dylib+0x4e2d]  bootstrap_look_up2+0x2d
C  [libxpc.dylib+0x708f]  xpc_pipe_create+0x3d
C  [libsystem_info.dylib+0x1a9f]  _od_xpc_pipe+0x96
C  [libsystem_info.dylib+0x19dc]  _od_running+0xd
C  [libsystem_info.dylib+0x6191]  ds_group_byname+0x12
C  [libsystem_info.dylib+0x6112]  search_group_byname+0x66
C  [libsystem_info.dylib+0x6068]  getgrnam+0x33
C  [libspawner.jnilib+0x265e]  ptys_open+0x1e
C  [libspawner.jnilib+0x20ee]  exec_pty+0x22e
C  [libspawner.jnilib+0x1102]  Java_org_eclipse_cdt_utils_spawner_Spawner_exec2+0x182
j  org.eclipse.cdt.utils.spawner.Spawner.exec2([Ljava/lang/String;[Ljava/lang/String;Ljava/lang/String;[ILjava/lang/String;IZ)I+0
j  org.eclipse.cdt.utils.pty.PTY.exec_pty(Lorg/eclipse/cdt/utils/spawner/Spawner;[Ljava/lang/String;[Ljava/lang/String;Ljava/lang/String;[I)I+48
j  org.eclipse.cdt.utils.spawner.Spawner$2.execute([Ljava/lang/String;[Ljava/lang/String;Ljava/lang/String;[I)I+13
J 40489 C1 org.eclipse.cdt.utils.spawner.Spawner$Reaper.run()V (119 bytes) @ 0x00000001133b203c [0x00000001133b1f00+0x13c]
v  ~StubRoutines::call_stub
V  [libjvm.dylib+0x2ecf8a]
V  [libjvm.dylib+0x2ed718]
V  [libjvm.dylib+0x2ed8c4]
V  [libjvm.dylib+0x348039]
V  [libjvm.dylib+0x56a27b]
V  [libjvm.dylib+0x56b968]
V  [libjvm.dylib+0x489b0a]
C  [libsystem_pthread.dylib+0x3aab]  _pthread_body+0xb4
C  [libsystem_pthread.dylib+0x39f7]  _pthread_body+0x0
C  [libsystem_pthread.dylib+0x3221]  thread_start+0xd
C  0x0000000000000000

Java frames: (J=compiled Java code, j=interpreted, Vv=VM code)
j  org.eclipse.cdt.utils.spawner.Spawner.exec2([Ljava/lang/String;[Ljava/lang/String;Ljava/lang/String;[ILjava/lang/String;IZ)I+0
j  org.eclipse.cdt.utils.pty.PTY.exec_pty(Lorg/eclipse/cdt/utils/spawner/Spawner;[Ljava/lang/String;[Ljava/lang/String;Ljava/lang/String;[I)I+48
j  org.eclipse.cdt.utils.spawner.Spawner$2.execute([Ljava/lang/String;[Ljava/lang/String;Ljava/lang/String;[I)I+13
J 40489 C1 org.eclipse.cdt.utils.spawner.Spawner$Reaper.run()V (119 bytes) @ 0x00000001133b203c [0x00000001133b1f00+0x13c]
v  ~StubRoutines::call_stub

---------------  P R O C E S S  ---------------

Java Threads: ( => current thread )
=>0x000000012c8d5000 JavaThread "Spawner Reaper" daemon [_thread_in_native, id=192579, stack(0x0000700003d83000,0x0000700003e83000)]
  0x000000012107b800 JavaThread "org.eclipse.cdt.internal.ui.text.CReconciler" daemon [_thread_blocked, id=161715, stack(0x0000700005a60000,0x0000700005b60000)]
  0x0000000123f52800 JavaThread "org.eclipse.jface.text.reconciler.MonoReconciler" daemon [_thread_blocked, id=190911, stack(0x0000700006dc7000,0x0000700006ec7000)]
  0x000000012cc49800 JavaThread "org.eclipse.cdt.internal.ui.text.CReconciler" daemon [_thread_blocked, id=160263, stack(0x0000700006bc1000,0x0000700006cc1000)]
  0x000000012ce07000 JavaThread "Worker-157" [_thread_blocked, id=162723, stack(0x00007000069bb000,0x0000700006abb000)]
  0x0000000122a88000 JavaThread "Worker-156" [_thread_blocked, id=118823, stack(0x000070000668a000,0x000070000678a000)]
  0x000000012150d000 JavaThread "Worker-155" [_thread_blocked, id=123987, stack(0x0000700006587000,0x0000700006687000)]
  0x0000000122d04000 JavaThread "Worker-154" [_thread_blocked, id=136467, stack(0x0000700006484000,0x0000700006584000)]
  0x0000000123db5800 JavaThread "Worker-153" [_thread_blocked, id=176155, stack(0x000070000627b000,0x000070000637b000)]
  0x0000000129e3e000 JavaThread "Worker-152" [_thread_blocked, id=174927, stack(0x0000700006178000,0x0000700006278000)]
  0x000000013275b800 JavaThread "Worker-151" [_thread_in_Java, id=157143, stack(0x0000700005ff2000,0x00007000060f2000)]
  0x0000000120c6a800 JavaThread "Worker-150" [_thread_blocked, id=98227, stack(0x0000700005be6000,0x0000700005ce6000)]
  0x0000000123a62800 JavaThread "Worker-148" [_thread_blocked, id=169467, stack(0x0000700003c80000,0x0000700003d80000)]
  0x0000000123f81000 JavaThread "Worker-133" [_thread_blocked, id=164355, stack(0x0000700005e6c000,0x0000700005f6c000)]
  0x0000000100dc5000 JavaThread "Input Stream Monitor" daemon [_thread_in_native, id=160539, stack(0x0000700006cc4000,0x0000700006dc4000)]
  0x0000000129cff000 JavaThread "Output Stream Monitor" daemon [_thread_in_native, id=123071, stack(0x0000700006abe000,0x0000700006bbe000)]
  0x00000001016e5800 JavaThread "Process monitor" daemon [_thread_blocked, id=140579, stack(0x00007000068b8000,0x00007000069b8000)]
  0x0000000122d0c800 JavaThread "Input Stream Monitor" daemon [_thread_blocked, id=96827, stack(0x00007000067b5000,0x00007000068b5000)]
  0x0000000122a63000 JavaThread "Output Stream Monitor" daemon [_thread_in_native, id=82467, stack(0x0000700006381000,0x0000700006481000)]
  0x0000000129e43000 JavaThread "org.eclipse.cdt.internal.ui.text.CReconciler" daemon [_thread_blocked, id=121951, stack(0x0000700005d69000,0x0000700005e69000)]
  0x0000000122a4b000 JavaThread "org.eclipse.cdt.internal.ui.text.CReconciler" daemon [_thread_blocked, id=85971, stack(0x00007000056d4000,0x00007000057d4000)]
  0x000000012164d000 JavaThread "Provisioning Event Dispatcher" daemon [_thread_blocked, id=72487, stack(0x00007000071d3000,0x00007000072d3000)]
  0x0000000129973000 JavaThread "Thread-11" [_thread_blocked, id=85255, stack(0x00007000070d0000,0x00007000071d0000)]
  0x0000000129960800 JavaThread "[ThreadPool Manager] - Idle Thread" daemon [_thread_blocked, id=83731, stack(0x0000700006fcd000,0x00007000070cd000)]
  0x00000001212dc000 JavaThread "org.eclipse.cdt.internal.ui.text.CReconciler" daemon [_thread_blocked, id=68615, stack(0x000070000595d000,0x0000700005a5d000)]
  0x0000000122d98000 JavaThread "EventAdmin Async Event Dispatcher Thread" daemon [_thread_blocked, id=59079, stack(0x00007000057d7000,0x00007000058d7000)]
  0x000000012390d800 JavaThread "Bundle File Closer" daemon [_thread_blocked, id=56343, stack(0x00007000055d1000,0x00007000056d1000)]
  0x0000000100d5f800 JavaThread "EMF Reference Cleaner" daemon [_thread_blocked, id=5903, stack(0x00007000054ce000,0x00007000055ce000)]
  0x0000000100dad000 JavaThread "Worker-JM" [_thread_blocked, id=60175, stack(0x00007000052c8000,0x00007000053c8000)]
  0x0000000101449800 JavaThread "[Timer] - Main Queue Handler" daemon [_thread_blocked, id=57607, stack(0x00007000053cb000,0x00007000054cb000)]
  0x000000010140f800 JavaThread "Start Level: Equinox Container: 8280b418-49c6-4488-b81c-784a44f30cb9" daemon [_thread_blocked, id=48387, stack(0x00007000051c5000,0x00007000052c5000)]
  0x000000010167b000 JavaThread "Framework Event Dispatcher: org.eclipse.osgi.internal.framework.EquinoxEventPublisher@1f2d2181" daemon [_thread_blocked, id=47875, stack(0x00007000050c2000,0x00007000051c2000)]
  0x00000001013d6800 JavaThread "Active Thread: Equinox Container: 8280b418-49c6-4488-b81c-784a44f30cb9" [_thread_blocked, id=47127, stack(0x0000700004fbf000,0x00007000050bf000)]
  0x0000000101075800 JavaThread "Service Thread" daemon [_thread_blocked, id=30723, stack(0x0000700004db9000,0x0000700004eb9000)]
  0x00000001008ff800 JavaThread "C1 CompilerThread1" daemon [_thread_blocked, id=30211, stack(0x0000700004cb6000,0x0000700004db6000)]
  0x00000001008fe800 JavaThread "C2 CompilerThread0" daemon [_thread_blocked, id=29699, stack(0x0000700004bb3000,0x0000700004cb3000)]
  0x0000000101059800 JavaThread "Signal Dispatcher" daemon [_thread_blocked, id=29187, stack(0x0000700004ab0000,0x0000700004bb0000)]
  0x000000010092b800 JavaThread "Surrogate Locker Thread (Concurrent GC)" daemon [_thread_blocked, id=28419, stack(0x00007000049ad000,0x0000700004aad000)]
  0x0000000101026000 JavaThread "Finalizer" daemon [_thread_blocked, id=27395, stack(0x00007000048aa000,0x00007000049aa000)]
  0x0000000101025000 JavaThread "Reference Handler" daemon [_thread_blocked, id=26883, stack(0x00007000047a7000,0x00007000048a7000)]
  0x000000010084a000 JavaThread "main" [_thread_in_native, id=775, stack(0x00007fff5f400000,0x00007fff5fc00000)]

Other Threads:
  0x0000000100922800 VMThread [stack: 0x00007000046a4000,0x00007000047a4000] [id=26371]
  0x00000001010c3800 WatcherThread [stack: 0x0000700004ebc000,0x0000700004fbc000] [id=31235]

VM state:not at safepoint (normal execution)

VM Mutex/Monitor currently owned by a thread: None

Heap:
 garbage-first heap   total 282624K, used 233984K [0x0000000780000000, 0x00000007801008a0, 0x00000007c0000000)
  region size 1024K, 124 young (126976K), 5 survivors (5120K)
 Metaspace       used 116498K, capacity 126520K, committed 126812K, reserved 1159168K
  class space    used 13597K, capacity 16361K, committed 16480K, reserved 1048576K

Heap Regions: (Y=young(eden), SU=young(survivor), HS=humongous(starts), HC=humongous(continues), CS=collection set, F=free, TS=gc time stamp, PTAMS=previous top-at-mark-start, NTAMS=next top-at-mark-start)
AC   0  O    TS     0 PTAMS 0x0000000780100000 NTAMS 0x0000000780100000 space 1024K, 100% used [0x0000000780000000, 0x0000000780100000)
AC   0  O    TS     0 PTAMS 0x0000000780200000 NTAMS 0x0000000780200000 space 1024K, 100% used [0x0000000780100000, 0x0000000780200000)
AC   0  O    TS     0 PTAMS 0x0000000780300000 NTAMS 0x0000000780300000 space 1024K, 100% used [0x0000000780200000, 0x0000000780300000)
AC   0  O    TS     0 PTAMS 0x0000000780400000 NTAMS 0x0000000780400000 space 1024K, 100% used [0x0000000780300000, 0x0000000780400000)
AC   0  O    TS     0 PTAMS 0x0000000780500000 NTAMS 0x0000000780500000 space 1024K, 100% used [0x0000000780400000, 0x0000000780500000)
AC   0  O    TS     0 PTAMS 0x0000000780600000 NTAMS 0x0000000780600000 space 1024K, 100% used [0x0000000780500000, 0x0000000780600000)
AC   0  O    TS     0 PTAMS 0x0000000780700000 NTAMS 0x0000000780700000 space 1024K, 100% used [0x0000000780600000, 0x0000000780700000)
AC   0  O    TS     0 PTAMS 0x0000000780800000 NTAMS 0x0000000780800000 space 1024K, 100% used [0x0000000780700000, 0x0000000780800000)
AC   0  O    TS     0 PTAMS 0x0000000780900000 NTAMS 0x0000000780900000 space 1024K, 100% used [0x0000000780800000, 0x0000000780900000)
AC   0  O    TS     0 PTAMS 0x0000000780a00000 NTAMS 0x0000000780a00000 space 1024K, 100% used [0x0000000780900000, 0x0000000780a00000)
AC   0  O    TS     0 PTAMS 0x0000000780b00000 NTAMS 0x0000000780b00000 space 1024K, 100% used [0x0000000780a00000, 0x0000000780b00000)
AC   0  O    TS     0 PTAMS 0x0000000780c00000 NTAMS 0x0000000780c00000 space 1024K, 100% used [0x0000000780b00000, 0x0000000780c00000)
AC   0  O    TS     0 PTAMS 0x0000000780d00000 NTAMS 0x0000000780d00000 space 1024K, 100% used [0x0000000780c00000, 0x0000000780d00000)
AC   0  O    TS     0 PTAMS 0x0000000780e00000 NTAMS 0x0000000780e00000 space 1024K, 100% used [0x0000000780d00000, 0x0000000780e00000)
AC   0  O    TS     0 PTAMS 0x0000000780f00000 NTAMS 0x0000000780f00000 space 1024K, 100% used [0x0000000780e00000, 0x0000000780f00000)
AC   0  O    TS     0 PTAMS 0x0000000781000000 NTAMS 0x0000000781000000 space 1024K, 100% used [0x0000000780f00000, 0x0000000781000000)
AC   0  O    TS     0 PTAMS 0x0000000781100000 NTAMS 0x0000000781100000 space 1024K, 100% used [0x0000000781000000, 0x0000000781100000)
AC   0  O    TS     0 PTAMS 0x0000000781200000 NTAMS 0x0000000781200000 space 1024K, 100% used [0x0000000781100000, 0x0000000781200000)
AC   0  O    TS     0 PTAMS 0x0000000781300000 NTAMS 0x0000000781300000 space 1024K, 100% used [0x0000000781200000, 0x0000000781300000)
AC   0  O    TS     0 PTAMS 0x0000000781400000 NTAMS 0x0000000781400000 space 1024K, 100% used [0x0000000781300000, 0x0000000781400000)
AC   0  O    TS     0 PTAMS 0x0000000781500000 NTAMS 0x0000000781500000 space 1024K, 100% used [0x0000000781400000, 0x0000000781500000)
AC   0  O    TS     0 PTAMS 0x0000000781600000 NTAMS 0x0000000781600000 space 1024K, 100% used [0x0000000781500000, 0x0000000781600000)
AC   0  O    TS     0 PTAMS 0x0000000781700000 NTAMS 0x0000000781700000 space 1024K, 100% used [0x0000000781600000, 0x0000000781700000)
AC   0  F    TS     0 PTAMS 0x0000000781700000 NTAMS 0x0000000781700000 space 1024K,   0% used [0x0000000781700000, 0x0000000781800000)
AC   0  O    TS     0 PTAMS 0x0000000781900000 NTAMS 0x0000000781900000 space 1024K, 100% used [0x0000000781800000, 0x0000000781900000)
AC   0  O    TS     0 PTAMS 0x0000000781a00000 NTAMS 0x0000000781a00000 space 1024K, 100% used [0x0000000781900000, 0x0000000781a00000)
AC   0  O    TS     0 PTAMS 0x0000000781b00000 NTAMS 0x0000000781b00000 space 1024K, 100% used [0x0000000781a00000, 0x0000000781b00000)
AC   0  O    TS     0 PTAMS 0x0000000781c00000 NTAMS 0x0000000781c00000 space 1024K, 100% used [0x0000000781b00000, 0x0000000781c00000)
AC   0  O    TS     0 PTAMS 0x0000000781d00000 NTAMS 0x0000000781d00000 space 1024K, 100% used [0x0000000781c00000, 0x0000000781d00000)
AC   0  O    TS     0 PTAMS 0x0000000781e00000 NTAMS 0x0000000781e00000 space 1024K, 100% used [0x0000000781d00000, 0x0000000781e00000)
AC   0  O    TS     0 PTAMS 0x0000000781f00000 NTAMS 0x0000000781f00000 space 1024K, 100% used [0x0000000781e00000, 0x0000000781f00000)
AC   0  O    TS     0 PTAMS 0x0000000782000000 NTAMS 0x0000000782000000 space 1024K, 100% used [0x0000000781f00000, 0x0000000782000000)
AC   0  O    TS     0 PTAMS 0x0000000782100000 NTAMS 0x0000000782100000 space 1024K, 100% used [0x0000000782000000, 0x0000000782100000)
AC   0  O    TS     0 PTAMS 0x0000000782200000 NTAMS 0x0000000782200000 space 1024K, 100% used [0x0000000782100000, 0x0000000782200000)
AC   0  O    TS     0 PTAMS 0x0000000782300000 NTAMS 0x0000000782300000 space 1024K, 100% used [0x0000000782200000, 0x0000000782300000)
AC   0  O    TS     0 PTAMS 0x0000000782400000 NTAMS 0x0000000782400000 space 1024K, 100% used [0x0000000782300000, 0x0000000782400000)
AC   0  O    TS     0 PTAMS 0x0000000782500000 NTAMS 0x0000000782500000 space 1024K, 100% used [0x0000000782400000, 0x0000000782500000)
AC   0  F    TS     0 PTAMS 0x0000000782500000 NTAMS 0x0000000782500000 space 1024K,   0% used [0x0000000782500000, 0x0000000782600000)
AC   0  O    TS     0 PTAMS 0x0000000782700000 NTAMS 0x0000000782700000 space 1024K, 100% used [0x0000000782600000, 0x0000000782700000)
AC   0  O    TS     0 PTAMS 0x0000000782800000 NTAMS 0x0000000782800000 space 1024K, 100% used [0x0000000782700000, 0x0000000782800000)
AC   0  O    TS     0 PTAMS 0x0000000782900000 NTAMS 0x0000000782900000 space 1024K, 100% used [0x0000000782800000, 0x0000000782900000)
AC   0  F    TS     0 PTAMS 0x0000000782900000 NTAMS 0x0000000782900000 space 1024K,   0% used [0x0000000782900000, 0x0000000782a00000)
AC   0  F    TS     0 PTAMS 0x0000000782a00000 NTAMS 0x0000000782a00000 space 1024K,   0% used [0x0000000782a00000, 0x0000000782b00000)
AC   0  O    TS     0 PTAMS 0x0000000782c00000 NTAMS 0x0000000782c00000 space 1024K, 100% used [0x0000000782b00000, 0x0000000782c00000)
AC   0  O    TS     0 PTAMS 0x0000000782d00000 NTAMS 0x0000000782d00000 space 1024K, 100% used [0x0000000782c00000, 0x0000000782d00000)
AC   0  O    TS     0 PTAMS 0x0000000782e00000 NTAMS 0x0000000782e00000 space 1024K, 100% used [0x0000000782d00000, 0x0000000782e00000)
AC   0  O    TS     0 PTAMS 0x0000000782f00000 NTAMS 0x0000000782f00000 space 1024K, 100% used [0x0000000782e00000, 0x0000000782f00000)
AC   0  O    TS     0 PTAMS 0x0000000783000000 NTAMS 0x0000000783000000 space 1024K, 100% used [0x0000000782f00000, 0x0000000783000000)
AC   0  O    TS     3 PTAMS 0x0000000783000000 NTAMS 0x0000000783000000 space 1024K, 100% used [0x0000000783000000, 0x0000000783100000)
AC   0  O    TS     0 PTAMS 0x0000000783200000 NTAMS 0x0000000783200000 space 1024K, 100% used [0x0000000783100000, 0x0000000783200000)
AC   0  O    TS     0 PTAMS 0x0000000783300000 NTAMS 0x0000000783300000 space 1024K, 100% used [0x0000000783200000, 0x0000000783300000)
AC   0  O    TS     0 PTAMS 0x0000000783400000 NTAMS 0x0000000783400000 space 1024K, 100% used [0x0000000783300000, 0x0000000783400000)
AC   0  F    TS     0 PTAMS 0x0000000783400000 NTAMS 0x0000000783400000 space 1024K,   0% used [0x0000000783400000, 0x0000000783500000)
AC   0  F    TS     0 PTAMS 0x0000000783500000 NTAMS 0x0000000783500000 space 1024K,   0% used [0x0000000783500000, 0x0000000783600000)
AC   0  O    TS     0 PTAMS 0x0000000783700000 NTAMS 0x0000000783700000 space 1024K, 100% used [0x0000000783600000, 0x0000000783700000)
AC   0  F    TS     0 PTAMS 0x0000000783700000 NTAMS 0x0000000783700000 space 1024K,   0% used [0x0000000783700000, 0x0000000783800000)
AC   0  F    TS     0 PTAMS 0x0000000783800000 NTAMS 0x0000000783800000 space 1024K,   0% used [0x0000000783800000, 0x0000000783900000)
AC   0  O    TS     0 PTAMS 0x0000000783a00000 NTAMS 0x0000000783a00000 space 1024K, 100% used [0x0000000783900000, 0x0000000783a00000)
AC   0  O    TS     3 PTAMS 0x0000000783a80008 NTAMS 0x0000000783a80008 space 1024K, 100% used [0x0000000783a00000, 0x0000000783b00000)
AC   0  O    TS     3 PTAMS 0x0000000783b00000 NTAMS 0x0000000783b00000 space 1024K, 100% used [0x0000000783b00000, 0x0000000783c00000)
AC   0  O    TS     0 PTAMS 0x0000000783d00000 NTAMS 0x0000000783d00000 space 1024K, 100% used [0x0000000783c00000, 0x0000000783d00000)
AC   0  O    TS     0 PTAMS 0x0000000783e00000 NTAMS 0x0000000783e00000 space 1024K, 100% used [0x0000000783d00000, 0x0000000783e00000)
AC   0  O    TS     3 PTAMS 0x0000000783e00000 NTAMS 0x0000000783e00000 space 1024K, 100% used [0x0000000783e00000, 0x0000000783f00000)
AC   0  O    TS     0 PTAMS 0x0000000784000000 NTAMS 0x0000000784000000 space 1024K, 100% used [0x0000000783f00000, 0x0000000784000000)
AC   0  O    TS     0 PTAMS 0x0000000784100000 NTAMS 0x0000000784100000 space 1024K, 100% used [0x0000000784000000, 0x0000000784100000)
AC   0  O    TS     3 PTAMS 0x0000000784100000 NTAMS 0x0000000784100000 space 1024K, 100% used [0x0000000784100000, 0x0000000784200000)
AC   0  O    TS     0 PTAMS 0x0000000784300000 NTAMS 0x0000000784300000 space 1024K, 100% used [0x0000000784200000, 0x0000000784300000)
AC   0  O    TS     0 PTAMS 0x0000000784400000 NTAMS 0x0000000784400000 space 1024K, 100% used [0x0000000784300000, 0x0000000784400000)
AC   0  O    TS     0 PTAMS 0x0000000784500000 NTAMS 0x0000000784500000 space 1024K, 100% used [0x0000000784400000, 0x0000000784500000)
AC   0  O    TS     0 PTAMS 0x0000000784600000 NTAMS 0x0000000784600000 space 1024K, 100% used [0x0000000784500000, 0x0000000784600000)
AC   0  O    TS     0 PTAMS 0x0000000784700000 NTAMS 0x0000000784700000 space 1024K, 100% used [0x0000000784600000, 0x0000000784700000)
AC   0  O    TS     0 PTAMS 0x0000000784800000 NTAMS 0x0000000784800000 space 1024K, 100% used [0x0000000784700000, 0x0000000784800000)
AC   0  O    TS     0 PTAMS 0x0000000784900000 NTAMS 0x0000000784900000 space 1024K, 100% used [0x0000000784800000, 0x0000000784900000)
AC   0  O    TS     0 PTAMS 0x0000000784a00000 NTAMS 0x0000000784a00000 space 1024K, 100% used [0x0000000784900000, 0x0000000784a00000)
AC   0  O    TS     0 PTAMS 0x0000000784b00000 NTAMS 0x0000000784b00000 space 1024K, 100% used [0x0000000784a00000, 0x0000000784b00000)
AC   0  O    TS     0 PTAMS 0x0000000784c00000 NTAMS 0x0000000784c00000 space 1024K, 100% used [0x0000000784b00000, 0x0000000784c00000)
AC   0  O    TS     3 PTAMS 0x0000000784c00000 NTAMS 0x0000000784c00000 space 1024K, 100% used [0x0000000784c00000, 0x0000000784d00000)
AC   0  O    TS     0 PTAMS 0x0000000784e00000 NTAMS 0x0000000784e00000 space 1024K, 100% used [0x0000000784d00000, 0x0000000784e00000)
AC   0  O    TS     0 PTAMS 0x0000000784f00000 NTAMS 0x0000000784f00000 space 1024K, 100% used [0x0000000784e00000, 0x0000000784f00000)
AC   0  O    TS     0 PTAMS 0x0000000785000000 NTAMS 0x0000000785000000 space 1024K, 100% used [0x0000000784f00000, 0x0000000785000000)
AC   0  O    TS     0 PTAMS 0x0000000785100000 NTAMS 0x0000000785100000 space 1024K, 100% used [0x0000000785000000, 0x0000000785100000)
AC   0  O    TS     0 PTAMS 0x0000000785200000 NTAMS 0x0000000785200000 space 1024K, 100% used [0x0000000785100000, 0x0000000785200000)
AC   0  O    TS     3 PTAMS 0x0000000785200000 NTAMS 0x0000000785200000 space 1024K, 100% used [0x0000000785200000, 0x0000000785300000)
AC   0  O    TS     3 PTAMS 0x0000000785300000 NTAMS 0x0000000785300000 space 1024K, 100% used [0x0000000785300000, 0x0000000785400000)
AC   0  O    TS     3 PTAMS 0x0000000785400000 NTAMS 0x0000000785400000 space 1024K, 100% used [0x0000000785400000, 0x0000000785500000)
AC   0  O    TS     0 PTAMS 0x0000000785600000 NTAMS 0x0000000785600000 space 1024K, 100% used [0x0000000785500000, 0x0000000785600000)
AC   0  O    TS     0 PTAMS 0x0000000785700000 NTAMS 0x0000000785700000 space 1024K, 100% used [0x0000000785600000, 0x0000000785700000)
AC   0  O    TS     0 PTAMS 0x0000000785800000 NTAMS 0x0000000785800000 space 1024K, 100% used [0x0000000785700000, 0x0000000785800000)
AC   0  O    TS     0 PTAMS 0x0000000785900000 NTAMS 0x0000000785900000 space 1024K, 100% used [0x0000000785800000, 0x0000000785900000)
AC   0  O    TS     0 PTAMS 0x0000000785a00000 NTAMS 0x0000000785a00000 space 1024K, 100% used [0x0000000785900000, 0x0000000785a00000)
AC   0  O    TS    11 PTAMS 0x0000000785a00000 NTAMS 0x0000000785a00000 space 1024K,  50% used [0x0000000785a00000, 0x0000000785b00000)
AC   0  F    TS     0 PTAMS 0x0000000785b00000 NTAMS 0x0000000785b00000 space 1024K,   0% used [0x0000000785b00000, 0x0000000785c00000)
AC   0  F    TS     0 PTAMS 0x0000000785c00000 NTAMS 0x0000000785c00000 space 1024K,   0% used [0x0000000785c00000, 0x0000000785d00000)
AC   0  F    TS     0 PTAMS 0x0000000785d00000 NTAMS 0x0000000785d00000 space 1024K,   0% used [0x0000000785d00000, 0x0000000785e00000)
AC   0  F    TS     0 PTAMS 0x0000000785e00000 NTAMS 0x0000000785e00000 space 1024K,   0% used [0x0000000785e00000, 0x0000000785f00000)
AC   0  F    TS     0 PTAMS 0x0000000785f00000 NTAMS 0x0000000785f00000 space 1024K,   0% used [0x0000000785f00000, 0x0000000786000000)
AC   0  F    TS     0 PTAMS 0x0000000786000000 NTAMS 0x0000000786000000 space 1024K,   0% used [0x0000000786000000, 0x0000000786100000)
AC   0  F    TS     0 PTAMS 0x0000000786100000 NTAMS 0x0000000786100000 space 1024K,   0% used [0x0000000786100000, 0x0000000786200000)
AC   0  F    TS     0 PTAMS 0x0000000786200000 NTAMS 0x0000000786200000 space 1024K,   0% used [0x0000000786200000, 0x0000000786300000)
AC   0  F    TS     0 PTAMS 0x0000000786300000 NTAMS 0x0000000786300000 space 1024K,   0% used [0x0000000786300000, 0x0000000786400000)
AC   0  F    TS     0 PTAMS 0x0000000786400000 NTAMS 0x0000000786400000 space 1024K,   0% used [0x0000000786400000, 0x0000000786500000)
AC   0  O    TS     0 PTAMS 0x0000000786600000 NTAMS 0x0000000786600000 space 1024K, 100% used [0x0000000786500000, 0x0000000786600000)
AC   0  F    TS     0 PTAMS 0x0000000786600000 NTAMS 0x0000000786600000 space 1024K,   0% used [0x0000000786600000, 0x0000000786700000)
AC   0  F    TS     0 PTAMS 0x0000000786700000 NTAMS 0x0000000786700000 space 1024K,   0% used [0x0000000786700000, 0x0000000786800000)
AC   0  F    TS     0 PTAMS 0x0000000786800000 NTAMS 0x0000000786800000 space 1024K,   0% used [0x0000000786800000, 0x0000000786900000)
AC   0  F    TS     0 PTAMS 0x0000000786900000 NTAMS 0x0000000786900000 space 1024K,   0% used [0x0000000786900000, 0x0000000786a00000)
AC   0  F    TS     0 PTAMS 0x0000000786a00000 NTAMS 0x0000000786a00000 space 1024K,   0% used [0x0000000786a00000, 0x0000000786b00000)
AC   0  F    TS     0 PTAMS 0x0000000786b00000 NTAMS 0x0000000786b00000 space 1024K,   0% used [0x0000000786b00000, 0x0000000786c00000)
AC   0  F    TS     0 PTAMS 0x0000000786c00000 NTAMS 0x0000000786c00000 space 1024K,   0% used [0x0000000786c00000, 0x0000000786d00000)
AC   0  F    TS     0 PTAMS 0x0000000786d00000 NTAMS 0x0000000786d00000 space 1024K,   0% used [0x0000000786d00000, 0x0000000786e00000)
AC   0  F    TS     0 PTAMS 0x0000000786e00000 NTAMS 0x0000000786e00000 space 1024K,   0% used [0x0000000786e00000, 0x0000000786f00000)
AC   0  O    TS     0 PTAMS 0x0000000787000000 NTAMS 0x0000000787000000 space 1024K, 100% used [0x0000000786f00000, 0x0000000787000000)
AC   0  F    TS     0 PTAMS 0x0000000787000000 NTAMS 0x0000000787000000 space 1024K,   0% used [0x0000000787000000, 0x0000000787100000)
AC   0  F    TS     0 PTAMS 0x0000000787100000 NTAMS 0x0000000787100000 space 1024K,   0% used [0x0000000787100000, 0x0000000787200000)
AC   0  F    TS     0 PTAMS 0x0000000787200000 NTAMS 0x0000000787200000 space 1024K,   0% used [0x0000000787200000, 0x0000000787300000)
AC   0  F    TS     0 PTAMS 0x0000000787300000 NTAMS 0x0000000787300000 space 1024K,   0% used [0x0000000787300000, 0x0000000787400000)
AC   0  O    TS     0 PTAMS 0x0000000787500000 NTAMS 0x0000000787500000 space 1024K, 100% used [0x0000000787400000, 0x0000000787500000)
AC   0  S CS TS    11 PTAMS 0x0000000787500000 NTAMS 0x0000000787500000 space 1024K,  99% used [0x0000000787500000, 0x0000000787600000)
AC   0  S CS TS    11 PTAMS 0x0000000787600000 NTAMS 0x0000000787600000 space 1024K, 100% used [0x0000000787600000, 0x0000000787700000)
AC   0  O    TS     0 PTAMS 0x0000000787800000 NTAMS 0x0000000787800000 space 1024K, 100% used [0x0000000787700000, 0x0000000787800000)
AC   0  O    TS     0 PTAMS 0x0000000787900000 NTAMS 0x0000000787900000 space 1024K, 100% used [0x0000000787800000, 0x0000000787900000)
AC   0  O    TS     0 PTAMS 0x0000000787a00000 NTAMS 0x0000000787a00000 space 1024K, 100% used [0x0000000787900000, 0x0000000787a00000)
AC   0  S CS TS    11 PTAMS 0x0000000787a00000 NTAMS 0x0000000787a00000 space 1024K, 100% used [0x0000000787a00000, 0x0000000787b00000)
AC   0  O    TS     0 PTAMS 0x0000000787c00000 NTAMS 0x0000000787c00000 space 1024K, 100% used [0x0000000787b00000, 0x0000000787c00000)
AC   0  O    TS     0 PTAMS 0x0000000787d00000 NTAMS 0x0000000787d00000 space 1024K, 100% used [0x0000000787c00000, 0x0000000787d00000)
AC   0  F    TS     9 PTAMS 0x0000000787d00000 NTAMS 0x0000000787d00000 space 1024K,   0% used [0x0000000787d00000, 0x0000000787e00000)
AC   0  F    TS     9 PTAMS 0x0000000787e00000 NTAMS 0x0000000787e00000 space 1024K,   0% used [0x0000000787e00000, 0x0000000787f00000)
AC   0  O    TS     0 PTAMS 0x0000000788000000 NTAMS 0x0000000788000000 space 1024K, 100% used [0x0000000787f00000, 0x0000000788000000)
AC   0  F    TS     9 PTAMS 0x0000000788000000 NTAMS 0x0000000788000000 space 1024K,   0% used [0x0000000788000000, 0x0000000788100000)
AC   0  O    TS     0 PTAMS 0x0000000788200000 NTAMS 0x0000000788200000 space 1024K, 100% used [0x0000000788100000, 0x0000000788200000)
AC   0  O    TS     0 PTAMS 0x0000000788300000 NTAMS 0x0000000788300000 space 1024K, 100% used [0x0000000788200000, 0x0000000788300000)
AC   0  F    TS     9 PTAMS 0x0000000788300000 NTAMS 0x0000000788300000 space 1024K,   0% used [0x0000000788300000, 0x0000000788400000)
AC   0  O    TS     0 PTAMS 0x0000000788500000 NTAMS 0x0000000788500000 space 1024K, 100% used [0x0000000788400000, 0x0000000788500000)
AC   0  O    TS     0 PTAMS 0x0000000788600000 NTAMS 0x0000000788600000 space 1024K, 100% used [0x0000000788500000, 0x0000000788600000)
AC   0  O    TS     0 PTAMS 0x0000000788700000 NTAMS 0x0000000788700000 space 1024K, 100% used [0x0000000788600000, 0x0000000788700000)
AC   0  O    TS     0 PTAMS 0x0000000788800000 NTAMS 0x0000000788800000 space 1024K, 100% used [0x0000000788700000, 0x0000000788800000)
AC   0  S CS TS    11 PTAMS 0x0000000788800000 NTAMS 0x0000000788800000 space 1024K, 100% used [0x0000000788800000, 0x0000000788900000)
AC   0  O    TS     0 PTAMS 0x0000000788a00000 NTAMS 0x0000000788a00000 space 1024K, 100% used [0x0000000788900000, 0x0000000788a00000)
AC   0  O    TS     0 PTAMS 0x0000000788b00000 NTAMS 0x0000000788b00000 space 1024K, 100% used [0x0000000788a00000, 0x0000000788b00000)
AC   0  S CS TS    11 PTAMS 0x0000000788b00000 NTAMS 0x0000000788b00000 space 1024K, 100% used [0x0000000788b00000, 0x0000000788c00000)
AC   0  O    TS     0 PTAMS 0x0000000788d00000 NTAMS 0x0000000788d00000 space 1024K, 100% used [0x0000000788c00000, 0x0000000788d00000)
AC   0  O    TS     0 PTAMS 0x0000000788e00000 NTAMS 0x0000000788e00000 space 1024K, 100% used [0x0000000788d00000, 0x0000000788e00000)
AC   0  F    TS     7 PTAMS 0x0000000788e00000 NTAMS 0x0000000788e00000 space 1024K,   0% used [0x0000000788e00000, 0x0000000788f00000)
AC   0  F    TS     7 PTAMS 0x0000000788f00000 NTAMS 0x0000000788f00000 space 1024K,   0% used [0x0000000788f00000, 0x0000000789000000)
AC   0  F    TS     7 PTAMS 0x0000000789000000 NTAMS 0x0000000789000000 space 1024K,   0% used [0x0000000789000000, 0x0000000789100000)
AC   0  F    TS     7 PTAMS 0x0000000789100000 NTAMS 0x0000000789100000 space 1024K,   0% used [0x0000000789100000, 0x0000000789200000)
AC   0  F    TS     7 PTAMS 0x0000000789200000 NTAMS 0x0000000789200000 space 1024K,   0% used [0x0000000789200000, 0x0000000789300000)
AC   0  F    TS     0 PTAMS 0x0000000789300000 NTAMS 0x0000000789300000 space 1024K,   0% used [0x0000000789300000, 0x0000000789400000)
AC   0  O    TS     0 PTAMS 0x0000000789500000 NTAMS 0x0000000789500000 space 1024K, 100% used [0x0000000789400000, 0x0000000789500000)
AC   0  F    TS     0 PTAMS 0x0000000789500000 NTAMS 0x0000000789500000 space 1024K,   0% used [0x0000000789500000, 0x0000000789600000)
AC   0  F    TS     0 PTAMS 0x0000000789600000 NTAMS 0x0000000789600000 space 1024K,   0% used [0x0000000789600000, 0x0000000789700000)
AC   0  F    TS     0 PTAMS 0x0000000789700000 NTAMS 0x0000000789700000 space 1024K,   0% used [0x0000000789700000, 0x0000000789800000)
AC   0  F    TS     0 PTAMS 0x0000000789800000 NTAMS 0x0000000789800000 space 1024K,   0% used [0x0000000789800000, 0x0000000789900000)
AC   0  F    TS     0 PTAMS 0x0000000789900000 NTAMS 0x0000000789900000 space 1024K,   0% used [0x0000000789900000, 0x0000000789a00000)
AC   0  E    TS     0 PTAMS 0x0000000789a00000 NTAMS 0x0000000789a00000 space 1024K,  37% used [0x0000000789a00000, 0x0000000789b00000)
AC   0  E CS TS     0 PTAMS 0x0000000789b00000 NTAMS 0x0000000789b00000 space 1024K, 100% used [0x0000000789b00000, 0x0000000789c00000)
AC   0  E CS TS     0 PTAMS 0x0000000789c00000 NTAMS 0x0000000789c00000 space 1024K, 100% used [0x0000000789c00000, 0x0000000789d00000)
AC   0  E CS TS     0 PTAMS 0x0000000789d00000 NTAMS 0x0000000789d00000 space 1024K, 100% used [0x0000000789d00000, 0x0000000789e00000)
AC   0  E CS TS     0 PTAMS 0x0000000789e00000 NTAMS 0x0000000789e00000 space 1024K, 100% used [0x0000000789e00000, 0x0000000789f00000)
AC   0  E CS TS     0 PTAMS 0x0000000789f00000 NTAMS 0x0000000789f00000 space 1024K, 100% used [0x0000000789f00000, 0x000000078a000000)
AC   0  E CS TS     0 PTAMS 0x000000078a000000 NTAMS 0x000000078a000000 space 1024K, 100% used [0x000000078a000000, 0x000000078a100000)
AC   0  O    TS     0 PTAMS 0x000000078a200000 NTAMS 0x000000078a200000 space 1024K, 100% used [0x000000078a100000, 0x000000078a200000)
AC   0  E CS TS     0 PTAMS 0x000000078a200000 NTAMS 0x000000078a200000 space 1024K, 100% used [0x000000078a200000, 0x000000078a300000)
AC   0  E CS TS     0 PTAMS 0x000000078a300000 NTAMS 0x000000078a300000 space 1024K, 100% used [0x000000078a300000, 0x000000078a400000)
AC   0  E CS TS     0 PTAMS 0x000000078a400000 NTAMS 0x000000078a400000 space 1024K, 100% used [0x000000078a400000, 0x000000078a500000)
AC   0  E CS TS     0 PTAMS 0x000000078a500000 NTAMS 0x000000078a500000 space 1024K, 100% used [0x000000078a500000, 0x000000078a600000)
AC   0  E CS TS     0 PTAMS 0x000000078a600000 NTAMS 0x000000078a600000 space 1024K, 100% used [0x000000078a600000, 0x000000078a700000)
AC   0  E CS TS     0 PTAMS 0x000000078a700000 NTAMS 0x000000078a700000 space 1024K, 100% used [0x000000078a700000, 0x000000078a800000)
AC   0  E CS TS     0 PTAMS 0x000000078a800000 NTAMS 0x000000078a800000 space 1024K, 100% used [0x000000078a800000, 0x000000078a900000)
AC   0  E CS TS     0 PTAMS 0x000000078a900000 NTAMS 0x000000078a900000 space 1024K, 100% used [0x000000078a900000, 0x000000078aa00000)
AC   0  E CS TS     0 PTAMS 0x000000078aa00000 NTAMS 0x000000078aa00000 space 1024K, 100% used [0x000000078aa00000, 0x000000078ab00000)
AC   0  E CS TS     1 PTAMS 0x000000078ab00000 NTAMS 0x000000078ab00000 space 1024K, 100% used [0x000000078ab00000, 0x000000078ac00000)
AC   0  E CS TS     1 PTAMS 0x000000078ac00000 NTAMS 0x000000078ac00000 space 1024K, 100% used [0x000000078ac00000, 0x000000078ad00000)
AC   0  E CS TS     1 PTAMS 0x000000078ad00000 NTAMS 0x000000078ad00000 space 1024K, 100% used [0x000000078ad00000, 0x000000078ae00000)
AC   0  E CS TS     1 PTAMS 0x000000078ae00000 NTAMS 0x000000078ae00000 space 1024K, 100% used [0x000000078ae00000, 0x000000078af00000)
AC   0  E CS TS     1 PTAMS 0x000000078af00000 NTAMS 0x000000078af00000 space 1024K, 100% used [0x000000078af00000, 0x000000078b000000)
AC   0  E CS TS     0 PTAMS 0x000000078b000000 NTAMS 0x000000078b000000 space 1024K, 100% used [0x000000078b000000, 0x000000078b100000)
AC   0  E CS TS     0 PTAMS 0x000000078b100000 NTAMS 0x000000078b100000 space 1024K, 100% used [0x000000078b100000, 0x000000078b200000)
AC   0  E CS TS     0 PTAMS 0x000000078b200000 NTAMS 0x000000078b200000 space 1024K, 100% used [0x000000078b200000, 0x000000078b300000)
AC   0  E CS TS     0 PTAMS 0x000000078b300000 NTAMS 0x000000078b300000 space 1024K, 100% used [0x000000078b300000, 0x000000078b400000)
AC   0  E CS TS     0 PTAMS 0x000000078b400000 NTAMS 0x000000078b400000 space 1024K, 100% used [0x000000078b400000, 0x000000078b500000)
AC   0  O    TS     0 PTAMS 0x000000078b600000 NTAMS 0x000000078b600000 space 1024K, 100% used [0x000000078b500000, 0x000000078b600000)
AC   0  E CS TS     0 PTAMS 0x000000078b600000 NTAMS 0x000000078b600000 space 1024K, 100% used [0x000000078b600000, 0x000000078b700000)
AC   0  E CS TS     0 PTAMS 0x000000078b700000 NTAMS 0x000000078b700000 space 1024K, 100% used [0x000000078b700000, 0x000000078b800000)
AC   0  E CS TS     0 PTAMS 0x000000078b800000 NTAMS 0x000000078b800000 space 1024K, 100% used [0x000000078b800000, 0x000000078b900000)
AC   0  E CS TS     0 PTAMS 0x000000078b900000 NTAMS 0x000000078b900000 space 1024K, 100% used [0x000000078b900000, 0x000000078ba00000)
AC   0  E CS TS     0 PTAMS 0x000000078ba00000 NTAMS 0x000000078ba00000 space 1024K, 100% used [0x000000078ba00000, 0x000000078bb00000)
AC   0  E CS TS     0 PTAMS 0x000000078bb00000 NTAMS 0x000000078bb00000 space 1024K, 100% used [0x000000078bb00000, 0x000000078bc00000)
AC   0  E CS TS     0 PTAMS 0x000000078bc00000 NTAMS 0x000000078bc00000 space 1024K, 100% used [0x000000078bc00000, 0x000000078bd00000)
AC   0  E CS TS     0 PTAMS 0x000000078bd00000 NTAMS 0x000000078bd00000 space 1024K, 100% used [0x000000078bd00000, 0x000000078be00000)
AC   0  E CS TS     0 PTAMS 0x000000078be00000 NTAMS 0x000000078be00000 space 1024K, 100% used [0x000000078be00000, 0x000000078bf00000)
AC   0  E CS TS     0 PTAMS 0x000000078bf00000 NTAMS 0x000000078bf00000 space 1024K, 100% used [0x000000078bf00000, 0x000000078c000000)
AC   0  E CS TS     0 PTAMS 0x000000078c000000 NTAMS 0x000000078c000000 space 1024K, 100% used [0x000000078c000000, 0x000000078c100000)
AC   0  E CS TS     0 PTAMS 0x000000078c100000 NTAMS 0x000000078c100000 space 1024K, 100% used [0x000000078c100000, 0x000000078c200000)
AC   0  E CS TS     0 PTAMS 0x000000078c200000 NTAMS 0x000000078c200000 space 1024K, 100% used [0x000000078c200000, 0x000000078c300000)
AC   0  O    TS     0 PTAMS 0x000000078c400000 NTAMS 0x000000078c400000 space 1024K, 100% used [0x000000078c300000, 0x000000078c400000)
AC   0  E CS TS     0 PTAMS 0x000000078c400000 NTAMS 0x000000078c400000 space 1024K, 100% used [0x000000078c400000, 0x000000078c500000)
AC   0  E CS TS     0 PTAMS 0x000000078c500000 NTAMS 0x000000078c500000 space 1024K, 100% used [0x000000078c500000, 0x000000078c600000)
AC   0  E CS TS     0 PTAMS 0x000000078c600000 NTAMS 0x000000078c600000 space 1024K, 100% used [0x000000078c600000, 0x000000078c700000)
AC   0  E CS TS     0 PTAMS 0x000000078c700000 NTAMS 0x000000078c700000 space 1024K, 100% used [0x000000078c700000, 0x000000078c800000)
AC   0  E CS TS     0 PTAMS 0x000000078c800000 NTAMS 0x000000078c800000 space 1024K, 100% used [0x000000078c800000, 0x000000078c900000)
AC   0  E CS TS     0 PTAMS 0x000000078c900000 NTAMS 0x000000078c900000 space 1024K, 100% used [0x000000078c900000, 0x000000078ca00000)
AC   0  E CS TS     0 PTAMS 0x000000078ca00000 NTAMS 0x000000078ca00000 space 1024K, 100% used [0x000000078ca00000, 0x000000078cb00000)
AC   0  E CS TS     0 PTAMS 0x000000078cb00000 NTAMS 0x000000078cb00000 space 1024K, 100% used [0x000000078cb00000, 0x000000078cc00000)
AC   0  E CS TS     0 PTAMS 0x000000078cc00000 NTAMS 0x000000078cc00000 space 1024K, 100% used [0x000000078cc00000, 0x000000078cd00000)
AC   0  E CS TS     0 PTAMS 0x000000078cd00000 NTAMS 0x000000078cd00000 space 1024K, 100% used [0x000000078cd00000, 0x000000078ce00000)
AC   0  E CS TS     0 PTAMS 0x000000078ce00000 NTAMS 0x000000078ce00000 space 1024K, 100% used [0x000000078ce00000, 0x000000078cf00000)
AC   0  E CS TS     0 PTAMS 0x000000078cf00000 NTAMS 0x000000078cf00000 space 1024K, 100% used [0x000000078cf00000, 0x000000078d000000)
AC   0  E CS TS     0 PTAMS 0x000000078d000000 NTAMS 0x000000078d000000 space 1024K, 100% used [0x000000078d000000, 0x000000078d100000)
AC   0  E CS TS     0 PTAMS 0x000000078d100000 NTAMS 0x000000078d100000 space 1024K, 100% used [0x000000078d100000, 0x000000078d200000)
AC   0  E CS TS     0 PTAMS 0x000000078d200000 NTAMS 0x000000078d200000 space 1024K, 100% used [0x000000078d200000, 0x000000078d300000)
AC   0  E CS TS     0 PTAMS 0x000000078d300000 NTAMS 0x000000078d300000 space 1024K, 100% used [0x000000078d300000, 0x000000078d400000)
AC   0  E CS TS     0 PTAMS 0x000000078d400000 NTAMS 0x000000078d400000 space 1024K, 100% used [0x000000078d400000, 0x000000078d500000)
AC   0  E CS TS     0 PTAMS 0x000000078d500000 NTAMS 0x000000078d500000 space 1024K, 100% used [0x000000078d500000, 0x000000078d600000)
AC   0  E CS TS     0 PTAMS 0x000000078d600000 NTAMS 0x000000078d600000 space 1024K, 100% used [0x000000078d600000, 0x000000078d700000)
AC   0  E CS TS     0 PTAMS 0x000000078d700000 NTAMS 0x000000078d700000 space 1024K, 100% used [0x000000078d700000, 0x000000078d800000)
AC   0  E CS TS     0 PTAMS 0x000000078d800000 NTAMS 0x000000078d800000 space 1024K, 100% used [0x000000078d800000, 0x000000078d900000)
AC   0  E CS TS     0 PTAMS 0x000000078d900000 NTAMS 0x000000078d900000 space 1024K, 100% used [0x000000078d900000, 0x000000078da00000)
AC   0  E CS TS     0 PTAMS 0x000000078da00000 NTAMS 0x000000078da00000 space 1024K, 100% used [0x000000078da00000, 0x000000078db00000)
AC   0  E CS TS     0 PTAMS 0x000000078db00000 NTAMS 0x000000078db00000 space 1024K, 100% used [0x000000078db00000, 0x000000078dc00000)
AC   0  E CS TS     0 PTAMS 0x000000078dc00000 NTAMS 0x000000078dc00000 space 1024K, 100% used [0x000000078dc00000, 0x000000078dd00000)
AC   0  E CS TS     0 PTAMS 0x000000078dd00000 NTAMS 0x000000078dd00000 space 1024K, 100% used [0x000000078dd00000, 0x000000078de00000)
AC   0  E CS TS     0 PTAMS 0x000000078de00000 NTAMS 0x000000078de00000 space 1024K, 100% used [0x000000078de00000, 0x000000078df00000)
AC   0  E CS TS     0 PTAMS 0x000000078df00000 NTAMS 0x000000078df00000 space 1024K, 100% used [0x000000078df00000, 0x000000078e000000)
AC   0  E CS TS     0 PTAMS 0x000000078e000000 NTAMS 0x000000078e000000 space 1024K, 100% used [0x000000078e000000, 0x000000078e100000)
AC   0  E CS TS     0 PTAMS 0x000000078e100000 NTAMS 0x000000078e100000 space 1024K, 100% used [0x000000078e100000, 0x000000078e200000)
AC   0  E CS TS     0 PTAMS 0x000000078e200000 NTAMS 0x000000078e200000 space 1024K, 100% used [0x000000078e200000, 0x000000078e300000)
AC   0  E CS TS     0 PTAMS 0x000000078e300000 NTAMS 0x000000078e300000 space 1024K, 100% used [0x000000078e300000, 0x000000078e400000)
AC   0  E CS TS     0 PTAMS 0x000000078e400000 NTAMS 0x000000078e400000 space 1024K, 100% used [0x000000078e400000, 0x000000078e500000)
AC   0  E CS TS     0 PTAMS 0x000000078e500000 NTAMS 0x000000078e500000 space 1024K, 100% used [0x000000078e500000, 0x000000078e600000)
AC   0  E CS TS     0 PTAMS 0x000000078e600000 NTAMS 0x000000078e600000 space 1024K, 100% used [0x000000078e600000, 0x000000078e700000)
AC   0  E CS TS     0 PTAMS 0x000000078e700000 NTAMS 0x000000078e700000 space 1024K, 100% used [0x000000078e700000, 0x000000078e800000)
AC   0  E CS TS     0 PTAMS 0x000000078e800000 NTAMS 0x000000078e800000 space 1024K, 100% used [0x000000078e800000, 0x000000078e900000)
AC   0  E CS TS     0 PTAMS 0x000000078e900000 NTAMS 0x000000078e900000 space 1024K, 100% used [0x000000078e900000, 0x000000078ea00000)
AC   0  E CS TS     0 PTAMS 0x000000078ea00000 NTAMS 0x000000078ea00000 space 1024K, 100% used [0x000000078ea00000, 0x000000078eb00000)
AC   0  E CS TS     0 PTAMS 0x000000078eb00000 NTAMS 0x000000078eb00000 space 1024K, 100% used [0x000000078eb00000, 0x000000078ec00000)
AC   0  E CS TS     0 PTAMS 0x000000078ec00000 NTAMS 0x000000078ec00000 space 1024K, 100% used [0x000000078ec00000, 0x000000078ed00000)
AC   0  E CS TS     0 PTAMS 0x000000078ed00000 NTAMS 0x000000078ed00000 space 1024K, 100% used [0x000000078ed00000, 0x000000078ee00000)
AC   0  E CS TS     0 PTAMS 0x000000078ee00000 NTAMS 0x000000078ee00000 space 1024K, 100% used [0x000000078ee00000, 0x000000078ef00000)
AC   0  E CS TS     0 PTAMS 0x000000078ef00000 NTAMS 0x000000078ef00000 space 1024K, 100% used [0x000000078ef00000, 0x000000078f000000)
AC   0  E CS TS     0 PTAMS 0x000000078f000000 NTAMS 0x000000078f000000 space 1024K, 100% used [0x000000078f000000, 0x000000078f100000)
AC   0  E CS TS     0 PTAMS 0x000000078f100000 NTAMS 0x000000078f100000 space 1024K, 100% used [0x000000078f100000, 0x000000078f200000)
AC   0  E CS TS     0 PTAMS 0x000000078f200000 NTAMS 0x000000078f200000 space 1024K, 100% used [0x000000078f200000, 0x000000078f300000)
AC   0  E CS TS     0 PTAMS 0x000000078f300000 NTAMS 0x000000078f300000 space 1024K, 100% used [0x000000078f300000, 0x000000078f400000)
AC   0  E CS TS     0 PTAMS 0x000000078f400000 NTAMS 0x000000078f400000 space 1024K, 100% used [0x000000078f400000, 0x000000078f500000)
AC   0  E CS TS     0 PTAMS 0x000000078f500000 NTAMS 0x000000078f500000 space 1024K, 100% used [0x000000078f500000, 0x000000078f600000)
AC   0  E CS TS     0 PTAMS 0x000000078f600000 NTAMS 0x000000078f600000 space 1024K, 100% used [0x000000078f600000, 0x000000078f700000)
AC   0  E CS TS     0 PTAMS 0x000000078f700000 NTAMS 0x000000078f700000 space 1024K, 100% used [0x000000078f700000, 0x000000078f800000)
AC   0  E CS TS     0 PTAMS 0x000000078f800000 NTAMS 0x000000078f800000 space 1024K, 100% used [0x000000078f800000, 0x000000078f900000)
AC   0  E CS TS     0 PTAMS 0x000000078f900000 NTAMS 0x000000078f900000 space 1024K, 100% used [0x000000078f900000, 0x000000078fa00000)
AC   0  E CS TS     0 PTAMS 0x000000078fa00000 NTAMS 0x000000078fa00000 space 1024K, 100% used [0x000000078fa00000, 0x000000078fb00000)
AC   0  E CS TS     0 PTAMS 0x000000078fb00000 NTAMS 0x000000078fb00000 space 1024K, 100% used [0x000000078fb00000, 0x000000078fc00000)
AC   0  E CS TS     0 PTAMS 0x000000078fc00000 NTAMS 0x000000078fc00000 space 1024K, 100% used [0x000000078fc00000, 0x000000078fd00000)
AC   0  E CS TS     0 PTAMS 0x000000078fd00000 NTAMS 0x000000078fd00000 space 1024K, 100% used [0x000000078fd00000, 0x000000078fe00000)
AC   0  E CS TS     0 PTAMS 0x000000078fe00000 NTAMS 0x000000078fe00000 space 1024K, 100% used [0x000000078fe00000, 0x000000078ff00000)
AC   0  E CS TS     0 PTAMS 0x000000078ff00000 NTAMS 0x000000078ff00000 space 1024K, 100% used [0x000000078ff00000, 0x0000000790000000)
AC   0  E CS TS     0 PTAMS 0x0000000790000000 NTAMS 0x0000000790000000 space 1024K, 100% used [0x0000000790000000, 0x0000000790100000)
AC   0  E CS TS     0 PTAMS 0x0000000790100000 NTAMS 0x0000000790100000 space 1024K, 100% used [0x0000000790100000, 0x0000000790200000)
AC   0  E CS TS     0 PTAMS 0x0000000790200000 NTAMS 0x0000000790200000 space 1024K, 100% used [0x0000000790200000, 0x0000000790300000)
AC   0  E CS TS     0 PTAMS 0x0000000790300000 NTAMS 0x0000000790300000 space 1024K, 100% used [0x0000000790300000, 0x0000000790400000)
AC   0  E CS TS     0 PTAMS 0x0000000790400000 NTAMS 0x0000000790400000 space 1024K, 100% used [0x0000000790400000, 0x0000000790500000)
AC   0  E CS TS     0 PTAMS 0x0000000790500000 NTAMS 0x0000000790500000 space 1024K, 100% used [0x0000000790500000, 0x0000000790600000)
AC   0  E CS TS     0 PTAMS 0x0000000790600000 NTAMS 0x0000000790600000 space 1024K, 100% used [0x0000000790600000, 0x0000000790700000)
AC   0  E CS TS     0 PTAMS 0x0000000790700000 NTAMS 0x0000000790700000 space 1024K, 100% used [0x0000000790700000, 0x0000000790800000)
AC   0  E CS TS     0 PTAMS 0x0000000790800000 NTAMS 0x0000000790800000 space 1024K, 100% used [0x0000000790800000, 0x0000000790900000)
AC   0  E CS TS     0 PTAMS 0x0000000790900000 NTAMS 0x0000000790900000 space 1024K, 100% used [0x0000000790900000, 0x0000000790a00000)
AC   0  E CS TS     3 PTAMS 0x0000000790a00000 NTAMS 0x0000000790a00000 space 1024K, 100% used [0x0000000790a00000, 0x0000000790b00000)
AC   0  E CS TS     3 PTAMS 0x0000000790b00000 NTAMS 0x0000000790b00000 space 1024K, 100% used [0x0000000790b00000, 0x0000000790c00000)
AC   0  E CS TS     0 PTAMS 0x0000000790c00000 NTAMS 0x0000000790c00000 space 1024K, 100% used [0x0000000790c00000, 0x0000000790d00000)
AC   0  E CS TS     0 PTAMS 0x0000000790d00000 NTAMS 0x0000000790d00000 space 1024K, 100% used [0x0000000790d00000, 0x0000000790e00000)
AC   0  E CS TS     0 PTAMS 0x0000000790e00000 NTAMS 0x0000000790e00000 space 1024K, 100% used [0x0000000790e00000, 0x0000000790f00000)
AC   0  E CS TS     0 PTAMS 0x0000000790f00000 NTAMS 0x0000000790f00000 space 1024K, 100% used [0x0000000790f00000, 0x0000000791000000)
AC   0  E CS TS     0 PTAMS 0x0000000791000000 NTAMS 0x0000000791000000 space 1024K, 100% used [0x0000000791000000, 0x0000000791100000)
AC   0  E CS TS     0 PTAMS 0x0000000791100000 NTAMS 0x0000000791100000 space 1024K, 100% used [0x0000000791100000, 0x0000000791200000)
AC   0  E CS TS     0 PTAMS 0x0000000791200000 NTAMS 0x0000000791200000 space 1024K, 100% used [0x0000000791200000, 0x0000000791300000)
AC   0  E CS TS     0 PTAMS 0x0000000791300000 NTAMS 0x0000000791300000 space 1024K, 100% used [0x0000000791300000, 0x0000000791400000)

Card table byte_map: [0x0000000104e43000,0x0000000105043000] byte_map_base: 0x0000000101243000

Marking Bits (Prev, Next): (CMBitMap*) 0x000000010086d0e0, (CMBitMap*) 0x000000010086d088
 Prev Bits: [0x0000000106243000, 0x0000000107243000)
 Next Bits: [0x0000000105243000, 0x0000000106243000)

Polling page: 0x0000000100766000

CodeCache: size=245760Kb used=111089Kb max_used=111557Kb free=134670Kb
 bounds [0x000000010edb8000, 0x0000000115bb8000, 0x000000011ddb8000]
 total_blobs=27259 nmethods=26474 adapters=692
 compilation: enabled

Compilation events (10 events):
Event: 22460.304 Thread 0x00000001008fe800 43906       4       org.eclipse.jface.viewers.StructuredViewer::newHashtable (13 bytes)
Event: 22460.319 Thread 0x00000001008fe800 nmethod 43906 0x0000000111a48d90 code [0x0000000111a48f20, 0x0000000111a492f8]
Event: 22460.333 Thread 0x00000001008ff800 43907       3       org.eclipse.jgit.internal.storage.file.FileRepository$AttributesNodeProviderImpl::getInfoAttributesNode (29 bytes)
Event: 22460.334 Thread 0x00000001008ff800 nmethod 43907 0x0000000111c8c2d0 code [0x0000000111c8c460, 0x0000000111c8c888]
Event: 22460.345 Thread 0x00000001008ff800 43910       3       org.eclipse.egit.core.internal.indexdiff.IndexDiffData::mergeUntrackedFolders (73 bytes)
Event: 22460.347 Thread 0x00000001008ff800 nmethod 43910 0x0000000112d80510 code [0x0000000112d80760, 0x0000000112d81588]
Event: 22460.361 Thread 0x00000001008ff800 43908       3       org.eclipse.jgit.internal.storage.file.FileRepository$AttributesNodeProviderImpl::getGlobalAttributesNode (29 bytes)
Event: 22460.365 Thread 0x00000001008ff800 nmethod 43908 0x0000000114e3f810 code [0x0000000114e3f9a0, 0x0000000114e3fdc8]
Event: 22460.378 Thread 0x00000001008ff800 43909       3       org.eclipse.jgit.internal.storage.file.GlobalAttributesNode::load (99 bytes)
Event: 22460.383 Thread 0x00000001008ff800 nmethod 43909 0x000000010f10bd50 code [0x000000010f10c060, 0x000000010f10db28]

GC Heap History (10 events):
Event: 22374.908 GC heap before
{Heap before GC invocations=607 (full 0):
 garbage-first heap   total 282624K, used 140800K [0x0000000780000000, 0x00000007801008a0, 0x00000007c0000000)
  region size 1024K, 13 young (13312K), 5 survivors (5120K)
 Metaspace       used 116281K, capacity 126216K, committed 126556K, reserved 1159168K
  class space    used 13576K, capacity 16353K, committed 16480K, reserved 1048576K
Event: 22374.950 GC heap after
Heap after GC invocations=608 (full 0):
 garbage-first heap   total 282624K, used 110080K [0x0000000780000000, 0x00000007801008a0, 0x00000007c0000000)
  region size 1024K, 2 young (2048K), 2 survivors (2048K)
 Metaspace       used 116281K, capacity 126216K, committed 126556K, reserved 1159168K
  class space    used 13576K, capacity 16353K, committed 16480K, reserved 1048576K
}
Event: 22407.531 GC heap before
{Heap before GC invocations=608 (full 0):
 garbage-first heap   total 282624K, used 242176K [0x0000000780000000, 0x00000007801008a0, 0x00000007c0000000)
  region size 1024K, 131 young (134144K), 2 survivors (2048K)
 Metaspace       used 116291K, capacity 126216K, committed 126556K, reserved 1159168K
  class space    used 13576K, capacity 16353K, committed 16480K, reserved 1048576K
Event: 22407.584 GC heap after
Heap after GC invocations=609 (full 0):
 garbage-first heap   total 282624K, used 115200K [0x0000000780000000, 0x00000007801008a0, 0x00000007c0000000)
  region size 1024K, 7 young (7168K), 7 survivors (7168K)
 Metaspace       used 116291K, capacity 126216K, committed 126556K, reserved 1159168K
  class space    used 13576K, capacity 16353K, committed 16480K, reserved 1048576K
}
Event: 22412.781 GC heap before
{Heap before GC invocations=609 (full 0):
 garbage-first heap   total 282624K, used 243200K [0x0000000780000000, 0x00000007801008a0, 0x00000007c0000000)
  region size 1024K, 132 young (135168K), 7 survivors (7168K)
 Metaspace       used 116292K, capacity 126216K, committed 126556K, reserved 1159168K
  class space    used 13576K, capacity 16353K, committed 16480K, reserved 1048576K
Event: 22412.816 GC heap after
Heap after GC invocations=610 (full 0):
 garbage-first heap   total 282624K, used 115200K [0x0000000780000000, 0x00000007801008a0, 0x00000007c0000000)
  region size 1024K, 7 young (7168K), 7 survivors (7168K)
 Metaspace       used 116292K, capacity 126216K, committed 126556K, reserved 1159168K
  class space    used 13576K, capacity 16353K, committed 16480K, reserved 1048576K
}
Event: 22427.733 GC heap before
{Heap before GC invocations=610 (full 0):
 garbage-first heap   total 282624K, used 244224K [0x0000000780000000, 0x00000007801008a0, 0x00000007c0000000)
  region size 1024K, 133 young (136192K), 7 survivors (7168K)
 Metaspace       used 116297K, capacity 126216K, committed 126556K, reserved 1159168K
  class space    used 13576K, capacity 16353K, committed 16480K, reserved 1048576K
Event: 22427.763 GC heap after
Heap after GC invocations=611 (full 0):
 garbage-first heap   total 282624K, used 112128K [0x0000000780000000, 0x00000007801008a0, 0x00000007c0000000)
  region size 1024K, 4 young (4096K), 4 survivors (4096K)
 Metaspace       used 116297K, capacity 126216K, committed 126556K, reserved 1159168K
  class space    used 13576K, capacity 16353K, committed 16480K, reserved 1048576K
}
Event: 22448.895 GC heap before
{Heap before GC invocations=611 (full 0):
 garbage-first heap   total 282624K, used 245248K [0x0000000780000000, 0x00000007801008a0, 0x00000007c0000000)
  region size 1024K, 134 young (137216K), 4 survivors (4096K)
 Metaspace       used 116494K, capacity 126520K, committed 126812K, reserved 1159168K
  class space    used 13597K, capacity 16361K, committed 16480K, reserved 1048576K
Event: 22448.934 GC heap after
Heap after GC invocations=612 (full 0):
 garbage-first heap   total 282624K, used 113152K [0x0000000780000000, 0x00000007801008a0, 0x00000007c0000000)
  region size 1024K, 5 young (5120K), 5 survivors (5120K)
 Metaspace       used 116494K, capacity 126520K, committed 126812K, reserved 1159168K
  class space    used 13597K, capacity 16361K, committed 16480K, reserved 1048576K
}

Deoptimization events (10 events):
Event: 22444.741 Thread 0x0000000120c07000 Uncommon trap: reason=unstable_if action=reinterpret pc=0x0000000114ed39ec method=org.eclipse.ui.internal.navigator.resources.workbench.ResourceExtensionContentProvider.processDelta(Lorg/eclipse/core/resources/IResourceDelta;Ljava/util/Collection;)V @ 328
Event: 22444.747 Thread 0x000000010084a000 Uncommon trap: reason=unstable_if action=reinterpret pc=0x0000000114e6aff8 method=org.eclipse.ui.internal.navigator.extensions.EvaluationCache.getDescriptors(Ljava/lang/Object;Z)[Lorg/eclipse/ui/internal/navigator/extensions/NavigatorContentDescriptor; @ 
Event: 22444.747 Thread 0x000000010084a000 Uncommon trap: reason=class_check action=maybe_recompile pc=0x00000001121af424 method=org.eclipse.jface.viewers.StructuredViewer.preservingSelection(Ljava/lang/Runnable;Z)V @ 116
Event: 22444.869 Thread 0x000000010084a000 Uncommon trap: reason=unstable_if action=reinterpret pc=0x00000001113c9330 method=org.eclipse.swt.graphics.Color.isDisposed()Z @ 4
Event: 22444.873 Thread 0x000000010084a000 Uncommon trap: reason=unstable_if action=reinterpret pc=0x0000000111b271a4 method=org.eclipse.swt.widgets.Control.updateBackgroundColor()V @ 6
Event: 22444.877 Thread 0x000000010084a000 Uncommon trap: reason=unstable_if action=reinterpret pc=0x000000011459c9d0 method=org.eclipse.swt.graphics.Color.equals(Ljava/lang/Object;)Z @ 44
Event: 22444.877 Thread 0x000000010084a000 Uncommon trap: reason=unstable_if action=reinterpret pc=0x0000000111bfed8c method=org.eclipse.swt.graphics.Color.equals(Ljava/lang/Object;)Z @ 44
Event: 22445.088 Thread 0x000000010084a000 Uncommon trap: reason=unstable_if action=reinterpret pc=0x0000000111956504 method=org.eclipse.swt.widgets.Synchronizer.removeFirst()Lorg/eclipse/swt/widgets/RunnableLock; @ 73
Event: 22448.736 Thread 0x000000010084a000 Uncommon trap: reason=class_check action=maybe_recompile pc=0x00000001105626bc method=org.eclipse.ui.internal.EditorReference.getEditor(Z)Lorg/eclipse/ui/IEditorPart; @ 5
Event: 22460.460 Thread 0x000000010084a000 Uncommon trap: reason=class_check action=maybe_recompile pc=0x0000000111991cc0 method=org.eclipse.jface.text.presentation.PresentationReconciler$InternalListener.textChanged(Lorg/eclipse/jface/text/TextEvent;)V @ 34

Internal exceptions (10 events):
Event: 22460.322 Thread 0x000000012150d000 Exception <a 'sun/nio/fs/UnixException'> (0x0000000789c07178) thrown at [/Users/java_re/workspace/8-2-build-macosx-x86_64/jdk8u111/7883/hotspot/src/share/vm/prims/jni.cpp, line 709]
Event: 22460.322 Thread 0x000000012150d000 Exception <a 'sun/nio/fs/UnixException'> (0x0000000789c0ab00) thrown at [/Users/java_re/workspace/8-2-build-macosx-x86_64/jdk8u111/7883/hotspot/src/share/vm/prims/jni.cpp, line 709]
Event: 22460.328 Thread 0x000000012150d000 Exception <a 'sun/nio/fs/UnixException'> (0x0000000789c267a8) thrown at [/Users/java_re/workspace/8-2-build-macosx-x86_64/jdk8u111/7883/hotspot/src/share/vm/prims/jni.cpp, line 709]
Event: 22460.331 Thread 0x0000000123a62800 Exception <a 'sun/nio/fs/UnixException'> (0x000000078b2ae458) thrown at [/Users/java_re/workspace/8-2-build-macosx-x86_64/jdk8u111/7883/hotspot/src/share/vm/prims/jni.cpp, line 709]
Event: 22452.149 Thread 0x0000000129b77800 Exception <a 'java/lang/UnsatisfiedLinkError': org.eclipse.cdt.utils.spawner.SpawnerInputStream.available0(I)I> (0x000000078a5778e0) thrown at [/Users/java_re/workspace/8-2-build-macosx-x86_64/jdk8u111/7883/hotspot/src/share/vm/prims/nativeLookup.cpp, lin
Event: 22452.151 Thread 0x0000000129b77800 Exception <a 'java/lang/UnsatisfiedLinkError': org.eclipse.cdt.utils.spawner.SpawnerInputStream.available0(I)I> (0x000000078a579e10) thrown at [/Users/java_re/workspace/8-2-build-macosx-x86_64/jdk8u111/7883/hotspot/src/share/vm/prims/nativeLookup.cpp, lin
Event: 22459.515 Thread 0x0000000123db5800 Exception <a 'sun/nio/fs/UnixException'> (0x000000078a383670) thrown at [/Users/java_re/workspace/8-2-build-macosx-x86_64/jdk8u111/7883/hotspot/src/share/vm/prims/jni.cpp, line 709]
Event: 22460.178 Thread 0x0000000129b77800 Exception <a 'java/lang/UnsatisfiedLinkError': org.eclipse.cdt.utils.spawner.SpawnerInputStream.available0(I)I> (0x000000078a583630) thrown at [/Users/java_re/workspace/8-2-build-macosx-x86_64/jdk8u111/7883/hotspot/src/share/vm/prims/nativeLookup.cpp, lin
Event: 22460.191 Thread 0x0000000129b77800 Exception <a 'java/lang/UnsatisfiedLinkError': org.eclipse.cdt.utils.spawner.SpawnerInputStream.available0(I)I> (0x000000078a585de0) thrown at [/Users/java_re/workspace/8-2-build-macosx-x86_64/jdk8u111/7883/hotspot/src/share/vm/prims/nativeLookup.cpp, lin
Event: 22460.225 Thread 0x0000000120c6a800 Exception <a 'sun/nio/fs/UnixException'> (0x000000078a01e810) thrown at [/Users/java_re/workspace/8-2-build-macosx-x86_64/jdk8u111/7883/hotspot/src/share/vm/prims/jni.cpp, line 709]

Events (10 events):
Event: 22460.386 Thread 0x00000001008ff800 flushing nmethod 0x0000000113f644d0
Event: 22460.388 Thread 0x00000001008ff800 flushing nmethod 0x000000011419a810
Event: 22460.390 Thread 0x00000001008ff800 flushing nmethod 0x000000011450a910
Event: 22460.390 Thread 0x00000001008ff800 flushing nmethod 0x0000000114536d50
Event: 22460.460 Thread 0x000000010084a000 Uncommon trap: trap_request=0xffffffde fr.pc=0x0000000111991cc0
Event: 22460.460 Thread 0x000000010084a000 DEOPT PACKING pc=0x0000000111991cc0 sp=0x00007fff5fbfdc90
Event: 22460.460 Thread 0x000000010084a000 DEOPT UNPACKING pc=0x000000010edbcf69 sp=0x00007fff5fbfdc50 mode 2
Event: 22460.557 Thread 0x000000012c8d5000 Thread added: 0x000000012c8d5000
Event: 22460.345 Thread 0x00000001008ff800 flushing nmethod 0x00000001126e6510
Event: 22460.377 Thread 0x00000001008ff800 flushing nmethod 0x0000000113a41190


Dynamic libraries:
0x0000000033a49000 	/System/Library/Frameworks/Cocoa.framework/Versions/A/Cocoa
0x0000000033a49000 	/usr/lib/libSystem.B.dylib
0x0000000033a49000 	/System/Library/Frameworks/CoreServices.framework/Versions/A/CoreServices
0x0000000033a49000 	/usr/lib/libobjc.A.dylib
0x0000000033a49000 	/System/Library/Frameworks/CoreFoundation.framework/Versions/A/CoreFoundation
0x0000000033a49000 	/System/Library/Frameworks/AppKit.framework/Versions/C/AppKit
0x0000000033a49000 	/System/Library/Frameworks/ApplicationServices.framework/Versions/A/ApplicationServices
0x0000000033a49000 	/System/Library/Frameworks/Foundation.framework/Versions/C/Foundation
0x0000000033a49000 	/System/Library/Frameworks/CoreData.framework/Versions/A/CoreData
0x0000000033a49000 	/System/Library/PrivateFrameworks/RemoteViewServices.framework/Versions/A/RemoteViewServices
0x0000000033a49000 	/System/Library/PrivateFrameworks/UIFoundation.framework/Versions/A/UIFoundation
0x0000000033a49000 	/System/Library/PrivateFrameworks/DFRFoundation.framework/Versions/A/DFRFoundation
0x0000000033a49000 	/usr/lib/libenergytrace.dylib
0x0000000033a49000 	/System/Library/PrivateFrameworks/SkyLight.framework/Versions/A/SkyLight
0x0000000033a49000 	/System/Library/Frameworks/CoreGraphics.framework/Versions/A/CoreGraphics
0x0000000033a49000 	/usr/lib/libScreenReader.dylib
0x0000000033a49000 	/System/Library/Frameworks/Accelerate.framework/Versions/A/Accelerate
0x0000000033a49000 	/System/Library/Frameworks/IOSurface.framework/Versions/A/IOSurface
0x0000000033a49000 	/System/Library/Frameworks/AudioToolbox.framework/Versions/A/AudioToolbox
0x0000000033a49000 	/System/Library/Frameworks/AudioUnit.framework/Versions/A/AudioUnit
0x0000000033a49000 	/System/Library/PrivateFrameworks/DataDetectorsCore.framework/Versions/A/DataDetectorsCore
0x0000000033a49000 	/System/Library/PrivateFrameworks/DesktopServicesPriv.framework/Versions/A/DesktopServicesPriv
0x0000000033a49000 	/System/Library/Frameworks/Carbon.framework/Versions/A/Frameworks/HIToolbox.framework/Versions/A/HIToolbox
0x0000000033a49000 	/usr/lib/libicucore.A.dylib
0x0000000033a49000 	/usr/lib/libz.1.dylib
0x0000000033a49000 	/System/Library/Frameworks/QuartzCore.framework/Versions/A/QuartzCore
0x0000000033a49000 	/System/Library/Frameworks/Security.framework/Versions/A/Security
0x0000000033a49000 	/System/Library/Frameworks/Carbon.framework/Versions/A/Frameworks/SpeechRecognition.framework/Versions/A/SpeechRecognition
0x0000000033a49000 	/usr/lib/libauto.dylib
0x0000000033a49000 	/usr/lib/libxml2.2.dylib
0x0000000033a49000 	/System/Library/PrivateFrameworks/CoreUI.framework/Versions/A/CoreUI
0x0000000033a49000 	/System/Library/Frameworks/CoreAudio.framework/Versions/A/CoreAudio
0x0000000033a49000 	/System/Library/Frameworks/DiskArbitration.framework/Versions/A/DiskArbitration
0x0000000033a49000 	/usr/lib/liblangid.dylib
0x0000000033a49000 	/System/Library/PrivateFrameworks/MultitouchSupport.framework/Versions/A/MultitouchSupport
0x0000000033a49000 	/System/Library/Frameworks/IOKit.framework/Versions/A/IOKit
0x0000000033a49000 	/usr/lib/libDiagnosticMessagesClient.dylib
0x0000000033a49000 	/System/Library/PrivateFrameworks/PerformanceAnalysis.framework/Versions/A/PerformanceAnalysis
0x0000000033a49000 	/System/Library/PrivateFrameworks/GenerationalStorage.framework/Versions/A/GenerationalStorage
0x0000000033a49000 	/System/Library/Frameworks/OpenGL.framework/Versions/A/OpenGL
0x0000000033a49000 	/System/Library/Frameworks/CoreImage.framework/Versions/A/CoreImage
0x0000000033a49000 	/System/Library/Frameworks/CoreText.framework/Versions/A/CoreText
0x0000000033a49000 	/System/Library/Frameworks/ImageIO.framework/Versions/A/ImageIO
0x0000000033a49000 	/System/Library/PrivateFrameworks/Backup.framework/Versions/A/Backup
0x0000000033a49000 	/usr/lib/libarchive.2.dylib
0x0000000033a49000 	/System/Library/Frameworks/CFNetwork.framework/Versions/A/CFNetwork
0x0000000033a49000 	/System/Library/Frameworks/SystemConfiguration.framework/Versions/A/SystemConfiguration
0x0000000033a49000 	/usr/lib/libCRFSuite.dylib
0x0000000033a49000 	/usr/lib/libc++.1.dylib
0x0000000033a49000 	/usr/lib/libc++abi.dylib
0x0000000033a49000 	/usr/lib/system/libcache.dylib
0x0000000033a49000 	/usr/lib/system/libcommonCrypto.dylib
0x0000000033a49000 	/usr/lib/system/libcompiler_rt.dylib
0x0000000033a49000 	/usr/lib/system/libcopyfile.dylib
0x0000000033a49000 	/usr/lib/system/libcorecrypto.dylib
0x0000000033a49000 	/usr/lib/system/libdispatch.dylib
0x0000000033a49000 	/usr/lib/system/libdyld.dylib
0x0000000033a49000 	/usr/lib/system/libkeymgr.dylib
0x0000000033a49000 	/usr/lib/system/liblaunch.dylib
0x0000000033a49000 	/usr/lib/system/libmacho.dylib
0x0000000033a49000 	/usr/lib/system/libquarantine.dylib
0x0000000033a49000 	/usr/lib/system/libremovefile.dylib
0x0000000033a49000 	/usr/lib/system/libsystem_asl.dylib
0x0000000033a49000 	/usr/lib/system/libsystem_blocks.dylib
0x0000000033a49000 	/usr/lib/system/libsystem_c.dylib
0x0000000033a49000 	/usr/lib/system/libsystem_configuration.dylib
0x0000000033a49000 	/usr/lib/system/libsystem_coreservices.dylib
0x0000000033a49000 	/usr/lib/system/libsystem_coretls.dylib
0x0000000033a49000 	/usr/lib/system/libsystem_dnssd.dylib
0x0000000033a49000 	/usr/lib/system/libsystem_info.dylib
0x0000000033a49000 	/usr/lib/system/libsystem_kernel.dylib
0x0000000033a49000 	/usr/lib/system/libsystem_m.dylib
0x0000000033a49000 	/usr/lib/system/libsystem_malloc.dylib
0x0000000033a49000 	/usr/lib/system/libsystem_network.dylib
0x0000000033a49000 	/usr/lib/system/libsystem_networkextension.dylib
0x0000000033a49000 	/usr/lib/system/libsystem_notify.dylib
0x0000000033a49000 	/usr/lib/system/libsystem_platform.dylib
0x0000000033a49000 	/usr/lib/system/libsystem_pthread.dylib
0x0000000033a49000 	/usr/lib/system/libsystem_sandbox.dylib
0x0000000033a49000 	/usr/lib/system/libsystem_secinit.dylib
0x0000000033a49000 	/usr/lib/system/libsystem_symptoms.dylib
0x0000000033a49000 	/usr/lib/system/libsystem_trace.dylib
0x0000000033a49000 	/usr/lib/system/libunwind.dylib
0x0000000033a49000 	/usr/lib/system/libxpc.dylib
0x0000000033a49000 	/usr/lib/libbsm.0.dylib
0x0000000033a49000 	/usr/lib/system/libkxld.dylib
0x0000000033a49000 	/usr/lib/libcoretls.dylib
0x0000000033a49000 	/usr/lib/libcoretls_cfhelpers.dylib
0x0000000033a49000 	/usr/lib/libxar.1.dylib
0x0000000033a49000 	/usr/lib/libsqlite3.dylib
0x0000000033a49000 	/usr/lib/libpam.2.dylib
0x0000000033a49000 	/usr/lib/libOpenScriptingUtil.dylib
0x0000000033a49000 	/usr/lib/libbz2.1.0.dylib
0x0000000033a49000 	/usr/lib/liblzma.5.dylib
0x0000000033a49000 	/usr/lib/libnetwork.dylib
0x0000000033a49000 	/usr/lib/libpcap.A.dylib
0x0000000033a49000 	/System/Library/Frameworks/CoreServices.framework/Versions/A/Frameworks/FSEvents.framework/Versions/A/FSEvents
0x0000000033a49000 	/System/Library/Frameworks/CoreServices.framework/Versions/A/Frameworks/CarbonCore.framework/Versions/A/CarbonCore
0x0000000033a49000 	/System/Library/Frameworks/CoreServices.framework/Versions/A/Frameworks/Metadata.framework/Versions/A/Metadata
0x0000000033a49000 	/System/Library/Frameworks/CoreServices.framework/Versions/A/Frameworks/OSServices.framework/Versions/A/OSServices
0x0000000033a49000 	/System/Library/Frameworks/CoreServices.framework/Versions/A/Frameworks/SearchKit.framework/Versions/A/SearchKit
0x0000000033a49000 	/System/Library/Frameworks/CoreServices.framework/Versions/A/Frameworks/AE.framework/Versions/A/AE
0x0000000033a49000 	/System/Library/Frameworks/CoreServices.framework/Versions/A/Frameworks/LaunchServices.framework/Versions/A/LaunchServices
0x0000000033a49000 	/System/Library/Frameworks/CoreServices.framework/Versions/A/Frameworks/DictionaryServices.framework/Versions/A/DictionaryServices
0x0000000033a49000 	/System/Library/Frameworks/CoreServices.framework/Versions/A/Frameworks/SharedFileList.framework/Versions/A/SharedFileList
0x0000000033a49000 	/System/Library/Frameworks/NetFS.framework/Versions/A/NetFS
0x0000000033a49000 	/System/Library/PrivateFrameworks/NetAuth.framework/Versions/A/NetAuth
0x0000000033a49000 	/System/Library/PrivateFrameworks/login.framework/Versions/A/Frameworks/loginsupport.framework/Versions/A/loginsupport
0x0000000033a49000 	/System/Library/PrivateFrameworks/TCC.framework/Versions/A/TCC
0x0000000033a49000 	/usr/lib/libmecabra.dylib
0x0000000033a49000 	/System/Library/Frameworks/ApplicationServices.framework/Versions/A/Frameworks/ATS.framework/Versions/A/ATS
0x0000000033a49000 	/System/Library/Frameworks/ApplicationServices.framework/Versions/A/Frameworks/ColorSync.framework/Versions/A/ColorSync
0x0000000033a49000 	/System/Library/Frameworks/ApplicationServices.framework/Versions/A/Frameworks/HIServices.framework/Versions/A/HIServices
0x0000000033a49000 	/System/Library/Frameworks/ApplicationServices.framework/Versions/A/Frameworks/LangAnalysis.framework/Versions/A/LangAnalysis
0x0000000033a49000 	/System/Library/Frameworks/ApplicationServices.framework/Versions/A/Frameworks/PrintCore.framework/Versions/A/PrintCore
0x0000000033a49000 	/System/Library/Frameworks/ApplicationServices.framework/Versions/A/Frameworks/QD.framework/Versions/A/QD
0x0000000033a49000 	/System/Library/Frameworks/ApplicationServices.framework/Versions/A/Frameworks/SpeechSynthesis.framework/Versions/A/SpeechSynthesis
0x0000000033a49000 	/System/Library/Frameworks/Accelerate.framework/Versions/A/Frameworks/vImage.framework/Versions/A/vImage
0x0000000033a49000 	/System/Library/Frameworks/Accelerate.framework/Versions/A/Frameworks/vecLib.framework/Versions/A/vecLib
0x0000000033a49000 	/System/Library/Frameworks/Accelerate.framework/Versions/A/Frameworks/vecLib.framework/Versions/A/libvDSP.dylib
0x0000000033a49000 	/System/Library/Frameworks/Accelerate.framework/Versions/A/Frameworks/vecLib.framework/Versions/A/libBNNS.dylib
0x0000000033a49000 	/System/Library/Frameworks/Accelerate.framework/Versions/A/Frameworks/vecLib.framework/Versions/A/libQuadrature.dylib
0x0000000033a49000 	/System/Library/Frameworks/Accelerate.framework/Versions/A/Frameworks/vecLib.framework/Versions/A/libvMisc.dylib
0x0000000033a49000 	/System/Library/Frameworks/Accelerate.framework/Versions/A/Frameworks/vecLib.framework/Versions/A/libLAPACK.dylib
0x0000000033a49000 	/System/Library/Frameworks/Accelerate.framework/Versions/A/Frameworks/vecLib.framework/Versions/A/libBLAS.dylib
0x0000000033a49000 	/System/Library/Frameworks/Accelerate.framework/Versions/A/Frameworks/vecLib.framework/Versions/A/libLinearAlgebra.dylib
0x0000000033a49000 	/System/Library/Frameworks/Accelerate.framework/Versions/A/Frameworks/vecLib.framework/Versions/A/libSparseBLAS.dylib
0x0000000033a49000 	/System/Library/Frameworks/ApplicationServices.framework/Versions/A/Frameworks/ATS.framework/Versions/A/Resources/libFontParser.dylib
0x0000000033a49000 	/System/Library/Frameworks/ApplicationServices.framework/Versions/A/Frameworks/ATS.framework/Versions/A/Resources/libFontRegistry.dylib
0x0000000033a49000 	/System/Library/Frameworks/ImageIO.framework/Versions/A/Resources/libJPEG.dylib
0x0000000033a49000 	/System/Library/Frameworks/ImageIO.framework/Versions/A/Resources/libTIFF.dylib
0x0000000033a49000 	/System/Library/Frameworks/ImageIO.framework/Versions/A/Resources/libPng.dylib
0x0000000033a49000 	/System/Library/Frameworks/ImageIO.framework/Versions/A/Resources/libGIF.dylib
0x0000000033a49000 	/System/Library/Frameworks/ImageIO.framework/Versions/A/Resources/libJP2.dylib
0x0000000033a49000 	/System/Library/Frameworks/ImageIO.framework/Versions/A/Resources/libRadiance.dylib
0x0000000033a49000 	/usr/lib/libcompression.dylib
0x0000000033a49000 	/System/Library/PrivateFrameworks/AppleJPEG.framework/Versions/A/AppleJPEG
0x0000000033a49000 	/usr/lib/libcups.2.dylib
0x0000000033a49000 	/System/Library/Frameworks/Kerberos.framework/Versions/A/Kerberos
0x0000000033a49000 	/System/Library/Frameworks/GSS.framework/Versions/A/GSS
0x0000000033a49000 	/usr/lib/libresolv.9.dylib
0x0000000033a49000 	/usr/lib/libiconv.2.dylib
0x0000000033a49000 	/System/Library/PrivateFrameworks/Heimdal.framework/Versions/A/Heimdal
0x0000000033a49000 	/usr/lib/libheimdal-asn1.dylib
0x0000000033a49000 	/System/Library/Frameworks/OpenDirectory.framework/Versions/A/OpenDirectory
0x0000000033a49000 	/System/Library/PrivateFrameworks/CommonAuth.framework/Versions/A/CommonAuth
0x0000000033a49000 	/System/Library/Frameworks/OpenDirectory.framework/Versions/A/Frameworks/CFOpenDirectory.framework/Versions/A/CFOpenDirectory
0x0000000033a49000 	/System/Library/Frameworks/SecurityFoundation.framework/Versions/A/SecurityFoundation
0x0000000033a49000 	/System/Library/PrivateFrameworks/LanguageModeling.framework/Versions/A/LanguageModeling
0x0000000033a49000 	/usr/lib/libmarisa.dylib
0x0000000033a49000 	/usr/lib/libChineseTokenizer.dylib
0x0000000033a49000 	/usr/lib/libcmph.dylib
0x0000000033a49000 	/System/Library/PrivateFrameworks/CoreEmoji.framework/Versions/A/CoreEmoji
0x0000000033a49000 	/System/Library/Frameworks/ServiceManagement.framework/Versions/A/ServiceManagement
0x0000000033a49000 	/usr/lib/libxslt.1.dylib
0x0000000033a49000 	/System/Library/Frameworks/Carbon.framework/Versions/A/Frameworks/Ink.framework/Versions/A/Ink
0x0000000033a49000 	/System/Library/PrivateFrameworks/TextureIO.framework/Versions/A/TextureIO
0x0000000033a49000 	/System/Library/Frameworks/Metal.framework/Versions/A/Metal
0x0000000033a49000 	/usr/lib/libate.dylib
0x0000000033a49000 	/System/Library/PrivateFrameworks/GPUCompiler.framework/libmetal_timestamp.dylib
0x0000000033a49000 	/System/Library/Frameworks/OpenGL.framework/Versions/A/Libraries/libCoreFSCache.dylib
0x0000000033a49000 	/System/Library/PrivateFrameworks/IOAccelerator.framework/Versions/A/IOAccelerator
0x0000000033a49000 	/System/Library/Frameworks/CoreVideo.framework/Versions/A/CoreVideo
0x0000000033a49000 	/usr/lib/libFosl_dynamic.dylib
0x0000000033a49000 	/System/Library/PrivateFrameworks/MetalPerformanceShaders.framework/Versions/A/MetalPerformanceShaders
0x0000000033a49000 	/System/Library/PrivateFrameworks/FaceCore.framework/Versions/A/FaceCore
0x0000000033a49000 	/System/Library/Frameworks/OpenCL.framework/Versions/A/OpenCL
0x0000000033a49000 	/System/Library/Frameworks/OpenGL.framework/Versions/A/Libraries/libGLU.dylib
0x0000000033a49000 	/System/Library/Frameworks/OpenGL.framework/Versions/A/Libraries/libGFXShared.dylib
0x0000000033a49000 	/System/Library/Frameworks/OpenGL.framework/Versions/A/Libraries/libGL.dylib
0x0000000033a49000 	/System/Library/Frameworks/OpenGL.framework/Versions/A/Libraries/libGLImage.dylib
0x0000000033a49000 	/System/Library/Frameworks/OpenGL.framework/Versions/A/Libraries/libCVMSPluginSupport.dylib
0x0000000033a49000 	/System/Library/Frameworks/OpenGL.framework/Versions/A/Libraries/libCoreVMClient.dylib
0x0000000033a49000 	/System/Library/PrivateFrameworks/CrashReporterSupport.framework/Versions/A/CrashReporterSupport
0x0000000033a49000 	/System/Library/PrivateFrameworks/Sharing.framework/Versions/A/Sharing
0x0000000033a49000 	/System/Library/PrivateFrameworks/IconServices.framework/Versions/A/IconServices
0x0000000033a49000 	/System/Library/PrivateFrameworks/ProtocolBuffer.framework/Versions/A/ProtocolBuffer
0x0000000033a49000 	/System/Library/PrivateFrameworks/Apple80211.framework/Versions/A/Apple80211
0x0000000033a49000 	/System/Library/Frameworks/CoreWLAN.framework/Versions/A/CoreWLAN
0x0000000033a49000 	/System/Library/PrivateFrameworks/CoreUtils.framework/Versions/A/CoreUtils
0x0000000033a49000 	/System/Library/Frameworks/IOBluetooth.framework/Versions/A/IOBluetooth
0x0000000033a49000 	/System/Library/PrivateFrameworks/CoreWiFi.framework/Versions/A/CoreWiFi
0x0000000033a49000 	/System/Library/Frameworks/CoreBluetooth.framework/Versions/A/CoreBluetooth
0x0000000033a49000 	/System/Library/Frameworks/CoreDisplay.framework/Versions/A/CoreDisplay
0x0000000033a49000 	/System/Library/PrivateFrameworks/IOPresentment.framework/Versions/A/IOPresentment
0x0000000033a49000 	/System/Library/PrivateFrameworks/DebugSymbols.framework/Versions/A/DebugSymbols
0x0000000033a49000 	/System/Library/PrivateFrameworks/CoreSymbolication.framework/Versions/A/CoreSymbolication
0x0000000033a49000 	/System/Library/PrivateFrameworks/Symbolication.framework/Versions/A/Symbolication
0x0000000033a49000 	/System/Library/PrivateFrameworks/AppleFSCompression.framework/Versions/A/AppleFSCompression
0x0000000033a49000 	/System/Library/PrivateFrameworks/SpeechRecognitionCore.framework/Versions/A/SpeechRecognitionCore
0x0000000033a49000 	/System/Library/PrivateFrameworks/ChunkingLibrary.framework/Versions/A/ChunkingLibrary
0x0000000100308000 	/Applications/Eclipse.app/Contents/Eclipse/plugins/org.eclipse.equinox.launcher.cocoa.macosx.x86_64_1.1.401.v20161122-1740/eclipse_1615.so
0x0000000033a49000 	/System/Library/PrivateFrameworks/CoreServicesInternal.framework/Versions/A/CoreServicesInternal
0x0000000100713000 	/Library/Java/JavaVirtualMachines/jdk1.8.0_111.jdk/Contents/MacOS/libjli.dylib
0x00000001034e2000 	/Library/Java/JavaVirtualMachines/jdk1.8.0_111.jdk/Contents/Home/jre//lib/server/libjvm.dylib
0x0000000033a49000 	/usr/lib/libstdc++.6.dylib
0x0000000100723000 	/Library/Java/JavaVirtualMachines/jdk1.8.0_111.jdk/Contents/Home/jre/lib/libverify.dylib
0x0000000100731000 	/Library/Java/JavaVirtualMachines/jdk1.8.0_111.jdk/Contents/Home/jre/lib/libjava.dylib
0x000000010076f000 	/Library/Java/JavaVirtualMachines/jdk1.8.0_111.jdk/Contents/Home/jre/lib/libzip.dylib
0x0000000109fb2000 	/System/Library/Frameworks/JavaVM.framework/Frameworks/JavaRuntimeSupport.framework/JavaRuntimeSupport
0x0000000109fcc000 	/System/Library/Frameworks/JavaVM.framework/Versions/A/Frameworks/JavaNativeFoundation.framework/Versions/A/JavaNativeFoundation
0x0000000109fe1000 	/System/Library/Frameworks/JavaVM.framework/Versions/A/JavaVM
0x0000000033a49000 	/System/Library/Frameworks/Carbon.framework/Versions/A/Carbon
0x0000000109fee000 	/System/Library/PrivateFrameworks/JavaLaunching.framework/Versions/A/JavaLaunching
0x0000000033a49000 	/System/Library/Frameworks/Carbon.framework/Versions/A/Frameworks/CommonPanels.framework/Versions/A/CommonPanels
0x0000000033a49000 	/System/Library/Frameworks/Carbon.framework/Versions/A/Frameworks/Help.framework/Versions/A/Help
0x0000000033a49000 	/System/Library/Frameworks/Carbon.framework/Versions/A/Frameworks/ImageCapture.framework/Versions/A/ImageCapture
0x0000000033a49000 	/System/Library/Frameworks/Carbon.framework/Versions/A/Frameworks/OpenScripting.framework/Versions/A/OpenScripting
0x0000000033a49000 	/System/Library/Frameworks/Carbon.framework/Versions/A/Frameworks/Print.framework/Versions/A/Print
0x0000000033a49000 	/System/Library/Frameworks/Carbon.framework/Versions/A/Frameworks/SecurityHI.framework/Versions/A/SecurityHI
0x0000000033a49000 	/System/Library/CoreServices/RawCamera.bundle/Contents/MacOS/RawCamera
0x0000000033a49000 	/System/Library/Frameworks/Accelerate.framework/Versions/A/Frameworks/vImage.framework/Versions/A/Libraries/libCGInterfaces.dylib
0x0000000033a49000 	/System/Library/PrivateFrameworks/FamilyControls.framework/Versions/A/FamilyControls
0x0000000033a49000 	/System/Library/PrivateFrameworks/CommerceKit.framework/Versions/A/Frameworks/CommerceCore.framework/Versions/A/CommerceCore
0x0000000033a49000 	/System/Library/PrivateFrameworks/SystemAdministration.framework/Versions/A/SystemAdministration
0x0000000033a49000 	/System/Library/PrivateFrameworks/AppContainer.framework/Versions/A/AppContainer
0x0000000033a49000 	/System/Library/PrivateFrameworks/SecCodeWrapper.framework/Versions/A/SecCodeWrapper
0x0000000033a49000 	/System/Library/Frameworks/DirectoryService.framework/Versions/A/DirectoryService
0x0000000033a49000 	/System/Library/PrivateFrameworks/DiskImages.framework/Versions/A/DiskImages
0x0000000033a49000 	/System/Library/PrivateFrameworks/LoginUIKit.framework/Versions/A/Frameworks/LoginUICore.framework/Versions/A/LoginUICore
0x0000000033a49000 	/usr/lib/libCoreStorage.dylib
0x0000000033a49000 	/usr/lib/libcsfde.dylib
0x0000000033a49000 	/usr/lib/libodfde.dylib
0x0000000033a49000 	/System/Library/Frameworks/DiscRecording.framework/Versions/A/DiscRecording
0x0000000033a49000 	/usr/lib/libcurl.4.dylib
0x0000000033a49000 	/System/Library/PrivateFrameworks/MediaKit.framework/Versions/A/MediaKit
0x0000000033a49000 	/System/Library/PrivateFrameworks/ProtectedCloudStorage.framework/Versions/A/ProtectedCloudStorage
0x0000000033a49000 	/System/Library/PrivateFrameworks/EFILogin.framework/Versions/A/EFILogin
0x0000000033a49000 	/usr/lib/libutil.dylib
0x0000000033a49000 	/System/Library/Frameworks/LDAP.framework/Versions/A/LDAP
0x0000000033a49000 	/usr/lib/libsasl2.2.dylib
0x0000000033a49000 	/System/Library/PrivateFrameworks/CoreDaemon.framework/Versions/B/CoreDaemon
0x0000000033a49000 	/System/Library/PrivateFrameworks/AppleSRP.framework/Versions/A/AppleSRP
0x0000000033a49000 	/System/Library/PrivateFrameworks/APFS.framework/Versions/A/APFS
0x0000000033a49000 	/System/Library/Frameworks/ApplicationServices.framework/Versions/A/Frameworks/ATS.framework/Versions/A/Resources/libTrueTypeScaler.dylib
0x0000000033a49000 	/System/Library/Frameworks/OpenGL.framework/Versions/A/Resources/GLEngine.bundle/GLEngine
0x0000000033a49000 	/System/Library/Frameworks/OpenGL.framework/Versions/A/Libraries/libGLProgrammability.dylib
0x000000011ddb8000 	/System/Library/Extensions/GeForceTeslaGLDriver.bundle/Contents/MacOS/GeForceTeslaGLDriver
0x000000010d800000 	/System/Library/Extensions/GeForceTeslaGLDriver.bundle/Contents/MacOS/libclh.dylib
0x0000000033a49000 	/System/Library/PrivateFrameworks/GPUSupport.framework/Versions/A/Libraries/libGPUSupport.dylib
0x0000000033a49000 	/System/Library/Frameworks/OpenGL.framework/Versions/A/Resources/GLRendererFloat.bundle/GLRendererFloat
0x0000000033a49000 	/System/Library/Frameworks/OpenCL.framework/Versions/A/Libraries/libcldcpuengine.dylib
0x0000000033a49000 	/usr/lib/libcrypto.0.9.8.dylib
0x0000000033a49000 	/System/Library/PrivateFrameworks/TrustEvaluationAgent.framework/Versions/A/TrustEvaluationAgent
0x000000010ecd6000 	/Library/Java/JavaVirtualMachines/jdk1.8.0_111.jdk/Contents/Home/jre/lib/libnet.dylib
0x000000010e534000 	/Library/Java/JavaVirtualMachines/jdk1.8.0_111.jdk/Contents/Home/jre/lib/libnio.dylib
0x0000000033a49000 	/System/Library/PrivateFrameworks/ViewBridge.framework/Versions/A/ViewBridge
0x0000000033a49000 	/System/Library/PrivateFrameworks/XPCService.framework/Versions/A/XPCService
0x0000000033a49000 	/System/Library/PrivateFrameworks/AppSandbox.framework/Versions/A/AppSandbox
0x0000000033a49000 	/usr/lib/libsandbox.1.dylib
0x0000000033a49000 	/usr/lib/libMatch.1.dylib
0x000000011f97e000 	/Applications/Eclipse.app/Contents/Eclipse/configuration/org.eclipse.osgi/710/0/.cp/libswt-cocoa-4628.jnilib
0x0000000033a49000 	/System/Library/Frameworks/WebKit.framework/Versions/A/WebKit
0x0000000033a49000 	/System/Library/Frameworks/JavaScriptCore.framework/Versions/A/JavaScriptCore
0x0000000033a49000 	/System/Library/Frameworks/SecurityInterface.framework/Versions/A/SecurityInterface
0x0000000033a49000 	/System/Library/Frameworks/WebKit.framework/Versions/A/Frameworks/WebKitLegacy.framework/Versions/A/WebKitLegacy
0x0000000033a49000 	/System/Library/Frameworks/WebKit.framework/Versions/A/Frameworks/WebCore.framework/Versions/A/WebCore
0x000000011fa14000 	/Applications/Eclipse.app/Contents/Eclipse/configuration/org.eclipse.osgi/710/0/.cp/libswt-pi-cocoa-4628.jnilib
0x000000010e725000 	/Applications/Eclipse.app/Contents/Eclipse/configuration/org.eclipse.osgi/100/0/.cp/os/macosx/libunixfile_1_0_0.jnilib
0x000000011ff8e000 	/Library/Java/JavaVirtualMachines/jdk1.8.0_111.jdk/Contents/Home/jre/lib/libsunec.dylib
0x000000010ecbb000 	cl_kernels
0x0000000033a49000 	/System/Library/Frameworks/OpenCL.framework/Versions/A/Libraries/ImageFormats/unorm8_bgra.dylib
0x000000010a44d000 	cl_kernels
0x0000000033a49000 	/System/Library/PrivateFrameworks/CloudDocs.framework/Versions/A/CloudDocs
0x0000000033a49000 	/System/Library/Frameworks/CloudKit.framework/Versions/A/CloudKit
0x0000000033a49000 	/System/Library/PrivateFrameworks/MMCS.framework/Versions/A/MMCS
0x0000000033a49000 	/System/Library/Frameworks/CoreLocation.framework/Versions/A/CoreLocation
0x0000000033a49000 	/System/Library/PrivateFrameworks/AssetCacheServices.framework/Versions/A/AssetCacheServices
0x0000000033a49000 	/System/Library/PrivateFrameworks/GeoServices.framework/Versions/A/GeoServices
0x0000000033a49000 	/System/Library/PrivateFrameworks/Shortcut.framework/Versions/A/Shortcut
0x0000000033a49000 	/System/Library/PrivateFrameworks/HelpData.framework/Versions/A/HelpData
0x0000000033a49000 	/System/Library/PrivateFrameworks/DataDetectors.framework/Versions/A/DataDetectors
0x0000000033a49000 	/System/Library/Frameworks/AddressBook.framework/Versions/A/AddressBook
0x0000000033a49000 	/System/Library/Frameworks/Quartz.framework/Versions/A/Quartz
0x0000000033a49000 	/System/Library/PrivateFrameworks/ContactsPersistence.framework/Versions/A/ContactsPersistence
0x0000000033a49000 	/System/Library/PrivateFrameworks/CalendarAgentLink.framework/Versions/A/CalendarAgentLink
0x0000000033a49000 	/System/Library/PrivateFrameworks/ContactsFoundation.framework/Versions/A/ContactsFoundation
0x0000000033a49000 	/System/Library/PrivateFrameworks/vCard.framework/Versions/A/vCard
0x0000000033a49000 	/System/Library/PrivateFrameworks/IntlPreferences.framework/Versions/A/IntlPreferences
0x0000000033a49000 	/System/Library/PrivateFrameworks/ToneLibrary.framework/Versions/A/ToneLibrary
0x0000000033a49000 	/System/Library/PrivateFrameworks/ToneKit.framework/Versions/A/ToneKit
0x0000000033a49000 	/System/Library/PrivateFrameworks/ApplePushService.framework/Versions/A/ApplePushService
0x0000000033a49000 	/System/Library/PrivateFrameworks/PhoneNumbers.framework/Versions/A/PhoneNumbers
0x0000000033a49000 	/System/Library/Frameworks/Accounts.framework/Versions/A/Accounts
0x0000000033a49000 	/System/Library/PrivateFrameworks/OAuth.framework/Versions/A/OAuth
0x0000000033a49000 	/System/Library/Frameworks/AVFoundation.framework/Versions/A/AVFoundation
0x0000000033a49000 	/System/Library/Frameworks/AVFoundation.framework/Versions/A/Frameworks/AVFAudio.framework/Versions/A/AVFAudio
0x0000000033a49000 	/System/Library/Frameworks/CoreMedia.framework/Versions/A/CoreMedia
0x0000000033a49000 	/System/Library/Frameworks/MediaToolbox.framework/Versions/A/MediaToolbox
0x0000000033a49000 	/System/Library/Frameworks/VideoToolbox.framework/Versions/A/VideoToolbox
0x0000000033a49000 	/System/Library/Frameworks/CoreMediaIO.framework/Versions/A/CoreMediaIO
0x0000000033a49000 	/usr/lib/libspindump.dylib
0x0000000033a49000 	/usr/lib/libdscsym.dylib
0x0000000033a49000 	/System/Library/PrivateFrameworks/CoreAVCHD.framework/Versions/A/CoreAVCHD
0x0000000033a49000 	/System/Library/Frameworks/MediaAccessibility.framework/Versions/A/MediaAccessibility
0x0000000033a49000 	/System/Library/PrivateFrameworks/Mangrove.framework/Versions/A/Mangrove
0x0000000033a49000 	/System/Library/PrivateFrameworks/CoreAUC.framework/Versions/A/CoreAUC
0x0000000033a49000 	/System/Library/PrivateFrameworks/AppleVA.framework/Versions/A/AppleVA
0x0000000033a49000 	/System/Library/Frameworks/Quartz.framework/Versions/A/Frameworks/QuartzComposer.framework/Versions/A/QuartzComposer
0x0000000033a49000 	/System/Library/Frameworks/Quartz.framework/Versions/A/Frameworks/PDFKit.framework/Versions/A/PDFKit
0x0000000033a49000 	/System/Library/Frameworks/Quartz.framework/Versions/A/Frameworks/QuartzFilters.framework/Versions/A/QuartzFilters
0x0000000033a49000 	/System/Library/Frameworks/Quartz.framework/Versions/A/Frameworks/ImageKit.framework/Versions/A/ImageKit
0x0000000033a49000 	/System/Library/Frameworks/Quartz.framework/Versions/A/Frameworks/QuickLookUI.framework/Versions/A/QuickLookUI
0x0000000033a49000 	/System/Library/Frameworks/QTKit.framework/Versions/A/QTKit
0x0000000033a49000 	/System/Library/PrivateFrameworks/AppleSystemInfo.framework/Versions/A/AppleSystemInfo
0x0000000033a49000 	/System/Library/PrivateFrameworks/CoreMediaAuthoring.framework/Versions/A/CoreMediaAuthoring
0x0000000033a49000 	/System/Library/PrivateFrameworks/CorePDF.framework/Versions/A/CorePDF
0x0000000033a49000 	/System/Library/Frameworks/SafariServices.framework/Versions/A/SafariServices
0x0000000033a49000 	/System/Library/Frameworks/QuickLook.framework/Versions/A/QuickLook
0x0000000033a49000 	/System/Library/PrivateFrameworks/MobileKeyBag.framework/Versions/A/MobileKeyBag
0x0000000033a49000 	/System/Library/PrivateFrameworks/QuickLookThumbnailing.framework/Versions/A/QuickLookThumbnailing
0x0000000033a49000 	/System/Library/PrivateFrameworks/DisplayServices.framework/Versions/A/DisplayServices
0x0000000033a49000 	/System/Library/Frameworks/ImageCaptureCore.framework/Versions/A/ImageCaptureCore
0x000000010e31e000 	/Applications/Eclipse.app/Contents/Eclipse/configuration/org.eclipse.osgi/519/0/.cp/os/macosx/x86_64/libspawner.jnilib
0x000000010a4ff000 	/Applications/Eclipse.app/Contents/Eclipse/configuration/org.eclipse.osgi/519/0/.cp/os/macosx/x86_64/libpty.jnilib
0x000000010e487000 	/System/Library/PrivateFrameworks/CoreNLP.framework/Versions/A/CoreNLP

VM Arguments:
jvm_args: -Dosgi.requiredJavaVersion=1.8 -XX:+UseG1GC -XX:+UseStringDeduplication -XstartOnFirstThread -Dorg.eclipse.swt.internal.carbon.smallFonts -Dosgi.requiredJavaVersion=1.8 -Xms256m -Xmx1024m -Xdock:icon=../Resources/Eclipse.icns -XstartOnFirstThread -Dorg.eclipse.swt.internal.carbon.smallFonts 
java_command: <unknown>
java_class_path (initial): /Applications/Eclipse.app/Contents/MacOS//../Eclipse/plugins/org.eclipse.equinox.launcher_1.3.201.v20161025-1711.jar
Launcher Type: generic

Environment Variables:
PATH=/usr/bin:/bin:/usr/sbin:/sbin
SHELL=/bin/bash

Signal Handlers:
SIGSEGV: [libjvm.dylib+0x5b03ed], sa_mask[0]=11111111011111110111111111111111, sa_flags=SA_ONSTACK|SA_RESTART|SA_SIGINFO
SIGBUS: [libjvm.dylib+0x5b03ed], sa_mask[0]=11111111011111110111111111111111, sa_flags=SA_RESTART|SA_SIGINFO
SIGFPE: [libjvm.dylib+0x48711c], sa_mask[0]=11111111011111110111111111111111, sa_flags=SA_RESTART|SA_SIGINFO
SIGPIPE: [libjvm.dylib+0x48711c], sa_mask[0]=11111111011111110111111111111111, sa_flags=SA_RESTART|SA_SIGINFO
SIGXFSZ: [libjvm.dylib+0x48711c], sa_mask[0]=11111111011111110111111111111111, sa_flags=SA_RESTART|SA_SIGINFO
SIGILL: [libjvm.dylib+0x48711c], sa_mask[0]=11111111011111110111111111111111, sa_flags=SA_RESTART|SA_SIGINFO
SIGUSR1: SIG_DFL, sa_mask[0]=00000000000000000000000000000000, sa_flags=none
SIGUSR2: [libjvm.dylib+0x486c3a], sa_mask[0]=00000000000000000000000000000000, sa_flags=SA_RESTART|SA_SIGINFO
SIGHUP: [libjvm.dylib+0x485211], sa_mask[0]=11111111011111110111111111111111, sa_flags=SA_RESTART|SA_SIGINFO
SIGINT: [libjvm.dylib+0x485211], sa_mask[0]=11111111011111110111111111111111, sa_flags=SA_RESTART|SA_SIGINFO
SIGTERM: [libjvm.dylib+0x485211], sa_mask[0]=11111111011111110111111111111111, sa_flags=SA_RESTART|SA_SIGINFO
SIGQUIT: [libjvm.dylib+0x485211], sa_mask[0]=11111111011111110111111111111111, sa_flags=SA_RESTART|SA_SIGINFO


---------------  S Y S T E M  ---------------

OS:Bsduname:Darwin 16.1.0 Darwin Kernel Version 16.1.0: Wed Oct 19 20:31:56 PDT 2016; root:xnu-3789.21.4~4/RELEASE_X86_64 x86_64
rlimit: STACK 8192k, CORE 0k, NPROC 709, NOFILE 10240, AS infinity
load average:3.79 3.26 2.89

CPU:total 2 (2 cores per cpu, 1 threads per core) family 6 model 23 stepping 10, cmov, cx8, fxsr, mmx, sse, sse2, sse3, ssse3, sse4.1, tsc

Memory: 4k page, physical 8388608k(107552k free)

/proc/meminfo:


vm_info: Java HotSpot(TM) 64-Bit Server VM (25.111-b14) for bsd-amd64 JRE (1.8.0_111-b14), built on Sep 22 2016 15:31:41 by "java_re" with gcc 4.2.1 (Based on Apple Inc. build 5658) (LLVM build 2336.11.00)

time: Sun Feb 26 19:56:15 2017
elapsed time: 22460 seconds (0d 6h 14m 20s)

