#
# A fatal error has been detected by the Java Runtime Environment:
#
#  SIGILL (0x4) at pc=0x00007fffbe402bde, pid=87728, tid=0x0000000000000203
#
# JRE version: Java(TM) SE Runtime Environment (8.0_111-b14) (build 1.8.0_111-b14)
# Java VM: Java HotSpot(TM) 64-Bit Server VM (25.111-b14 mixed mode bsd-amd64 compressed oops)
# Problematic frame:
# C  [libsystem_platform.dylib+0x5bde]  _os_unfair_lock_corruption_abort+0x17
#
# Failed to write core dump. Core dumps have been disabled. To enable core dumping, try "ulimit -c unlimited" before starting Java again
#
# If you would like to submit a bug report, please visit:
#   http://bugreport.java.com/bugreport/crash.jsp
# The crash happened outside the Java Virtual Machine in native code.
# See problematic frame for where to report the bug.
#

---------------  T H R E A D  ---------------

Current thread (0x000000012134c000):  JavaThread "Spawner Reaper" daemon [_thread_in_native, id=116039, stack(0x000070000464c000,0x000070000474c000)]

siginfo: si_signo: 4 (SIGILL), si_code: 1 (ILL_ILLOPC), si_addr: 0x00007fffbe402bde

Registers:
RAX=0x0000000000000306, RBX=0x0000000000000306, RCX=0x00007fffbe404b6c, RDX=0x0000000000000000
RSP=0x000070000474b138, RBP=0x000070000474b170, RSI=0x00007fffc6f301c0, RDI=0x0000000000000306
R8 =0x000000000000018c, R9 =0x0000000124cb0410, R10=0x0000000000000000, R11=0x0000000000000246
R12=0x00007fffc6f301c0, R13=0x0000000000000203, R14=0x0000000001010002, R15=0x0000000000000203
RIP=0x00007fffbe402bde, EFLAGS=0x0000000000010246, ERR=0x0000000000000000
  TRAPNO=0x0000000000000006

Top of Stack: (sp=0x000070000474b138)
0x000070000474b138:   00007fffbe40244e 0000000000000307
0x000070000474b148:   0000000000000d40 000000012a4ad1d0
0x000070000474b158:   00007fffc6f2f480 00007fffc6f301c0
0x000070000474b168:   0000000000000000 000070000474b1c0
0x000070000474b178:   00007fffbd90a370 0000000000000000
0x000070000474b188:   0000000000000000 0000000000000000
0x000070000474b198:   000000012a4ad1d0 000000012a40d410
0x000070000474b1a8:   0000000000000000 00007fffc6fb0101
0x000070000474b1b8:   0000000000000000 000070000474b1e0
0x000070000474b1c8:   00007fffbd90a0b7 000000012a4ad1d0
0x000070000474b1d8:   00007fffc6fb0140 000070000474b200
0x000070000474b1e8:   00007fffbd90a017 0000000000000000
0x000070000474b1f8:   000000012a4ad1d0 000070000474b230
0x000070000474b208:   00007fffbe1bd091 0000000000000001
0x000070000474b218:   0000000000000000 0000000124c150e0
0x000070000474b228:   000000012a4ad228 000070000474b250
0x000070000474b238:   00007fffbe44c550 0000000124c150e0
0x000070000474b248:   0000000124c150e0 000070000474b270
0x000070000474b258:   00007fffbe44a4f9 00000000ffffffff
0x000070000474b268:   000000012a40d410 000070000474b2e0
0x000070000474b278:   00007fffbe44b672 0000000000000000
0x000070000474b288:   000070000474b300 0300000780001513
0x000070000474b298:   0000000110000003 000000012a4995b0
0x000070000474b2a8:   0000002324ca24f0 000000012a40d410
0x000070000474b2b8:   000000000000008d 00000000000000cf
0x000070000474b2c8:   0000000100007440 0000000000000005
0x000070000474b2d8:   0000000124ca24f0 000070000474b350
0x000070000474b2e8:   00007fffbe44b34d 0000000000000008
0x000070000474b2f8:   000070000474b390 0000000000000000
0x000070000474b308:   0000000124ca24f0 00007fffbe46660d
0x000070000474b318:   0000000124ca24f0 000070000474b350
0x000070000474b328:   0000000000000008 0000000000000000 

Instructions: (pc=0x00007fffbe402bde)
0x00007fffbe402bbe:   89 f7 e8 55 18 00 00 eb ae 89 f8 48 8d 0d 9c 1f
0x00007fffbe402bce:   00 00 48 89 0d e1 c6 bd 08 48 89 05 0a c7 bd 08
0x00007fffbe402bde:   0f 0b 89 f8 48 8d 0d 12 20 00 00 48 89 0d c8 c6
0x00007fffbe402bee:   bd 08 48 89 05 f1 c6 bd 08 0f 0b 55 48 89 e5 41 

Register to memory mapping:

RAX=0x0000000000000306 is an unknown value
RBX=0x0000000000000306 is an unknown value
RCX=0x00007fffbe404b6c: _h+0x25c in /usr/lib/system/libsystem_platform.dylib at 0x00007fffbe3fd000
RDX=0x0000000000000000 is an unknown value
RSP=0x000070000474b138 is pointing into the stack for thread: 0x000000012134c000
RBP=0x000070000474b170 is pointing into the stack for thread: 0x000000012134c000
RSI=0x00007fffc6f301c0: _ZN12_GLOBAL__N_1L12SideTableBufE+0xd40 in /usr/lib/libobjc.A.dylib at 0x00007fffbd901000
RDI=0x0000000000000306 is an unknown value
R8 =0x000000000000018c is an unknown value
R9 =0x0000000124cb0410 is an unknown value
R10=0x0000000000000000 is an unknown value
R11=0x0000000000000246 is an unknown value
R12=0x00007fffc6f301c0: _ZN12_GLOBAL__N_1L12SideTableBufE+0xd40 in /usr/lib/libobjc.A.dylib at 0x00007fffbd901000
R13=0x0000000000000203 is an unknown value
R14=0x0000000001010002 is an unknown value
R15=0x0000000000000203 is an unknown value


Stack: [0x000070000464c000,0x000070000474c000],  sp=0x000070000474b138,  free space=1020k
Native frames: (J=compiled Java code, j=interpreted, Vv=VM code, C=native code)
C  [libsystem_platform.dylib+0x5bde]  _os_unfair_lock_corruption_abort+0x17
C  [libobjc.A.dylib+0x9370]  _ZN11objc_object27sidetable_clearDeallocatingEv+0x54
C  [libobjc.A.dylib+0x90b7]  objc_destructInstance+0x8f
C  [libobjc.A.dylib+0x9017]  object_dispose+0x16
C  [libdispatch.dylib+0x3091]  _dispatch_dispose+0x37
C  [libxpc.dylib+0x6550]  _xpc_serializer_dispose+0x13f
C  [libxpc.dylib+0x44f9]  _xpc_dispose+0xf
C  [libxpc.dylib+0x5672]  xpc_pipe_routine+0x297
C  [libxpc.dylib+0x534d]  _xpc_interface_routine+0xa4
C  [libxpc.dylib+0x4f00]  bootstrap_look_up3+0xc1
C  [libxpc.dylib+0x4e2d]  bootstrap_look_up2+0x2d
C  [libxpc.dylib+0x708f]  xpc_pipe_create+0x3d
C  [libsystem_info.dylib+0x1a9f]  _od_xpc_pipe+0x96
C  [libsystem_info.dylib+0x19dc]  _od_running+0xd
C  [libsystem_info.dylib+0x6191]  ds_group_byname+0x12
C  [libsystem_info.dylib+0x6112]  search_group_byname+0x66
C  [libsystem_info.dylib+0x6068]  getgrnam+0x33
C  [libspawner.jnilib+0x265e]  ptys_open+0x1e
C  [libspawner.jnilib+0x20ee]  exec_pty+0x22e
C  [libspawner.jnilib+0x1102]  Java_org_eclipse_cdt_utils_spawner_Spawner_exec2+0x182
j  org.eclipse.cdt.utils.spawner.Spawner.exec2([Ljava/lang/String;[Ljava/lang/String;Ljava/lang/String;[ILjava/lang/String;IZ)I+0
j  org.eclipse.cdt.utils.pty.PTY.exec_pty(Lorg/eclipse/cdt/utils/spawner/Spawner;[Ljava/lang/String;[Ljava/lang/String;Ljava/lang/String;[I)I+48
j  org.eclipse.cdt.utils.spawner.Spawner$2.execute([Ljava/lang/String;[Ljava/lang/String;Ljava/lang/String;[I)I+13
j  org.eclipse.cdt.utils.spawner.Spawner$Reaper.run()V+20
v  ~StubRoutines::call_stub
V  [libjvm.dylib+0x2ecf8a]
V  [libjvm.dylib+0x2ed718]
V  [libjvm.dylib+0x2ed8c4]
V  [libjvm.dylib+0x348039]
V  [libjvm.dylib+0x56a27b]
V  [libjvm.dylib+0x56b968]
V  [libjvm.dylib+0x489b0a]
C  [libsystem_pthread.dylib+0x3aab]  _pthread_body+0xb4
C  [libsystem_pthread.dylib+0x39f7]  _pthread_body+0x0
C  [libsystem_pthread.dylib+0x3221]  thread_start+0xd
C  0x0000000000000000

Java frames: (J=compiled Java code, j=interpreted, Vv=VM code)
j  org.eclipse.cdt.utils.spawner.Spawner.exec2([Ljava/lang/String;[Ljava/lang/String;Ljava/lang/String;[ILjava/lang/String;IZ)I+0
j  org.eclipse.cdt.utils.pty.PTY.exec_pty(Lorg/eclipse/cdt/utils/spawner/Spawner;[Ljava/lang/String;[Ljava/lang/String;Ljava/lang/String;[I)I+48
j  org.eclipse.cdt.utils.spawner.Spawner$2.execute([Ljava/lang/String;[Ljava/lang/String;Ljava/lang/String;[I)I+13
j  org.eclipse.cdt.utils.spawner.Spawner$Reaper.run()V+20
v  ~StubRoutines::call_stub

---------------  P R O C E S S  ---------------

Java Threads: ( => current thread )
=>0x000000012134c000 JavaThread "Spawner Reaper" daemon [_thread_in_native, id=116039, stack(0x000070000464c000,0x000070000474c000)]
  0x0000000100a1b800 JavaThread "Worker-49" [_thread_blocked, id=93391, stack(0x0000700004549000,0x0000700004649000)]
  0x0000000101710000 JavaThread "Worker-48" [_thread_in_native, id=83255, stack(0x0000700003e2e000,0x0000700003f2e000)]
  0x0000000123a3b000 JavaThread "Worker-47" [_thread_blocked, id=111663, stack(0x0000700004cde000,0x0000700004dde000)]
  0x0000000123fb3800 JavaThread "Worker-46" [_thread_blocked, id=47699, stack(0x0000700005270000,0x0000700005370000)]
  0x00000001217f2800 JavaThread "Worker-45" [_thread_in_native, id=75903, stack(0x0000700002357000,0x0000700002457000)]
  0x0000000123e5a800 JavaThread "Worker-44" [_thread_blocked, id=114195, stack(0x000070000391f000,0x0000700003a1f000)]
  0x0000000121442000 JavaThread "Worker-43" [_thread_blocked, id=110603, stack(0x00007000047d2000,0x00007000048d2000)]
  0x000000012994d800 JavaThread "org.eclipse.cdt.internal.ui.text.CReconciler" daemon [_thread_blocked, id=94335, stack(0x0000700003d2b000,0x0000700003e2b000)]
  0x00000001224be000 JavaThread "org.eclipse.cdt.internal.ui.text.CReconciler" daemon [_thread_blocked, id=84035, stack(0x000070000516d000,0x000070000526d000)]
  0x0000000100f6b800 JavaThread "org.eclipse.cdt.internal.ui.text.CReconciler" daemon [_thread_blocked, id=5647, stack(0x000070000506a000,0x000070000516a000)]
  0x0000000123856000 JavaThread "Provisioning Event Dispatcher" daemon [_thread_blocked, id=82183, stack(0x0000700004f67000,0x0000700005067000)]
  0x000000010166a800 JavaThread "Thread-10" [_thread_blocked, id=80143, stack(0x0000700004bdb000,0x0000700004cdb000)]
  0x0000000123ff5000 JavaThread "[ThreadPool Manager] - Idle Thread" daemon [_thread_blocked, id=58379, stack(0x0000700004340000,0x0000700004440000)]
  0x0000000100ef5000 JavaThread "org.eclipse.cdt.internal.ui.text.CReconciler" daemon [_thread_blocked, id=58639, stack(0x000070000423d000,0x000070000433d000)]
  0x0000000124320000 JavaThread "EventAdmin Async Event Dispatcher Thread" daemon [_thread_blocked, id=18183, stack(0x0000700004034000,0x0000700004134000)]
  0x0000000123858800 JavaThread "Bundle File Closer" daemon [_thread_blocked, id=63747, stack(0x0000700003f31000,0x0000700004031000)]
  0x0000000100e92800 JavaThread "EMF Reference Cleaner" daemon [_thread_blocked, id=55303, stack(0x0000700003c28000,0x0000700003d28000)]
  0x0000000101667000 JavaThread "Worker-JM" [_thread_blocked, id=59915, stack(0x0000700003b25000,0x0000700003c25000)]
  0x0000000101623000 JavaThread "[Timer] - Main Queue Handler" daemon [_thread_blocked, id=60683, stack(0x0000700003a22000,0x0000700003b22000)]
  0x00000001015c1000 JavaThread "Start Level: Equinox Container: 898f6eec-e0c9-4c5f-98eb-7249ada91f22" daemon [_thread_blocked, id=49155, stack(0x000070000381c000,0x000070000391c000)]
  0x00000001015c4800 JavaThread "Framework Event Dispatcher: org.eclipse.osgi.internal.framework.EquinoxEventPublisher@1f2d2181" daemon [_thread_blocked, id=48647, stack(0x0000700003719000,0x0000700003819000)]
  0x0000000100e0b000 JavaThread "Active Thread: Equinox Container: 898f6eec-e0c9-4c5f-98eb-7249ada91f22" [_thread_blocked, id=48399, stack(0x0000700003616000,0x0000700003716000)]
  0x0000000100934800 JavaThread "Service Thread" daemon [_thread_blocked, id=31235, stack(0x0000700003410000,0x0000700003510000)]
  0x0000000100929000 JavaThread "C1 CompilerThread1" daemon [_thread_in_vm, id=30723, stack(0x000070000330d000,0x000070000340d000)]
  0x0000000100928800 JavaThread "C2 CompilerThread0" daemon [_thread_blocked, id=30211, stack(0x000070000320a000,0x000070000330a000)]
  0x0000000100927800 JavaThread "Signal Dispatcher" daemon [_thread_blocked, id=29699, stack(0x0000700003107000,0x0000700003207000)]
  0x0000000100927000 JavaThread "Surrogate Locker Thread (Concurrent GC)" daemon [_thread_blocked, id=28931, stack(0x0000700003004000,0x0000700003104000)]
  0x0000000100917000 JavaThread "Finalizer" daemon [_thread_blocked, id=27907, stack(0x0000700002f01000,0x0000700003001000)]
  0x000000010105e800 JavaThread "Reference Handler" daemon [_thread_blocked, id=27395, stack(0x0000700002dfe000,0x0000700002efe000)]
  0x000000010101d800 JavaThread "main" [_thread_in_native, id=775, stack(0x00007fff5f400000,0x00007fff5fc00000)]

Other Threads:
  0x0000000100911000 VMThread [stack: 0x0000700002cfb000,0x0000700002dfb000] [id=26883]
  0x0000000100829000 WatcherThread [stack: 0x0000700003513000,0x0000700003613000] [id=31747]

VM state:not at safepoint (normal execution)

VM Mutex/Monitor currently owned by a thread:  ([mutex/lock_event])
[0x00006000000e3a80] CodeCache_lock - owner thread: 0x0000000100929000
[0x00006000000e5100] Compile_lock - owner thread: 0x0000000100929000
[0x00006000000e5200] MethodCompileQueue_lock - owner thread: 0x0000000100929000

Heap:
 garbage-first heap   total 262144K, used 226374K [0x0000000780000000, 0x0000000780100800, 0x00000007c0000000)
  region size 1024K, 98 young (100352K), 3 survivors (3072K)
 Metaspace       used 110591K, capacity 119966K, committed 120316K, reserved 1153024K
  class space    used 13221K, capacity 16012K, committed 16124K, reserved 1048576K

Heap Regions: (Y=young(eden), SU=young(survivor), HS=humongous(starts), HC=humongous(continues), CS=collection set, F=free, TS=gc time stamp, PTAMS=previous top-at-mark-start, NTAMS=next top-at-mark-start)
AC   0  O    TS     0 PTAMS 0x0000000780100000 NTAMS 0x0000000780100000 space 1024K, 100% used [0x0000000780000000, 0x0000000780100000)
AC   0  O    TS     0 PTAMS 0x0000000780200000 NTAMS 0x0000000780200000 space 1024K, 100% used [0x0000000780100000, 0x0000000780200000)
AC   0  O    TS     0 PTAMS 0x0000000780300000 NTAMS 0x0000000780300000 space 1024K, 100% used [0x0000000780200000, 0x0000000780300000)
AC   0  O    TS     0 PTAMS 0x0000000780400000 NTAMS 0x0000000780400000 space 1024K, 100% used [0x0000000780300000, 0x0000000780400000)
AC   0  O    TS     0 PTAMS 0x0000000780500000 NTAMS 0x0000000780500000 space 1024K, 100% used [0x0000000780400000, 0x0000000780500000)
AC   0  O    TS     0 PTAMS 0x0000000780600000 NTAMS 0x0000000780600000 space 1024K, 100% used [0x0000000780500000, 0x0000000780600000)
AC   0  O    TS     0 PTAMS 0x0000000780700000 NTAMS 0x0000000780700000 space 1024K, 100% used [0x0000000780600000, 0x0000000780700000)
AC   0  O    TS     0 PTAMS 0x0000000780800000 NTAMS 0x0000000780800000 space 1024K, 100% used [0x0000000780700000, 0x0000000780800000)
AC   0  O    TS     0 PTAMS 0x0000000780900000 NTAMS 0x0000000780900000 space 1024K, 100% used [0x0000000780800000, 0x0000000780900000)
AC   0  O    TS     0 PTAMS 0x0000000780a00000 NTAMS 0x0000000780a00000 space 1024K, 100% used [0x0000000780900000, 0x0000000780a00000)
AC   0  O    TS     0 PTAMS 0x0000000780b00000 NTAMS 0x0000000780b00000 space 1024K, 100% used [0x0000000780a00000, 0x0000000780b00000)
AC   0  O    TS     0 PTAMS 0x0000000780c00000 NTAMS 0x0000000780c00000 space 1024K, 100% used [0x0000000780b00000, 0x0000000780c00000)
AC   0  O    TS     0 PTAMS 0x0000000780d00000 NTAMS 0x0000000780d00000 space 1024K, 100% used [0x0000000780c00000, 0x0000000780d00000)
AC   0  O    TS     0 PTAMS 0x0000000780e00000 NTAMS 0x0000000780e00000 space 1024K, 100% used [0x0000000780d00000, 0x0000000780e00000)
AC   0  O    TS     0 PTAMS 0x0000000780f00000 NTAMS 0x0000000780f00000 space 1024K, 100% used [0x0000000780e00000, 0x0000000780f00000)
AC   0  O    TS     0 PTAMS 0x0000000781000000 NTAMS 0x0000000781000000 space 1024K, 100% used [0x0000000780f00000, 0x0000000781000000)
AC   0  O    TS     0 PTAMS 0x0000000781100000 NTAMS 0x0000000781100000 space 1024K, 100% used [0x0000000781000000, 0x0000000781100000)
AC   0  O    TS     0 PTAMS 0x0000000781200000 NTAMS 0x0000000781200000 space 1024K, 100% used [0x0000000781100000, 0x0000000781200000)
AC   0  O    TS     0 PTAMS 0x0000000781300000 NTAMS 0x0000000781300000 space 1024K, 100% used [0x0000000781200000, 0x0000000781300000)
AC   0  O    TS     0 PTAMS 0x0000000781400000 NTAMS 0x0000000781400000 space 1024K, 100% used [0x0000000781300000, 0x0000000781400000)
AC   0  O    TS     5 PTAMS 0x0000000781400000 NTAMS 0x0000000781400000 space 1024K, 100% used [0x0000000781400000, 0x0000000781500000)
AC   0  O    TS     0 PTAMS 0x0000000781600000 NTAMS 0x0000000781600000 space 1024K, 100% used [0x0000000781500000, 0x0000000781600000)
AC   0  O    TS     0 PTAMS 0x0000000781700000 NTAMS 0x0000000781700000 space 1024K, 100% used [0x0000000781600000, 0x0000000781700000)
AC   0  O    TS     0 PTAMS 0x0000000781800000 NTAMS 0x0000000781800000 space 1024K, 100% used [0x0000000781700000, 0x0000000781800000)
AC   0  O    TS     0 PTAMS 0x0000000781900000 NTAMS 0x0000000781900000 space 1024K, 100% used [0x0000000781800000, 0x0000000781900000)
AC   0  O    TS     0 PTAMS 0x0000000781a00000 NTAMS 0x0000000781a00000 space 1024K, 100% used [0x0000000781900000, 0x0000000781a00000)
AC   0  O    TS     0 PTAMS 0x0000000781b00000 NTAMS 0x0000000781b00000 space 1024K, 100% used [0x0000000781a00000, 0x0000000781b00000)
AC   0  O    TS     0 PTAMS 0x0000000781c00000 NTAMS 0x0000000781c00000 space 1024K, 100% used [0x0000000781b00000, 0x0000000781c00000)
AC   0  O    TS     0 PTAMS 0x0000000781d00000 NTAMS 0x0000000781d00000 space 1024K, 100% used [0x0000000781c00000, 0x0000000781d00000)
AC   0  O    TS     0 PTAMS 0x0000000781e00000 NTAMS 0x0000000781e00000 space 1024K, 100% used [0x0000000781d00000, 0x0000000781e00000)
AC   0  O    TS     5 PTAMS 0x0000000781e00000 NTAMS 0x0000000781e00000 space 1024K, 100% used [0x0000000781e00000, 0x0000000781f00000)
AC   0  O    TS     7 PTAMS 0x0000000781f00000 NTAMS 0x0000000781f00000 space 1024K, 100% used [0x0000000781f00000, 0x0000000782000000)
AC   0  O    TS     9 PTAMS 0x0000000782000000 NTAMS 0x0000000782000000 space 1024K, 100% used [0x0000000782000000, 0x0000000782100000)
AC   0  O    TS     9 PTAMS 0x0000000782100000 NTAMS 0x0000000782100000 space 1024K, 100% used [0x0000000782100000, 0x0000000782200000)
AC   0  O    TS     0 PTAMS 0x0000000782300000 NTAMS 0x0000000782300000 space 1024K, 100% used [0x0000000782200000, 0x0000000782300000)
AC   0  O    TS    19 PTAMS 0x0000000782300000 NTAMS 0x0000000782300000 space 1024K, 100% used [0x0000000782300000, 0x0000000782400000)
AC   0  O    TS     1 PTAMS 0x0000000782400000 NTAMS 0x0000000782400000 space 1024K, 100% used [0x0000000782400000, 0x0000000782500000)
AC   0  O    TS    19 PTAMS 0x0000000782500000 NTAMS 0x0000000782500000 space 1024K, 100% used [0x0000000782500000, 0x0000000782600000)
AC   0  O    TS     0 PTAMS 0x0000000782700000 NTAMS 0x0000000782700000 space 1024K, 100% used [0x0000000782600000, 0x0000000782700000)
AC   0  O    TS     0 PTAMS 0x0000000782800000 NTAMS 0x0000000782800000 space 1024K, 100% used [0x0000000782700000, 0x0000000782800000)
AC   0  O    TS     0 PTAMS 0x0000000782900000 NTAMS 0x0000000782900000 space 1024K, 100% used [0x0000000782800000, 0x0000000782900000)
AC   0  O    TS    25 PTAMS 0x0000000782900000 NTAMS 0x0000000782900000 space 1024K, 100% used [0x0000000782900000, 0x0000000782a00000)
AC   0  O    TS     0 PTAMS 0x0000000782b00000 NTAMS 0x0000000782b00000 space 1024K, 100% used [0x0000000782a00000, 0x0000000782b00000)
AC   0  O    TS    33 PTAMS 0x0000000782b00000 NTAMS 0x0000000782b00000 space 1024K, 100% used [0x0000000782b00000, 0x0000000782c00000)
AC   0  O    TS     0 PTAMS 0x0000000782d00000 NTAMS 0x0000000782d00000 space 1024K, 100% used [0x0000000782c00000, 0x0000000782d00000)
AC   0  O    TS     0 PTAMS 0x0000000782e00000 NTAMS 0x0000000782e00000 space 1024K, 100% used [0x0000000782d00000, 0x0000000782e00000)
AC   0  O    TS     0 PTAMS 0x0000000782f00000 NTAMS 0x0000000782f00000 space 1024K, 100% used [0x0000000782e00000, 0x0000000782f00000)
AC   0  O    TS     0 PTAMS 0x0000000783000000 NTAMS 0x0000000783000000 space 1024K, 100% used [0x0000000782f00000, 0x0000000783000000)
AC   0  O    TS    33 PTAMS 0x0000000783000000 NTAMS 0x0000000783000000 space 1024K, 100% used [0x0000000783000000, 0x0000000783100000)
AC   0  O    TS     0 PTAMS 0x0000000783200000 NTAMS 0x0000000783200000 space 1024K, 100% used [0x0000000783100000, 0x0000000783200000)
AC   0  O    TS     0 PTAMS 0x0000000783300000 NTAMS 0x0000000783300000 space 1024K, 100% used [0x0000000783200000, 0x0000000783300000)
AC   0  O    TS     0 PTAMS 0x0000000783400000 NTAMS 0x0000000783400000 space 1024K, 100% used [0x0000000783300000, 0x0000000783400000)
AC   0  O    TS     0 PTAMS 0x0000000783500000 NTAMS 0x0000000783500000 space 1024K, 100% used [0x0000000783400000, 0x0000000783500000)
AC   0  O    TS     0 PTAMS 0x0000000783600000 NTAMS 0x0000000783600000 space 1024K, 100% used [0x0000000783500000, 0x0000000783600000)
AC   0  O    TS     0 PTAMS 0x0000000783700000 NTAMS 0x0000000783700000 space 1024K, 100% used [0x0000000783600000, 0x0000000783700000)
AC   0  O    TS     1 PTAMS 0x0000000783700000 NTAMS 0x0000000783700000 space 1024K, 100% used [0x0000000783700000, 0x0000000783800000)
AC   0  O    TS     0 PTAMS 0x0000000783900000 NTAMS 0x0000000783900000 space 1024K, 100% used [0x0000000783800000, 0x0000000783900000)
AC   0  O    TS     0 PTAMS 0x0000000783a00000 NTAMS 0x0000000783a00000 space 1024K, 100% used [0x0000000783900000, 0x0000000783a00000)
AC   0  O    TS     1 PTAMS 0x0000000783a00000 NTAMS 0x0000000783a00000 space 1024K, 100% used [0x0000000783a00000, 0x0000000783b00000)
AC   0  O    TS     1 PTAMS 0x0000000783b00000 NTAMS 0x0000000783b00000 space 1024K, 100% used [0x0000000783b00000, 0x0000000783c00000)
AC   0  O    TS     1 PTAMS 0x0000000783c00000 NTAMS 0x0000000783c00000 space 1024K, 100% used [0x0000000783c00000, 0x0000000783d00000)
AC   0  O    TS     1 PTAMS 0x0000000783d00000 NTAMS 0x0000000783d00000 space 1024K, 100% used [0x0000000783d00000, 0x0000000783e00000)
AC   0  O    TS    39 PTAMS 0x0000000783e00000 NTAMS 0x0000000783e00000 space 1024K, 100% used [0x0000000783e00000, 0x0000000783f00000)
AC   0  O    TS     0 PTAMS 0x0000000784000000 NTAMS 0x0000000784000000 space 1024K, 100% used [0x0000000783f00000, 0x0000000784000000)
AC   0  O    TS     0 PTAMS 0x0000000784100000 NTAMS 0x0000000784100000 space 1024K, 100% used [0x0000000784000000, 0x0000000784100000)
AC   0  O    TS     0 PTAMS 0x0000000784200000 NTAMS 0x0000000784200000 space 1024K, 100% used [0x0000000784100000, 0x0000000784200000)
AC   0  O    TS     0 PTAMS 0x0000000784300000 NTAMS 0x0000000784300000 space 1024K, 100% used [0x0000000784200000, 0x0000000784300000)
AC   0  O    TS     0 PTAMS 0x0000000784400000 NTAMS 0x0000000784400000 space 1024K, 100% used [0x0000000784300000, 0x0000000784400000)
AC   0  O    TS     0 PTAMS 0x0000000784500000 NTAMS 0x0000000784500000 space 1024K, 100% used [0x0000000784400000, 0x0000000784500000)
AC   0  O    TS     0 PTAMS 0x0000000784600000 NTAMS 0x0000000784600000 space 1024K, 100% used [0x0000000784500000, 0x0000000784600000)
AC   0  O    TS     0 PTAMS 0x0000000784700000 NTAMS 0x0000000784700000 space 1024K, 100% used [0x0000000784600000, 0x0000000784700000)
AC   0  O    TS     0 PTAMS 0x0000000784800000 NTAMS 0x0000000784800000 space 1024K, 100% used [0x0000000784700000, 0x0000000784800000)
AC   0  O    TS     0 PTAMS 0x0000000784900000 NTAMS 0x0000000784900000 space 1024K, 100% used [0x0000000784800000, 0x0000000784900000)
AC   0  O    TS     0 PTAMS 0x0000000784a00000 NTAMS 0x0000000784a00000 space 1024K, 100% used [0x0000000784900000, 0x0000000784a00000)
AC   0  O    TS     0 PTAMS 0x0000000784b00000 NTAMS 0x0000000784b00000 space 1024K, 100% used [0x0000000784a00000, 0x0000000784b00000)
AC   0  O    TS    39 PTAMS 0x0000000784b00000 NTAMS 0x0000000784b00000 space 1024K, 100% used [0x0000000784b00000, 0x0000000784c00000)
AC   0  O    TS     0 PTAMS 0x0000000784d00000 NTAMS 0x0000000784d00000 space 1024K, 100% used [0x0000000784c00000, 0x0000000784d00000)
AC   0  O    TS    43 PTAMS 0x0000000784d00000 NTAMS 0x0000000784d00000 space 1024K, 100% used [0x0000000784d00000, 0x0000000784e00000)
AC   0  O    TS     0 PTAMS 0x0000000784f00000 NTAMS 0x0000000784f00000 space 1024K, 100% used [0x0000000784e00000, 0x0000000784f00000)
AC   0  O    TS     0 PTAMS 0x0000000785000000 NTAMS 0x0000000785000000 space 1024K, 100% used [0x0000000784f00000, 0x0000000785000000)
AC   0  O    TS     0 PTAMS 0x0000000785100000 NTAMS 0x0000000785100000 space 1024K, 100% used [0x0000000785000000, 0x0000000785100000)
AC   0  O    TS     0 PTAMS 0x0000000785200000 NTAMS 0x0000000785200000 space 1024K, 100% used [0x0000000785100000, 0x0000000785200000)
AC   0  O    TS     0 PTAMS 0x0000000785300000 NTAMS 0x0000000785300000 space 1024K, 100% used [0x0000000785200000, 0x0000000785300000)
AC   0  O    TS    43 PTAMS 0x0000000785300000 NTAMS 0x0000000785300000 space 1024K, 100% used [0x0000000785300000, 0x0000000785400000)
AC   0  O    TS     0 PTAMS 0x0000000785500000 NTAMS 0x0000000785500000 space 1024K, 100% used [0x0000000785400000, 0x0000000785500000)
AC   0  O    TS     3 PTAMS 0x0000000785500000 NTAMS 0x0000000785500000 space 1024K, 100% used [0x0000000785500000, 0x0000000785600000)
AC   0  O    TS     3 PTAMS 0x0000000785600000 NTAMS 0x0000000785600000 space 1024K, 100% used [0x0000000785600000, 0x0000000785700000)
AC   0  O    TS     0 PTAMS 0x0000000785800000 NTAMS 0x0000000785800000 space 1024K, 100% used [0x0000000785700000, 0x0000000785800000)
AC   0  O    TS     0 PTAMS 0x0000000785900000 NTAMS 0x0000000785900000 space 1024K, 100% used [0x0000000785800000, 0x0000000785900000)
AC   0  O    TS     0 PTAMS 0x0000000785a00000 NTAMS 0x0000000785a00000 space 1024K, 100% used [0x0000000785900000, 0x0000000785a00000)
AC   0  O    TS    43 PTAMS 0x0000000785a00000 NTAMS 0x0000000785a00000 space 1024K, 100% used [0x0000000785a00000, 0x0000000785b00000)
AC   0  O    TS     0 PTAMS 0x0000000785c00000 NTAMS 0x0000000785c00000 space 1024K, 100% used [0x0000000785b00000, 0x0000000785c00000)
AC   0  O    TS     0 PTAMS 0x0000000785d00000 NTAMS 0x0000000785d00000 space 1024K, 100% used [0x0000000785c00000, 0x0000000785d00000)
AC   0  O    TS     3 PTAMS 0x0000000785d00000 NTAMS 0x0000000785d00000 space 1024K, 100% used [0x0000000785d00000, 0x0000000785e00000)
AC   0  O    TS    51 PTAMS 0x0000000785e00000 NTAMS 0x0000000785e00000 space 1024K, 100% used [0x0000000785e00000, 0x0000000785f00000)
AC   0  O    TS     0 PTAMS 0x0000000786000000 NTAMS 0x0000000786000000 space 1024K, 100% used [0x0000000785f00000, 0x0000000786000000)
AC   0  O    TS     0 PTAMS 0x0000000786100000 NTAMS 0x0000000786100000 space 1024K, 100% used [0x0000000786000000, 0x0000000786100000)
AC   0  O    TS     0 PTAMS 0x0000000786200000 NTAMS 0x0000000786200000 space 1024K, 100% used [0x0000000786100000, 0x0000000786200000)
AC   0  O    TS     0 PTAMS 0x0000000786300000 NTAMS 0x0000000786300000 space 1024K, 100% used [0x0000000786200000, 0x0000000786300000)
AC   0  O    TS     0 PTAMS 0x0000000786400000 NTAMS 0x0000000786400000 space 1024K, 100% used [0x0000000786300000, 0x0000000786400000)
AC   0  O    TS     0 PTAMS 0x0000000786500000 NTAMS 0x0000000786500000 space 1024K, 100% used [0x0000000786400000, 0x0000000786500000)
AC   0  O    TS    51 PTAMS 0x0000000786500000 NTAMS 0x0000000786500000 space 1024K, 100% used [0x0000000786500000, 0x0000000786600000)
AC   0  O    TS    51 PTAMS 0x0000000786600000 NTAMS 0x0000000786600000 space 1024K, 100% used [0x0000000786600000, 0x0000000786700000)
AC   0  O    TS     3 PTAMS 0x0000000786700000 NTAMS 0x0000000786700000 space 1024K, 100% used [0x0000000786700000, 0x0000000786800000)
AC   0  O    TS    57 PTAMS 0x0000000786800000 NTAMS 0x0000000786800000 space 1024K, 100% used [0x0000000786800000, 0x0000000786900000)
AC   0  O    TS    65 PTAMS 0x0000000786900000 NTAMS 0x0000000786900000 space 1024K, 100% used [0x0000000786900000, 0x0000000786a00000)
AC   0  O    TS     0 PTAMS 0x0000000786b00000 NTAMS 0x0000000786b00000 space 1024K, 100% used [0x0000000786a00000, 0x0000000786b00000)
AC   0  O    TS    65 PTAMS 0x0000000786b00000 NTAMS 0x0000000786b00000 space 1024K, 100% used [0x0000000786b00000, 0x0000000786c00000)
AC   0  O    TS    65 PTAMS 0x0000000786c00000 NTAMS 0x0000000786c00000 space 1024K, 100% used [0x0000000786c00000, 0x0000000786d00000)
AC   0  O    TS    65 PTAMS 0x0000000786d00000 NTAMS 0x0000000786d00000 space 1024K, 100% used [0x0000000786d00000, 0x0000000786e00000)
AC   0  O    TS     3 PTAMS 0x0000000786e00000 NTAMS 0x0000000786e00000 space 1024K, 100% used [0x0000000786e00000, 0x0000000786f00000)
AC   0  O    TS    65 PTAMS 0x0000000786f00000 NTAMS 0x0000000786f00000 space 1024K, 100% used [0x0000000786f00000, 0x0000000787000000)
AC   0  O    TS    65 PTAMS 0x0000000787000000 NTAMS 0x0000000787000000 space 1024K, 100% used [0x0000000787000000, 0x0000000787100000)
AC   0  O    TS     5 PTAMS 0x0000000787100000 NTAMS 0x0000000787100000 space 1024K, 100% used [0x0000000787100000, 0x0000000787200000)
AC   0  O    TS    65 PTAMS 0x0000000787200000 NTAMS 0x0000000787200000 space 1024K, 100% used [0x0000000787200000, 0x0000000787300000)
AC   0  O    TS    65 PTAMS 0x0000000787300000 NTAMS 0x0000000787300000 space 1024K, 100% used [0x0000000787300000, 0x0000000787400000)
AC   0  O    TS    65 PTAMS 0x0000000787400000 NTAMS 0x0000000787400000 space 1024K, 100% used [0x0000000787400000, 0x0000000787500000)
AC   0  O    TS    65 PTAMS 0x0000000787500000 NTAMS 0x0000000787500000 space 1024K, 100% used [0x0000000787500000, 0x0000000787600000)
AC   0  O    TS     0 PTAMS 0x0000000787700000 NTAMS 0x0000000787700000 space 1024K, 100% used [0x0000000787600000, 0x0000000787700000)
AC   0  O    TS    65 PTAMS 0x0000000787700000 NTAMS 0x0000000787700000 space 1024K, 100% used [0x0000000787700000, 0x0000000787800000)
AC   0  O    TS     0 PTAMS 0x0000000787900000 NTAMS 0x0000000787900000 space 1024K, 100% used [0x0000000787800000, 0x0000000787900000)
AC   0  O    TS    65 PTAMS 0x0000000787900000 NTAMS 0x0000000787900000 space 1024K, 100% used [0x0000000787900000, 0x0000000787a00000)
AC   0  O    TS     0 PTAMS 0x0000000787b00000 NTAMS 0x0000000787b00000 space 1024K, 100% used [0x0000000787a00000, 0x0000000787b00000)
AC   0  O    TS     0 PTAMS 0x0000000787c00000 NTAMS 0x0000000787c00000 space 1024K, 100% used [0x0000000787b00000, 0x0000000787c00000)
AC   0  O    TS    65 PTAMS 0x0000000787c00000 NTAMS 0x0000000787c00000 space 1024K,   6% used [0x0000000787c00000, 0x0000000787d00000)
AC   0  F    TS    37 PTAMS 0x0000000787d00000 NTAMS 0x0000000787d00000 space 1024K,   0% used [0x0000000787d00000, 0x0000000787e00000)
AC   0  F    TS    41 PTAMS 0x0000000787e00000 NTAMS 0x0000000787e00000 space 1024K,   0% used [0x0000000787e00000, 0x0000000787f00000)
AC   0  F    TS    41 PTAMS 0x0000000787f00000 NTAMS 0x0000000787f00000 space 1024K,   0% used [0x0000000787f00000, 0x0000000788000000)
AC   0  F    TS    49 PTAMS 0x0000000788000000 NTAMS 0x0000000788000000 space 1024K,   0% used [0x0000000788000000, 0x0000000788100000)
AC   0  F    TS    49 PTAMS 0x0000000788100000 NTAMS 0x0000000788100000 space 1024K,   0% used [0x0000000788100000, 0x0000000788200000)
AC   0  F    TS    49 PTAMS 0x0000000788200000 NTAMS 0x0000000788200000 space 1024K,   0% used [0x0000000788200000, 0x0000000788300000)
AC   0  F    TS    55 PTAMS 0x0000000788300000 NTAMS 0x0000000788300000 space 1024K,   0% used [0x0000000788300000, 0x0000000788400000)
AC   0  F    TS    63 PTAMS 0x0000000788400000 NTAMS 0x0000000788400000 space 1024K,   0% used [0x0000000788400000, 0x0000000788500000)
AC   0  F    TS    63 PTAMS 0x0000000788500000 NTAMS 0x0000000788500000 space 1024K,   0% used [0x0000000788500000, 0x0000000788600000)
AC   0  F    TS    63 PTAMS 0x0000000788600000 NTAMS 0x0000000788600000 space 1024K,   0% used [0x0000000788600000, 0x0000000788700000)
AC   0  F    TS    63 PTAMS 0x0000000788700000 NTAMS 0x0000000788700000 space 1024K,   0% used [0x0000000788700000, 0x0000000788800000)
AC   0  F    TS    63 PTAMS 0x0000000788800000 NTAMS 0x0000000788800000 space 1024K,   0% used [0x0000000788800000, 0x0000000788900000)
AC   0  F    TS    63 PTAMS 0x0000000788900000 NTAMS 0x0000000788900000 space 1024K,   0% used [0x0000000788900000, 0x0000000788a00000)
AC   0  F    TS    63 PTAMS 0x0000000788a00000 NTAMS 0x0000000788a00000 space 1024K,   0% used [0x0000000788a00000, 0x0000000788b00000)
AC   0  F    TS    63 PTAMS 0x0000000788b00000 NTAMS 0x0000000788b00000 space 1024K,   0% used [0x0000000788b00000, 0x0000000788c00000)
AC   0  F    TS    63 PTAMS 0x0000000788c00000 NTAMS 0x0000000788c00000 space 1024K,   0% used [0x0000000788c00000, 0x0000000788d00000)
AC   0  F    TS    61 PTAMS 0x0000000788d00000 NTAMS 0x0000000788d00000 space 1024K,   0% used [0x0000000788d00000, 0x0000000788e00000)
AC   0  F    TS    61 PTAMS 0x0000000788e00000 NTAMS 0x0000000788e00000 space 1024K,   0% used [0x0000000788e00000, 0x0000000788f00000)
AC   0  F    TS    61 PTAMS 0x0000000788f00000 NTAMS 0x0000000788f00000 space 1024K,   0% used [0x0000000788f00000, 0x0000000789000000)
AC   0  F    TS    63 PTAMS 0x0000000789000000 NTAMS 0x0000000789000000 space 1024K,   0% used [0x0000000789000000, 0x0000000789100000)
AC   0  F    TS    63 PTAMS 0x0000000789100000 NTAMS 0x0000000789100000 space 1024K,   0% used [0x0000000789100000, 0x0000000789200000)
AC   0  F    TS    63 PTAMS 0x0000000789200000 NTAMS 0x0000000789200000 space 1024K,   0% used [0x0000000789200000, 0x0000000789300000)
AC   0  F    TS    61 PTAMS 0x0000000789300000 NTAMS 0x0000000789300000 space 1024K,   0% used [0x0000000789300000, 0x0000000789400000)
AC   0  F    TS    61 PTAMS 0x0000000789400000 NTAMS 0x0000000789400000 space 1024K,   0% used [0x0000000789400000, 0x0000000789500000)
AC   0  F    TS    63 PTAMS 0x0000000789500000 NTAMS 0x0000000789500000 space 1024K,   0% used [0x0000000789500000, 0x0000000789600000)
AC   0  F    TS    25 PTAMS 0x0000000789600000 NTAMS 0x0000000789600000 space 1024K,   0% used [0x0000000789600000, 0x0000000789700000)
AC   0  F    TS    39 PTAMS 0x0000000789700000 NTAMS 0x0000000789700000 space 1024K,   0% used [0x0000000789700000, 0x0000000789800000)
AC   0  F    TS    39 PTAMS 0x0000000789800000 NTAMS 0x0000000789800000 space 1024K,   0% used [0x0000000789800000, 0x0000000789900000)
AC   0  F    TS    39 PTAMS 0x0000000789900000 NTAMS 0x0000000789900000 space 1024K,   0% used [0x0000000789900000, 0x0000000789a00000)
AC   0  F    TS    33 PTAMS 0x0000000789a00000 NTAMS 0x0000000789a00000 space 1024K,   0% used [0x0000000789a00000, 0x0000000789b00000)
AC   0  F    TS    33 PTAMS 0x0000000789b00000 NTAMS 0x0000000789b00000 space 1024K,   0% used [0x0000000789b00000, 0x0000000789c00000)
AC   0  F    TS     0 PTAMS 0x0000000789c00000 NTAMS 0x0000000789c00000 space 1024K,   0% used [0x0000000789c00000, 0x0000000789d00000)
AC   0  F    TS     0 PTAMS 0x0000000789d00000 NTAMS 0x0000000789d00000 space 1024K,   0% used [0x0000000789d00000, 0x0000000789e00000)
AC   0  E    TS    43 PTAMS 0x0000000789e00000 NTAMS 0x0000000789e00000 space 1024K,  72% used [0x0000000789e00000, 0x0000000789f00000)
AC   0  E CS TS    51 PTAMS 0x0000000789f00000 NTAMS 0x0000000789f00000 space 1024K, 100% used [0x0000000789f00000, 0x000000078a000000)
AC   0  E CS TS    57 PTAMS 0x000000078a000000 NTAMS 0x000000078a000000 space 1024K, 100% used [0x000000078a000000, 0x000000078a100000)
AC   0  E CS TS    57 PTAMS 0x000000078a100000 NTAMS 0x000000078a100000 space 1024K, 100% used [0x000000078a100000, 0x000000078a200000)
AC   0  S CS TS    65 PTAMS 0x000000078a200000 NTAMS 0x000000078a200000 space 1024K,  99% used [0x000000078a200000, 0x000000078a300000)
AC   0  S CS TS    65 PTAMS 0x000000078a300000 NTAMS 0x000000078a300000 space 1024K, 100% used [0x000000078a300000, 0x000000078a400000)
AC   0  S CS TS    65 PTAMS 0x000000078a400000 NTAMS 0x000000078a400000 space 1024K, 100% used [0x000000078a400000, 0x000000078a500000)
AC   0  E CS TS     1 PTAMS 0x000000078a500000 NTAMS 0x000000078a500000 space 1024K, 100% used [0x000000078a500000, 0x000000078a600000)
AC   0  E CS TS     1 PTAMS 0x000000078a600000 NTAMS 0x000000078a600000 space 1024K, 100% used [0x000000078a600000, 0x000000078a700000)
AC   0  E CS TS     0 PTAMS 0x000000078a700000 NTAMS 0x000000078a700000 space 1024K, 100% used [0x000000078a700000, 0x000000078a800000)
AC   0  E CS TS     0 PTAMS 0x000000078a800000 NTAMS 0x000000078a800000 space 1024K, 100% used [0x000000078a800000, 0x000000078a900000)
AC   0  E CS TS     0 PTAMS 0x000000078a900000 NTAMS 0x000000078a900000 space 1024K, 100% used [0x000000078a900000, 0x000000078aa00000)
AC   0  E CS TS     0 PTAMS 0x000000078aa00000 NTAMS 0x000000078aa00000 space 1024K, 100% used [0x000000078aa00000, 0x000000078ab00000)
AC   0  E CS TS     0 PTAMS 0x000000078ab00000 NTAMS 0x000000078ab00000 space 1024K, 100% used [0x000000078ab00000, 0x000000078ac00000)
AC   0  E CS TS     0 PTAMS 0x000000078ac00000 NTAMS 0x000000078ac00000 space 1024K, 100% used [0x000000078ac00000, 0x000000078ad00000)
AC   0  E CS TS     0 PTAMS 0x000000078ad00000 NTAMS 0x000000078ad00000 space 1024K, 100% used [0x000000078ad00000, 0x000000078ae00000)
AC   0  E CS TS     0 PTAMS 0x000000078ae00000 NTAMS 0x000000078ae00000 space 1024K, 100% used [0x000000078ae00000, 0x000000078af00000)
AC   0  E CS TS     0 PTAMS 0x000000078af00000 NTAMS 0x000000078af00000 space 1024K, 100% used [0x000000078af00000, 0x000000078b000000)
AC   0  E CS TS     0 PTAMS 0x000000078b000000 NTAMS 0x000000078b000000 space 1024K, 100% used [0x000000078b000000, 0x000000078b100000)
AC   0  E CS TS     0 PTAMS 0x000000078b100000 NTAMS 0x000000078b100000 space 1024K, 100% used [0x000000078b100000, 0x000000078b200000)
AC   0  E CS TS     0 PTAMS 0x000000078b200000 NTAMS 0x000000078b200000 space 1024K, 100% used [0x000000078b200000, 0x000000078b300000)
AC   0  E CS TS     0 PTAMS 0x000000078b300000 NTAMS 0x000000078b300000 space 1024K, 100% used [0x000000078b300000, 0x000000078b400000)
AC   0  E CS TS     0 PTAMS 0x000000078b400000 NTAMS 0x000000078b400000 space 1024K, 100% used [0x000000078b400000, 0x000000078b500000)
AC   0  E CS TS     0 PTAMS 0x000000078b500000 NTAMS 0x000000078b500000 space 1024K, 100% used [0x000000078b500000, 0x000000078b600000)
AC   0  E CS TS     0 PTAMS 0x000000078b600000 NTAMS 0x000000078b600000 space 1024K, 100% used [0x000000078b600000, 0x000000078b700000)
AC   0  E CS TS     0 PTAMS 0x000000078b700000 NTAMS 0x000000078b700000 space 1024K, 100% used [0x000000078b700000, 0x000000078b800000)
AC   0  E CS TS     0 PTAMS 0x000000078b800000 NTAMS 0x000000078b800000 space 1024K, 100% used [0x000000078b800000, 0x000000078b900000)
AC   0  E CS TS     0 PTAMS 0x000000078b900000 NTAMS 0x000000078b900000 space 1024K, 100% used [0x000000078b900000, 0x000000078ba00000)
AC   0  E CS TS     0 PTAMS 0x000000078ba00000 NTAMS 0x000000078ba00000 space 1024K, 100% used [0x000000078ba00000, 0x000000078bb00000)
AC   0  E CS TS     0 PTAMS 0x000000078bb00000 NTAMS 0x000000078bb00000 space 1024K, 100% used [0x000000078bb00000, 0x000000078bc00000)
AC   0  E CS TS     0 PTAMS 0x000000078bc00000 NTAMS 0x000000078bc00000 space 1024K, 100% used [0x000000078bc00000, 0x000000078bd00000)
AC   0  E CS TS     0 PTAMS 0x000000078bd00000 NTAMS 0x000000078bd00000 space 1024K, 100% used [0x000000078bd00000, 0x000000078be00000)
AC   0  E CS TS     0 PTAMS 0x000000078be00000 NTAMS 0x000000078be00000 space 1024K, 100% used [0x000000078be00000, 0x000000078bf00000)
AC   0  E CS TS     0 PTAMS 0x000000078bf00000 NTAMS 0x000000078bf00000 space 1024K, 100% used [0x000000078bf00000, 0x000000078c000000)
AC   0  E CS TS     0 PTAMS 0x000000078c000000 NTAMS 0x000000078c000000 space 1024K, 100% used [0x000000078c000000, 0x000000078c100000)
AC   0  E CS TS     0 PTAMS 0x000000078c100000 NTAMS 0x000000078c100000 space 1024K, 100% used [0x000000078c100000, 0x000000078c200000)
AC   0  E CS TS     0 PTAMS 0x000000078c200000 NTAMS 0x000000078c200000 space 1024K, 100% used [0x000000078c200000, 0x000000078c300000)
AC   0  E CS TS     0 PTAMS 0x000000078c300000 NTAMS 0x000000078c300000 space 1024K, 100% used [0x000000078c300000, 0x000000078c400000)
AC   0  E CS TS     0 PTAMS 0x000000078c400000 NTAMS 0x000000078c400000 space 1024K, 100% used [0x000000078c400000, 0x000000078c500000)
AC   0  E CS TS     0 PTAMS 0x000000078c500000 NTAMS 0x000000078c500000 space 1024K, 100% used [0x000000078c500000, 0x000000078c600000)
AC   0  E CS TS     0 PTAMS 0x000000078c600000 NTAMS 0x000000078c600000 space 1024K, 100% used [0x000000078c600000, 0x000000078c700000)
AC   0  E CS TS     0 PTAMS 0x000000078c700000 NTAMS 0x000000078c700000 space 1024K, 100% used [0x000000078c700000, 0x000000078c800000)
AC   0  E CS TS     0 PTAMS 0x000000078c800000 NTAMS 0x000000078c800000 space 1024K, 100% used [0x000000078c800000, 0x000000078c900000)
AC   0  E CS TS     0 PTAMS 0x000000078c900000 NTAMS 0x000000078c900000 space 1024K, 100% used [0x000000078c900000, 0x000000078ca00000)
AC   0  E CS TS     0 PTAMS 0x000000078ca00000 NTAMS 0x000000078ca00000 space 1024K, 100% used [0x000000078ca00000, 0x000000078cb00000)
AC   0  E CS TS     0 PTAMS 0x000000078cb00000 NTAMS 0x000000078cb00000 space 1024K, 100% used [0x000000078cb00000, 0x000000078cc00000)
AC   0  E CS TS     0 PTAMS 0x000000078cc00000 NTAMS 0x000000078cc00000 space 1024K, 100% used [0x000000078cc00000, 0x000000078cd00000)
AC   0  E CS TS     0 PTAMS 0x000000078cd00000 NTAMS 0x000000078cd00000 space 1024K, 100% used [0x000000078cd00000, 0x000000078ce00000)
AC   0  E CS TS     0 PTAMS 0x000000078ce00000 NTAMS 0x000000078ce00000 space 1024K, 100% used [0x000000078ce00000, 0x000000078cf00000)
AC   0  E CS TS     0 PTAMS 0x000000078cf00000 NTAMS 0x000000078cf00000 space 1024K, 100% used [0x000000078cf00000, 0x000000078d000000)
AC   0  E CS TS     0 PTAMS 0x000000078d000000 NTAMS 0x000000078d000000 space 1024K, 100% used [0x000000078d000000, 0x000000078d100000)
AC   0  E CS TS     0 PTAMS 0x000000078d100000 NTAMS 0x000000078d100000 space 1024K, 100% used [0x000000078d100000, 0x000000078d200000)
AC   0  E CS TS     0 PTAMS 0x000000078d200000 NTAMS 0x000000078d200000 space 1024K, 100% used [0x000000078d200000, 0x000000078d300000)
AC   0  E CS TS     0 PTAMS 0x000000078d300000 NTAMS 0x000000078d300000 space 1024K, 100% used [0x000000078d300000, 0x000000078d400000)
AC   0  E CS TS     0 PTAMS 0x000000078d400000 NTAMS 0x000000078d400000 space 1024K, 100% used [0x000000078d400000, 0x000000078d500000)
AC   0  E CS TS     0 PTAMS 0x000000078d500000 NTAMS 0x000000078d500000 space 1024K, 100% used [0x000000078d500000, 0x000000078d600000)
AC   0  E CS TS     0 PTAMS 0x000000078d600000 NTAMS 0x000000078d600000 space 1024K, 100% used [0x000000078d600000, 0x000000078d700000)
AC   0  E CS TS     0 PTAMS 0x000000078d700000 NTAMS 0x000000078d700000 space 1024K, 100% used [0x000000078d700000, 0x000000078d800000)
AC   0  E CS TS     0 PTAMS 0x000000078d800000 NTAMS 0x000000078d800000 space 1024K, 100% used [0x000000078d800000, 0x000000078d900000)
AC   0  E CS TS     0 PTAMS 0x000000078d900000 NTAMS 0x000000078d900000 space 1024K, 100% used [0x000000078d900000, 0x000000078da00000)
AC   0  E CS TS     0 PTAMS 0x000000078da00000 NTAMS 0x000000078da00000 space 1024K, 100% used [0x000000078da00000, 0x000000078db00000)
AC   0  E CS TS     0 PTAMS 0x000000078db00000 NTAMS 0x000000078db00000 space 1024K, 100% used [0x000000078db00000, 0x000000078dc00000)
AC   0  E CS TS     0 PTAMS 0x000000078dc00000 NTAMS 0x000000078dc00000 space 1024K, 100% used [0x000000078dc00000, 0x000000078dd00000)
AC   0  E CS TS     0 PTAMS 0x000000078dd00000 NTAMS 0x000000078dd00000 space 1024K, 100% used [0x000000078dd00000, 0x000000078de00000)
AC   0  E CS TS     0 PTAMS 0x000000078de00000 NTAMS 0x000000078de00000 space 1024K, 100% used [0x000000078de00000, 0x000000078df00000)
AC   0  E CS TS     0 PTAMS 0x000000078df00000 NTAMS 0x000000078df00000 space 1024K, 100% used [0x000000078df00000, 0x000000078e000000)
AC   0  E CS TS     0 PTAMS 0x000000078e000000 NTAMS 0x000000078e000000 space 1024K, 100% used [0x000000078e000000, 0x000000078e100000)
AC   0  E CS TS     0 PTAMS 0x000000078e100000 NTAMS 0x000000078e100000 space 1024K, 100% used [0x000000078e100000, 0x000000078e200000)
AC   0  E CS TS     0 PTAMS 0x000000078e200000 NTAMS 0x000000078e200000 space 1024K, 100% used [0x000000078e200000, 0x000000078e300000)
AC   0  E CS TS     0 PTAMS 0x000000078e300000 NTAMS 0x000000078e300000 space 1024K, 100% used [0x000000078e300000, 0x000000078e400000)
AC   0  E CS TS     0 PTAMS 0x000000078e400000 NTAMS 0x000000078e400000 space 1024K, 100% used [0x000000078e400000, 0x000000078e500000)
AC   0  E CS TS     0 PTAMS 0x000000078e500000 NTAMS 0x000000078e500000 space 1024K, 100% used [0x000000078e500000, 0x000000078e600000)
AC   0  E CS TS     0 PTAMS 0x000000078e600000 NTAMS 0x000000078e600000 space 1024K, 100% used [0x000000078e600000, 0x000000078e700000)
AC   0  E CS TS     0 PTAMS 0x000000078e700000 NTAMS 0x000000078e700000 space 1024K, 100% used [0x000000078e700000, 0x000000078e800000)
AC   0  E CS TS     0 PTAMS 0x000000078e800000 NTAMS 0x000000078e800000 space 1024K, 100% used [0x000000078e800000, 0x000000078e900000)
AC   0  E CS TS     0 PTAMS 0x000000078e900000 NTAMS 0x000000078e900000 space 1024K, 100% used [0x000000078e900000, 0x000000078ea00000)
AC   0  E CS TS     0 PTAMS 0x000000078ea00000 NTAMS 0x000000078ea00000 space 1024K, 100% used [0x000000078ea00000, 0x000000078eb00000)
AC   0  E CS TS     0 PTAMS 0x000000078eb00000 NTAMS 0x000000078eb00000 space 1024K, 100% used [0x000000078eb00000, 0x000000078ec00000)
AC   0  E CS TS     0 PTAMS 0x000000078ec00000 NTAMS 0x000000078ec00000 space 1024K, 100% used [0x000000078ec00000, 0x000000078ed00000)
AC   0  E CS TS     0 PTAMS 0x000000078ed00000 NTAMS 0x000000078ed00000 space 1024K, 100% used [0x000000078ed00000, 0x000000078ee00000)
AC   0  E CS TS     0 PTAMS 0x000000078ee00000 NTAMS 0x000000078ee00000 space 1024K, 100% used [0x000000078ee00000, 0x000000078ef00000)
AC   0  E CS TS     0 PTAMS 0x000000078ef00000 NTAMS 0x000000078ef00000 space 1024K, 100% used [0x000000078ef00000, 0x000000078f000000)
AC   0  E CS TS     0 PTAMS 0x000000078f000000 NTAMS 0x000000078f000000 space 1024K, 100% used [0x000000078f000000, 0x000000078f100000)
AC   0  E CS TS     0 PTAMS 0x000000078f100000 NTAMS 0x000000078f100000 space 1024K, 100% used [0x000000078f100000, 0x000000078f200000)
AC   0  E CS TS     5 PTAMS 0x000000078f200000 NTAMS 0x000000078f200000 space 1024K, 100% used [0x000000078f200000, 0x000000078f300000)
AC   0  E CS TS     5 PTAMS 0x000000078f300000 NTAMS 0x000000078f300000 space 1024K, 100% used [0x000000078f300000, 0x000000078f400000)
AC   0  E CS TS     0 PTAMS 0x000000078f400000 NTAMS 0x000000078f400000 space 1024K, 100% used [0x000000078f400000, 0x000000078f500000)
AC   0  E CS TS     0 PTAMS 0x000000078f500000 NTAMS 0x000000078f500000 space 1024K, 100% used [0x000000078f500000, 0x000000078f600000)
AC   0  E CS TS     0 PTAMS 0x000000078f600000 NTAMS 0x000000078f600000 space 1024K, 100% used [0x000000078f600000, 0x000000078f700000)
AC   0  E CS TS     0 PTAMS 0x000000078f700000 NTAMS 0x000000078f700000 space 1024K, 100% used [0x000000078f700000, 0x000000078f800000)
AC   0  E CS TS     3 PTAMS 0x000000078f800000 NTAMS 0x000000078f800000 space 1024K, 100% used [0x000000078f800000, 0x000000078f900000)
AC   0  E CS TS     3 PTAMS 0x000000078f900000 NTAMS 0x000000078f900000 space 1024K, 100% used [0x000000078f900000, 0x000000078fa00000)
AC   0  E CS TS     0 PTAMS 0x000000078fa00000 NTAMS 0x000000078fa00000 space 1024K, 100% used [0x000000078fa00000, 0x000000078fb00000)
AC   0  E CS TS     0 PTAMS 0x000000078fb00000 NTAMS 0x000000078fb00000 space 1024K, 100% used [0x000000078fb00000, 0x000000078fc00000)
AC   0  E CS TS     0 PTAMS 0x000000078fc00000 NTAMS 0x000000078fc00000 space 1024K, 100% used [0x000000078fc00000, 0x000000078fd00000)
AC   0  E CS TS     0 PTAMS 0x000000078fd00000 NTAMS 0x000000078fd00000 space 1024K, 100% used [0x000000078fd00000, 0x000000078fe00000)
AC   0  E CS TS     0 PTAMS 0x000000078fe00000 NTAMS 0x000000078fe00000 space 1024K, 100% used [0x000000078fe00000, 0x000000078ff00000)
AC   0  E CS TS     0 PTAMS 0x000000078ff00000 NTAMS 0x000000078ff00000 space 1024K, 100% used [0x000000078ff00000, 0x0000000790000000)

Card table byte_map: [0x0000000104e29000,0x0000000105029000] byte_map_base: 0x0000000101229000

Marking Bits (Prev, Next): (CMBitMap*) 0x0000000101021c88, (CMBitMap*) 0x0000000101021ce0
 Prev Bits: [0x0000000105229000, 0x0000000106229000)
 Next Bits: [0x0000000106229000, 0x0000000107229000)

Polling page: 0x00000001006f8000

CodeCache: size=245760Kb used=80507Kb max_used=80692Kb free=165252Kb
 bounds [0x0000000108e08000, 0x000000010dd78000, 0x0000000117e08000]
 total_blobs=21199 nmethods=20419 adapters=688
 compilation: enabled

Compilation events (10 events):
Event: 3658.609 Thread 0x0000000100929000 32266   !   3       org.eclipse.cdt.core.settings.model.util.PathEntryTranslator::resolveKeepingPathEntryFars (56 bytes)
Event: 3658.611 Thread 0x0000000100929000 nmethod 32266 0x000000010bff9b50 code [0x000000010bff9da0, 0x000000010bffac78]
Event: 3658.625 Thread 0x0000000100928800 nmethod 32267 0x000000010a807d50 code [0x000000010a807f80, 0x000000010a808ea0]
Event: 3658.679 Thread 0x0000000100928800 32268       4       org.eclipse.ui.internal.progress.AnimationManager$2::refreshJobInfo (27 bytes)
Event: 3658.688 Thread 0x0000000100928800 nmethod 32268 0x000000010bff6150 code [0x000000010bff6340, 0x000000010bff69a8]
Event: 3658.696 Thread 0x0000000100928800 32269   !   4       java.io.FileInputStream::close (62 bytes)
Event: 3658.698 Thread 0x0000000100929000 32270   !   3       java.util.Calendar::createCalendar (287 bytes)
Event: 3658.700 Thread 0x0000000100929000 nmethod 32270 0x000000010bff4050 code [0x000000010bff4320, 0x000000010bff59f8]
Event: 3658.703 Thread 0x0000000100928800 nmethod 32269 0x000000010af78150 code [0x000000010af782c0, 0x000000010af789f8]
Event: 3658.605 Thread 0x0000000100929000 nmethod 32265 0x000000010d34e010 code [0x000000010d34e180, 0x000000010d34e2e8]

GC Heap History (10 events):
Event: 3576.139 GC heap before
{Heap before GC invocations=140 (full 0):
 garbage-first heap   total 262144K, used 221150K [0x0000000780000000, 0x0000000780100800, 0x00000007c0000000)
  region size 1024K, 105 young (107520K), 13 survivors (13312K)
 Metaspace       used 110520K, capacity 119966K, committed 120316K, reserved 1153024K
  class space    used 13220K, capacity 16012K, committed 16124K, reserved 1048576K
Event: 3576.177 GC heap after
Heap after GC invocations=141 (full 0):
 garbage-first heap   total 262144K, used 118738K [0x0000000780000000, 0x0000000780100800, 0x00000007c0000000)
  region size 1024K, 4 young (4096K), 4 survivors (4096K)
 Metaspace       used 110520K, capacity 119966K, committed 120316K, reserved 1153024K
  class space    used 13220K, capacity 16012K, committed 16124K, reserved 1048576K
}
Event: 3603.532 GC heap before
{Heap before GC invocations=141 (full 0):
 garbage-first heap   total 262144K, used 226258K [0x0000000780000000, 0x0000000780100800, 0x00000007c0000000)
  region size 1024K, 109 young (111616K), 4 survivors (4096K)
 Metaspace       used 110542K, capacity 119966K, committed 120316K, reserved 1153024K
  class space    used 13220K, capacity 16012K, committed 16124K, reserved 1048576K
Event: 3603.558 GC heap after
Heap after GC invocations=142 (full 0):
 garbage-first heap   total 262144K, used 117714K [0x0000000780000000, 0x0000000780100800, 0x00000007c0000000)
  region size 1024K, 3 young (3072K), 3 survivors (3072K)
 Metaspace       used 110542K, capacity 119966K, committed 120316K, reserved 1153024K
  class space    used 13220K, capacity 16012K, committed 16124K, reserved 1048576K
}
Event: 3636.580 GC heap before
{Heap before GC invocations=142 (full 0):
 garbage-first heap   total 262144K, used 227282K [0x0000000780000000, 0x0000000780100800, 0x00000007c0000000)
  region size 1024K, 110 young (112640K), 3 survivors (3072K)
 Metaspace       used 110557K, capacity 119966K, committed 120316K, reserved 1153024K
  class space    used 13221K, capacity 16012K, committed 16124K, reserved 1048576K
Event: 3636.605 GC heap after
Heap after GC invocations=143 (full 0):
 garbage-first heap   total 262144K, used 119762K [0x0000000780000000, 0x0000000780100800, 0x00000007c0000000)
  region size 1024K, 5 young (5120K), 5 survivors (5120K)
 Metaspace       used 110557K, capacity 119966K, committed 120316K, reserved 1153024K
  class space    used 13221K, capacity 16012K, committed 16124K, reserved 1048576K
}
Event: 3646.253 GC heap before
{Heap before GC invocations=143 (full 0):
 garbage-first heap   total 262144K, used 228306K [0x0000000780000000, 0x0000000780100800, 0x00000007c0000000)
  region size 1024K, 111 young (113664K), 5 survivors (5120K)
 Metaspace       used 110563K, capacity 119966K, committed 120316K, reserved 1153024K
  class space    used 13221K, capacity 16012K, committed 16124K, reserved 1048576K
Event: 3646.308 GC heap after
Heap after GC invocations=144 (full 0):
 garbage-first heap   total 262144K, used 127954K [0x0000000780000000, 0x0000000780100800, 0x00000007c0000000)
  region size 1024K, 13 young (13312K), 13 survivors (13312K)
 Metaspace       used 110563K, capacity 119966K, committed 120316K, reserved 1153024K
  class space    used 13221K, capacity 16012K, committed 16124K, reserved 1048576K
}
Event: 3646.854 GC heap before
{Heap before GC invocations=144 (full 0):
 garbage-first heap   total 262144K, used 221138K [0x0000000780000000, 0x0000000780100800, 0x00000007c0000000)
  region size 1024K, 104 young (106496K), 13 survivors (13312K)
 Metaspace       used 110572K, capacity 119966K, committed 120316K, reserved 1153024K
  class space    used 13221K, capacity 16012K, committed 16124K, reserved 1048576K
Event: 3646.918 GC heap after
Heap after GC invocations=145 (full 0):
 garbage-first heap   total 262144K, used 130118K [0x0000000780000000, 0x0000000780100800, 0x00000007c0000000)
  region size 1024K, 3 young (3072K), 3 survivors (3072K)
 Metaspace       used 110572K, capacity 119966K, committed 120316K, reserved 1153024K
  class space    used 13221K, capacity 16012K, committed 16124K, reserved 1048576K
}

Deoptimization events (10 events):
Event: 3601.627 Thread 0x000000012994d800 Uncommon trap: reason=class_check action=maybe_recompile pc=0x000000010aa54a64 method=org.eclipse.cdt.internal.ui.editor.SemanticHighlightings$MethodDeclarationHighlighting.consumes(Lorg/eclipse/cdt/ui/text/ISemanticToken;)Z @ 64
Event: 3602.671 Thread 0x000000012994d800 Uncommon trap: reason=class_check action=maybe_recompile pc=0x000000010aa54a64 method=org.eclipse.cdt.internal.ui.editor.SemanticHighlightings$MethodDeclarationHighlighting.consumes(Lorg/eclipse/cdt/ui/text/ISemanticToken;)Z @ 64
Event: 3612.372 Thread 0x000000010101d800 Uncommon trap: reason=unstable_if action=reinterpret pc=0x000000010b99e0a8 method=org.eclipse.cdt.internal.core.dom.parser.AbstractGNUSourceCodeParser.consumeOrEOC(I)Lorg/eclipse/cdt/core/parser/IToken; @ 22
Event: 3636.978 Thread 0x00000001217f2800 Uncommon trap: reason=unstable_if action=reinterpret pc=0x000000010be88344 method=org.eclipse.cdt.internal.core.WeakHashSet.cleanupGarbageCollectedValues()V @ 128
Event: 3642.734 Thread 0x000000010101d800 Uncommon trap: reason=unstable_if action=reinterpret pc=0x0000000109d5cd60 method=org.eclipse.jface.text.TextPresentation.applyStyle(Lorg/eclipse/swt/custom/StyleRange;Lorg/eclipse/swt/custom/StyleRange;Z)V @ 138
Event: 3642.770 Thread 0x000000010101d800 Uncommon trap: reason=unstable_if action=reinterpret pc=0x000000010dc66e70 method=org.eclipse.swt.graphics.TextLayout.draw(Lorg/eclipse/swt/graphics/GC;IIIILorg/eclipse/swt/graphics/Color;Lorg/eclipse/swt/graphics/Color;I)V @ 944
Event: 3644.264 Thread 0x0000000101710000 Uncommon trap: reason=class_check action=maybe_recompile pc=0x000000010d171270 method=org.eclipse.cdt.internal.core.pdom.dom.cpp.PDOMCPPLinkage.handlePostProcesses()V @ 10
Event: 3645.734 Thread 0x000000010101d800 Uncommon trap: reason=unstable_if action=reinterpret pc=0x000000010b6b5890 method=org.eclipse.swt.internal.cocoa.NSApplication.currentEvent()Lorg/eclipse/swt/internal/cocoa/NSEvent; @ 14
Event: 3645.752 Thread 0x000000010101d800 Uncommon trap: reason=unstable_if action=reinterpret pc=0x0000000109aae8e4 method=org.eclipse.swt.internal.cocoa.NSApplication.currentEvent()Lorg/eclipse/swt/internal/cocoa/NSEvent; @ 14
Event: 3645.752 Thread 0x000000010101d800 Uncommon trap: reason=unstable_if action=reinterpret pc=0x00000001091590f0 method=org.eclipse.swt.internal.cocoa.NSApplication.currentEvent()Lorg/eclipse/swt/internal/cocoa/NSEvent; @ 14

Internal exceptions (10 events):
Event: 3655.076 Thread 0x0000000121703000 Exception <a 'java/lang/UnsatisfiedLinkError': org.eclipse.cdt.utils.spawner.SpawnerInputStream.available0(I)I> (0x000000078b9a58c8) thrown at [/Users/java_re/workspace/8-2-build-macosx-x86_64/jdk8u111/7883/hotspot/src/share/vm/prims/nativeLookup.cpp, lin
Event: 3655.088 Thread 0x0000000121703000 Exception <a 'java/lang/UnsatisfiedLinkError': org.eclipse.cdt.utils.spawner.SpawnerInputStream.available0(I)I> (0x000000078b9a7fa8) thrown at [/Users/java_re/workspace/8-2-build-macosx-x86_64/jdk8u111/7883/hotspot/src/share/vm/prims/nativeLookup.cpp, lin
Event: 3655.090 Thread 0x0000000121703000 Exception <a 'java/lang/UnsatisfiedLinkError': org.eclipse.cdt.utils.spawner.SpawnerInputStream.available0(I)I> (0x000000078b9aa680) thrown at [/Users/java_re/workspace/8-2-build-macosx-x86_64/jdk8u111/7883/hotspot/src/share/vm/prims/nativeLookup.cpp, lin
Event: 3656.418 Thread 0x0000000121703000 Exception <a 'java/lang/UnsatisfiedLinkError': org.eclipse.cdt.utils.spawner.SpawnerInputStream.available0(I)I> (0x000000078ab7eb90) thrown at [/Users/java_re/workspace/8-2-build-macosx-x86_64/jdk8u111/7883/hotspot/src/share/vm/prims/nativeLookup.cpp, lin
Event: 3656.429 Thread 0x0000000121703000 Exception <a 'java/lang/UnsatisfiedLinkError': org.eclipse.cdt.utils.spawner.SpawnerInputStream.available0(I)I> (0x000000078ab81330) thrown at [/Users/java_re/workspace/8-2-build-macosx-x86_64/jdk8u111/7883/hotspot/src/share/vm/prims/nativeLookup.cpp, lin
Event: 3656.439 Thread 0x0000000121703000 Exception <a 'java/lang/UnsatisfiedLinkError': org.eclipse.cdt.utils.spawner.SpawnerInputStream.available0(I)I> (0x000000078ab83680) thrown at [/Users/java_re/workspace/8-2-build-macosx-x86_64/jdk8u111/7883/hotspot/src/share/vm/prims/nativeLookup.cpp, lin
Event: 3656.447 Thread 0x0000000121703000 Exception <a 'java/lang/UnsatisfiedLinkError': org.eclipse.cdt.utils.spawner.SpawnerInputStream.available0(I)I> (0x000000078ab85cf8) thrown at [/Users/java_re/workspace/8-2-build-macosx-x86_64/jdk8u111/7883/hotspot/src/share/vm/prims/nativeLookup.cpp, lin
Event: 3656.449 Thread 0x0000000121703000 Exception <a 'java/lang/UnsatisfiedLinkError': org.eclipse.cdt.utils.spawner.SpawnerInputStream.available0(I)I> (0x000000078ab88468) thrown at [/Users/java_re/workspace/8-2-build-macosx-x86_64/jdk8u111/7883/hotspot/src/share/vm/prims/nativeLookup.cpp, lin
Event: 3657.557 Thread 0x0000000121703000 Exception <a 'java/lang/UnsatisfiedLinkError': org.eclipse.cdt.utils.spawner.SpawnerInputStream.available0(I)I> (0x000000078ab8be40) thrown at [/Users/java_re/workspace/8-2-build-macosx-x86_64/jdk8u111/7883/hotspot/src/share/vm/prims/nativeLookup.cpp, lin
Event: 3657.565 Thread 0x0000000121703000 Exception <a 'java/lang/UnsatisfiedLinkError': org.eclipse.cdt.utils.spawner.SpawnerInputStream.available0(I)I> (0x000000078ab8e6b0) thrown at [/Users/java_re/workspace/8-2-build-macosx-x86_64/jdk8u111/7883/hotspot/src/share/vm/prims/nativeLookup.cpp, lin

Events (10 events):
Event: 3658.677 Executing VM operation: RevokeBias
Event: 3658.677 Executing VM operation: RevokeBias done
Event: 3658.689 Thread 0x0000000100928800 flushing nmethod 0x000000010bf732d0
Event: 3658.691 Executing VM operation: RevokeBias
Event: 3658.691 Executing VM operation: RevokeBias done
Event: 3658.693 Executing VM operation: RevokeBias
Event: 3658.694 Executing VM operation: RevokeBias done
Event: 3658.702 Thread 0x0000000100929000 flushing nmethod 0x000000010c950450
Event: 3658.707 Thread 0x0000000100929000 flushing nmethod 0x000000010cb9e290
Event: 3658.709 Thread 0x000000012134c000 Thread added: 0x000000012134c000


Dynamic libraries:
0x0000000033a49000 	/System/Library/Frameworks/Cocoa.framework/Versions/A/Cocoa
0x0000000033a49000 	/usr/lib/libSystem.B.dylib
0x0000000033a49000 	/System/Library/Frameworks/CoreServices.framework/Versions/A/CoreServices
0x0000000033a49000 	/usr/lib/libobjc.A.dylib
0x0000000033a49000 	/System/Library/Frameworks/CoreFoundation.framework/Versions/A/CoreFoundation
0x0000000033a49000 	/System/Library/Frameworks/AppKit.framework/Versions/C/AppKit
0x0000000033a49000 	/System/Library/Frameworks/ApplicationServices.framework/Versions/A/ApplicationServices
0x0000000033a49000 	/System/Library/Frameworks/Foundation.framework/Versions/C/Foundation
0x0000000033a49000 	/System/Library/Frameworks/CoreData.framework/Versions/A/CoreData
0x0000000033a49000 	/System/Library/PrivateFrameworks/RemoteViewServices.framework/Versions/A/RemoteViewServices
0x0000000033a49000 	/System/Library/PrivateFrameworks/UIFoundation.framework/Versions/A/UIFoundation
0x0000000033a49000 	/System/Library/PrivateFrameworks/DFRFoundation.framework/Versions/A/DFRFoundation
0x0000000033a49000 	/usr/lib/libenergytrace.dylib
0x0000000033a49000 	/System/Library/PrivateFrameworks/SkyLight.framework/Versions/A/SkyLight
0x0000000033a49000 	/System/Library/Frameworks/CoreGraphics.framework/Versions/A/CoreGraphics
0x0000000033a49000 	/usr/lib/libScreenReader.dylib
0x0000000033a49000 	/System/Library/Frameworks/Accelerate.framework/Versions/A/Accelerate
0x0000000033a49000 	/System/Library/Frameworks/IOSurface.framework/Versions/A/IOSurface
0x0000000033a49000 	/System/Library/Frameworks/AudioToolbox.framework/Versions/A/AudioToolbox
0x0000000033a49000 	/System/Library/Frameworks/AudioUnit.framework/Versions/A/AudioUnit
0x0000000033a49000 	/System/Library/PrivateFrameworks/DataDetectorsCore.framework/Versions/A/DataDetectorsCore
0x0000000033a49000 	/System/Library/PrivateFrameworks/DesktopServicesPriv.framework/Versions/A/DesktopServicesPriv
0x0000000033a49000 	/System/Library/Frameworks/Carbon.framework/Versions/A/Frameworks/HIToolbox.framework/Versions/A/HIToolbox
0x0000000033a49000 	/usr/lib/libicucore.A.dylib
0x0000000033a49000 	/usr/lib/libz.1.dylib
0x0000000033a49000 	/System/Library/Frameworks/QuartzCore.framework/Versions/A/QuartzCore
0x0000000033a49000 	/System/Library/Frameworks/Security.framework/Versions/A/Security
0x0000000033a49000 	/System/Library/Frameworks/Carbon.framework/Versions/A/Frameworks/SpeechRecognition.framework/Versions/A/SpeechRecognition
0x0000000033a49000 	/usr/lib/libauto.dylib
0x0000000033a49000 	/usr/lib/libxml2.2.dylib
0x0000000033a49000 	/System/Library/PrivateFrameworks/CoreUI.framework/Versions/A/CoreUI
0x0000000033a49000 	/System/Library/Frameworks/CoreAudio.framework/Versions/A/CoreAudio
0x0000000033a49000 	/System/Library/Frameworks/DiskArbitration.framework/Versions/A/DiskArbitration
0x0000000033a49000 	/usr/lib/liblangid.dylib
0x0000000033a49000 	/System/Library/PrivateFrameworks/MultitouchSupport.framework/Versions/A/MultitouchSupport
0x0000000033a49000 	/System/Library/Frameworks/IOKit.framework/Versions/A/IOKit
0x0000000033a49000 	/usr/lib/libDiagnosticMessagesClient.dylib
0x0000000033a49000 	/System/Library/PrivateFrameworks/PerformanceAnalysis.framework/Versions/A/PerformanceAnalysis
0x0000000033a49000 	/System/Library/PrivateFrameworks/GenerationalStorage.framework/Versions/A/GenerationalStorage
0x0000000033a49000 	/System/Library/Frameworks/OpenGL.framework/Versions/A/OpenGL
0x0000000033a49000 	/System/Library/Frameworks/CoreImage.framework/Versions/A/CoreImage
0x0000000033a49000 	/System/Library/Frameworks/CoreText.framework/Versions/A/CoreText
0x0000000033a49000 	/System/Library/Frameworks/ImageIO.framework/Versions/A/ImageIO
0x0000000033a49000 	/System/Library/PrivateFrameworks/Backup.framework/Versions/A/Backup
0x0000000033a49000 	/usr/lib/libarchive.2.dylib
0x0000000033a49000 	/System/Library/Frameworks/CFNetwork.framework/Versions/A/CFNetwork
0x0000000033a49000 	/System/Library/Frameworks/SystemConfiguration.framework/Versions/A/SystemConfiguration
0x0000000033a49000 	/usr/lib/libCRFSuite.dylib
0x0000000033a49000 	/usr/lib/libc++.1.dylib
0x0000000033a49000 	/usr/lib/libc++abi.dylib
0x0000000033a49000 	/usr/lib/system/libcache.dylib
0x0000000033a49000 	/usr/lib/system/libcommonCrypto.dylib
0x0000000033a49000 	/usr/lib/system/libcompiler_rt.dylib
0x0000000033a49000 	/usr/lib/system/libcopyfile.dylib
0x0000000033a49000 	/usr/lib/system/libcorecrypto.dylib
0x0000000033a49000 	/usr/lib/system/libdispatch.dylib
0x0000000033a49000 	/usr/lib/system/libdyld.dylib
0x0000000033a49000 	/usr/lib/system/libkeymgr.dylib
0x0000000033a49000 	/usr/lib/system/liblaunch.dylib
0x0000000033a49000 	/usr/lib/system/libmacho.dylib
0x0000000033a49000 	/usr/lib/system/libquarantine.dylib
0x0000000033a49000 	/usr/lib/system/libremovefile.dylib
0x0000000033a49000 	/usr/lib/system/libsystem_asl.dylib
0x0000000033a49000 	/usr/lib/system/libsystem_blocks.dylib
0x0000000033a49000 	/usr/lib/system/libsystem_c.dylib
0x0000000033a49000 	/usr/lib/system/libsystem_configuration.dylib
0x0000000033a49000 	/usr/lib/system/libsystem_coreservices.dylib
0x0000000033a49000 	/usr/lib/system/libsystem_coretls.dylib
0x0000000033a49000 	/usr/lib/system/libsystem_dnssd.dylib
0x0000000033a49000 	/usr/lib/system/libsystem_info.dylib
0x0000000033a49000 	/usr/lib/system/libsystem_kernel.dylib
0x0000000033a49000 	/usr/lib/system/libsystem_m.dylib
0x0000000033a49000 	/usr/lib/system/libsystem_malloc.dylib
0x0000000033a49000 	/usr/lib/system/libsystem_network.dylib
0x0000000033a49000 	/usr/lib/system/libsystem_networkextension.dylib
0x0000000033a49000 	/usr/lib/system/libsystem_notify.dylib
0x0000000033a49000 	/usr/lib/system/libsystem_platform.dylib
0x0000000033a49000 	/usr/lib/system/libsystem_pthread.dylib
0x0000000033a49000 	/usr/lib/system/libsystem_sandbox.dylib
0x0000000033a49000 	/usr/lib/system/libsystem_secinit.dylib
0x0000000033a49000 	/usr/lib/system/libsystem_symptoms.dylib
0x0000000033a49000 	/usr/lib/system/libsystem_trace.dylib
0x0000000033a49000 	/usr/lib/system/libunwind.dylib
0x0000000033a49000 	/usr/lib/system/libxpc.dylib
0x0000000033a49000 	/usr/lib/libbsm.0.dylib
0x0000000033a49000 	/usr/lib/system/libkxld.dylib
0x0000000033a49000 	/usr/lib/libcoretls.dylib
0x0000000033a49000 	/usr/lib/libcoretls_cfhelpers.dylib
0x0000000033a49000 	/usr/lib/libxar.1.dylib
0x0000000033a49000 	/usr/lib/libsqlite3.dylib
0x0000000033a49000 	/usr/lib/libpam.2.dylib
0x0000000033a49000 	/usr/lib/libOpenScriptingUtil.dylib
0x0000000033a49000 	/usr/lib/libbz2.1.0.dylib
0x0000000033a49000 	/usr/lib/liblzma.5.dylib
0x0000000033a49000 	/usr/lib/libnetwork.dylib
0x0000000033a49000 	/usr/lib/libpcap.A.dylib
0x0000000033a49000 	/System/Library/Frameworks/CoreServices.framework/Versions/A/Frameworks/FSEvents.framework/Versions/A/FSEvents
0x0000000033a49000 	/System/Library/Frameworks/CoreServices.framework/Versions/A/Frameworks/CarbonCore.framework/Versions/A/CarbonCore
0x0000000033a49000 	/System/Library/Frameworks/CoreServices.framework/Versions/A/Frameworks/Metadata.framework/Versions/A/Metadata
0x0000000033a49000 	/System/Library/Frameworks/CoreServices.framework/Versions/A/Frameworks/OSServices.framework/Versions/A/OSServices
0x0000000033a49000 	/System/Library/Frameworks/CoreServices.framework/Versions/A/Frameworks/SearchKit.framework/Versions/A/SearchKit
0x0000000033a49000 	/System/Library/Frameworks/CoreServices.framework/Versions/A/Frameworks/AE.framework/Versions/A/AE
0x0000000033a49000 	/System/Library/Frameworks/CoreServices.framework/Versions/A/Frameworks/LaunchServices.framework/Versions/A/LaunchServices
0x0000000033a49000 	/System/Library/Frameworks/CoreServices.framework/Versions/A/Frameworks/DictionaryServices.framework/Versions/A/DictionaryServices
0x0000000033a49000 	/System/Library/Frameworks/CoreServices.framework/Versions/A/Frameworks/SharedFileList.framework/Versions/A/SharedFileList
0x0000000033a49000 	/System/Library/Frameworks/NetFS.framework/Versions/A/NetFS
0x0000000033a49000 	/System/Library/PrivateFrameworks/NetAuth.framework/Versions/A/NetAuth
0x0000000033a49000 	/System/Library/PrivateFrameworks/login.framework/Versions/A/Frameworks/loginsupport.framework/Versions/A/loginsupport
0x0000000033a49000 	/System/Library/PrivateFrameworks/TCC.framework/Versions/A/TCC
0x0000000033a49000 	/usr/lib/libmecabra.dylib
0x0000000033a49000 	/System/Library/Frameworks/ApplicationServices.framework/Versions/A/Frameworks/ATS.framework/Versions/A/ATS
0x0000000033a49000 	/System/Library/Frameworks/ApplicationServices.framework/Versions/A/Frameworks/ColorSync.framework/Versions/A/ColorSync
0x0000000033a49000 	/System/Library/Frameworks/ApplicationServices.framework/Versions/A/Frameworks/HIServices.framework/Versions/A/HIServices
0x0000000033a49000 	/System/Library/Frameworks/ApplicationServices.framework/Versions/A/Frameworks/LangAnalysis.framework/Versions/A/LangAnalysis
0x0000000033a49000 	/System/Library/Frameworks/ApplicationServices.framework/Versions/A/Frameworks/PrintCore.framework/Versions/A/PrintCore
0x0000000033a49000 	/System/Library/Frameworks/ApplicationServices.framework/Versions/A/Frameworks/QD.framework/Versions/A/QD
0x0000000033a49000 	/System/Library/Frameworks/ApplicationServices.framework/Versions/A/Frameworks/SpeechSynthesis.framework/Versions/A/SpeechSynthesis
0x0000000033a49000 	/System/Library/Frameworks/Accelerate.framework/Versions/A/Frameworks/vImage.framework/Versions/A/vImage
0x0000000033a49000 	/System/Library/Frameworks/Accelerate.framework/Versions/A/Frameworks/vecLib.framework/Versions/A/vecLib
0x0000000033a49000 	/System/Library/Frameworks/Accelerate.framework/Versions/A/Frameworks/vecLib.framework/Versions/A/libvDSP.dylib
0x0000000033a49000 	/System/Library/Frameworks/Accelerate.framework/Versions/A/Frameworks/vecLib.framework/Versions/A/libBNNS.dylib
0x0000000033a49000 	/System/Library/Frameworks/Accelerate.framework/Versions/A/Frameworks/vecLib.framework/Versions/A/libQuadrature.dylib
0x0000000033a49000 	/System/Library/Frameworks/Accelerate.framework/Versions/A/Frameworks/vecLib.framework/Versions/A/libvMisc.dylib
0x0000000033a49000 	/System/Library/Frameworks/Accelerate.framework/Versions/A/Frameworks/vecLib.framework/Versions/A/libLAPACK.dylib
0x0000000033a49000 	/System/Library/Frameworks/Accelerate.framework/Versions/A/Frameworks/vecLib.framework/Versions/A/libBLAS.dylib
0x0000000033a49000 	/System/Library/Frameworks/Accelerate.framework/Versions/A/Frameworks/vecLib.framework/Versions/A/libLinearAlgebra.dylib
0x0000000033a49000 	/System/Library/Frameworks/Accelerate.framework/Versions/A/Frameworks/vecLib.framework/Versions/A/libSparseBLAS.dylib
0x0000000033a49000 	/System/Library/Frameworks/ApplicationServices.framework/Versions/A/Frameworks/ATS.framework/Versions/A/Resources/libFontParser.dylib
0x0000000033a49000 	/System/Library/Frameworks/ApplicationServices.framework/Versions/A/Frameworks/ATS.framework/Versions/A/Resources/libFontRegistry.dylib
0x0000000033a49000 	/System/Library/Frameworks/ImageIO.framework/Versions/A/Resources/libJPEG.dylib
0x0000000033a49000 	/System/Library/Frameworks/ImageIO.framework/Versions/A/Resources/libTIFF.dylib
0x0000000033a49000 	/System/Library/Frameworks/ImageIO.framework/Versions/A/Resources/libPng.dylib
0x0000000033a49000 	/System/Library/Frameworks/ImageIO.framework/Versions/A/Resources/libGIF.dylib
0x0000000033a49000 	/System/Library/Frameworks/ImageIO.framework/Versions/A/Resources/libJP2.dylib
0x0000000033a49000 	/System/Library/Frameworks/ImageIO.framework/Versions/A/Resources/libRadiance.dylib
0x0000000033a49000 	/usr/lib/libcompression.dylib
0x0000000033a49000 	/System/Library/PrivateFrameworks/AppleJPEG.framework/Versions/A/AppleJPEG
0x0000000033a49000 	/usr/lib/libcups.2.dylib
0x0000000033a49000 	/System/Library/Frameworks/Kerberos.framework/Versions/A/Kerberos
0x0000000033a49000 	/System/Library/Frameworks/GSS.framework/Versions/A/GSS
0x0000000033a49000 	/usr/lib/libresolv.9.dylib
0x0000000033a49000 	/usr/lib/libiconv.2.dylib
0x0000000033a49000 	/System/Library/PrivateFrameworks/Heimdal.framework/Versions/A/Heimdal
0x0000000033a49000 	/usr/lib/libheimdal-asn1.dylib
0x0000000033a49000 	/System/Library/Frameworks/OpenDirectory.framework/Versions/A/OpenDirectory
0x0000000033a49000 	/System/Library/PrivateFrameworks/CommonAuth.framework/Versions/A/CommonAuth
0x0000000033a49000 	/System/Library/Frameworks/OpenDirectory.framework/Versions/A/Frameworks/CFOpenDirectory.framework/Versions/A/CFOpenDirectory
0x0000000033a49000 	/System/Library/Frameworks/SecurityFoundation.framework/Versions/A/SecurityFoundation
0x0000000033a49000 	/System/Library/PrivateFrameworks/LanguageModeling.framework/Versions/A/LanguageModeling
0x0000000033a49000 	/usr/lib/libmarisa.dylib
0x0000000033a49000 	/usr/lib/libChineseTokenizer.dylib
0x0000000033a49000 	/usr/lib/libcmph.dylib
0x0000000033a49000 	/System/Library/PrivateFrameworks/CoreEmoji.framework/Versions/A/CoreEmoji
0x0000000033a49000 	/System/Library/Frameworks/ServiceManagement.framework/Versions/A/ServiceManagement
0x0000000033a49000 	/usr/lib/libxslt.1.dylib
0x0000000033a49000 	/System/Library/Frameworks/Carbon.framework/Versions/A/Frameworks/Ink.framework/Versions/A/Ink
0x0000000033a49000 	/System/Library/PrivateFrameworks/TextureIO.framework/Versions/A/TextureIO
0x0000000033a49000 	/System/Library/Frameworks/Metal.framework/Versions/A/Metal
0x0000000033a49000 	/usr/lib/libate.dylib
0x0000000033a49000 	/System/Library/PrivateFrameworks/GPUCompiler.framework/libmetal_timestamp.dylib
0x0000000033a49000 	/System/Library/Frameworks/OpenGL.framework/Versions/A/Libraries/libCoreFSCache.dylib
0x0000000033a49000 	/System/Library/PrivateFrameworks/IOAccelerator.framework/Versions/A/IOAccelerator
0x0000000033a49000 	/System/Library/Frameworks/CoreVideo.framework/Versions/A/CoreVideo
0x0000000033a49000 	/usr/lib/libFosl_dynamic.dylib
0x0000000033a49000 	/System/Library/PrivateFrameworks/MetalPerformanceShaders.framework/Versions/A/MetalPerformanceShaders
0x0000000033a49000 	/System/Library/PrivateFrameworks/FaceCore.framework/Versions/A/FaceCore
0x0000000033a49000 	/System/Library/Frameworks/OpenCL.framework/Versions/A/OpenCL
0x0000000033a49000 	/System/Library/Frameworks/OpenGL.framework/Versions/A/Libraries/libGLU.dylib
0x0000000033a49000 	/System/Library/Frameworks/OpenGL.framework/Versions/A/Libraries/libGFXShared.dylib
0x0000000033a49000 	/System/Library/Frameworks/OpenGL.framework/Versions/A/Libraries/libGL.dylib
0x0000000033a49000 	/System/Library/Frameworks/OpenGL.framework/Versions/A/Libraries/libGLImage.dylib
0x0000000033a49000 	/System/Library/Frameworks/OpenGL.framework/Versions/A/Libraries/libCVMSPluginSupport.dylib
0x0000000033a49000 	/System/Library/Frameworks/OpenGL.framework/Versions/A/Libraries/libCoreVMClient.dylib
0x0000000033a49000 	/System/Library/PrivateFrameworks/CrashReporterSupport.framework/Versions/A/CrashReporterSupport
0x0000000033a49000 	/System/Library/PrivateFrameworks/Sharing.framework/Versions/A/Sharing
0x0000000033a49000 	/System/Library/PrivateFrameworks/IconServices.framework/Versions/A/IconServices
0x0000000033a49000 	/System/Library/PrivateFrameworks/ProtocolBuffer.framework/Versions/A/ProtocolBuffer
0x0000000033a49000 	/System/Library/PrivateFrameworks/Apple80211.framework/Versions/A/Apple80211
0x0000000033a49000 	/System/Library/Frameworks/CoreWLAN.framework/Versions/A/CoreWLAN
0x0000000033a49000 	/System/Library/PrivateFrameworks/CoreUtils.framework/Versions/A/CoreUtils
0x0000000033a49000 	/System/Library/Frameworks/IOBluetooth.framework/Versions/A/IOBluetooth
0x0000000033a49000 	/System/Library/PrivateFrameworks/CoreWiFi.framework/Versions/A/CoreWiFi
0x0000000033a49000 	/System/Library/Frameworks/CoreBluetooth.framework/Versions/A/CoreBluetooth
0x0000000033a49000 	/System/Library/Frameworks/CoreDisplay.framework/Versions/A/CoreDisplay
0x0000000033a49000 	/System/Library/PrivateFrameworks/IOPresentment.framework/Versions/A/IOPresentment
0x0000000033a49000 	/System/Library/PrivateFrameworks/DebugSymbols.framework/Versions/A/DebugSymbols
0x0000000033a49000 	/System/Library/PrivateFrameworks/CoreSymbolication.framework/Versions/A/CoreSymbolication
0x0000000033a49000 	/System/Library/PrivateFrameworks/Symbolication.framework/Versions/A/Symbolication
0x0000000033a49000 	/System/Library/PrivateFrameworks/AppleFSCompression.framework/Versions/A/AppleFSCompression
0x0000000033a49000 	/System/Library/PrivateFrameworks/SpeechRecognitionCore.framework/Versions/A/SpeechRecognitionCore
0x0000000033a49000 	/System/Library/PrivateFrameworks/ChunkingLibrary.framework/Versions/A/ChunkingLibrary
0x0000000100308000 	/Users/iainhemstock/Downloads/Eclipse.app/Contents/Eclipse/plugins/org.eclipse.equinox.launcher.cocoa.macosx.x86_64_1.1.401.v20161122-1740/eclipse_1615.so
0x0000000033a49000 	/System/Library/PrivateFrameworks/CoreServicesInternal.framework/Versions/A/CoreServicesInternal
0x0000000100714000 	/Library/Java/JavaVirtualMachines/jdk1.8.0_111.jdk/Contents/MacOS/libjli.dylib
0x00000001034c8000 	/Library/Java/JavaVirtualMachines/jdk1.8.0_111.jdk/Contents/Home/jre//lib/server/libjvm.dylib
0x0000000033a49000 	/usr/lib/libstdc++.6.dylib
0x0000000100724000 	/Library/Java/JavaVirtualMachines/jdk1.8.0_111.jdk/Contents/Home/jre/lib/libverify.dylib
0x0000000100732000 	/Library/Java/JavaVirtualMachines/jdk1.8.0_111.jdk/Contents/Home/jre/lib/libjava.dylib
0x000000010076f000 	/Library/Java/JavaVirtualMachines/jdk1.8.0_111.jdk/Contents/Home/jre/lib/libzip.dylib
0x0000000107f98000 	/System/Library/Frameworks/JavaVM.framework/Frameworks/JavaRuntimeSupport.framework/JavaRuntimeSupport
0x0000000107fb2000 	/System/Library/Frameworks/JavaVM.framework/Versions/A/Frameworks/JavaNativeFoundation.framework/Versions/A/JavaNativeFoundation
0x0000000107fc7000 	/System/Library/Frameworks/JavaVM.framework/Versions/A/JavaVM
0x0000000033a49000 	/System/Library/Frameworks/Carbon.framework/Versions/A/Carbon
0x0000000107fd4000 	/System/Library/PrivateFrameworks/JavaLaunching.framework/Versions/A/JavaLaunching
0x0000000033a49000 	/System/Library/Frameworks/Carbon.framework/Versions/A/Frameworks/CommonPanels.framework/Versions/A/CommonPanels
0x0000000033a49000 	/System/Library/Frameworks/Carbon.framework/Versions/A/Frameworks/Help.framework/Versions/A/Help
0x0000000033a49000 	/System/Library/Frameworks/Carbon.framework/Versions/A/Frameworks/ImageCapture.framework/Versions/A/ImageCapture
0x0000000033a49000 	/System/Library/Frameworks/Carbon.framework/Versions/A/Frameworks/OpenScripting.framework/Versions/A/OpenScripting
0x0000000033a49000 	/System/Library/Frameworks/Carbon.framework/Versions/A/Frameworks/Print.framework/Versions/A/Print
0x0000000033a49000 	/System/Library/Frameworks/Carbon.framework/Versions/A/Frameworks/SecurityHI.framework/Versions/A/SecurityHI
0x0000000033a49000 	/System/Library/CoreServices/RawCamera.bundle/Contents/MacOS/RawCamera
0x0000000033a49000 	/System/Library/Frameworks/Accelerate.framework/Versions/A/Frameworks/vImage.framework/Versions/A/Libraries/libCGInterfaces.dylib
0x0000000033a49000 	/System/Library/PrivateFrameworks/FamilyControls.framework/Versions/A/FamilyControls
0x0000000033a49000 	/System/Library/PrivateFrameworks/CommerceKit.framework/Versions/A/Frameworks/CommerceCore.framework/Versions/A/CommerceCore
0x0000000033a49000 	/System/Library/PrivateFrameworks/SystemAdministration.framework/Versions/A/SystemAdministration
0x0000000033a49000 	/System/Library/PrivateFrameworks/AppContainer.framework/Versions/A/AppContainer
0x0000000033a49000 	/System/Library/PrivateFrameworks/SecCodeWrapper.framework/Versions/A/SecCodeWrapper
0x0000000033a49000 	/System/Library/Frameworks/DirectoryService.framework/Versions/A/DirectoryService
0x0000000033a49000 	/System/Library/PrivateFrameworks/DiskImages.framework/Versions/A/DiskImages
0x0000000033a49000 	/System/Library/PrivateFrameworks/LoginUIKit.framework/Versions/A/Frameworks/LoginUICore.framework/Versions/A/LoginUICore
0x0000000033a49000 	/usr/lib/libCoreStorage.dylib
0x0000000033a49000 	/usr/lib/libcsfde.dylib
0x0000000033a49000 	/usr/lib/libodfde.dylib
0x0000000033a49000 	/System/Library/Frameworks/DiscRecording.framework/Versions/A/DiscRecording
0x0000000033a49000 	/usr/lib/libcurl.4.dylib
0x0000000033a49000 	/System/Library/PrivateFrameworks/MediaKit.framework/Versions/A/MediaKit
0x0000000033a49000 	/System/Library/PrivateFrameworks/ProtectedCloudStorage.framework/Versions/A/ProtectedCloudStorage
0x0000000033a49000 	/System/Library/PrivateFrameworks/EFILogin.framework/Versions/A/EFILogin
0x0000000033a49000 	/usr/lib/libutil.dylib
0x0000000033a49000 	/System/Library/Frameworks/LDAP.framework/Versions/A/LDAP
0x0000000033a49000 	/usr/lib/libsasl2.2.dylib
0x0000000033a49000 	/System/Library/PrivateFrameworks/CoreDaemon.framework/Versions/B/CoreDaemon
0x0000000033a49000 	/System/Library/PrivateFrameworks/AppleSRP.framework/Versions/A/AppleSRP
0x0000000033a49000 	/System/Library/PrivateFrameworks/APFS.framework/Versions/A/APFS
0x0000000033a49000 	/System/Library/Frameworks/ApplicationServices.framework/Versions/A/Frameworks/ATS.framework/Versions/A/Resources/libTrueTypeScaler.dylib
0x0000000033a49000 	/System/Library/Frameworks/OpenGL.framework/Versions/A/Resources/GLEngine.bundle/GLEngine
0x0000000033a49000 	/System/Library/Frameworks/OpenGL.framework/Versions/A/Libraries/libGLProgrammability.dylib
0x000000011d000000 	/System/Library/Extensions/GeForceTeslaGLDriver.bundle/Contents/MacOS/GeForceTeslaGLDriver
0x000000011ebc6000 	/System/Library/Extensions/GeForceTeslaGLDriver.bundle/Contents/MacOS/libclh.dylib
0x0000000033a49000 	/System/Library/PrivateFrameworks/GPUSupport.framework/Versions/A/Libraries/libGPUSupport.dylib
0x0000000033a49000 	/System/Library/Frameworks/OpenGL.framework/Versions/A/Resources/GLRendererFloat.bundle/GLRendererFloat
0x0000000033a49000 	/System/Library/Frameworks/OpenCL.framework/Versions/A/Libraries/libcldcpuengine.dylib
0x0000000033a49000 	/usr/lib/libcrypto.0.9.8.dylib
0x0000000033a49000 	/System/Library/PrivateFrameworks/TrustEvaluationAgent.framework/Versions/A/TrustEvaluationAgent
0x000000011c7b5000 	/Library/Java/JavaVirtualMachines/jdk1.8.0_111.jdk/Contents/Home/jre/lib/libnet.dylib
0x000000011c1a1000 	/Library/Java/JavaVirtualMachines/jdk1.8.0_111.jdk/Contents/Home/jre/lib/libnio.dylib
0x0000000033a49000 	/System/Library/PrivateFrameworks/ViewBridge.framework/Versions/A/ViewBridge
0x0000000033a49000 	/System/Library/PrivateFrameworks/XPCService.framework/Versions/A/XPCService
0x0000000033a49000 	/System/Library/PrivateFrameworks/AppSandbox.framework/Versions/A/AppSandbox
0x0000000033a49000 	/usr/lib/libsandbox.1.dylib
0x0000000033a49000 	/usr/lib/libMatch.1.dylib
0x000000011c0df000 	/Users/iainhemstock/Downloads/Eclipse.app/Contents/Eclipse/configuration/org.eclipse.osgi/710/0/.cp/libswt-cocoa-4628.jnilib
0x0000000033a49000 	/System/Library/Frameworks/WebKit.framework/Versions/A/WebKit
0x0000000033a49000 	/System/Library/Frameworks/JavaScriptCore.framework/Versions/A/JavaScriptCore
0x0000000033a49000 	/System/Library/Frameworks/SecurityInterface.framework/Versions/A/SecurityInterface
0x0000000033a49000 	/System/Library/Frameworks/WebKit.framework/Versions/A/Frameworks/WebKitLegacy.framework/Versions/A/WebKitLegacy
0x0000000033a49000 	/System/Library/Frameworks/WebKit.framework/Versions/A/Frameworks/WebCore.framework/Versions/A/WebCore
0x000000011f53f000 	/Users/iainhemstock/Downloads/Eclipse.app/Contents/Eclipse/configuration/org.eclipse.osgi/710/0/.cp/libswt-pi-cocoa-4628.jnilib
0x0000000107fe6000 	/Users/iainhemstock/Downloads/Eclipse.app/Contents/Eclipse/configuration/org.eclipse.osgi/100/0/.cp/os/macosx/libunixfile_1_0_0.jnilib
0x0000000122aec000 	/Library/Java/JavaVirtualMachines/jdk1.8.0_111.jdk/Contents/Home/jre/lib/libsunec.dylib
0x000000012006e000 	cl_kernels
0x0000000033a49000 	/System/Library/Frameworks/OpenCL.framework/Versions/A/Libraries/ImageFormats/unorm8_bgra.dylib
0x0000000108459000 	cl_kernels
0x0000000033a49000 	/System/Library/PrivateFrameworks/CloudDocs.framework/Versions/A/CloudDocs
0x0000000033a49000 	/System/Library/Frameworks/CloudKit.framework/Versions/A/CloudKit
0x0000000033a49000 	/System/Library/PrivateFrameworks/MMCS.framework/Versions/A/MMCS
0x0000000033a49000 	/System/Library/Frameworks/CoreLocation.framework/Versions/A/CoreLocation
0x0000000033a49000 	/System/Library/PrivateFrameworks/AssetCacheServices.framework/Versions/A/AssetCacheServices
0x0000000033a49000 	/System/Library/PrivateFrameworks/GeoServices.framework/Versions/A/GeoServices
0x0000000033a49000 	/System/Library/PrivateFrameworks/Shortcut.framework/Versions/A/Shortcut
0x0000000033a49000 	/System/Library/PrivateFrameworks/HelpData.framework/Versions/A/HelpData
0x0000000033a49000 	/System/Library/PrivateFrameworks/DataDetectors.framework/Versions/A/DataDetectors
0x0000000033a49000 	/System/Library/Frameworks/AddressBook.framework/Versions/A/AddressBook
0x0000000033a49000 	/System/Library/Frameworks/Quartz.framework/Versions/A/Quartz
0x0000000033a49000 	/System/Library/PrivateFrameworks/ContactsPersistence.framework/Versions/A/ContactsPersistence
0x0000000033a49000 	/System/Library/PrivateFrameworks/CalendarAgentLink.framework/Versions/A/CalendarAgentLink
0x0000000033a49000 	/System/Library/PrivateFrameworks/ContactsFoundation.framework/Versions/A/ContactsFoundation
0x0000000033a49000 	/System/Library/PrivateFrameworks/vCard.framework/Versions/A/vCard
0x0000000033a49000 	/System/Library/PrivateFrameworks/IntlPreferences.framework/Versions/A/IntlPreferences
0x0000000033a49000 	/System/Library/PrivateFrameworks/ToneLibrary.framework/Versions/A/ToneLibrary
0x0000000033a49000 	/System/Library/PrivateFrameworks/ToneKit.framework/Versions/A/ToneKit
0x0000000033a49000 	/System/Library/PrivateFrameworks/ApplePushService.framework/Versions/A/ApplePushService
0x0000000033a49000 	/System/Library/PrivateFrameworks/PhoneNumbers.framework/Versions/A/PhoneNumbers
0x0000000033a49000 	/System/Library/Frameworks/Accounts.framework/Versions/A/Accounts
0x0000000033a49000 	/System/Library/PrivateFrameworks/OAuth.framework/Versions/A/OAuth
0x0000000033a49000 	/System/Library/Frameworks/AVFoundation.framework/Versions/A/AVFoundation
0x0000000033a49000 	/System/Library/Frameworks/AVFoundation.framework/Versions/A/Frameworks/AVFAudio.framework/Versions/A/AVFAudio
0x0000000033a49000 	/System/Library/Frameworks/CoreMedia.framework/Versions/A/CoreMedia
0x0000000033a49000 	/System/Library/Frameworks/MediaToolbox.framework/Versions/A/MediaToolbox
0x0000000033a49000 	/System/Library/Frameworks/VideoToolbox.framework/Versions/A/VideoToolbox
0x0000000033a49000 	/System/Library/Frameworks/CoreMediaIO.framework/Versions/A/CoreMediaIO
0x0000000033a49000 	/usr/lib/libspindump.dylib
0x0000000033a49000 	/usr/lib/libdscsym.dylib
0x0000000033a49000 	/System/Library/PrivateFrameworks/CoreAVCHD.framework/Versions/A/CoreAVCHD
0x0000000033a49000 	/System/Library/Frameworks/MediaAccessibility.framework/Versions/A/MediaAccessibility
0x0000000033a49000 	/System/Library/PrivateFrameworks/Mangrove.framework/Versions/A/Mangrove
0x0000000033a49000 	/System/Library/PrivateFrameworks/CoreAUC.framework/Versions/A/CoreAUC
0x0000000033a49000 	/System/Library/PrivateFrameworks/AppleVA.framework/Versions/A/AppleVA
0x0000000033a49000 	/System/Library/Frameworks/Quartz.framework/Versions/A/Frameworks/QuartzComposer.framework/Versions/A/QuartzComposer
0x0000000033a49000 	/System/Library/Frameworks/Quartz.framework/Versions/A/Frameworks/PDFKit.framework/Versions/A/PDFKit
0x0000000033a49000 	/System/Library/Frameworks/Quartz.framework/Versions/A/Frameworks/QuartzFilters.framework/Versions/A/QuartzFilters
0x0000000033a49000 	/System/Library/Frameworks/Quartz.framework/Versions/A/Frameworks/ImageKit.framework/Versions/A/ImageKit
0x0000000033a49000 	/System/Library/Frameworks/Quartz.framework/Versions/A/Frameworks/QuickLookUI.framework/Versions/A/QuickLookUI
0x0000000033a49000 	/System/Library/Frameworks/QTKit.framework/Versions/A/QTKit
0x0000000033a49000 	/System/Library/PrivateFrameworks/AppleSystemInfo.framework/Versions/A/AppleSystemInfo
0x0000000033a49000 	/System/Library/PrivateFrameworks/CoreMediaAuthoring.framework/Versions/A/CoreMediaAuthoring
0x0000000033a49000 	/System/Library/PrivateFrameworks/CorePDF.framework/Versions/A/CorePDF
0x0000000033a49000 	/System/Library/Frameworks/SafariServices.framework/Versions/A/SafariServices
0x0000000033a49000 	/System/Library/Frameworks/QuickLook.framework/Versions/A/QuickLook
0x0000000033a49000 	/System/Library/PrivateFrameworks/MobileKeyBag.framework/Versions/A/MobileKeyBag
0x0000000033a49000 	/System/Library/PrivateFrameworks/QuickLookThumbnailing.framework/Versions/A/QuickLookThumbnailing
0x0000000033a49000 	/System/Library/PrivateFrameworks/DisplayServices.framework/Versions/A/DisplayServices
0x0000000033a49000 	/System/Library/Frameworks/ImageCaptureCore.framework/Versions/A/ImageCaptureCore
0x00000001084a3000 	/Users/iainhemstock/Downloads/Eclipse.app/Contents/Eclipse/configuration/org.eclipse.osgi/519/0/.cp/os/macosx/x86_64/libspawner.jnilib
0x00000001084bd000 	/Users/iainhemstock/Downloads/Eclipse.app/Contents/Eclipse/configuration/org.eclipse.osgi/519/0/.cp/os/macosx/x86_64/libpty.jnilib
0x000000011c73b000 	/System/Library/PrivateFrameworks/CoreNLP.framework/Versions/A/CoreNLP

VM Arguments:
jvm_args: -Dosgi.requiredJavaVersion=1.8 -XX:+UseG1GC -XX:+UseStringDeduplication -XstartOnFirstThread -Dorg.eclipse.swt.internal.carbon.smallFonts -Dosgi.requiredJavaVersion=1.8 -Xms256m -Xmx1024m -Xdock:icon=../Resources/Eclipse.icns -XstartOnFirstThread -Dorg.eclipse.swt.internal.carbon.smallFonts 
java_command: <unknown>
java_class_path (initial): /Users/iainhemstock/Downloads/Eclipse.app/Contents/MacOS//../Eclipse/plugins/org.eclipse.equinox.launcher_1.3.201.v20161025-1711.jar
Launcher Type: generic

Environment Variables:
PATH=/usr/bin:/bin:/usr/sbin:/sbin
SHELL=/bin/bash

Signal Handlers:
SIGSEGV: [libjvm.dylib+0x5b03ed], sa_mask[0]=11111111011111110111111111111111, sa_flags=SA_ONSTACK|SA_RESTART|SA_SIGINFO
SIGBUS: [libjvm.dylib+0x5b03ed], sa_mask[0]=11111111011111110111111111111111, sa_flags=SA_RESTART|SA_SIGINFO
SIGFPE: [libjvm.dylib+0x48711c], sa_mask[0]=11111111011111110111111111111111, sa_flags=SA_RESTART|SA_SIGINFO
SIGPIPE: [libjvm.dylib+0x48711c], sa_mask[0]=11111111011111110111111111111111, sa_flags=SA_RESTART|SA_SIGINFO
SIGXFSZ: [libjvm.dylib+0x48711c], sa_mask[0]=11111111011111110111111111111111, sa_flags=SA_RESTART|SA_SIGINFO
SIGILL: [libjvm.dylib+0x48711c], sa_mask[0]=11111111011111110111111111111111, sa_flags=SA_RESTART|SA_SIGINFO
SIGUSR1: SIG_DFL, sa_mask[0]=00000000000000000000000000000000, sa_flags=none
SIGUSR2: [libjvm.dylib+0x486c3a], sa_mask[0]=00000000000000000000000000000000, sa_flags=SA_RESTART|SA_SIGINFO
SIGHUP: [libjvm.dylib+0x485211], sa_mask[0]=11111111011111110111111111111111, sa_flags=SA_RESTART|SA_SIGINFO
SIGINT: [libjvm.dylib+0x485211], sa_mask[0]=11111111011111110111111111111111, sa_flags=SA_RESTART|SA_SIGINFO
SIGTERM: [libjvm.dylib+0x485211], sa_mask[0]=11111111011111110111111111111111, sa_flags=SA_RESTART|SA_SIGINFO
SIGQUIT: [libjvm.dylib+0x485211], sa_mask[0]=11111111011111110111111111111111, sa_flags=SA_RESTART|SA_SIGINFO


---------------  S Y S T E M  ---------------

OS:Bsduname:Darwin 16.1.0 Darwin Kernel Version 16.1.0: Wed Oct 19 20:31:56 PDT 2016; root:xnu-3789.21.4~4/RELEASE_X86_64 x86_64
rlimit: STACK 8192k, CORE 0k, NPROC 709, NOFILE 10240, AS infinity
load average:3.33 3.74 3.75

CPU:total 2 (2 cores per cpu, 1 threads per core) family 6 model 23 stepping 10, cmov, cx8, fxsr, mmx, sse, sse2, sse3, ssse3, sse4.1, tsc

Memory: 4k page, physical 8388608k(58736k free)

/proc/meminfo:


vm_info: Java HotSpot(TM) 64-Bit Server VM (25.111-b14) for bsd-amd64 JRE (1.8.0_111-b14), built on Sep 22 2016 15:31:41 by "java_re" with gcc 4.2.1 (Based on Apple Inc. build 5658) (LLVM build 2336.11.00)

time: Sun Jan 29 14:23:38 2017
elapsed time: 3659 seconds (0d 1h 0m 59s)

