#
# A fatal error has been detected by the Java Runtime Environment:
#
#  SIGILL (0x4) at pc=0x00007fffbe402bde, pid=62088, tid=0x0000000000000203
#
# JRE version: Java(TM) SE Runtime Environment (8.0_111-b14) (build 1.8.0_111-b14)
# Java VM: Java HotSpot(TM) 64-Bit Server VM (25.111-b14 mixed mode bsd-amd64 compressed oops)
# Problematic frame:
# C  [libsystem_platform.dylib+0x5bde]  _os_unfair_lock_corruption_abort+0x17
#
# Failed to write core dump. Core dumps have been disabled. To enable core dumping, try "ulimit -c unlimited" before starting Java again
#
# If you would like to submit a bug report, please visit:
#   http://bugreport.java.com/bugreport/crash.jsp
# The crash happened outside the Java Virtual Machine in native code.
# See problematic frame for where to report the bug.
#

---------------  T H R E A D  ---------------

Current thread (0x000000012688b000):  JavaThread "Spawner Reaper" daemon [_thread_in_native, id=84319, stack(0x000070000561d000,0x000070000571d000)]

siginfo: si_signo: 4 (SIGILL), si_code: 1 (ILL_ILLOPC), si_addr: 0x00007fffbe402bde

Registers:
RAX=0x000000000000dd0e, RBX=0x000000000000dd0e, RCX=0x00007fffbe404b6c, RDX=0x0000000000000000
RSP=0x000070000571c1a8, RBP=0x000070000571c1e0, RSI=0x00007fffc6f2f700, RDI=0x000000000000dd0e
R8 =0x00000000000000c4, R9 =0x000000012b078950, R10=0x0000000000000000, R11=0x0000000000000246
R12=0x00007fffc6f2f700, R13=0x0000000000000203, R14=0x0000000001010002, R15=0x0000000000000203
RIP=0x00007fffbe402bde, EFLAGS=0x0000000000010246, ERR=0x0000000000000000
  TRAPNO=0x0000000000000006

Top of Stack: (sp=0x000070000571c1a8)
0x000070000571c1a8:   00007fffbe40244e 000000000000dd0f
0x000070000571c1b8:   0000000000000280 000000012b04e3b0
0x000070000571c1c8:   00007fffc6f2f480 00007fffc6f2f700
0x000070000571c1d8:   000000012b07f698 000070000571c230
0x000070000571c1e8:   00007fffbd90a370 0000000000000000
0x000070000571c1f8:   0000000000000000 0000000000000000
0x000070000571c208:   000000012b04e3b0 0000000000000000
0x000070000571c218:   0000000000000000 000000012b04e301
0x000070000571c228:   000000012b07f698 000070000571c250
0x000070000571c238:   00007fffbd90a0b7 000000012b04e3b0
0x000070000571c248:   000000012b04e3b0 000070000571c270
0x000070000571c258:   00007fffbd90a017 0000000000000000
0x000070000571c268:   00000001249f7370 000070000571c2e0
0x000070000571c278:   00007fffbe44b672 0000000000000000
0x000070000571c288:   000070000571c300 0300000780001513
0x000070000571c298:   0000000110000003 000000012b013a50
0x000070000571c2a8:   00000023249f9f60 00000001249f7370
0x000070000571c2b8:   000000000000008d 00000000000000cf
0x000070000571c2c8:   0000000100007440 0000000000000005
0x000070000571c2d8:   00000001249f9f60 000070000571c350
0x000070000571c2e8:   00007fffbe44b34d 0000000000000008
0x000070000571c2f8:   000070000571c390 0000000000000000
0x000070000571c308:   00000001249f9f60 00007fffbe46660d
0x000070000571c318:   00000001249f9f60 000070000571c350
0x000070000571c328:   0000000000000008 0000000000000000
0x000070000571c338:   00000001249f9f60 0000000000000008
0x000070000571c348:   00007fffbe304290 000070000571c3e0
0x000070000571c358:   00007fffbe44af00 0000000000000000
0x000070000571c368:   0789c932084d007a 000070000571c3f0
0x000070000571c378:   00007fffbe1ee48e 00007fffbe304290
0x000070000571c388:   000070000571c424 0000000000000000
0x000070000571c398:   ff00000000000000 0000000000000000 

Instructions: (pc=0x00007fffbe402bde)
0x00007fffbe402bbe:   89 f7 e8 55 18 00 00 eb ae 89 f8 48 8d 0d 9c 1f
0x00007fffbe402bce:   00 00 48 89 0d e1 c6 bd 08 48 89 05 0a c7 bd 08
0x00007fffbe402bde:   0f 0b 89 f8 48 8d 0d 12 20 00 00 48 89 0d c8 c6
0x00007fffbe402bee:   bd 08 48 89 05 f1 c6 bd 08 0f 0b 55 48 89 e5 41 

Register to memory mapping:

RAX=0x000000000000dd0e is an unknown value
RBX=0x000000000000dd0e is an unknown value
RCX=0x00007fffbe404b6c: _h+0x25c in /usr/lib/system/libsystem_platform.dylib at 0x00007fffbe3fd000
RDX=0x0000000000000000 is an unknown value
RSP=0x000070000571c1a8 is pointing into the stack for thread: 0x000000012688b000
RBP=0x000070000571c1e0 is pointing into the stack for thread: 0x000000012688b000
RSI=0x00007fffc6f2f700: _ZN12_GLOBAL__N_1L12SideTableBufE+0x280 in /usr/lib/libobjc.A.dylib at 0x00007fffbd901000
RDI=0x000000000000dd0e is an unknown value
R8 =0x00000000000000c4 is an unknown value
R9 =0x000000012b078950 is an unknown value
R10=0x0000000000000000 is an unknown value
R11=0x0000000000000246 is an unknown value
R12=0x00007fffc6f2f700: _ZN12_GLOBAL__N_1L12SideTableBufE+0x280 in /usr/lib/libobjc.A.dylib at 0x00007fffbd901000
R13=0x0000000000000203 is an unknown value
R14=0x0000000001010002 is an unknown value
R15=0x0000000000000203 is an unknown value


Stack: [0x000070000561d000,0x000070000571d000],  sp=0x000070000571c1a8,  free space=1020k
Native frames: (J=compiled Java code, j=interpreted, Vv=VM code, C=native code)
C  [libsystem_platform.dylib+0x5bde]  _os_unfair_lock_corruption_abort+0x17
C  [libobjc.A.dylib+0x9370]  objc_object::sidetable_clearDeallocating()+0x54
C  [libobjc.A.dylib+0x90b7]  objc_destructInstance+0x8f
C  [libobjc.A.dylib+0x9017]  object_dispose+0x16
C  [libxpc.dylib+0x5672]  xpc_pipe_routine+0x297
C  [libxpc.dylib+0x534d]  _xpc_interface_routine+0xa4
C  [libxpc.dylib+0x4f00]  bootstrap_look_up3+0xc1
C  [libxpc.dylib+0x4e2d]  bootstrap_look_up2+0x2d
C  [libxpc.dylib+0x708f]  xpc_pipe_create+0x3d
C  [libsystem_info.dylib+0x1a9f]  _od_xpc_pipe+0x96
C  [libsystem_info.dylib+0x19dc]  _od_running+0xd
C  [libsystem_info.dylib+0x6191]  ds_group_byname+0x12
C  [libsystem_info.dylib+0x6112]  search_group_byname+0x66
C  [libsystem_info.dylib+0x6068]  getgrnam+0x33
C  [libspawner.jnilib+0x265e]  ptys_open+0x1e
C  [libspawner.jnilib+0x20ee]  exec_pty+0x22e
C  [libspawner.jnilib+0x1102]  Java_org_eclipse_cdt_utils_spawner_Spawner_exec2+0x182
j  org.eclipse.cdt.utils.spawner.Spawner.exec2([Ljava/lang/String;[Ljava/lang/String;Ljava/lang/String;[ILjava/lang/String;IZ)I+0
j  org.eclipse.cdt.utils.pty.PTY.exec_pty(Lorg/eclipse/cdt/utils/spawner/Spawner;[Ljava/lang/String;[Ljava/lang/String;Ljava/lang/String;[I)I+48
j  org.eclipse.cdt.utils.spawner.Spawner$2.execute([Ljava/lang/String;[Ljava/lang/String;Ljava/lang/String;[I)I+13
j  org.eclipse.cdt.utils.spawner.Spawner$Reaper.run()V+20
v  ~StubRoutines::call_stub
V  [libjvm.dylib+0x2ecf8a]  JavaCalls::call_helper(JavaValue*, methodHandle*, JavaCallArguments*, Thread*)+0x6ae
V  [libjvm.dylib+0x2ed718]  JavaCalls::call_virtual(JavaValue*, KlassHandle, Symbol*, Symbol*, JavaCallArguments*, Thread*)+0x164
V  [libjvm.dylib+0x2ed8c4]  JavaCalls::call_virtual(JavaValue*, Handle, KlassHandle, Symbol*, Symbol*, Thread*)+0x4a
V  [libjvm.dylib+0x348039]  thread_entry(JavaThread*, Thread*)+0x7c
V  [libjvm.dylib+0x56a27b]  JavaThread::thread_main_inner()+0x9b
V  [libjvm.dylib+0x56b968]  JavaThread::run()+0x1c2
V  [libjvm.dylib+0x489b0a]  java_start(Thread*)+0xf6
C  [libsystem_pthread.dylib+0x3aab]  _pthread_body+0xb4
C  [libsystem_pthread.dylib+0x39f7]  _pthread_body+0x0
C  [libsystem_pthread.dylib+0x3221]  thread_start+0xd
C  0x0000000000000000

Java frames: (J=compiled Java code, j=interpreted, Vv=VM code)
j  org.eclipse.cdt.utils.spawner.Spawner.exec2([Ljava/lang/String;[Ljava/lang/String;Ljava/lang/String;[ILjava/lang/String;IZ)I+0
j  org.eclipse.cdt.utils.pty.PTY.exec_pty(Lorg/eclipse/cdt/utils/spawner/Spawner;[Ljava/lang/String;[Ljava/lang/String;Ljava/lang/String;[I)I+48
j  org.eclipse.cdt.utils.spawner.Spawner$2.execute([Ljava/lang/String;[Ljava/lang/String;Ljava/lang/String;[I)I+13
j  org.eclipse.cdt.utils.spawner.Spawner$Reaper.run()V+20
v  ~StubRoutines::call_stub

---------------  P R O C E S S  ---------------

Java Threads: ( => current thread )
=>0x000000012688b000 JavaThread "Spawner Reaper" daemon [_thread_in_native, id=84319, stack(0x000070000561d000,0x000070000571d000)]
  0x00000001223da000 JavaThread "Worker-17" [_thread_blocked, id=83275, stack(0x0000700006884000,0x0000700006984000)]
  0x0000000121b30800 JavaThread "Worker-16" [_thread_blocked, id=78611, stack(0x0000700005f3e000,0x000070000603e000)]
  0x0000000126d08800 JavaThread "Worker-15" [_thread_blocked, id=69395, stack(0x0000700005e3b000,0x0000700005f3b000)]
  0x0000000126995000 JavaThread "Worker-14" [_thread_blocked, id=69139, stack(0x0000700005d38000,0x0000700005e38000)]
  0x0000000126ef4000 JavaThread "Provisioning Event Dispatcher" daemon [_thread_blocked, id=86787, stack(0x0000700006b8d000,0x0000700006c8d000)]
  0x0000000126cfb000 JavaThread "Worker-13" [_thread_blocked, id=84739, stack(0x0000700006781000,0x0000700006881000)]
  0x0000000122241000 JavaThread "Thread-14" [_thread_blocked, id=70163, stack(0x00007000039c0000,0x0000700003ac0000)]
  0x0000000123914800 JavaThread "Worker-10" [_thread_blocked, id=81411, stack(0x00007000063f5000,0x00007000064f5000)]
  0x000000010134d800 JavaThread "Worker-8" [_thread_blocked, id=80387, stack(0x00007000061ef000,0x00007000062ef000)]
  0x0000000121e67800 JavaThread "org.eclipse.cdt.internal.ui.text.CReconciler" daemon [_thread_blocked, id=68643, stack(0x0000700005a29000,0x0000700005b29000)]
  0x0000000126b45000 JavaThread "org.eclipse.cdt.internal.ui.text.CReconciler" daemon [_thread_blocked, id=68359, stack(0x0000700005926000,0x0000700005a26000)]
  0x0000000100e7e000 JavaThread "EventAdmin Async Event Dispatcher Thread" daemon [_thread_blocked, id=5383, stack(0x0000700005823000,0x0000700005923000)]
  0x0000000121a9d800 JavaThread "[ThreadPool Manager] - Idle Thread" daemon [_thread_blocked, id=54887, stack(0x0000700005720000,0x0000700005820000)]
  0x0000000100c3d000 JavaThread "Worker-1" [_thread_blocked, id=56591, stack(0x000070000551a000,0x000070000561a000)]
  0x0000000121de3000 JavaThread "Bundle File Closer" daemon [_thread_blocked, id=33807, stack(0x0000700005417000,0x0000700005517000)]
  0x00000001014a6800 JavaThread "Worker-0" [_thread_blocked, id=33543, stack(0x0000700003b49000,0x0000700003c49000)]
  0x0000000100e75800 JavaThread "EMF Reference Cleaner" daemon [_thread_blocked, id=59675, stack(0x0000700005314000,0x0000700005414000)]
  0x00000001011c6800 JavaThread "Worker-JM" [_thread_blocked, id=60431, stack(0x000070000510e000,0x000070000520e000)]
  0x00000001014a5800 JavaThread "[Timer] - Main Queue Handler" daemon [_thread_blocked, id=57863, stack(0x0000700005211000,0x0000700005311000)]
  0x0000000100b58800 JavaThread "Start Level: Equinox Container: fedb5f0d-41db-414e-9b6f-392d095b13b0" daemon [_thread_blocked, id=48131, stack(0x0000700004f88000,0x0000700005088000)]
  0x0000000100b58000 JavaThread "Framework Event Dispatcher: org.eclipse.osgi.internal.framework.EquinoxEventPublisher@1f2d2181" daemon [_thread_blocked, id=47619, stack(0x0000700004e85000,0x0000700004f85000)]
  0x0000000100ad1800 JavaThread "Active Thread: Equinox Container: fedb5f0d-41db-414e-9b6f-392d095b13b0" [_thread_blocked, id=46863, stack(0x0000700004d82000,0x0000700004e82000)]
  0x00000001008e1000 JavaThread "Service Thread" daemon [_thread_blocked, id=30979, stack(0x0000700004b7c000,0x0000700004c7c000)]
  0x00000001010fc000 JavaThread "C1 CompilerThread1" daemon [_thread_blocked, id=30467, stack(0x0000700004a79000,0x0000700004b79000)]
  0x0000000100867800 JavaThread "C2 CompilerThread0" daemon [_thread_in_native, id=29955, stack(0x0000700004976000,0x0000700004a76000)]
  0x0000000100800000 JavaThread "Signal Dispatcher" daemon [_thread_blocked, id=29443, stack(0x0000700004873000,0x0000700004973000)]
  0x0000000100866800 JavaThread "Surrogate Locker Thread (Concurrent GC)" daemon [_thread_blocked, id=28675, stack(0x0000700004770000,0x0000700004870000)]
  0x0000000100897800 JavaThread "Finalizer" daemon [_thread_blocked, id=27651, stack(0x000070000466d000,0x000070000476d000)]
  0x000000010088f000 JavaThread "Reference Handler" daemon [_thread_blocked, id=27139, stack(0x000070000456a000,0x000070000466a000)]
  0x000000010103a000 JavaThread "main" [_thread_in_native, id=775, stack(0x00007fff5f400000,0x00007fff5fc00000)]

Other Threads:
  0x000000010088a800 VMThread [stack: 0x0000700004467000,0x0000700004567000] [id=26627]
  0x00000001010f9000 WatcherThread [stack: 0x0000700004c7f000,0x0000700004d7f000] [id=31491]

VM state:not at safepoint (normal execution)

VM Mutex/Monitor currently owned by a thread: None

Heap:
 garbage-first heap   total 262144K, used 130047K [0x0000000780000000, 0x0000000780100800, 0x00000007c0000000)
  region size 1024K, 22 young (22528K), 1 survivors (1024K)
 Metaspace       used 97058K, capacity 106014K, committed 106304K, reserved 1140736K
  class space    used 11910K, capacity 14659K, committed 14696K, reserved 1048576K

Heap Regions: (Y=young(eden), SU=young(survivor), HS=humongous(starts), HC=humongous(continues), CS=collection set, F=free, TS=gc time stamp, PTAMS=previous top-at-mark-start, NTAMS=next top-at-mark-start)
AC   0  O    TS     0 PTAMS 0x0000000780100000 NTAMS 0x0000000780100000 space 1024K, 100% used [0x0000000780000000, 0x0000000780100000)
AC   0  O    TS     0 PTAMS 0x0000000780200000 NTAMS 0x0000000780200000 space 1024K, 100% used [0x0000000780100000, 0x0000000780200000)
AC   0  O    TS     0 PTAMS 0x0000000780300000 NTAMS 0x0000000780300000 space 1024K, 100% used [0x0000000780200000, 0x0000000780300000)
AC   0  O    TS     0 PTAMS 0x0000000780400000 NTAMS 0x0000000780400000 space 1024K, 100% used [0x0000000780300000, 0x0000000780400000)
AC   0  O    TS     0 PTAMS 0x0000000780500000 NTAMS 0x0000000780500000 space 1024K, 100% used [0x0000000780400000, 0x0000000780500000)
AC   0  O    TS     0 PTAMS 0x0000000780600000 NTAMS 0x0000000780600000 space 1024K, 100% used [0x0000000780500000, 0x0000000780600000)
AC   0  O    TS     0 PTAMS 0x0000000780700000 NTAMS 0x0000000780700000 space 1024K, 100% used [0x0000000780600000, 0x0000000780700000)
AC   0  O    TS     0 PTAMS 0x0000000780800000 NTAMS 0x0000000780800000 space 1024K, 100% used [0x0000000780700000, 0x0000000780800000)
AC   0  O    TS     0 PTAMS 0x0000000780900000 NTAMS 0x0000000780900000 space 1024K, 100% used [0x0000000780800000, 0x0000000780900000)
AC   0  F    TS     0 PTAMS 0x0000000780900000 NTAMS 0x0000000780900000 space 1024K,   0% used [0x0000000780900000, 0x0000000780a00000)
AC   0  O    TS     0 PTAMS 0x0000000780b00000 NTAMS 0x0000000780b00000 space 1024K, 100% used [0x0000000780a00000, 0x0000000780b00000)
AC   0  O    TS     0 PTAMS 0x0000000780c00000 NTAMS 0x0000000780c00000 space 1024K, 100% used [0x0000000780b00000, 0x0000000780c00000)
AC   0  F    TS     0 PTAMS 0x0000000780c00000 NTAMS 0x0000000780c00000 space 1024K,   0% used [0x0000000780c00000, 0x0000000780d00000)
AC   0  O    TS     0 PTAMS 0x0000000780e00000 NTAMS 0x0000000780e00000 space 1024K, 100% used [0x0000000780d00000, 0x0000000780e00000)
AC   0  O    TS     0 PTAMS 0x0000000780f00000 NTAMS 0x0000000780f00000 space 1024K, 100% used [0x0000000780e00000, 0x0000000780f00000)
AC   0  F    TS     0 PTAMS 0x0000000780f00000 NTAMS 0x0000000780f00000 space 1024K,   0% used [0x0000000780f00000, 0x0000000781000000)
AC   0  F    TS     0 PTAMS 0x0000000781000000 NTAMS 0x0000000781000000 space 1024K,   0% used [0x0000000781000000, 0x0000000781100000)
AC   0  F    TS     0 PTAMS 0x0000000781100000 NTAMS 0x0000000781100000 space 1024K,   0% used [0x0000000781100000, 0x0000000781200000)
AC   0  O    TS     0 PTAMS 0x0000000781300000 NTAMS 0x0000000781300000 space 1024K, 100% used [0x0000000781200000, 0x0000000781300000)
AC   0  O    TS     1 PTAMS 0x0000000781300000 NTAMS 0x0000000781300000 space 1024K, 100% used [0x0000000781300000, 0x0000000781400000)
AC   0  O    TS     1 PTAMS 0x0000000781400000 NTAMS 0x0000000781400000 space 1024K, 100% used [0x0000000781400000, 0x0000000781500000)
AC   0  O    TS     1 PTAMS 0x0000000781500000 NTAMS 0x0000000781500000 space 1024K, 100% used [0x0000000781500000, 0x0000000781600000)
AC   0  O    TS     1 PTAMS 0x0000000781600000 NTAMS 0x0000000781600000 space 1024K, 100% used [0x0000000781600000, 0x0000000781700000)
AC   0  O    TS     0 PTAMS 0x0000000781800000 NTAMS 0x0000000781800000 space 1024K, 100% used [0x0000000781700000, 0x0000000781800000)
AC   0  O    TS     0 PTAMS 0x0000000781900000 NTAMS 0x0000000781900000 space 1024K, 100% used [0x0000000781800000, 0x0000000781900000)
AC   0  O    TS     0 PTAMS 0x0000000781a00000 NTAMS 0x0000000781a00000 space 1024K, 100% used [0x0000000781900000, 0x0000000781a00000)
AC   0  O    TS     0 PTAMS 0x0000000781b00000 NTAMS 0x0000000781b00000 space 1024K, 100% used [0x0000000781a00000, 0x0000000781b00000)
AC   0  O    TS     0 PTAMS 0x0000000781c00000 NTAMS 0x0000000781c00000 space 1024K, 100% used [0x0000000781b00000, 0x0000000781c00000)
AC   0  O    TS     0 PTAMS 0x0000000781d00000 NTAMS 0x0000000781d00000 space 1024K, 100% used [0x0000000781c00000, 0x0000000781d00000)
AC   0  O    TS     0 PTAMS 0x0000000781e00000 NTAMS 0x0000000781e00000 space 1024K, 100% used [0x0000000781d00000, 0x0000000781e00000)
AC   0  O    TS     0 PTAMS 0x0000000781f00000 NTAMS 0x0000000781f00000 space 1024K, 100% used [0x0000000781e00000, 0x0000000781f00000)
AC   0  F    TS     0 PTAMS 0x0000000781f00000 NTAMS 0x0000000781f00000 space 1024K,   0% used [0x0000000781f00000, 0x0000000782000000)
AC   0  O    TS     0 PTAMS 0x0000000782100000 NTAMS 0x0000000782100000 space 1024K, 100% used [0x0000000782000000, 0x0000000782100000)
AC   0  O    TS     0 PTAMS 0x0000000782200000 NTAMS 0x0000000782200000 space 1024K, 100% used [0x0000000782100000, 0x0000000782200000)
AC   0  O    TS     0 PTAMS 0x0000000782300000 NTAMS 0x0000000782300000 space 1024K, 100% used [0x0000000782200000, 0x0000000782300000)
AC   0  O    TS     0 PTAMS 0x0000000782400000 NTAMS 0x0000000782400000 space 1024K, 100% used [0x0000000782300000, 0x0000000782400000)
AC   0  O    TS     0 PTAMS 0x0000000782500000 NTAMS 0x0000000782500000 space 1024K, 100% used [0x0000000782400000, 0x0000000782500000)
AC   0  O    TS     0 PTAMS 0x0000000782600000 NTAMS 0x0000000782600000 space 1024K, 100% used [0x0000000782500000, 0x0000000782600000)
AC   0  O    TS     0 PTAMS 0x0000000782700000 NTAMS 0x0000000782700000 space 1024K, 100% used [0x0000000782600000, 0x0000000782700000)
AC   0  O    TS     0 PTAMS 0x0000000782800000 NTAMS 0x0000000782800000 space 1024K, 100% used [0x0000000782700000, 0x0000000782800000)
AC   0  O    TS     0 PTAMS 0x0000000782900000 NTAMS 0x0000000782900000 space 1024K, 100% used [0x0000000782800000, 0x0000000782900000)
AC   0  O    TS     0 PTAMS 0x0000000782a00000 NTAMS 0x0000000782a00000 space 1024K, 100% used [0x0000000782900000, 0x0000000782a00000)
AC   0  O    TS     0 PTAMS 0x0000000782b00000 NTAMS 0x0000000782b00000 space 1024K, 100% used [0x0000000782a00000, 0x0000000782b00000)
AC   0  O    TS     0 PTAMS 0x0000000782c00000 NTAMS 0x0000000782c00000 space 1024K, 100% used [0x0000000782b00000, 0x0000000782c00000)
AC   0  O    TS     0 PTAMS 0x0000000782d00000 NTAMS 0x0000000782d00000 space 1024K, 100% used [0x0000000782c00000, 0x0000000782d00000)
AC   0  O    TS     0 PTAMS 0x0000000782e00000 NTAMS 0x0000000782e00000 space 1024K, 100% used [0x0000000782d00000, 0x0000000782e00000)
AC   0  O    TS     0 PTAMS 0x0000000782f00000 NTAMS 0x0000000782f00000 space 1024K, 100% used [0x0000000782e00000, 0x0000000782f00000)
AC   0  O    TS     0 PTAMS 0x0000000783000000 NTAMS 0x0000000783000000 space 1024K, 100% used [0x0000000782f00000, 0x0000000783000000)
AC   0  O    TS     0 PTAMS 0x0000000783100000 NTAMS 0x0000000783100000 space 1024K, 100% used [0x0000000783000000, 0x0000000783100000)
AC   0  O    TS     0 PTAMS 0x0000000783200000 NTAMS 0x0000000783200000 space 1024K, 100% used [0x0000000783100000, 0x0000000783200000)
AC   0  O    TS     0 PTAMS 0x0000000783300000 NTAMS 0x0000000783300000 space 1024K, 100% used [0x0000000783200000, 0x0000000783300000)
AC   0  F    TS     0 PTAMS 0x0000000783300000 NTAMS 0x0000000783300000 space 1024K,   0% used [0x0000000783300000, 0x0000000783400000)
AC   0  F    TS     0 PTAMS 0x0000000783400000 NTAMS 0x0000000783400000 space 1024K,   0% used [0x0000000783400000, 0x0000000783500000)
AC   0  O    TS     0 PTAMS 0x0000000783600000 NTAMS 0x0000000783600000 space 1024K, 100% used [0x0000000783500000, 0x0000000783600000)
AC   0  O    TS     0 PTAMS 0x0000000783700000 NTAMS 0x0000000783700000 space 1024K, 100% used [0x0000000783600000, 0x0000000783700000)
AC   0  O    TS     0 PTAMS 0x0000000783800000 NTAMS 0x0000000783800000 space 1024K, 100% used [0x0000000783700000, 0x0000000783800000)
AC   0  O    TS     0 PTAMS 0x0000000783900000 NTAMS 0x0000000783900000 space 1024K, 100% used [0x0000000783800000, 0x0000000783900000)
AC   0  O    TS     0 PTAMS 0x0000000783a00000 NTAMS 0x0000000783a00000 space 1024K, 100% used [0x0000000783900000, 0x0000000783a00000)
AC   0  O    TS     0 PTAMS 0x0000000783b00000 NTAMS 0x0000000783b00000 space 1024K, 100% used [0x0000000783a00000, 0x0000000783b00000)
AC   0  O    TS     0 PTAMS 0x0000000783c00000 NTAMS 0x0000000783c00000 space 1024K, 100% used [0x0000000783b00000, 0x0000000783c00000)
AC   0  O    TS     0 PTAMS 0x0000000783d00000 NTAMS 0x0000000783d00000 space 1024K, 100% used [0x0000000783c00000, 0x0000000783d00000)
AC   0  O    TS     0 PTAMS 0x0000000783e00000 NTAMS 0x0000000783e00000 space 1024K, 100% used [0x0000000783d00000, 0x0000000783e00000)
AC   0  O    TS     0 PTAMS 0x0000000783f00000 NTAMS 0x0000000783f00000 space 1024K, 100% used [0x0000000783e00000, 0x0000000783f00000)
AC   0  O    TS     0 PTAMS 0x0000000784000000 NTAMS 0x0000000784000000 space 1024K, 100% used [0x0000000783f00000, 0x0000000784000000)
AC   0  O    TS     0 PTAMS 0x0000000784100000 NTAMS 0x0000000784100000 space 1024K, 100% used [0x0000000784000000, 0x0000000784100000)
AC   0  O    TS     0 PTAMS 0x0000000784200000 NTAMS 0x0000000784200000 space 1024K, 100% used [0x0000000784100000, 0x0000000784200000)
AC   0  F    TS     0 PTAMS 0x0000000784200000 NTAMS 0x0000000784200000 space 1024K,   0% used [0x0000000784200000, 0x0000000784300000)
AC   0  O    TS     1 PTAMS 0x0000000784300000 NTAMS 0x0000000784300000 space 1024K, 100% used [0x0000000784300000, 0x0000000784400000)
AC   0  O    TS     1 PTAMS 0x0000000784400000 NTAMS 0x0000000784400000 space 1024K, 100% used [0x0000000784400000, 0x0000000784500000)
AC   0  O    TS     1 PTAMS 0x0000000784500000 NTAMS 0x0000000784500000 space 1024K, 100% used [0x0000000784500000, 0x0000000784600000)
AC   0  O    TS     3 PTAMS 0x0000000784600000 NTAMS 0x0000000784600000 space 1024K, 100% used [0x0000000784600000, 0x0000000784700000)
AC   0  O    TS     3 PTAMS 0x0000000784700000 NTAMS 0x0000000784700000 space 1024K, 100% used [0x0000000784700000, 0x0000000784800000)
AC   0  O    TS     3 PTAMS 0x0000000784800000 NTAMS 0x0000000784800000 space 1024K, 100% used [0x0000000784800000, 0x0000000784900000)
AC   0  O    TS     3 PTAMS 0x0000000784900000 NTAMS 0x0000000784900000 space 1024K, 100% used [0x0000000784900000, 0x0000000784a00000)
AC   0  O    TS     0 PTAMS 0x0000000784b00000 NTAMS 0x0000000784b00000 space 1024K, 100% used [0x0000000784a00000, 0x0000000784b00000)
AC   0  O    TS     0 PTAMS 0x0000000784c00000 NTAMS 0x0000000784c00000 space 1024K, 100% used [0x0000000784b00000, 0x0000000784c00000)
AC   0  O    TS     0 PTAMS 0x0000000784d00000 NTAMS 0x0000000784d00000 space 1024K, 100% used [0x0000000784c00000, 0x0000000784d00000)
AC   0  O    TS     0 PTAMS 0x0000000784e00000 NTAMS 0x0000000784e00000 space 1024K, 100% used [0x0000000784d00000, 0x0000000784e00000)
AC   0  O    TS     0 PTAMS 0x0000000784f00000 NTAMS 0x0000000784f00000 space 1024K, 100% used [0x0000000784e00000, 0x0000000784f00000)
AC   0  O    TS     0 PTAMS 0x0000000785000000 NTAMS 0x0000000785000000 space 1024K, 100% used [0x0000000784f00000, 0x0000000785000000)
AC   0  O    TS     0 PTAMS 0x0000000785100000 NTAMS 0x0000000785100000 space 1024K, 100% used [0x0000000785000000, 0x0000000785100000)
AC   0  O    TS     0 PTAMS 0x0000000785200000 NTAMS 0x0000000785200000 space 1024K, 100% used [0x0000000785100000, 0x0000000785200000)
AC   0  O    TS     0 PTAMS 0x0000000785300000 NTAMS 0x0000000785300000 space 1024K, 100% used [0x0000000785200000, 0x0000000785300000)
AC   0  O    TS     0 PTAMS 0x0000000785400000 NTAMS 0x0000000785400000 space 1024K, 100% used [0x0000000785300000, 0x0000000785400000)
AC   0  O    TS     0 PTAMS 0x0000000785500000 NTAMS 0x0000000785500000 space 1024K, 100% used [0x0000000785400000, 0x0000000785500000)
AC   0  O    TS     0 PTAMS 0x0000000785600000 NTAMS 0x0000000785600000 space 1024K, 100% used [0x0000000785500000, 0x0000000785600000)
AC   0  O    TS     0 PTAMS 0x0000000785700000 NTAMS 0x0000000785700000 space 1024K, 100% used [0x0000000785600000, 0x0000000785700000)
AC   0  O    TS     0 PTAMS 0x0000000785800000 NTAMS 0x0000000785800000 space 1024K, 100% used [0x0000000785700000, 0x0000000785800000)
AC   0  O    TS     0 PTAMS 0x0000000785900000 NTAMS 0x0000000785900000 space 1024K, 100% used [0x0000000785800000, 0x0000000785900000)
AC   0  O    TS     0 PTAMS 0x0000000785a00000 NTAMS 0x0000000785a00000 space 1024K, 100% used [0x0000000785900000, 0x0000000785a00000)
AC   0  O    TS     0 PTAMS 0x0000000785b00000 NTAMS 0x0000000785b00000 space 1024K, 100% used [0x0000000785a00000, 0x0000000785b00000)
AC   0  O    TS     0 PTAMS 0x0000000785c00000 NTAMS 0x0000000785c00000 space 1024K, 100% used [0x0000000785b00000, 0x0000000785c00000)
AC   0  O    TS     0 PTAMS 0x0000000785d00000 NTAMS 0x0000000785d00000 space 1024K, 100% used [0x0000000785c00000, 0x0000000785d00000)
AC   0  O    TS     0 PTAMS 0x0000000785e00000 NTAMS 0x0000000785e00000 space 1024K, 100% used [0x0000000785d00000, 0x0000000785e00000)
AC   0  O    TS     0 PTAMS 0x0000000785f00000 NTAMS 0x0000000785f00000 space 1024K, 100% used [0x0000000785e00000, 0x0000000785f00000)
AC   0  F    TS     0 PTAMS 0x0000000785f00000 NTAMS 0x0000000785f00000 space 1024K,   0% used [0x0000000785f00000, 0x0000000786000000)
AC   0  O    TS     0 PTAMS 0x0000000786100000 NTAMS 0x0000000786100000 space 1024K, 100% used [0x0000000786000000, 0x0000000786100000)
AC   0  O    TS     0 PTAMS 0x0000000786200000 NTAMS 0x0000000786200000 space 1024K, 100% used [0x0000000786100000, 0x0000000786200000)
AC   0  O    TS     3 PTAMS 0x0000000786200000 NTAMS 0x0000000786200000 space 1024K, 100% used [0x0000000786200000, 0x0000000786300000)
AC   0  O    TS     0 PTAMS 0x0000000786400000 NTAMS 0x0000000786400000 space 1024K, 100% used [0x0000000786300000, 0x0000000786400000)
AC   0  F    TS     0 PTAMS 0x0000000786400000 NTAMS 0x0000000786400000 space 1024K,   0% used [0x0000000786400000, 0x0000000786500000)
AC   0  O    TS     0 PTAMS 0x0000000786600000 NTAMS 0x0000000786600000 space 1024K, 100% used [0x0000000786500000, 0x0000000786600000)
AC   0  F    TS     0 PTAMS 0x0000000786600000 NTAMS 0x0000000786600000 space 1024K,   0% used [0x0000000786600000, 0x0000000786700000)
AC   0  O    TS     0 PTAMS 0x0000000786800000 NTAMS 0x0000000786800000 space 1024K, 100% used [0x0000000786700000, 0x0000000786800000)
AC   0  O    TS     0 PTAMS 0x0000000786900000 NTAMS 0x0000000786900000 space 1024K, 100% used [0x0000000786800000, 0x0000000786900000)
AC   0  F    TS     0 PTAMS 0x0000000786900000 NTAMS 0x0000000786900000 space 1024K,   0% used [0x0000000786900000, 0x0000000786a00000)
AC   0  O    TS     0 PTAMS 0x0000000786b00000 NTAMS 0x0000000786b00000 space 1024K, 100% used [0x0000000786a00000, 0x0000000786b00000)
AC   0  O    TS     0 PTAMS 0x0000000786c00000 NTAMS 0x0000000786c00000 space 1024K, 100% used [0x0000000786b00000, 0x0000000786c00000)
AC   0  O    TS     0 PTAMS 0x0000000786d00000 NTAMS 0x0000000786d00000 space 1024K, 100% used [0x0000000786c00000, 0x0000000786d00000)
AC   0  O    TS     0 PTAMS 0x0000000786e00000 NTAMS 0x0000000786e00000 space 1024K, 100% used [0x0000000786d00000, 0x0000000786e00000)
AC   0  O    TS     0 PTAMS 0x0000000786f00000 NTAMS 0x0000000786f00000 space 1024K, 100% used [0x0000000786e00000, 0x0000000786f00000)
AC   0  F    TS     0 PTAMS 0x0000000786f00000 NTAMS 0x0000000786f00000 space 1024K,   0% used [0x0000000786f00000, 0x0000000787000000)
AC   0  F    TS     0 PTAMS 0x0000000787000000 NTAMS 0x0000000787000000 space 1024K,   0% used [0x0000000787000000, 0x0000000787100000)
AC   0  F    TS     0 PTAMS 0x0000000787100000 NTAMS 0x0000000787100000 space 1024K,   0% used [0x0000000787100000, 0x0000000787200000)
AC   0  F    TS     0 PTAMS 0x0000000787200000 NTAMS 0x0000000787200000 space 1024K,   0% used [0x0000000787200000, 0x0000000787300000)
AC   0  F    TS     0 PTAMS 0x0000000787300000 NTAMS 0x0000000787300000 space 1024K,   0% used [0x0000000787300000, 0x0000000787400000)
AC   0  F    TS     0 PTAMS 0x0000000787400000 NTAMS 0x0000000787400000 space 1024K,   0% used [0x0000000787400000, 0x0000000787500000)
AC   0  O    TS     1 PTAMS 0x00000007875b7200 NTAMS 0x00000007875b7200 space 1024K, 100% used [0x0000000787500000, 0x0000000787600000)
AC   0  O    TS     3 PTAMS 0x0000000787600000 NTAMS 0x0000000787600000 space 1024K, 100% used [0x0000000787600000, 0x0000000787700000)
AC   0  O    TS     3 PTAMS 0x0000000787700000 NTAMS 0x0000000787700000 space 1024K, 100% used [0x0000000787700000, 0x0000000787800000)
AC   0  O    TS     3 PTAMS 0x0000000787800000 NTAMS 0x0000000787800000 space 1024K, 100% used [0x0000000787800000, 0x0000000787900000)
AC   0  O    TS     3 PTAMS 0x0000000787900000 NTAMS 0x0000000787900000 space 1024K, 100% used [0x0000000787900000, 0x0000000787a00000)
AC   0  O    TS     3 PTAMS 0x0000000787a00000 NTAMS 0x0000000787a00000 space 1024K, 100% used [0x0000000787a00000, 0x0000000787b00000)
AC   0  O    TS     3 PTAMS 0x0000000787b00000 NTAMS 0x0000000787b00000 space 1024K, 100% used [0x0000000787b00000, 0x0000000787c00000)
AC   0  O    TS     3 PTAMS 0x0000000787c00000 NTAMS 0x0000000787c00000 space 1024K, 100% used [0x0000000787c00000, 0x0000000787d00000)
AC   0  F    TS     0 PTAMS 0x0000000787d00000 NTAMS 0x0000000787d00000 space 1024K,   0% used [0x0000000787d00000, 0x0000000787e00000)
AC   0  F    TS     0 PTAMS 0x0000000787e00000 NTAMS 0x0000000787e00000 space 1024K,   0% used [0x0000000787e00000, 0x0000000787f00000)
AC   0  F    TS     0 PTAMS 0x0000000787f00000 NTAMS 0x0000000787f00000 space 1024K,   0% used [0x0000000787f00000, 0x0000000788000000)
AC   0  F    TS     0 PTAMS 0x0000000788000000 NTAMS 0x0000000788000000 space 1024K,   0% used [0x0000000788000000, 0x0000000788100000)
AC   0  F    TS     0 PTAMS 0x0000000788100000 NTAMS 0x0000000788100000 space 1024K,   0% used [0x0000000788100000, 0x0000000788200000)
AC   0  F    TS     0 PTAMS 0x0000000788200000 NTAMS 0x0000000788200000 space 1024K,   0% used [0x0000000788200000, 0x0000000788300000)
AC   0  F    TS     0 PTAMS 0x0000000788300000 NTAMS 0x0000000788300000 space 1024K,   0% used [0x0000000788300000, 0x0000000788400000)
AC   0  F    TS     0 PTAMS 0x0000000788400000 NTAMS 0x0000000788400000 space 1024K,   0% used [0x0000000788400000, 0x0000000788500000)
AC   0  F    TS     0 PTAMS 0x0000000788500000 NTAMS 0x0000000788500000 space 1024K,   0% used [0x0000000788500000, 0x0000000788600000)
AC   0  F    TS     0 PTAMS 0x0000000788600000 NTAMS 0x0000000788600000 space 1024K,   0% used [0x0000000788600000, 0x0000000788700000)
AC   0  F    TS     0 PTAMS 0x0000000788700000 NTAMS 0x0000000788700000 space 1024K,   0% used [0x0000000788700000, 0x0000000788800000)
AC   0  F    TS     0 PTAMS 0x0000000788800000 NTAMS 0x0000000788800000 space 1024K,   0% used [0x0000000788800000, 0x0000000788900000)
AC   0  F    TS     0 PTAMS 0x0000000788900000 NTAMS 0x0000000788900000 space 1024K,   0% used [0x0000000788900000, 0x0000000788a00000)
AC   0  F    TS     0 PTAMS 0x0000000788a00000 NTAMS 0x0000000788a00000 space 1024K,   0% used [0x0000000788a00000, 0x0000000788b00000)
AC   0  F    TS     0 PTAMS 0x0000000788b00000 NTAMS 0x0000000788b00000 space 1024K,   0% used [0x0000000788b00000, 0x0000000788c00000)
AC   0  F    TS     0 PTAMS 0x0000000788c00000 NTAMS 0x0000000788c00000 space 1024K,   0% used [0x0000000788c00000, 0x0000000788d00000)
AC   0  F    TS     0 PTAMS 0x0000000788d00000 NTAMS 0x0000000788d00000 space 1024K,   0% used [0x0000000788d00000, 0x0000000788e00000)
AC   0  F    TS     0 PTAMS 0x0000000788e00000 NTAMS 0x0000000788e00000 space 1024K,   0% used [0x0000000788e00000, 0x0000000788f00000)
AC   0  F    TS     0 PTAMS 0x0000000788f00000 NTAMS 0x0000000788f00000 space 1024K,   0% used [0x0000000788f00000, 0x0000000789000000)
AC   0  F    TS     0 PTAMS 0x0000000789000000 NTAMS 0x0000000789000000 space 1024K,   0% used [0x0000000789000000, 0x0000000789100000)
AC   0  F    TS     0 PTAMS 0x0000000789100000 NTAMS 0x0000000789100000 space 1024K,   0% used [0x0000000789100000, 0x0000000789200000)
AC   0  F    TS     0 PTAMS 0x0000000789200000 NTAMS 0x0000000789200000 space 1024K,   0% used [0x0000000789200000, 0x0000000789300000)
AC   0  F    TS     0 PTAMS 0x0000000789300000 NTAMS 0x0000000789300000 space 1024K,   0% used [0x0000000789300000, 0x0000000789400000)
AC   0  F    TS     0 PTAMS 0x0000000789400000 NTAMS 0x0000000789400000 space 1024K,   0% used [0x0000000789400000, 0x0000000789500000)
AC   0  F    TS     0 PTAMS 0x0000000789500000 NTAMS 0x0000000789500000 space 1024K,   0% used [0x0000000789500000, 0x0000000789600000)
AC   0  F    TS     0 PTAMS 0x0000000789600000 NTAMS 0x0000000789600000 space 1024K,   0% used [0x0000000789600000, 0x0000000789700000)
AC   0  F    TS     0 PTAMS 0x0000000789700000 NTAMS 0x0000000789700000 space 1024K,   0% used [0x0000000789700000, 0x0000000789800000)
AC   0  F    TS     0 PTAMS 0x0000000789800000 NTAMS 0x0000000789800000 space 1024K,   0% used [0x0000000789800000, 0x0000000789900000)
AC   0  F    TS     0 PTAMS 0x0000000789900000 NTAMS 0x0000000789900000 space 1024K,   0% used [0x0000000789900000, 0x0000000789a00000)
AC   0  F    TS     0 PTAMS 0x0000000789a00000 NTAMS 0x0000000789a00000 space 1024K,   0% used [0x0000000789a00000, 0x0000000789b00000)
AC   0  F    TS     0 PTAMS 0x0000000789b00000 NTAMS 0x0000000789b00000 space 1024K,   0% used [0x0000000789b00000, 0x0000000789c00000)
AC   0  F    TS     1 PTAMS 0x0000000789c00000 NTAMS 0x0000000789c00000 space 1024K,   0% used [0x0000000789c00000, 0x0000000789d00000)
AC   0  F    TS     1 PTAMS 0x0000000789d00000 NTAMS 0x0000000789d00000 space 1024K,   0% used [0x0000000789d00000, 0x0000000789e00000)
AC   0  F    TS     1 PTAMS 0x0000000789e00000 NTAMS 0x0000000789e00000 space 1024K,   0% used [0x0000000789e00000, 0x0000000789f00000)
AC   0  F    TS     1 PTAMS 0x0000000789f00000 NTAMS 0x0000000789f00000 space 1024K,   0% used [0x0000000789f00000, 0x000000078a000000)
AC   0  F    TS     1 PTAMS 0x000000078a000000 NTAMS 0x000000078a000000 space 1024K,   0% used [0x000000078a000000, 0x000000078a100000)
AC   0  F    TS     1 PTAMS 0x000000078a100000 NTAMS 0x000000078a100000 space 1024K,   0% used [0x000000078a100000, 0x000000078a200000)
AC   0  F    TS     1 PTAMS 0x000000078a200000 NTAMS 0x000000078a200000 space 1024K,   0% used [0x000000078a200000, 0x000000078a300000)
AC   0  F    TS     1 PTAMS 0x000000078a300000 NTAMS 0x000000078a300000 space 1024K,   0% used [0x000000078a300000, 0x000000078a400000)
AC   0  F    TS     0 PTAMS 0x000000078a400000 NTAMS 0x000000078a400000 space 1024K,   0% used [0x000000078a400000, 0x000000078a500000)
AC   0  F    TS     0 PTAMS 0x000000078a500000 NTAMS 0x000000078a500000 space 1024K,   0% used [0x000000078a500000, 0x000000078a600000)
AC   0  F    TS     0 PTAMS 0x000000078a600000 NTAMS 0x000000078a600000 space 1024K,   0% used [0x000000078a600000, 0x000000078a700000)
AC   0  F    TS     0 PTAMS 0x000000078a700000 NTAMS 0x000000078a700000 space 1024K,   0% used [0x000000078a700000, 0x000000078a800000)
AC   0  F    TS     0 PTAMS 0x000000078a800000 NTAMS 0x000000078a800000 space 1024K,   0% used [0x000000078a800000, 0x000000078a900000)
AC   0  F    TS     0 PTAMS 0x000000078a900000 NTAMS 0x000000078a900000 space 1024K,   0% used [0x000000078a900000, 0x000000078aa00000)
AC   0  F    TS     0 PTAMS 0x000000078aa00000 NTAMS 0x000000078aa00000 space 1024K,   0% used [0x000000078aa00000, 0x000000078ab00000)
AC   0  F    TS     0 PTAMS 0x000000078ab00000 NTAMS 0x000000078ab00000 space 1024K,   0% used [0x000000078ab00000, 0x000000078ac00000)
AC   0  F    TS     0 PTAMS 0x000000078ac00000 NTAMS 0x000000078ac00000 space 1024K,   0% used [0x000000078ac00000, 0x000000078ad00000)
AC   0  F    TS     0 PTAMS 0x000000078ad00000 NTAMS 0x000000078ad00000 space 1024K,   0% used [0x000000078ad00000, 0x000000078ae00000)
AC   0  F    TS     0 PTAMS 0x000000078ae00000 NTAMS 0x000000078ae00000 space 1024K,   0% used [0x000000078ae00000, 0x000000078af00000)
AC   0  F    TS     0 PTAMS 0x000000078af00000 NTAMS 0x000000078af00000 space 1024K,   0% used [0x000000078af00000, 0x000000078b000000)
AC   0  F    TS     0 PTAMS 0x000000078b000000 NTAMS 0x000000078b000000 space 1024K,   0% used [0x000000078b000000, 0x000000078b100000)
AC   0  F    TS     0 PTAMS 0x000000078b100000 NTAMS 0x000000078b100000 space 1024K,   0% used [0x000000078b100000, 0x000000078b200000)
AC   0  F    TS     0 PTAMS 0x000000078b200000 NTAMS 0x000000078b200000 space 1024K,   0% used [0x000000078b200000, 0x000000078b300000)
AC   0  F    TS     0 PTAMS 0x000000078b300000 NTAMS 0x000000078b300000 space 1024K,   0% used [0x000000078b300000, 0x000000078b400000)
AC   0  F    TS     0 PTAMS 0x000000078b400000 NTAMS 0x000000078b400000 space 1024K,   0% used [0x000000078b400000, 0x000000078b500000)
AC   0  F    TS     0 PTAMS 0x000000078b500000 NTAMS 0x000000078b500000 space 1024K,   0% used [0x000000078b500000, 0x000000078b600000)
AC   0  F    TS     0 PTAMS 0x000000078b600000 NTAMS 0x000000078b600000 space 1024K,   0% used [0x000000078b600000, 0x000000078b700000)
AC   0  F    TS     0 PTAMS 0x000000078b700000 NTAMS 0x000000078b700000 space 1024K,   0% used [0x000000078b700000, 0x000000078b800000)
AC   0  F    TS     0 PTAMS 0x000000078b800000 NTAMS 0x000000078b800000 space 1024K,   0% used [0x000000078b800000, 0x000000078b900000)
AC   0  F    TS     0 PTAMS 0x000000078b900000 NTAMS 0x000000078b900000 space 1024K,   0% used [0x000000078b900000, 0x000000078ba00000)
AC   0  F    TS     0 PTAMS 0x000000078ba00000 NTAMS 0x000000078ba00000 space 1024K,   0% used [0x000000078ba00000, 0x000000078bb00000)
AC   0  F    TS     0 PTAMS 0x000000078bb00000 NTAMS 0x000000078bb00000 space 1024K,   0% used [0x000000078bb00000, 0x000000078bc00000)
AC   0  F    TS     0 PTAMS 0x000000078bc00000 NTAMS 0x000000078bc00000 space 1024K,   0% used [0x000000078bc00000, 0x000000078bd00000)
AC   0  F    TS     0 PTAMS 0x000000078bd00000 NTAMS 0x000000078bd00000 space 1024K,   0% used [0x000000078bd00000, 0x000000078be00000)
AC   0  F    TS     0 PTAMS 0x000000078be00000 NTAMS 0x000000078be00000 space 1024K,   0% used [0x000000078be00000, 0x000000078bf00000)
AC   0  F    TS     0 PTAMS 0x000000078bf00000 NTAMS 0x000000078bf00000 space 1024K,   0% used [0x000000078bf00000, 0x000000078c000000)
AC   0  F    TS     0 PTAMS 0x000000078c000000 NTAMS 0x000000078c000000 space 1024K,   0% used [0x000000078c000000, 0x000000078c100000)
AC   0  F    TS     0 PTAMS 0x000000078c100000 NTAMS 0x000000078c100000 space 1024K,   0% used [0x000000078c100000, 0x000000078c200000)
AC   0  F    TS     0 PTAMS 0x000000078c200000 NTAMS 0x000000078c200000 space 1024K,   0% used [0x000000078c200000, 0x000000078c300000)
AC   0  F    TS     0 PTAMS 0x000000078c300000 NTAMS 0x000000078c300000 space 1024K,   0% used [0x000000078c300000, 0x000000078c400000)
AC   0  F    TS     0 PTAMS 0x000000078c400000 NTAMS 0x000000078c400000 space 1024K,   0% used [0x000000078c400000, 0x000000078c500000)
AC   0  F    TS     0 PTAMS 0x000000078c500000 NTAMS 0x000000078c500000 space 1024K,   0% used [0x000000078c500000, 0x000000078c600000)
AC   0  F    TS     0 PTAMS 0x000000078c600000 NTAMS 0x000000078c600000 space 1024K,   0% used [0x000000078c600000, 0x000000078c700000)
AC   0  F    TS     0 PTAMS 0x000000078c700000 NTAMS 0x000000078c700000 space 1024K,   0% used [0x000000078c700000, 0x000000078c800000)
AC   0  F    TS     0 PTAMS 0x000000078c800000 NTAMS 0x000000078c800000 space 1024K,   0% used [0x000000078c800000, 0x000000078c900000)
AC   0  F    TS     0 PTAMS 0x000000078c900000 NTAMS 0x000000078c900000 space 1024K,   0% used [0x000000078c900000, 0x000000078ca00000)
AC   0  F    TS     0 PTAMS 0x000000078ca00000 NTAMS 0x000000078ca00000 space 1024K,   0% used [0x000000078ca00000, 0x000000078cb00000)
AC   0  F    TS     0 PTAMS 0x000000078cb00000 NTAMS 0x000000078cb00000 space 1024K,   0% used [0x000000078cb00000, 0x000000078cc00000)
AC   0  F    TS     0 PTAMS 0x000000078cc00000 NTAMS 0x000000078cc00000 space 1024K,   0% used [0x000000078cc00000, 0x000000078cd00000)
AC   0  F    TS     0 PTAMS 0x000000078cd00000 NTAMS 0x000000078cd00000 space 1024K,   0% used [0x000000078cd00000, 0x000000078ce00000)
AC   0  F    TS     0 PTAMS 0x000000078ce00000 NTAMS 0x000000078ce00000 space 1024K,   0% used [0x000000078ce00000, 0x000000078cf00000)
AC   0  F    TS     0 PTAMS 0x000000078cf00000 NTAMS 0x000000078cf00000 space 1024K,   0% used [0x000000078cf00000, 0x000000078d000000)
AC   0  F    TS     0 PTAMS 0x000000078d000000 NTAMS 0x000000078d000000 space 1024K,   0% used [0x000000078d000000, 0x000000078d100000)
AC   0  F    TS     0 PTAMS 0x000000078d100000 NTAMS 0x000000078d100000 space 1024K,   0% used [0x000000078d100000, 0x000000078d200000)
AC   0  F    TS     0 PTAMS 0x000000078d200000 NTAMS 0x000000078d200000 space 1024K,   0% used [0x000000078d200000, 0x000000078d300000)
AC   0  F    TS     0 PTAMS 0x000000078d300000 NTAMS 0x000000078d300000 space 1024K,   0% used [0x000000078d300000, 0x000000078d400000)
AC   0  F    TS     0 PTAMS 0x000000078d400000 NTAMS 0x000000078d400000 space 1024K,   0% used [0x000000078d400000, 0x000000078d500000)
AC   0  F    TS     0 PTAMS 0x000000078d500000 NTAMS 0x000000078d500000 space 1024K,   0% used [0x000000078d500000, 0x000000078d600000)
AC   0  F    TS     0 PTAMS 0x000000078d600000 NTAMS 0x000000078d600000 space 1024K,   0% used [0x000000078d600000, 0x000000078d700000)
AC   0  F    TS     0 PTAMS 0x000000078d700000 NTAMS 0x000000078d700000 space 1024K,   0% used [0x000000078d700000, 0x000000078d800000)
AC   0  F    TS     0 PTAMS 0x000000078d800000 NTAMS 0x000000078d800000 space 1024K,   0% used [0x000000078d800000, 0x000000078d900000)
AC   0  F    TS     0 PTAMS 0x000000078d900000 NTAMS 0x000000078d900000 space 1024K,   0% used [0x000000078d900000, 0x000000078da00000)
AC   0  F    TS     0 PTAMS 0x000000078da00000 NTAMS 0x000000078da00000 space 1024K,   0% used [0x000000078da00000, 0x000000078db00000)
AC   0  F    TS     0 PTAMS 0x000000078db00000 NTAMS 0x000000078db00000 space 1024K,   0% used [0x000000078db00000, 0x000000078dc00000)
AC   0  F    TS     0 PTAMS 0x000000078dc00000 NTAMS 0x000000078dc00000 space 1024K,   0% used [0x000000078dc00000, 0x000000078dd00000)
AC   0  F    TS     0 PTAMS 0x000000078dd00000 NTAMS 0x000000078dd00000 space 1024K,   0% used [0x000000078dd00000, 0x000000078de00000)
AC   0  F    TS     0 PTAMS 0x000000078de00000 NTAMS 0x000000078de00000 space 1024K,   0% used [0x000000078de00000, 0x000000078df00000)
AC   0  F    TS     0 PTAMS 0x000000078df00000 NTAMS 0x000000078df00000 space 1024K,   0% used [0x000000078df00000, 0x000000078e000000)
AC   0  F    TS     0 PTAMS 0x000000078e000000 NTAMS 0x000000078e000000 space 1024K,   0% used [0x000000078e000000, 0x000000078e100000)
AC   0  F    TS     0 PTAMS 0x000000078e100000 NTAMS 0x000000078e100000 space 1024K,   0% used [0x000000078e100000, 0x000000078e200000)
AC   0  F    TS     0 PTAMS 0x000000078e200000 NTAMS 0x000000078e200000 space 1024K,   0% used [0x000000078e200000, 0x000000078e300000)
AC   0  F    TS     0 PTAMS 0x000000078e300000 NTAMS 0x000000078e300000 space 1024K,   0% used [0x000000078e300000, 0x000000078e400000)
AC   0  F    TS     0 PTAMS 0x000000078e400000 NTAMS 0x000000078e400000 space 1024K,   0% used [0x000000078e400000, 0x000000078e500000)
AC   0  F    TS     0 PTAMS 0x000000078e500000 NTAMS 0x000000078e500000 space 1024K,   0% used [0x000000078e500000, 0x000000078e600000)
AC   0  F    TS     0 PTAMS 0x000000078e600000 NTAMS 0x000000078e600000 space 1024K,   0% used [0x000000078e600000, 0x000000078e700000)
AC   0  F    TS     0 PTAMS 0x000000078e700000 NTAMS 0x000000078e700000 space 1024K,   0% used [0x000000078e700000, 0x000000078e800000)
AC   0  F    TS     0 PTAMS 0x000000078e800000 NTAMS 0x000000078e800000 space 1024K,   0% used [0x000000078e800000, 0x000000078e900000)
AC   0  F    TS     0 PTAMS 0x000000078e900000 NTAMS 0x000000078e900000 space 1024K,   0% used [0x000000078e900000, 0x000000078ea00000)
AC   0  E    TS     0 PTAMS 0x000000078ea00000 NTAMS 0x000000078ea00000 space 1024K,  74% used [0x000000078ea00000, 0x000000078eb00000)
AC   0  E CS TS     0 PTAMS 0x000000078eb00000 NTAMS 0x000000078eb00000 space 1024K, 100% used [0x000000078eb00000, 0x000000078ec00000)
AC   0  E CS TS     0 PTAMS 0x000000078ec00000 NTAMS 0x000000078ec00000 space 1024K, 100% used [0x000000078ec00000, 0x000000078ed00000)
AC   0  E CS TS     0 PTAMS 0x000000078ed00000 NTAMS 0x000000078ed00000 space 1024K, 100% used [0x000000078ed00000, 0x000000078ee00000)
AC   0  E CS TS     0 PTAMS 0x000000078ee00000 NTAMS 0x000000078ee00000 space 1024K, 100% used [0x000000078ee00000, 0x000000078ef00000)
AC   0  E CS TS     0 PTAMS 0x000000078ef00000 NTAMS 0x000000078ef00000 space 1024K, 100% used [0x000000078ef00000, 0x000000078f000000)
AC   0  E CS TS     0 PTAMS 0x000000078f000000 NTAMS 0x000000078f000000 space 1024K, 100% used [0x000000078f000000, 0x000000078f100000)
AC   0  E CS TS     0 PTAMS 0x000000078f100000 NTAMS 0x000000078f100000 space 1024K, 100% used [0x000000078f100000, 0x000000078f200000)
AC   0  E CS TS     0 PTAMS 0x000000078f200000 NTAMS 0x000000078f200000 space 1024K, 100% used [0x000000078f200000, 0x000000078f300000)
AC   0  E CS TS     0 PTAMS 0x000000078f300000 NTAMS 0x000000078f300000 space 1024K, 100% used [0x000000078f300000, 0x000000078f400000)
AC   0  E CS TS     0 PTAMS 0x000000078f400000 NTAMS 0x000000078f400000 space 1024K, 100% used [0x000000078f400000, 0x000000078f500000)
AC   0  E CS TS     0 PTAMS 0x000000078f500000 NTAMS 0x000000078f500000 space 1024K, 100% used [0x000000078f500000, 0x000000078f600000)
AC   0  E CS TS     0 PTAMS 0x000000078f600000 NTAMS 0x000000078f600000 space 1024K, 100% used [0x000000078f600000, 0x000000078f700000)
AC   0  E CS TS     0 PTAMS 0x000000078f700000 NTAMS 0x000000078f700000 space 1024K, 100% used [0x000000078f700000, 0x000000078f800000)
AC   0  E CS TS     0 PTAMS 0x000000078f800000 NTAMS 0x000000078f800000 space 1024K, 100% used [0x000000078f800000, 0x000000078f900000)
AC   0  E CS TS     0 PTAMS 0x000000078f900000 NTAMS 0x000000078f900000 space 1024K, 100% used [0x000000078f900000, 0x000000078fa00000)
AC   0  E CS TS     0 PTAMS 0x000000078fa00000 NTAMS 0x000000078fa00000 space 1024K, 100% used [0x000000078fa00000, 0x000000078fb00000)
AC   0  S CS TS     3 PTAMS 0x000000078fb00000 NTAMS 0x000000078fb00000 space 1024K,  99% used [0x000000078fb00000, 0x000000078fc00000)
AC   0  E CS TS     0 PTAMS 0x000000078fc00000 NTAMS 0x000000078fc00000 space 1024K, 100% used [0x000000078fc00000, 0x000000078fd00000)
AC   0  E CS TS     0 PTAMS 0x000000078fd00000 NTAMS 0x000000078fd00000 space 1024K, 100% used [0x000000078fd00000, 0x000000078fe00000)
AC   0  E CS TS     0 PTAMS 0x000000078fe00000 NTAMS 0x000000078fe00000 space 1024K, 100% used [0x000000078fe00000, 0x000000078ff00000)
AC   0  E CS TS     0 PTAMS 0x000000078ff00000 NTAMS 0x000000078ff00000 space 1024K, 100% used [0x000000078ff00000, 0x0000000790000000)

Card table byte_map: [0x0000000104e24000,0x0000000105024000] byte_map_base: 0x0000000101224000

Marking Bits (Prev, Next): (CMBitMap*) 0x000000010104d8e0, (CMBitMap*) 0x000000010104d888
 Prev Bits: [0x0000000106224000, 0x0000000107224000)
 Next Bits: [0x0000000105224000, 0x0000000106224000)

Polling page: 0x00000001006f8000

CodeCache: size=245760Kb used=43890Kb max_used=43890Kb free=201869Kb
 bounds [0x000000010f5d8000, 0x0000000112108000, 0x000000011e5d8000]
 total_blobs=14415 nmethods=13654 adapters=670
 compilation: enabled

Compilation events (10 events):
Event: 288.744 Thread 0x00000001010fc000 17817       2       com.ibm.icu.impl.ICULocaleService$LocaleKey::currentDescriptor (85 bytes)
Event: 288.746 Thread 0x00000001010fc000 nmethod 17817 0x0000000110eece50 code [0x0000000110eed040, 0x0000000110eed6d8]
Event: 288.747 Thread 0x00000001010fc000 17818 % !   3       org.eclipse.cdt.internal.core.pdom.db.Database::flush @ 68 (122 bytes)
Event: 288.749 Thread 0x00000001010fc000 nmethod 17818% 0x00000001109c8790 code [0x00000001109c89e0, 0x00000001109c9888]
Event: 288.754 Thread 0x00000001010fc000 17822       2       org.eclipse.core.internal.events.ResourceDelta::getMarkerDeltas (95 bytes)
Event: 288.755 Thread 0x00000001010fc000 nmethod 17822 0x0000000110ca9010 code [0x0000000110ca91c0, 0x0000000110ca9698]
Event: 288.757 Thread 0x00000001010fc000 17819       2       com.ibm.icu.impl.ICULocaleService::get (88 bytes)
Event: 288.758 Thread 0x00000001010fc000 nmethod 17819 0x00000001111378d0 code [0x0000000111137ac0, 0x00000001111381c8]
Event: 288.806 Thread 0x00000001010fc000 17823       2       java.util.Calendar::isFieldSet (14 bytes)
Event: 288.807 Thread 0x00000001010fc000 nmethod 17823 0x00000001120d7210 code [0x00000001120d7360, 0x00000001120d74b0]

GC Heap History (10 events):
Event: 244.912 GC heap before
{Heap before GC invocations=26 (full 0):
 garbage-first heap   total 262144K, used 225331K [0x0000000780000000, 0x0000000780100800, 0x00000007c0000000)
  region size 1024K, 107 young (109568K), 8 survivors (8192K)
 Metaspace       used 96672K, capacity 105662K, committed 105792K, reserved 1140736K
  class space    used 11894K, capacity 14627K, committed 14696K, reserved 1048576K
Event: 245.000 GC heap after
Heap after GC invocations=27 (full 0):
 garbage-first heap   total 262144K, used 130984K [0x0000000780000000, 0x0000000780100800, 0x00000007c0000000)
  region size 1024K, 14 young (14336K), 14 survivors (14336K)
 Metaspace       used 96672K, capacity 105662K, committed 105792K, reserved 1140736K
  class space    used 11894K, capacity 14627K, committed 14696K, reserved 1048576K
}
Event: 278.561 GC heap before
{Heap before GC invocations=27 (full 0):
 garbage-first heap   total 262144K, used 220072K [0x0000000780000000, 0x0000000780100800, 0x00000007c0000000)
  region size 1024K, 101 young (103424K), 14 survivors (14336K)
 Metaspace       used 96925K, capacity 105950K, committed 106048K, reserved 1140736K
  class space    used 11910K, capacity 14659K, committed 14696K, reserved 1048576K
Event: 278.616 GC heap after
Heap after GC invocations=28 (full 0):
 garbage-first heap   total 262144K, used 125711K [0x0000000780000000, 0x0000000780100800, 0x00000007c0000000)
  region size 1024K, 6 young (6144K), 6 survivors (6144K)
 Metaspace       used 96925K, capacity 105950K, committed 106048K, reserved 1140736K
  class space    used 11910K, capacity 14659K, committed 14696K, reserved 1048576K
}
Event: 279.922 GC heap before
{Heap before GC invocations=28 (full 0):
 garbage-first heap   total 262144K, used 225039K [0x0000000780000000, 0x0000000780100800, 0x00000007c0000000)
  region size 1024K, 103 young (105472K), 6 survivors (6144K)
 Metaspace       used 96987K, capacity 105950K, committed 106048K, reserved 1140736K
  class space    used 11910K, capacity 14659K, committed 14696K, reserved 1048576K
Event: 279.983 GC heap after
Heap after GC invocations=29 (full 0):
 garbage-first heap   total 262144K, used 129807K [0x0000000780000000, 0x0000000780100800, 0x00000007c0000000)
  region size 1024K, 10 young (10240K), 10 survivors (10240K)
 Metaspace       used 96987K, capacity 105950K, committed 106048K, reserved 1140736K
  class space    used 11910K, capacity 14659K, committed 14696K, reserved 1048576K
}
Event: 283.321 GC heap before
{Heap before GC invocations=30 (full 0):
 garbage-first heap   total 262144K, used 212188K [0x0000000780000000, 0x0000000780100800, 0x00000007c0000000)
  region size 1024K, 102 young (104448K), 10 survivors (10240K)
 Metaspace       used 97013K, capacity 105950K, committed 106048K, reserved 1140736K
  class space    used 11910K, capacity 14659K, committed 14696K, reserved 1048576K
Event: 283.383 GC heap after
Heap after GC invocations=31 (full 0):
 garbage-first heap   total 262144K, used 123989K [0x0000000780000000, 0x0000000780100800, 0x00000007c0000000)
  region size 1024K, 8 young (8192K), 8 survivors (8192K)
 Metaspace       used 97013K, capacity 105950K, committed 106048K, reserved 1140736K
  class space    used 11910K, capacity 14659K, committed 14696K, reserved 1048576K
}
Event: 283.563 GC heap before
{Heap before GC invocations=31 (full 0):
 garbage-first heap   total 262144K, used 128085K [0x0000000780000000, 0x0000000780100800, 0x00000007c0000000)
  region size 1024K, 12 young (12288K), 8 survivors (8192K)
 Metaspace       used 97014K, capacity 105950K, committed 106048K, reserved 1140736K
  class space    used 11910K, capacity 14659K, committed 14696K, reserved 1048576K
Event: 283.631 GC heap after
Heap after GC invocations=32 (full 0):
 garbage-first heap   total 262144K, used 109567K [0x0000000780000000, 0x0000000780100800, 0x00000007c0000000)
  region size 1024K, 1 young (1024K), 1 survivors (1024K)
 Metaspace       used 97014K, capacity 105950K, committed 106048K, reserved 1140736K
  class space    used 11910K, capacity 14659K, committed 14696K, reserved 1048576K
}

Deoptimization events (10 events):
Event: 273.197 Thread 0x0000000126b45000 Uncommon trap: reason=unstable_if action=reinterpret pc=0x0000000110b3232c method=org.eclipse.cdt.internal.ui.editor.SemanticHighlightingManager$HighlightedPosition.isEqual(IILorg/eclipse/cdt/internal/ui/editor/SemanticHighlightingManager$HighlightingStyl
Event: 273.197 Thread 0x0000000126b45000 Uncommon trap: reason=unstable_if action=reinterpret pc=0x000000011108a2f4 method=org.eclipse.cdt.internal.ui.editor.SemanticHighlightingManager$HighlightedPosition.isEqual(IILorg/eclipse/cdt/internal/ui/editor/SemanticHighlightingManager$HighlightingStyl
Event: 274.269 Thread 0x000000010103a000 Uncommon trap: reason=unstable_if action=reinterpret pc=0x0000000111896a78 method=org.eclipse.jface.text.Position.overlapsWith(II)Z @ 91
Event: 274.543 Thread 0x000000010103a000 Uncommon trap: reason=null_assert action=make_not_entrant pc=0x00000001114204dc method=org.eclipse.jface.text.AbstractLineTracker.hasActiveRewriteSession()Z @ 4
Event: 275.356 Thread 0x0000000126b45000 Uncommon trap: reason=array_check action=maybe_recompile pc=0x0000000111c54f7c method=java.util.TimSort.reverseRange([Ljava/lang/Object;II)V @ 27
Event: 278.291 Thread 0x000000010103a000 Uncommon trap: reason=predicate action=maybe_recompile pc=0x00000001101bb670 method=org.eclipse.cdt.core.model.CoreModelUtil.match([CII[CIIZ)Z @ 95
Event: 278.458 Thread 0x0000000123914800 Uncommon trap: reason=unstable_if action=reinterpret pc=0x00000001104645c8 method=org.eclipse.cdt.internal.core.dom.parser.cpp.CPPParameter.getPrimaryDeclaration()Lorg/eclipse/cdt/core/dom/ast/IASTName; @ 4
Event: 278.653 Thread 0x0000000123914800 Uncommon trap: reason=class_check action=maybe_recompile pc=0x0000000111382128 method=org.eclipse.cdt.internal.core.dom.parser.cpp.semantics.CPPVisitor.findDeclarationOwner(Lorg/eclipse/cdt/core/dom/ast/IASTNode;Z)Lorg/eclipse/cdt/core/dom/ast/IBinding; @
Event: 278.653 Thread 0x0000000123914800 Uncommon trap: reason=class_check action=maybe_recompile pc=0x0000000111382128 method=org.eclipse.cdt.internal.core.dom.parser.cpp.semantics.CPPVisitor.findDeclarationOwner(Lorg/eclipse/cdt/core/dom/ast/IASTNode;Z)Lorg/eclipse/cdt/core/dom/ast/IBinding; @
Event: 282.574 Thread 0x0000000121e67800 Uncommon trap: reason=class_check action=maybe_recompile pc=0x00000001113821e0 method=org.eclipse.cdt.internal.core.dom.parser.cpp.semantics.CPPVisitor.findNameOwner(Lorg/eclipse/cdt/core/dom/ast/IASTName;Z)Lorg/eclipse/cdt/core/dom/ast/IBinding; @ 68

Internal exceptions (10 events):
Event: 280.679 Thread 0x0000000121e67800 Exception <a 'java/lang/ArrayIndexOutOfBoundsException'> (0x000000078d74e3f0) thrown at [/Users/java_re/workspace/8-2-build-macosx-x86_64/jdk8u111/7883/hotspot/src/share/vm/runtime/sharedRuntime.cpp, line 605]
Event: 280.679 Thread 0x0000000121e67800 Exception <a 'java/lang/ArrayIndexOutOfBoundsException'> (0x000000078d74f4c0) thrown at [/Users/java_re/workspace/8-2-build-macosx-x86_64/jdk8u111/7883/hotspot/src/share/vm/runtime/sharedRuntime.cpp, line 605]
Event: 281.380 Thread 0x0000000126d08800 Exception <a 'sun/nio/fs/UnixException'> (0x000000078cb90538) thrown at [/Users/java_re/workspace/8-2-build-macosx-x86_64/jdk8u111/7883/hotspot/src/share/vm/prims/jni.cpp, line 709]
Event: 287.837 Thread 0x0000000121862000 Exception <a 'java/lang/UnsatisfiedLinkError': org.eclipse.cdt.utils.spawner.SpawnerInputStream.available0(I)I> (0x000000078f300358) thrown at [/Users/java_re/workspace/8-2-build-macosx-x86_64/jdk8u111/7883/hotspot/src/share/vm/prims/nativeLookup.cpp, lin
Event: 287.847 Thread 0x0000000121862000 Exception <a 'java/lang/UnsatisfiedLinkError': org.eclipse.cdt.utils.spawner.SpawnerInputStream.available0(I)I> (0x000000078f302cf8) thrown at [/Users/java_re/workspace/8-2-build-macosx-x86_64/jdk8u111/7883/hotspot/src/share/vm/prims/nativeLookup.cpp, lin
Event: 287.856 Thread 0x0000000121862000 Exception <a 'java/lang/UnsatisfiedLinkError': org.eclipse.cdt.utils.spawner.SpawnerInputStream.available0(I)I> (0x000000078f3050a8) thrown at [/Users/java_re/workspace/8-2-build-macosx-x86_64/jdk8u111/7883/hotspot/src/share/vm/prims/nativeLookup.cpp, lin
Event: 287.862 Thread 0x0000000121862000 Exception <a 'java/lang/UnsatisfiedLinkError': org.eclipse.cdt.utils.spawner.SpawnerInputStream.available0(I)I> (0x000000078f307780) thrown at [/Users/java_re/workspace/8-2-build-macosx-x86_64/jdk8u111/7883/hotspot/src/share/vm/prims/nativeLookup.cpp, lin
Event: 287.863 Thread 0x0000000121862000 Exception <a 'java/lang/UnsatisfiedLinkError': org.eclipse.cdt.utils.spawner.SpawnerInputStream.available0(I)I> (0x000000078f309ef8) thrown at [/Users/java_re/workspace/8-2-build-macosx-x86_64/jdk8u111/7883/hotspot/src/share/vm/prims/nativeLookup.cpp, lin
Event: 288.476 Thread 0x0000000121862000 Exception <a 'java/lang/UnsatisfiedLinkError': org.eclipse.cdt.utils.spawner.SpawnerInputStream.available0(I)I> (0x000000078f30d620) thrown at [/Users/java_re/workspace/8-2-build-macosx-x86_64/jdk8u111/7883/hotspot/src/share/vm/prims/nativeLookup.cpp, lin
Event: 288.490 Thread 0x0000000121862000 Exception <a 'java/lang/UnsatisfiedLinkError': org.eclipse.cdt.utils.spawner.SpawnerInputStream.available0(I)I> (0x000000078f30fef0) thrown at [/Users/java_re/workspace/8-2-build-macosx-x86_64/jdk8u111/7883/hotspot/src/share/vm/prims/nativeLookup.cpp, lin

Events (10 events):
Event: 288.748 Executing VM operation: RevokeBias
Event: 288.748 Executing VM operation: RevokeBias done
Event: 288.751 Thread 0x000000012688b000 Thread added: 0x000000012688b000
Event: 288.752 Executing VM operation: RevokeBias
Event: 288.752 Executing VM operation: RevokeBias done
Event: 288.752 Thread 0x000000012688b000 Thread exited: 0x000000012688b000
Event: 288.752 Thread 0x00000001010fc000 flushing nmethod 0x000000010f8c1c10
Event: 288.809 Executing VM operation: RevokeBias
Event: 288.809 Executing VM operation: RevokeBias done
Event: 288.810 Thread 0x000000012688b000 Thread added: 0x000000012688b000


Dynamic libraries:
0x0000000033a49000 	/System/Library/Frameworks/Cocoa.framework/Versions/A/Cocoa
0x0000000033a49000 	/usr/lib/libSystem.B.dylib
0x0000000033a49000 	/System/Library/Frameworks/CoreServices.framework/Versions/A/CoreServices
0x0000000033a49000 	/usr/lib/libobjc.A.dylib
0x0000000033a49000 	/System/Library/Frameworks/CoreFoundation.framework/Versions/A/CoreFoundation
0x0000000033a49000 	/System/Library/Frameworks/AppKit.framework/Versions/C/AppKit
0x0000000033a49000 	/System/Library/Frameworks/ApplicationServices.framework/Versions/A/ApplicationServices
0x0000000033a49000 	/System/Library/Frameworks/Foundation.framework/Versions/C/Foundation
0x0000000033a49000 	/System/Library/Frameworks/CoreData.framework/Versions/A/CoreData
0x0000000033a49000 	/System/Library/PrivateFrameworks/RemoteViewServices.framework/Versions/A/RemoteViewServices
0x0000000033a49000 	/System/Library/PrivateFrameworks/UIFoundation.framework/Versions/A/UIFoundation
0x0000000033a49000 	/System/Library/PrivateFrameworks/DFRFoundation.framework/Versions/A/DFRFoundation
0x0000000033a49000 	/usr/lib/libenergytrace.dylib
0x0000000033a49000 	/System/Library/PrivateFrameworks/SkyLight.framework/Versions/A/SkyLight
0x0000000033a49000 	/System/Library/Frameworks/CoreGraphics.framework/Versions/A/CoreGraphics
0x0000000033a49000 	/usr/lib/libScreenReader.dylib
0x0000000033a49000 	/System/Library/Frameworks/Accelerate.framework/Versions/A/Accelerate
0x0000000033a49000 	/System/Library/Frameworks/IOSurface.framework/Versions/A/IOSurface
0x0000000033a49000 	/System/Library/Frameworks/AudioToolbox.framework/Versions/A/AudioToolbox
0x0000000033a49000 	/System/Library/Frameworks/AudioUnit.framework/Versions/A/AudioUnit
0x0000000033a49000 	/System/Library/PrivateFrameworks/DataDetectorsCore.framework/Versions/A/DataDetectorsCore
0x0000000033a49000 	/System/Library/PrivateFrameworks/DesktopServicesPriv.framework/Versions/A/DesktopServicesPriv
0x0000000033a49000 	/System/Library/Frameworks/Carbon.framework/Versions/A/Frameworks/HIToolbox.framework/Versions/A/HIToolbox
0x0000000033a49000 	/usr/lib/libicucore.A.dylib
0x0000000033a49000 	/usr/lib/libz.1.dylib
0x0000000033a49000 	/System/Library/Frameworks/QuartzCore.framework/Versions/A/QuartzCore
0x0000000033a49000 	/System/Library/Frameworks/Security.framework/Versions/A/Security
0x0000000033a49000 	/System/Library/Frameworks/Carbon.framework/Versions/A/Frameworks/SpeechRecognition.framework/Versions/A/SpeechRecognition
0x0000000033a49000 	/usr/lib/libauto.dylib
0x0000000033a49000 	/usr/lib/libxml2.2.dylib
0x0000000033a49000 	/System/Library/PrivateFrameworks/CoreUI.framework/Versions/A/CoreUI
0x0000000033a49000 	/System/Library/Frameworks/CoreAudio.framework/Versions/A/CoreAudio
0x0000000033a49000 	/System/Library/Frameworks/DiskArbitration.framework/Versions/A/DiskArbitration
0x0000000033a49000 	/usr/lib/liblangid.dylib
0x0000000033a49000 	/System/Library/PrivateFrameworks/MultitouchSupport.framework/Versions/A/MultitouchSupport
0x0000000033a49000 	/System/Library/Frameworks/IOKit.framework/Versions/A/IOKit
0x0000000033a49000 	/usr/lib/libDiagnosticMessagesClient.dylib
0x0000000033a49000 	/System/Library/PrivateFrameworks/PerformanceAnalysis.framework/Versions/A/PerformanceAnalysis
0x0000000033a49000 	/System/Library/PrivateFrameworks/GenerationalStorage.framework/Versions/A/GenerationalStorage
0x0000000033a49000 	/System/Library/Frameworks/OpenGL.framework/Versions/A/OpenGL
0x0000000033a49000 	/System/Library/Frameworks/CoreImage.framework/Versions/A/CoreImage
0x0000000033a49000 	/System/Library/Frameworks/CoreText.framework/Versions/A/CoreText
0x0000000033a49000 	/System/Library/Frameworks/ImageIO.framework/Versions/A/ImageIO
0x0000000033a49000 	/System/Library/PrivateFrameworks/Backup.framework/Versions/A/Backup
0x0000000033a49000 	/usr/lib/libarchive.2.dylib
0x0000000033a49000 	/System/Library/Frameworks/CFNetwork.framework/Versions/A/CFNetwork
0x0000000033a49000 	/System/Library/Frameworks/SystemConfiguration.framework/Versions/A/SystemConfiguration
0x0000000033a49000 	/usr/lib/libCRFSuite.dylib
0x0000000033a49000 	/usr/lib/libc++.1.dylib
0x0000000033a49000 	/usr/lib/libc++abi.dylib
0x0000000033a49000 	/usr/lib/system/libcache.dylib
0x0000000033a49000 	/usr/lib/system/libcommonCrypto.dylib
0x0000000033a49000 	/usr/lib/system/libcompiler_rt.dylib
0x0000000033a49000 	/usr/lib/system/libcopyfile.dylib
0x0000000033a49000 	/usr/lib/system/libcorecrypto.dylib
0x0000000033a49000 	/usr/lib/system/libdispatch.dylib
0x0000000033a49000 	/usr/lib/system/libdyld.dylib
0x0000000033a49000 	/usr/lib/system/libkeymgr.dylib
0x0000000033a49000 	/usr/lib/system/liblaunch.dylib
0x0000000033a49000 	/usr/lib/system/libmacho.dylib
0x0000000033a49000 	/usr/lib/system/libquarantine.dylib
0x0000000033a49000 	/usr/lib/system/libremovefile.dylib
0x0000000033a49000 	/usr/lib/system/libsystem_asl.dylib
0x0000000033a49000 	/usr/lib/system/libsystem_blocks.dylib
0x0000000033a49000 	/usr/lib/system/libsystem_c.dylib
0x0000000033a49000 	/usr/lib/system/libsystem_configuration.dylib
0x0000000033a49000 	/usr/lib/system/libsystem_coreservices.dylib
0x0000000033a49000 	/usr/lib/system/libsystem_coretls.dylib
0x0000000033a49000 	/usr/lib/system/libsystem_dnssd.dylib
0x0000000033a49000 	/usr/lib/system/libsystem_info.dylib
0x0000000033a49000 	/usr/lib/system/libsystem_kernel.dylib
0x0000000033a49000 	/usr/lib/system/libsystem_m.dylib
0x0000000033a49000 	/usr/lib/system/libsystem_malloc.dylib
0x0000000033a49000 	/usr/lib/system/libsystem_network.dylib
0x0000000033a49000 	/usr/lib/system/libsystem_networkextension.dylib
0x0000000033a49000 	/usr/lib/system/libsystem_notify.dylib
0x0000000033a49000 	/usr/lib/system/libsystem_platform.dylib
0x0000000033a49000 	/usr/lib/system/libsystem_pthread.dylib
0x0000000033a49000 	/usr/lib/system/libsystem_sandbox.dylib
0x0000000033a49000 	/usr/lib/system/libsystem_secinit.dylib
0x0000000033a49000 	/usr/lib/system/libsystem_symptoms.dylib
0x0000000033a49000 	/usr/lib/system/libsystem_trace.dylib
0x0000000033a49000 	/usr/lib/system/libunwind.dylib
0x0000000033a49000 	/usr/lib/system/libxpc.dylib
0x0000000033a49000 	/usr/lib/libbsm.0.dylib
0x0000000033a49000 	/usr/lib/system/libkxld.dylib
0x0000000033a49000 	/usr/lib/libcoretls.dylib
0x0000000033a49000 	/usr/lib/libcoretls_cfhelpers.dylib
0x0000000033a49000 	/usr/lib/libxar.1.dylib
0x0000000033a49000 	/usr/lib/libsqlite3.dylib
0x0000000033a49000 	/usr/lib/libpam.2.dylib
0x0000000033a49000 	/usr/lib/libOpenScriptingUtil.dylib
0x0000000033a49000 	/usr/lib/libbz2.1.0.dylib
0x0000000033a49000 	/usr/lib/liblzma.5.dylib
0x0000000033a49000 	/usr/lib/libnetwork.dylib
0x0000000033a49000 	/usr/lib/libpcap.A.dylib
0x0000000033a49000 	/System/Library/Frameworks/CoreServices.framework/Versions/A/Frameworks/FSEvents.framework/Versions/A/FSEvents
0x0000000033a49000 	/System/Library/Frameworks/CoreServices.framework/Versions/A/Frameworks/CarbonCore.framework/Versions/A/CarbonCore
0x0000000033a49000 	/System/Library/Frameworks/CoreServices.framework/Versions/A/Frameworks/Metadata.framework/Versions/A/Metadata
0x0000000033a49000 	/System/Library/Frameworks/CoreServices.framework/Versions/A/Frameworks/OSServices.framework/Versions/A/OSServices
0x0000000033a49000 	/System/Library/Frameworks/CoreServices.framework/Versions/A/Frameworks/SearchKit.framework/Versions/A/SearchKit
0x0000000033a49000 	/System/Library/Frameworks/CoreServices.framework/Versions/A/Frameworks/AE.framework/Versions/A/AE
0x0000000033a49000 	/System/Library/Frameworks/CoreServices.framework/Versions/A/Frameworks/LaunchServices.framework/Versions/A/LaunchServices
0x0000000033a49000 	/System/Library/Frameworks/CoreServices.framework/Versions/A/Frameworks/DictionaryServices.framework/Versions/A/DictionaryServices
0x0000000033a49000 	/System/Library/Frameworks/CoreServices.framework/Versions/A/Frameworks/SharedFileList.framework/Versions/A/SharedFileList
0x0000000033a49000 	/System/Library/Frameworks/NetFS.framework/Versions/A/NetFS
0x0000000033a49000 	/System/Library/PrivateFrameworks/NetAuth.framework/Versions/A/NetAuth
0x0000000033a49000 	/System/Library/PrivateFrameworks/login.framework/Versions/A/Frameworks/loginsupport.framework/Versions/A/loginsupport
0x0000000033a49000 	/System/Library/PrivateFrameworks/TCC.framework/Versions/A/TCC
0x0000000033a49000 	/usr/lib/libmecabra.dylib
0x0000000033a49000 	/System/Library/Frameworks/ApplicationServices.framework/Versions/A/Frameworks/ATS.framework/Versions/A/ATS
0x0000000033a49000 	/System/Library/Frameworks/ApplicationServices.framework/Versions/A/Frameworks/ColorSync.framework/Versions/A/ColorSync
0x0000000033a49000 	/System/Library/Frameworks/ApplicationServices.framework/Versions/A/Frameworks/HIServices.framework/Versions/A/HIServices
0x0000000033a49000 	/System/Library/Frameworks/ApplicationServices.framework/Versions/A/Frameworks/LangAnalysis.framework/Versions/A/LangAnalysis
0x0000000033a49000 	/System/Library/Frameworks/ApplicationServices.framework/Versions/A/Frameworks/PrintCore.framework/Versions/A/PrintCore
0x0000000033a49000 	/System/Library/Frameworks/ApplicationServices.framework/Versions/A/Frameworks/QD.framework/Versions/A/QD
0x0000000033a49000 	/System/Library/Frameworks/ApplicationServices.framework/Versions/A/Frameworks/SpeechSynthesis.framework/Versions/A/SpeechSynthesis
0x0000000033a49000 	/System/Library/Frameworks/Accelerate.framework/Versions/A/Frameworks/vImage.framework/Versions/A/vImage
0x0000000033a49000 	/System/Library/Frameworks/Accelerate.framework/Versions/A/Frameworks/vecLib.framework/Versions/A/vecLib
0x0000000033a49000 	/System/Library/Frameworks/Accelerate.framework/Versions/A/Frameworks/vecLib.framework/Versions/A/libvDSP.dylib
0x0000000033a49000 	/System/Library/Frameworks/Accelerate.framework/Versions/A/Frameworks/vecLib.framework/Versions/A/libBNNS.dylib
0x0000000033a49000 	/System/Library/Frameworks/Accelerate.framework/Versions/A/Frameworks/vecLib.framework/Versions/A/libQuadrature.dylib
0x0000000033a49000 	/System/Library/Frameworks/Accelerate.framework/Versions/A/Frameworks/vecLib.framework/Versions/A/libvMisc.dylib
0x0000000033a49000 	/System/Library/Frameworks/Accelerate.framework/Versions/A/Frameworks/vecLib.framework/Versions/A/libLAPACK.dylib
0x0000000033a49000 	/System/Library/Frameworks/Accelerate.framework/Versions/A/Frameworks/vecLib.framework/Versions/A/libBLAS.dylib
0x0000000033a49000 	/System/Library/Frameworks/Accelerate.framework/Versions/A/Frameworks/vecLib.framework/Versions/A/libLinearAlgebra.dylib
0x0000000033a49000 	/System/Library/Frameworks/Accelerate.framework/Versions/A/Frameworks/vecLib.framework/Versions/A/libSparseBLAS.dylib
0x0000000033a49000 	/System/Library/Frameworks/ApplicationServices.framework/Versions/A/Frameworks/ATS.framework/Versions/A/Resources/libFontParser.dylib
0x0000000033a49000 	/System/Library/Frameworks/ApplicationServices.framework/Versions/A/Frameworks/ATS.framework/Versions/A/Resources/libFontRegistry.dylib
0x0000000033a49000 	/System/Library/Frameworks/ImageIO.framework/Versions/A/Resources/libJPEG.dylib
0x0000000033a49000 	/System/Library/Frameworks/ImageIO.framework/Versions/A/Resources/libTIFF.dylib
0x0000000033a49000 	/System/Library/Frameworks/ImageIO.framework/Versions/A/Resources/libPng.dylib
0x0000000033a49000 	/System/Library/Frameworks/ImageIO.framework/Versions/A/Resources/libGIF.dylib
0x0000000033a49000 	/System/Library/Frameworks/ImageIO.framework/Versions/A/Resources/libJP2.dylib
0x0000000033a49000 	/System/Library/Frameworks/ImageIO.framework/Versions/A/Resources/libRadiance.dylib
0x0000000033a49000 	/usr/lib/libcompression.dylib
0x0000000033a49000 	/System/Library/PrivateFrameworks/AppleJPEG.framework/Versions/A/AppleJPEG
0x0000000033a49000 	/usr/lib/libcups.2.dylib
0x0000000033a49000 	/System/Library/Frameworks/Kerberos.framework/Versions/A/Kerberos
0x0000000033a49000 	/System/Library/Frameworks/GSS.framework/Versions/A/GSS
0x0000000033a49000 	/usr/lib/libresolv.9.dylib
0x0000000033a49000 	/usr/lib/libiconv.2.dylib
0x0000000033a49000 	/System/Library/PrivateFrameworks/Heimdal.framework/Versions/A/Heimdal
0x0000000033a49000 	/usr/lib/libheimdal-asn1.dylib
0x0000000033a49000 	/System/Library/Frameworks/OpenDirectory.framework/Versions/A/OpenDirectory
0x0000000033a49000 	/System/Library/PrivateFrameworks/CommonAuth.framework/Versions/A/CommonAuth
0x0000000033a49000 	/System/Library/Frameworks/OpenDirectory.framework/Versions/A/Frameworks/CFOpenDirectory.framework/Versions/A/CFOpenDirectory
0x0000000033a49000 	/System/Library/Frameworks/SecurityFoundation.framework/Versions/A/SecurityFoundation
0x0000000033a49000 	/System/Library/PrivateFrameworks/LanguageModeling.framework/Versions/A/LanguageModeling
0x0000000033a49000 	/usr/lib/libmarisa.dylib
0x0000000033a49000 	/usr/lib/libChineseTokenizer.dylib
0x0000000033a49000 	/usr/lib/libcmph.dylib
0x0000000033a49000 	/System/Library/PrivateFrameworks/CoreEmoji.framework/Versions/A/CoreEmoji
0x0000000033a49000 	/System/Library/Frameworks/ServiceManagement.framework/Versions/A/ServiceManagement
0x0000000033a49000 	/usr/lib/libxslt.1.dylib
0x0000000033a49000 	/System/Library/Frameworks/Carbon.framework/Versions/A/Frameworks/Ink.framework/Versions/A/Ink
0x0000000033a49000 	/System/Library/PrivateFrameworks/TextureIO.framework/Versions/A/TextureIO
0x0000000033a49000 	/System/Library/Frameworks/Metal.framework/Versions/A/Metal
0x0000000033a49000 	/usr/lib/libate.dylib
0x0000000033a49000 	/System/Library/PrivateFrameworks/GPUCompiler.framework/libmetal_timestamp.dylib
0x0000000033a49000 	/System/Library/Frameworks/OpenGL.framework/Versions/A/Libraries/libCoreFSCache.dylib
0x0000000033a49000 	/System/Library/PrivateFrameworks/IOAccelerator.framework/Versions/A/IOAccelerator
0x0000000033a49000 	/System/Library/Frameworks/CoreVideo.framework/Versions/A/CoreVideo
0x0000000033a49000 	/usr/lib/libFosl_dynamic.dylib
0x0000000033a49000 	/System/Library/PrivateFrameworks/MetalPerformanceShaders.framework/Versions/A/MetalPerformanceShaders
0x0000000033a49000 	/System/Library/PrivateFrameworks/FaceCore.framework/Versions/A/FaceCore
0x0000000033a49000 	/System/Library/Frameworks/OpenCL.framework/Versions/A/OpenCL
0x0000000033a49000 	/System/Library/Frameworks/OpenGL.framework/Versions/A/Libraries/libGLU.dylib
0x0000000033a49000 	/System/Library/Frameworks/OpenGL.framework/Versions/A/Libraries/libGFXShared.dylib
0x0000000033a49000 	/System/Library/Frameworks/OpenGL.framework/Versions/A/Libraries/libGL.dylib
0x0000000033a49000 	/System/Library/Frameworks/OpenGL.framework/Versions/A/Libraries/libGLImage.dylib
0x0000000033a49000 	/System/Library/Frameworks/OpenGL.framework/Versions/A/Libraries/libCVMSPluginSupport.dylib
0x0000000033a49000 	/System/Library/Frameworks/OpenGL.framework/Versions/A/Libraries/libCoreVMClient.dylib
0x0000000033a49000 	/System/Library/PrivateFrameworks/CrashReporterSupport.framework/Versions/A/CrashReporterSupport
0x0000000033a49000 	/System/Library/PrivateFrameworks/Sharing.framework/Versions/A/Sharing
0x0000000033a49000 	/System/Library/PrivateFrameworks/IconServices.framework/Versions/A/IconServices
0x0000000033a49000 	/System/Library/PrivateFrameworks/ProtocolBuffer.framework/Versions/A/ProtocolBuffer
0x0000000033a49000 	/System/Library/PrivateFrameworks/Apple80211.framework/Versions/A/Apple80211
0x0000000033a49000 	/System/Library/Frameworks/CoreWLAN.framework/Versions/A/CoreWLAN
0x0000000033a49000 	/System/Library/PrivateFrameworks/CoreUtils.framework/Versions/A/CoreUtils
0x0000000033a49000 	/System/Library/Frameworks/IOBluetooth.framework/Versions/A/IOBluetooth
0x0000000033a49000 	/System/Library/PrivateFrameworks/CoreWiFi.framework/Versions/A/CoreWiFi
0x0000000033a49000 	/System/Library/Frameworks/CoreBluetooth.framework/Versions/A/CoreBluetooth
0x0000000033a49000 	/System/Library/Frameworks/CoreDisplay.framework/Versions/A/CoreDisplay
0x0000000033a49000 	/System/Library/PrivateFrameworks/IOPresentment.framework/Versions/A/IOPresentment
0x0000000033a49000 	/System/Library/PrivateFrameworks/DebugSymbols.framework/Versions/A/DebugSymbols
0x0000000033a49000 	/System/Library/PrivateFrameworks/CoreSymbolication.framework/Versions/A/CoreSymbolication
0x0000000033a49000 	/System/Library/PrivateFrameworks/Symbolication.framework/Versions/A/Symbolication
0x0000000033a49000 	/System/Library/PrivateFrameworks/AppleFSCompression.framework/Versions/A/AppleFSCompression
0x0000000033a49000 	/System/Library/PrivateFrameworks/SpeechRecognitionCore.framework/Versions/A/SpeechRecognitionCore
0x0000000033a49000 	/System/Library/PrivateFrameworks/ChunkingLibrary.framework/Versions/A/ChunkingLibrary
0x0000000100308000 	/Users/iainhemstock/Downloads/Eclipse.app/Contents/Eclipse/plugins/org.eclipse.equinox.launcher.cocoa.macosx.x86_64_1.1.401.v20161122-1740/eclipse_1615.so
0x0000000033a49000 	/System/Library/PrivateFrameworks/CoreServicesInternal.framework/Versions/A/CoreServicesInternal
0x0000000100714000 	/Library/Java/JavaVirtualMachines/jdk1.8.0_111.jdk/Contents/MacOS/libjli.dylib
0x00000001034c3000 	/Library/Java/JavaVirtualMachines/jdk1.8.0_111.jdk/Contents/Home/jre//lib/server/libjvm.dylib
0x0000000033a49000 	/usr/lib/libstdc++.6.dylib
0x0000000100724000 	/Library/Java/JavaVirtualMachines/jdk1.8.0_111.jdk/Contents/Home/jre/lib/libverify.dylib
0x0000000100732000 	/Library/Java/JavaVirtualMachines/jdk1.8.0_111.jdk/Contents/Home/jre/lib/libjava.dylib
0x000000010076f000 	/Library/Java/JavaVirtualMachines/jdk1.8.0_111.jdk/Contents/Home/jre/lib/libzip.dylib
0x0000000109f93000 	/System/Library/Frameworks/JavaVM.framework/Frameworks/JavaRuntimeSupport.framework/JavaRuntimeSupport
0x0000000109fad000 	/System/Library/Frameworks/JavaVM.framework/Versions/A/Frameworks/JavaNativeFoundation.framework/Versions/A/JavaNativeFoundation
0x0000000109fc2000 	/System/Library/Frameworks/JavaVM.framework/Versions/A/JavaVM
0x0000000033a49000 	/System/Library/Frameworks/Carbon.framework/Versions/A/Carbon
0x0000000109fcf000 	/System/Library/PrivateFrameworks/JavaLaunching.framework/Versions/A/JavaLaunching
0x0000000033a49000 	/System/Library/Frameworks/Carbon.framework/Versions/A/Frameworks/CommonPanels.framework/Versions/A/CommonPanels
0x0000000033a49000 	/System/Library/Frameworks/Carbon.framework/Versions/A/Frameworks/Help.framework/Versions/A/Help
0x0000000033a49000 	/System/Library/Frameworks/Carbon.framework/Versions/A/Frameworks/ImageCapture.framework/Versions/A/ImageCapture
0x0000000033a49000 	/System/Library/Frameworks/Carbon.framework/Versions/A/Frameworks/OpenScripting.framework/Versions/A/OpenScripting
0x0000000033a49000 	/System/Library/Frameworks/Carbon.framework/Versions/A/Frameworks/Print.framework/Versions/A/Print
0x0000000033a49000 	/System/Library/Frameworks/Carbon.framework/Versions/A/Frameworks/SecurityHI.framework/Versions/A/SecurityHI
0x0000000033a49000 	/System/Library/CoreServices/RawCamera.bundle/Contents/MacOS/RawCamera
0x0000000033a49000 	/System/Library/Frameworks/Accelerate.framework/Versions/A/Frameworks/vImage.framework/Versions/A/Libraries/libCGInterfaces.dylib
0x0000000033a49000 	/System/Library/Frameworks/ApplicationServices.framework/Versions/A/Frameworks/ATS.framework/Versions/A/Resources/libTrueTypeScaler.dylib
0x0000000033a49000 	/System/Library/Frameworks/OpenGL.framework/Versions/A/Resources/GLEngine.bundle/GLEngine
0x0000000033a49000 	/System/Library/Frameworks/OpenGL.framework/Versions/A/Libraries/libGLProgrammability.dylib
0x000000010c800000 	/System/Library/Extensions/GeForceTeslaGLDriver.bundle/Contents/MacOS/GeForceTeslaGLDriver
0x000000010e3c6000 	/System/Library/Extensions/GeForceTeslaGLDriver.bundle/Contents/MacOS/libclh.dylib
0x0000000033a49000 	/System/Library/PrivateFrameworks/GPUSupport.framework/Versions/A/Libraries/libGPUSupport.dylib
0x0000000033a49000 	/System/Library/Frameworks/OpenGL.framework/Versions/A/Resources/GLRendererFloat.bundle/GLRendererFloat
0x0000000033a49000 	/System/Library/Frameworks/OpenCL.framework/Versions/A/Libraries/libcldcpuengine.dylib
0x0000000033a49000 	/usr/lib/libcrypto.0.9.8.dylib
0x0000000033a49000 	/System/Library/PrivateFrameworks/TrustEvaluationAgent.framework/Versions/A/TrustEvaluationAgent
0x0000000033a49000 	/System/Library/PrivateFrameworks/FamilyControls.framework/Versions/A/FamilyControls
0x0000000033a49000 	/System/Library/PrivateFrameworks/CommerceKit.framework/Versions/A/Frameworks/CommerceCore.framework/Versions/A/CommerceCore
0x0000000033a49000 	/System/Library/PrivateFrameworks/SystemAdministration.framework/Versions/A/SystemAdministration
0x0000000033a49000 	/System/Library/PrivateFrameworks/AppContainer.framework/Versions/A/AppContainer
0x0000000033a49000 	/System/Library/PrivateFrameworks/SecCodeWrapper.framework/Versions/A/SecCodeWrapper
0x0000000033a49000 	/System/Library/Frameworks/DirectoryService.framework/Versions/A/DirectoryService
0x0000000033a49000 	/System/Library/PrivateFrameworks/DiskImages.framework/Versions/A/DiskImages
0x0000000033a49000 	/System/Library/PrivateFrameworks/LoginUIKit.framework/Versions/A/Frameworks/LoginUICore.framework/Versions/A/LoginUICore
0x0000000033a49000 	/usr/lib/libCoreStorage.dylib
0x0000000033a49000 	/usr/lib/libcsfde.dylib
0x0000000033a49000 	/usr/lib/libodfde.dylib
0x0000000033a49000 	/System/Library/Frameworks/DiscRecording.framework/Versions/A/DiscRecording
0x0000000033a49000 	/usr/lib/libcurl.4.dylib
0x0000000033a49000 	/System/Library/PrivateFrameworks/MediaKit.framework/Versions/A/MediaKit
0x0000000033a49000 	/System/Library/PrivateFrameworks/ProtectedCloudStorage.framework/Versions/A/ProtectedCloudStorage
0x0000000033a49000 	/System/Library/PrivateFrameworks/EFILogin.framework/Versions/A/EFILogin
0x0000000033a49000 	/usr/lib/libutil.dylib
0x0000000033a49000 	/System/Library/Frameworks/LDAP.framework/Versions/A/LDAP
0x0000000033a49000 	/usr/lib/libsasl2.2.dylib
0x0000000033a49000 	/System/Library/PrivateFrameworks/CoreDaemon.framework/Versions/B/CoreDaemon
0x0000000033a49000 	/System/Library/PrivateFrameworks/AppleSRP.framework/Versions/A/AppleSRP
0x0000000033a49000 	/System/Library/PrivateFrameworks/APFS.framework/Versions/A/APFS
0x00000001200a3000 	/Library/Java/JavaVirtualMachines/jdk1.8.0_111.jdk/Contents/Home/jre/lib/libnet.dylib
0x000000010edc8000 	/Library/Java/JavaVirtualMachines/jdk1.8.0_111.jdk/Contents/Home/jre/lib/libnio.dylib
0x0000000033a49000 	/System/Library/PrivateFrameworks/ViewBridge.framework/Versions/A/ViewBridge
0x0000000033a49000 	/System/Library/PrivateFrameworks/XPCService.framework/Versions/A/XPCService
0x0000000033a49000 	/System/Library/PrivateFrameworks/AppSandbox.framework/Versions/A/AppSandbox
0x0000000033a49000 	/usr/lib/libsandbox.1.dylib
0x0000000033a49000 	/usr/lib/libMatch.1.dylib
0x000000010ba6e000 	/Users/iainhemstock/Downloads/Eclipse.app/Contents/Eclipse/configuration/org.eclipse.osgi/710/0/.cp/libswt-cocoa-4628.jnilib
0x0000000033a49000 	/System/Library/Frameworks/WebKit.framework/Versions/A/WebKit
0x0000000033a49000 	/System/Library/Frameworks/JavaScriptCore.framework/Versions/A/JavaScriptCore
0x0000000033a49000 	/System/Library/Frameworks/SecurityInterface.framework/Versions/A/SecurityInterface
0x0000000033a49000 	/System/Library/Frameworks/WebKit.framework/Versions/A/Frameworks/WebKitLegacy.framework/Versions/A/WebKitLegacy
0x0000000033a49000 	/System/Library/Frameworks/WebKit.framework/Versions/A/Frameworks/WebCore.framework/Versions/A/WebCore
0x000000011e5d8000 	/Users/iainhemstock/Downloads/Eclipse.app/Contents/Eclipse/configuration/org.eclipse.osgi/710/0/.cp/libswt-pi-cocoa-4628.jnilib
0x00000001207ac000 	/Users/iainhemstock/Downloads/Eclipse.app/Contents/Eclipse/configuration/org.eclipse.osgi/100/0/.cp/os/macosx/libunixfile_1_0_0.jnilib
0x000000011e655000 	/Library/Java/JavaVirtualMachines/jdk1.8.0_111.jdk/Contents/Home/jre/lib/libsunec.dylib
0x0000000033a49000 	/System/Library/PrivateFrameworks/CloudDocs.framework/Versions/A/CloudDocs
0x0000000033a49000 	/System/Library/Frameworks/CloudKit.framework/Versions/A/CloudKit
0x0000000033a49000 	/System/Library/PrivateFrameworks/MMCS.framework/Versions/A/MMCS
0x0000000033a49000 	/System/Library/Frameworks/CoreLocation.framework/Versions/A/CoreLocation
0x0000000033a49000 	/System/Library/PrivateFrameworks/AssetCacheServices.framework/Versions/A/AssetCacheServices
0x0000000033a49000 	/System/Library/PrivateFrameworks/GeoServices.framework/Versions/A/GeoServices
0x00000001217d9000 	cl_kernels
0x0000000033a49000 	/System/Library/Frameworks/OpenCL.framework/Versions/A/Libraries/ImageFormats/unorm8_bgra.dylib
0x0000000033a49000 	/System/Library/PrivateFrameworks/Shortcut.framework/Versions/A/Shortcut
0x0000000033a49000 	/System/Library/PrivateFrameworks/HelpData.framework/Versions/A/HelpData
0x0000000033a49000 	/System/Library/PrivateFrameworks/DataDetectors.framework/Versions/A/DataDetectors
0x0000000033a49000 	/System/Library/Frameworks/AddressBook.framework/Versions/A/AddressBook
0x0000000033a49000 	/System/Library/Frameworks/Quartz.framework/Versions/A/Quartz
0x0000000033a49000 	/System/Library/PrivateFrameworks/ContactsPersistence.framework/Versions/A/ContactsPersistence
0x0000000033a49000 	/System/Library/PrivateFrameworks/CalendarAgentLink.framework/Versions/A/CalendarAgentLink
0x0000000033a49000 	/System/Library/PrivateFrameworks/ContactsFoundation.framework/Versions/A/ContactsFoundation
0x0000000033a49000 	/System/Library/PrivateFrameworks/vCard.framework/Versions/A/vCard
0x0000000033a49000 	/System/Library/PrivateFrameworks/IntlPreferences.framework/Versions/A/IntlPreferences
0x0000000033a49000 	/System/Library/PrivateFrameworks/ToneLibrary.framework/Versions/A/ToneLibrary
0x0000000033a49000 	/System/Library/PrivateFrameworks/ToneKit.framework/Versions/A/ToneKit
0x0000000033a49000 	/System/Library/PrivateFrameworks/ApplePushService.framework/Versions/A/ApplePushService
0x0000000033a49000 	/System/Library/PrivateFrameworks/PhoneNumbers.framework/Versions/A/PhoneNumbers
0x0000000033a49000 	/System/Library/Frameworks/Accounts.framework/Versions/A/Accounts
0x0000000033a49000 	/System/Library/PrivateFrameworks/OAuth.framework/Versions/A/OAuth
0x0000000033a49000 	/System/Library/Frameworks/AVFoundation.framework/Versions/A/AVFoundation
0x0000000033a49000 	/System/Library/Frameworks/AVFoundation.framework/Versions/A/Frameworks/AVFAudio.framework/Versions/A/AVFAudio
0x0000000033a49000 	/System/Library/Frameworks/CoreMedia.framework/Versions/A/CoreMedia
0x0000000033a49000 	/System/Library/Frameworks/MediaToolbox.framework/Versions/A/MediaToolbox
0x0000000033a49000 	/System/Library/Frameworks/VideoToolbox.framework/Versions/A/VideoToolbox
0x0000000033a49000 	/System/Library/Frameworks/CoreMediaIO.framework/Versions/A/CoreMediaIO
0x0000000033a49000 	/usr/lib/libspindump.dylib
0x0000000033a49000 	/usr/lib/libdscsym.dylib
0x0000000033a49000 	/System/Library/PrivateFrameworks/CoreAVCHD.framework/Versions/A/CoreAVCHD
0x0000000033a49000 	/System/Library/Frameworks/MediaAccessibility.framework/Versions/A/MediaAccessibility
0x0000000033a49000 	/System/Library/PrivateFrameworks/Mangrove.framework/Versions/A/Mangrove
0x0000000033a49000 	/System/Library/PrivateFrameworks/CoreAUC.framework/Versions/A/CoreAUC
0x0000000033a49000 	/System/Library/PrivateFrameworks/AppleVA.framework/Versions/A/AppleVA
0x0000000033a49000 	/System/Library/Frameworks/Quartz.framework/Versions/A/Frameworks/QuartzComposer.framework/Versions/A/QuartzComposer
0x0000000033a49000 	/System/Library/Frameworks/Quartz.framework/Versions/A/Frameworks/PDFKit.framework/Versions/A/PDFKit
0x0000000033a49000 	/System/Library/Frameworks/Quartz.framework/Versions/A/Frameworks/QuartzFilters.framework/Versions/A/QuartzFilters
0x0000000033a49000 	/System/Library/Frameworks/Quartz.framework/Versions/A/Frameworks/ImageKit.framework/Versions/A/ImageKit
0x0000000033a49000 	/System/Library/Frameworks/Quartz.framework/Versions/A/Frameworks/QuickLookUI.framework/Versions/A/QuickLookUI
0x0000000033a49000 	/System/Library/Frameworks/QTKit.framework/Versions/A/QTKit
0x0000000033a49000 	/System/Library/PrivateFrameworks/AppleSystemInfo.framework/Versions/A/AppleSystemInfo
0x0000000033a49000 	/System/Library/PrivateFrameworks/CoreMediaAuthoring.framework/Versions/A/CoreMediaAuthoring
0x0000000033a49000 	/System/Library/PrivateFrameworks/CorePDF.framework/Versions/A/CorePDF
0x0000000033a49000 	/System/Library/Frameworks/SafariServices.framework/Versions/A/SafariServices
0x0000000033a49000 	/System/Library/Frameworks/QuickLook.framework/Versions/A/QuickLook
0x0000000033a49000 	/System/Library/PrivateFrameworks/MobileKeyBag.framework/Versions/A/MobileKeyBag
0x0000000033a49000 	/System/Library/PrivateFrameworks/QuickLookThumbnailing.framework/Versions/A/QuickLookThumbnailing
0x0000000033a49000 	/System/Library/PrivateFrameworks/DisplayServices.framework/Versions/A/DisplayServices
0x0000000033a49000 	/System/Library/Frameworks/ImageCaptureCore.framework/Versions/A/ImageCaptureCore
0x000000010f171000 	/Users/iainhemstock/Downloads/Eclipse.app/Contents/Eclipse/configuration/org.eclipse.osgi/519/0/.cp/os/macosx/x86_64/libspawner.jnilib
0x000000010f178000 	/Users/iainhemstock/Downloads/Eclipse.app/Contents/Eclipse/configuration/org.eclipse.osgi/519/0/.cp/os/macosx/x86_64/libpty.jnilib

VM Arguments:
jvm_args: -Dosgi.requiredJavaVersion=1.8 -XX:+UseG1GC -XX:+UseStringDeduplication -XstartOnFirstThread -Dorg.eclipse.swt.internal.carbon.smallFonts -Dosgi.requiredJavaVersion=1.8 -Xms256m -Xmx1024m -Xdock:icon=../Resources/Eclipse.icns -XstartOnFirstThread -Dorg.eclipse.swt.internal.carbon.smallFonts 
java_command: <unknown>
java_class_path (initial): /Users/iainhemstock/Downloads/Eclipse.app/Contents/MacOS//../Eclipse/plugins/org.eclipse.equinox.launcher_1.3.201.v20161025-1711.jar
Launcher Type: generic

Environment Variables:
PATH=/usr/bin:/bin:/usr/sbin:/sbin
SHELL=/bin/bash

Signal Handlers:
SIGSEGV: [libjvm.dylib+0x5b03ed], sa_mask[0]=11111111011111110111111111111111, sa_flags=SA_ONSTACK|SA_RESTART|SA_SIGINFO
SIGBUS: [libjvm.dylib+0x5b03ed], sa_mask[0]=11111111011111110111111111111111, sa_flags=SA_RESTART|SA_SIGINFO
SIGFPE: [libjvm.dylib+0x48711c], sa_mask[0]=11111111011111110111111111111111, sa_flags=SA_RESTART|SA_SIGINFO
SIGPIPE: [libjvm.dylib+0x48711c], sa_mask[0]=11111111011111110111111111111111, sa_flags=SA_RESTART|SA_SIGINFO
SIGXFSZ: [libjvm.dylib+0x48711c], sa_mask[0]=11111111011111110111111111111111, sa_flags=SA_RESTART|SA_SIGINFO
SIGILL: [libjvm.dylib+0x48711c], sa_mask[0]=11111111011111110111111111111111, sa_flags=SA_RESTART|SA_SIGINFO
SIGUSR1: SIG_DFL, sa_mask[0]=00000000000000000000000000000000, sa_flags=none
SIGUSR2: [libjvm.dylib+0x486c3a], sa_mask[0]=00000000000000000000000000000000, sa_flags=SA_RESTART|SA_SIGINFO
SIGHUP: [libjvm.dylib+0x485211], sa_mask[0]=11111111011111110111111111111111, sa_flags=SA_RESTART|SA_SIGINFO
SIGINT: [libjvm.dylib+0x485211], sa_mask[0]=11111111011111110111111111111111, sa_flags=SA_RESTART|SA_SIGINFO
SIGTERM: [libjvm.dylib+0x485211], sa_mask[0]=11111111011111110111111111111111, sa_flags=SA_RESTART|SA_SIGINFO
SIGQUIT: [libjvm.dylib+0x485211], sa_mask[0]=11111111011111110111111111111111, sa_flags=SA_RESTART|SA_SIGINFO


---------------  S Y S T E M  ---------------

OS:Bsduname:Darwin 16.1.0 Darwin Kernel Version 16.1.0: Wed Oct 19 20:31:56 PDT 2016; root:xnu-3789.21.4~4/RELEASE_X86_64 x86_64
rlimit: STACK 8192k, CORE 0k, NPROC 709, NOFILE 10240, AS infinity
load average:6.14 4.54 3.63

CPU:total 2 (2 cores per cpu, 1 threads per core) family 6 model 23 stepping 10, cmov, cx8, fxsr, mmx, sse, sse2, sse3, ssse3, sse4.1, tsc

Memory: 4k page, physical 8388608k(337648k free)

/proc/meminfo:


vm_info: Java HotSpot(TM) 64-Bit Server VM (25.111-b14) for bsd-amd64 JRE (1.8.0_111-b14), built on Sep 22 2016 15:31:41 by "java_re" with gcc 4.2.1 (Based on Apple Inc. build 5658) (LLVM build 2336.11.00)

time: Mon Jan 23 15:57:18 2017
elapsed time: 288 seconds (0d 0h 4m 48s)

