#
# A fatal error has been detected by the Java Runtime Environment:
#
#  SIGILL (0x4) at pc=0x00007fffbe402bde, pid=92322, tid=0x0000000000000203
#
# JRE version: Java(TM) SE Runtime Environment (8.0_111-b14) (build 1.8.0_111-b14)
# Java VM: Java HotSpot(TM) 64-Bit Server VM (25.111-b14 mixed mode bsd-amd64 compressed oops)
# Problematic frame:
# C  [libsystem_platform.dylib+0x5bde]  _os_unfair_lock_corruption_abort+0x17
#
# Failed to write core dump. Core dumps have been disabled. To enable core dumping, try "ulimit -c unlimited" before starting Java again
#
# If you would like to submit a bug report, please visit:
#   http://bugreport.java.com/bugreport/crash.jsp
# The crash happened outside the Java Virtual Machine in native code.
# See problematic frame for where to report the bug.
#

---------------  T H R E A D  ---------------

Current thread (0x000000012f987000):  JavaThread "Spawner Reaper" daemon [_thread_in_native, id=135531, stack(0x0000700007627000,0x0000700007727000)]

siginfo: si_signo: 4 (SIGILL), si_code: 1 (ILL_ILLOPC), si_addr: 0x00007fffbe402bde

Registers:
RAX=0x0000000000000306, RBX=0x0000000000000306, RCX=0x00007fffbe404b6c, RDX=0x0000000000000000
RSP=0x0000700007726228, RBP=0x0000700007726260, RSI=0x00007fffc6f2fd40, RDI=0x0000000000000306
R8 =0x000000000000018c, R9 =0x0000000000000000, R10=0x0000000000000000, R11=0x0000000000000246
R12=0x00007fffc6f2fd40, R13=0x0000000000000203, R14=0x0000000001010002, R15=0x0000000000000203
RIP=0x00007fffbe402bde, EFLAGS=0x0000000000010246, ERR=0x0000000000000000
  TRAPNO=0x0000000000000006

Top of Stack: (sp=0x0000700007726228)
0x0000700007726228:   00007fffbe40244e 0000000000000307
0x0000700007726238:   00000000000008c0 000000012ec70220
0x0000700007726248:   00007fffc6f2f480 00007fffc6f2fd40
0x0000700007726258:   0000000000000000 00007000077262b0
0x0000700007726268:   00007fffbd90a370 0000000000000000
0x0000700007726278:   0000000000000000 0000000000000000
0x0000700007726288:   000000012ec70220 0000000126d08a70
0x0000700007726298:   00000001001d32a0 00007fffc6fb0101
0x00007000077262a8:   0000000000000000 00007000077262d0
0x00007000077262b8:   00007fffbd90a0b7 000000012ec70220
0x00007000077262c8:   00007fffc6fb0140 00007000077262f0
0x00007000077262d8:   00007fffbd90a017 0000000000000000
0x00007000077262e8:   000000012ec70220 0000700007726320
0x00007000077262f8:   00007fffbe1bd091 0000000126d08a70
0x0000700007726308:   0000000000000000 00000000000000f8
0x0000700007726318:   00000001001d32a0 0000700007726350
0x0000700007726328:   00007fffbe44d422 0000000000000000
0x0000700007726338:   0000000000000303 00000001001d32a0
0x0000700007726348:   00000000000000f8 00007000077263c0
0x0000700007726358:   00007fffbe44b4da 0000000000000000
0x0000700007726368:   00007000077263e0 0300000200001513
0x0000700007726378:   0000000110000003 0000000126d47fa0
0x0000700007726388:   000000232ecd6e30 0000000126d08a70
0x0000700007726398:   0000000126d47fa0 0000000000000001
0x00007000077263a8:   00007000077263e0 000000012ecd6e30
0x00007000077263b8:   00007fffbe2dea09 0000700007726430
0x00007000077263c8:   00007fffbe2decd4 0000000000000003
0x00007000077263d8:   000000002ecb92e0 0000700007726400
0x00007000077263e8:   00007fffbe45d481 000000012ecb92e0
0x00007000077263f8:   0000000126d37ee0 000000012ecd6e30
0x0000700007726408:   000000012ecd6e30 00007fffc6fcf6f8
0x0000700007726418:   0000000000000002 0000000000000000 

Instructions: (pc=0x00007fffbe402bde)
0x00007fffbe402bbe:   89 f7 e8 55 18 00 00 eb ae 89 f8 48 8d 0d 9c 1f
0x00007fffbe402bce:   00 00 48 89 0d e1 c6 bd 08 48 89 05 0a c7 bd 08
0x00007fffbe402bde:   0f 0b 89 f8 48 8d 0d 12 20 00 00 48 89 0d c8 c6
0x00007fffbe402bee:   bd 08 48 89 05 f1 c6 bd 08 0f 0b 55 48 89 e5 41 

Register to memory mapping:

RAX=0x0000000000000306 is an unknown value
RBX=0x0000000000000306 is an unknown value
RCX=0x00007fffbe404b6c: _h+0x25c in /usr/lib/system/libsystem_platform.dylib at 0x00007fffbe3fd000
RDX=0x0000000000000000 is an unknown value
RSP=0x0000700007726228 is pointing into the stack for thread: 0x000000012f987000
RBP=0x0000700007726260 is pointing into the stack for thread: 0x000000012f987000
RSI=0x00007fffc6f2fd40: _ZN12_GLOBAL__N_1L12SideTableBufE+0x8c0 in /usr/lib/libobjc.A.dylib at 0x00007fffbd901000
RDI=0x0000000000000306 is an unknown value
R8 =0x000000000000018c is an unknown value
R9 =0x0000000000000000 is an unknown value
R10=0x0000000000000000 is an unknown value
R11=0x0000000000000246 is an unknown value
R12=0x00007fffc6f2fd40: _ZN12_GLOBAL__N_1L12SideTableBufE+0x8c0 in /usr/lib/libobjc.A.dylib at 0x00007fffbd901000
R13=0x0000000000000203 is an unknown value
R14=0x0000000001010002 is an unknown value
R15=0x0000000000000203 is an unknown value


Stack: [0x0000700007627000,0x0000700007727000],  sp=0x0000700007726228,  free space=1020k
Native frames: (J=compiled Java code, j=interpreted, Vv=VM code, C=native code)
C  [libsystem_platform.dylib+0x5bde]  _os_unfair_lock_corruption_abort+0x17
C  [libobjc.A.dylib+0x9370]  _ZN11objc_object27sidetable_clearDeallocatingEv+0x54
C  [libobjc.A.dylib+0x90b7]  objc_destructInstance+0x8f
C  [libobjc.A.dylib+0x9017]  object_dispose+0x16
C  [libdispatch.dylib+0x3091]  _dispatch_dispose+0x37
C  [libxpc.dylib+0x7422]  _xpc_serializer_reset_mach_message_header+0x1c
C  [libxpc.dylib+0x54da]  xpc_pipe_routine+0xff
C  [libsystem_info.dylib+0x1cd4]  _od_rpc_call+0x8d
C  [libsystem_info.dylib+0x1be1]  _ds_item+0x4b
C  [libsystem_info.dylib+0x61cc]  ds_group_byname+0x4d
C  [libsystem_info.dylib+0x6112]  search_group_byname+0x66
C  [libsystem_info.dylib+0x6068]  getgrnam+0x33
C  [libspawner.jnilib+0x265e]  ptys_open+0x1e
C  [libspawner.jnilib+0x20ee]  exec_pty+0x22e
C  [libspawner.jnilib+0x1102]  Java_org_eclipse_cdt_utils_spawner_Spawner_exec2+0x182
j  org.eclipse.cdt.utils.spawner.Spawner.exec2([Ljava/lang/String;[Ljava/lang/String;Ljava/lang/String;[ILjava/lang/String;IZ)I+0
j  org.eclipse.cdt.utils.pty.PTY.exec_pty(Lorg/eclipse/cdt/utils/spawner/Spawner;[Ljava/lang/String;[Ljava/lang/String;Ljava/lang/String;[I)I+48
j  org.eclipse.cdt.utils.spawner.Spawner$2.execute([Ljava/lang/String;[Ljava/lang/String;Ljava/lang/String;[I)I+13
j  org.eclipse.cdt.utils.spawner.Spawner$Reaper.run()V+20
v  ~StubRoutines::call_stub
V  [libjvm.dylib+0x2ecf8a]
V  [libjvm.dylib+0x2ed718]
V  [libjvm.dylib+0x2ed8c4]
V  [libjvm.dylib+0x348039]
V  [libjvm.dylib+0x56a27b]
V  [libjvm.dylib+0x56b968]
V  [libjvm.dylib+0x489b0a]
C  [libsystem_pthread.dylib+0x3aab]  _pthread_body+0xb4
C  [libsystem_pthread.dylib+0x39f7]  _pthread_body+0x0
C  [libsystem_pthread.dylib+0x3221]  thread_start+0xd
C  0x0000000000000000

Java frames: (J=compiled Java code, j=interpreted, Vv=VM code)
j  org.eclipse.cdt.utils.spawner.Spawner.exec2([Ljava/lang/String;[Ljava/lang/String;Ljava/lang/String;[ILjava/lang/String;IZ)I+0
j  org.eclipse.cdt.utils.pty.PTY.exec_pty(Lorg/eclipse/cdt/utils/spawner/Spawner;[Ljava/lang/String;[Ljava/lang/String;Ljava/lang/String;[I)I+48
j  org.eclipse.cdt.utils.spawner.Spawner$2.execute([Ljava/lang/String;[Ljava/lang/String;Ljava/lang/String;[I)I+13
j  org.eclipse.cdt.utils.spawner.Spawner$Reaper.run()V+20
v  ~StubRoutines::call_stub

---------------  P R O C E S S  ---------------

Java Threads: ( => current thread )
=>0x000000012f987000 JavaThread "Spawner Reaper" daemon [_thread_in_native, id=135531, stack(0x0000700007627000,0x0000700007727000)]
  0x0000000100bbd000 JavaThread "Worker-213" [_thread_in_native, id=168779, stack(0x0000700008a69000,0x0000700008b69000)]
  0x000000012b345800 JavaThread "Worker-212" [_thread_in_Java, id=6707, stack(0x0000700008863000,0x0000700008963000)]
  0x00000001232e8000 JavaThread "Worker-211" [_thread_in_native, id=122019, stack(0x00007000080cb000,0x00007000081cb000)]
  0x0000000101ce6000 JavaThread "Worker-210" [_thread_blocked, id=117223, stack(0x00007000079b3000,0x0000700007ab3000)]
  0x0000000121ff5000 JavaThread "Worker-209" [_thread_in_vm, id=123879, stack(0x000070000782d000,0x000070000792d000)]
  0x00000001288d5000 JavaThread "Worker-206" [_thread_blocked, id=162291, stack(0x0000700007f45000,0x0000700008045000)]
  0x00000001232e3000 JavaThread "Worker-203" [_thread_blocked, id=149807, stack(0x0000700007118000,0x0000700007218000)]
  0x00000001288ab800 JavaThread "Worker-201" [_thread_blocked, id=104899, stack(0x0000700007524000,0x0000700007624000)]
  0x0000000123394000 JavaThread "org.eclipse.jface.text.reconciler.MonoReconciler" daemon [_thread_blocked, id=169359, stack(0x0000700007e42000,0x0000700007f42000)]
  0x000000012b48d800 JavaThread "org.eclipse.cdt.internal.ui.text.CReconciler" daemon [_thread_blocked, id=83347, stack(0x000070000855a000,0x000070000865a000)]
  0x00000001237d5000 JavaThread "Provisioning Event Dispatcher" daemon [_thread_blocked, id=82703, stack(0x0000700008966000,0x0000700008a66000)]
  0x0000000121b38000 JavaThread "Thread-13" [_thread_blocked, id=80415, stack(0x0000700008457000,0x0000700008557000)]
  0x00000001236ea800 JavaThread "[ThreadPool Manager] - Idle Thread" daemon [_thread_blocked, id=80919, stack(0x0000700008354000,0x0000700008454000)]
  0x0000000120cb9800 JavaThread "org.eclipse.cdt.internal.ui.text.CReconciler" daemon [_thread_blocked, id=70939, stack(0x0000700007c3c000,0x0000700007d3c000)]
  0x0000000120bb2000 JavaThread "org.eclipse.cdt.internal.ui.text.CReconciler" daemon [_thread_blocked, id=70663, stack(0x0000700007b39000,0x0000700007c39000)]
  0x0000000121d6e800 JavaThread "EventAdmin Async Event Dispatcher Thread" daemon [_thread_blocked, id=16519, stack(0x0000700005afb000,0x0000700005bfb000)]
  0x0000000121aea000 JavaThread "Bundle File Closer" daemon [_thread_blocked, id=61207, stack(0x000070000772a000,0x000070000782a000)]
  0x000000012082d000 JavaThread "EMF Reference Cleaner" daemon [_thread_blocked, id=59655, stack(0x0000700007421000,0x0000700007521000)]
  0x0000000100cf9000 JavaThread "Worker-JM" [_thread_blocked, id=60679, stack(0x000070000731e000,0x000070000741e000)]
  0x0000000101e29800 JavaThread "[Timer] - Main Queue Handler" daemon [_thread_blocked, id=60427, stack(0x000070000721b000,0x000070000731b000)]
  0x0000000101c75800 JavaThread "Start Level: Equinox Container: a9088256-ba34-4989-987c-2d16a7722f9e" daemon [_thread_blocked, id=48643, stack(0x0000700007015000,0x0000700007115000)]
  0x0000000101c74800 JavaThread "Framework Event Dispatcher: org.eclipse.osgi.internal.framework.EquinoxEventPublisher@1f2d2181" daemon [_thread_blocked, id=47879, stack(0x0000700006f12000,0x0000700007012000)]
  0x0000000101b4b000 JavaThread "Active Thread: Equinox Container: a9088256-ba34-4989-987c-2d16a7722f9e" [_thread_blocked, id=47631, stack(0x0000700006e0f000,0x0000700006f0f000)]
  0x0000000100901000 JavaThread "Service Thread" daemon [_thread_blocked, id=30467, stack(0x0000700006b86000,0x0000700006c86000)]
  0x0000000101896000 JavaThread "C1 CompilerThread1" daemon [_thread_blocked, id=29955, stack(0x0000700006a83000,0x0000700006b83000)]
  0x0000000101844800 JavaThread "C2 CompilerThread0" daemon [_thread_blocked, id=29443, stack(0x0000700006980000,0x0000700006a80000)]
  0x0000000101843800 JavaThread "Signal Dispatcher" daemon [_thread_blocked, id=28931, stack(0x000070000687d000,0x000070000697d000)]
  0x0000000100947800 JavaThread "Surrogate Locker Thread (Concurrent GC)" daemon [_thread_blocked, id=28163, stack(0x000070000677a000,0x000070000687a000)]
  0x0000000100930000 JavaThread "Finalizer" daemon [_thread_blocked, id=27139, stack(0x0000700006677000,0x0000700006777000)]
  0x000000010183e800 JavaThread "Reference Handler" daemon [_thread_blocked, id=26627, stack(0x0000700006574000,0x0000700006674000)]
  0x0000000101805000 JavaThread "main" [_thread_in_native, id=775, stack(0x00007fff5f400000,0x00007fff5fc00000)]

Other Threads:
  0x000000010092a000 VMThread [stack: 0x0000700006471000,0x0000700006571000] [id=26115]
  0x0000000100907800 WatcherThread [stack: 0x0000700006c89000,0x0000700006d89000] [id=30979]

VM state:not at safepoint (normal execution)

VM Mutex/Monitor currently owned by a thread: None

Heap:
 garbage-first heap   total 275456K, used 237082K [0x0000000780000000, 0x0000000780100868, 0x00000007c0000000)
  region size 1024K, 122 young (124928K), 3 survivors (3072K)
 Metaspace       used 112598K, capacity 122456K, committed 122908K, reserved 1157120K
  class space    used 13184K, capacity 16016K, committed 16156K, reserved 1048576K

Heap Regions: (Y=young(eden), SU=young(survivor), HS=humongous(starts), HC=humongous(continues), CS=collection set, F=free, TS=gc time stamp, PTAMS=previous top-at-mark-start, NTAMS=next top-at-mark-start)
AC   0  O    TS     0 PTAMS 0x0000000780100000 NTAMS 0x0000000780100000 space 1024K, 100% used [0x0000000780000000, 0x0000000780100000)
AC   0  O    TS     0 PTAMS 0x0000000780200000 NTAMS 0x0000000780200000 space 1024K, 100% used [0x0000000780100000, 0x0000000780200000)
AC   0  O    TS     0 PTAMS 0x0000000780300000 NTAMS 0x0000000780300000 space 1024K, 100% used [0x0000000780200000, 0x0000000780300000)
AC   0  O    TS     0 PTAMS 0x0000000780400000 NTAMS 0x0000000780400000 space 1024K, 100% used [0x0000000780300000, 0x0000000780400000)
AC   0  O    TS    75 PTAMS 0x0000000780400000 NTAMS 0x0000000780400000 space 1024K, 100% used [0x0000000780400000, 0x0000000780500000)
AC   0  O    TS   127 PTAMS 0x0000000780500000 NTAMS 0x0000000780500000 space 1024K, 100% used [0x0000000780500000, 0x0000000780600000)
AC   0  O    TS   135 PTAMS 0x0000000780600000 NTAMS 0x0000000780600000 space 1024K, 100% used [0x0000000780600000, 0x0000000780700000)
AC   0  O    TS     0 PTAMS 0x0000000780800000 NTAMS 0x0000000780800000 space 1024K, 100% used [0x0000000780700000, 0x0000000780800000)
AC   0  O    TS   157 PTAMS 0x0000000780800000 NTAMS 0x0000000780800000 space 1024K, 100% used [0x0000000780800000, 0x0000000780900000)
AC   0  O    TS     0 PTAMS 0x0000000780a00000 NTAMS 0x0000000780a00000 space 1024K, 100% used [0x0000000780900000, 0x0000000780a00000)
AC   0  O    TS     0 PTAMS 0x0000000780b00000 NTAMS 0x0000000780b00000 space 1024K, 100% used [0x0000000780a00000, 0x0000000780b00000)
AC   0  O    TS     0 PTAMS 0x0000000780c00000 NTAMS 0x0000000780c00000 space 1024K, 100% used [0x0000000780b00000, 0x0000000780c00000)
AC   0  O    TS     0 PTAMS 0x0000000780d00000 NTAMS 0x0000000780d00000 space 1024K, 100% used [0x0000000780c00000, 0x0000000780d00000)
AC   0  O    TS     0 PTAMS 0x0000000780e00000 NTAMS 0x0000000780e00000 space 1024K, 100% used [0x0000000780d00000, 0x0000000780e00000)
AC   0  O    TS     0 PTAMS 0x0000000780f00000 NTAMS 0x0000000780f00000 space 1024K, 100% used [0x0000000780e00000, 0x0000000780f00000)
AC   0  O    TS     0 PTAMS 0x0000000781000000 NTAMS 0x0000000781000000 space 1024K, 100% used [0x0000000780f00000, 0x0000000781000000)
AC   0  O    TS     0 PTAMS 0x0000000781100000 NTAMS 0x0000000781100000 space 1024K, 100% used [0x0000000781000000, 0x0000000781100000)
AC   0  O    TS     0 PTAMS 0x0000000781200000 NTAMS 0x0000000781200000 space 1024K, 100% used [0x0000000781100000, 0x0000000781200000)
AC   0  O    TS     0 PTAMS 0x0000000781300000 NTAMS 0x0000000781300000 space 1024K, 100% used [0x0000000781200000, 0x0000000781300000)
AC   0  O    TS     0 PTAMS 0x0000000781400000 NTAMS 0x0000000781400000 space 1024K, 100% used [0x0000000781300000, 0x0000000781400000)
AC   0  O    TS   169 PTAMS 0x0000000781400000 NTAMS 0x0000000781400000 space 1024K, 100% used [0x0000000781400000, 0x0000000781500000)
AC   0  O    TS     0 PTAMS 0x0000000781600000 NTAMS 0x0000000781600000 space 1024K, 100% used [0x0000000781500000, 0x0000000781600000)
AC   0  O    TS     0 PTAMS 0x0000000781700000 NTAMS 0x0000000781700000 space 1024K, 100% used [0x0000000781600000, 0x0000000781700000)
AC   0  O    TS     3 PTAMS 0x0000000781700000 NTAMS 0x0000000781700000 space 1024K, 100% used [0x0000000781700000, 0x0000000781800000)
AC   0  O    TS   173 PTAMS 0x0000000781800000 NTAMS 0x0000000781800000 space 1024K, 100% used [0x0000000781800000, 0x0000000781900000)
AC   0  O    TS     0 PTAMS 0x0000000781a00000 NTAMS 0x0000000781a00000 space 1024K, 100% used [0x0000000781900000, 0x0000000781a00000)
AC   0  O    TS     0 PTAMS 0x0000000781b00000 NTAMS 0x0000000781b00000 space 1024K, 100% used [0x0000000781a00000, 0x0000000781b00000)
AC   0  O    TS     3 PTAMS 0x0000000781b00000 NTAMS 0x0000000781b00000 space 1024K, 100% used [0x0000000781b00000, 0x0000000781c00000)
AC   0  O    TS     3 PTAMS 0x0000000781c00000 NTAMS 0x0000000781c00000 space 1024K, 100% used [0x0000000781c00000, 0x0000000781d00000)
AC   0  O    TS     0 PTAMS 0x0000000781e00000 NTAMS 0x0000000781e00000 space 1024K, 100% used [0x0000000781d00000, 0x0000000781e00000)
AC   0  O    TS     3 PTAMS 0x0000000781e00000 NTAMS 0x0000000781e00000 space 1024K, 100% used [0x0000000781e00000, 0x0000000781f00000)
AC   0  O    TS     0 PTAMS 0x0000000782000000 NTAMS 0x0000000782000000 space 1024K, 100% used [0x0000000781f00000, 0x0000000782000000)
AC   0  O    TS     0 PTAMS 0x0000000782100000 NTAMS 0x0000000782100000 space 1024K, 100% used [0x0000000782000000, 0x0000000782100000)
AC   0  O    TS   177 PTAMS 0x0000000782100000 NTAMS 0x0000000782100000 space 1024K, 100% used [0x0000000782100000, 0x0000000782200000)
AC   0  O    TS     3 PTAMS 0x0000000782200000 NTAMS 0x0000000782200000 space 1024K, 100% used [0x0000000782200000, 0x0000000782300000)
AC   0  O    TS   197 PTAMS 0x0000000782300000 NTAMS 0x0000000782300000 space 1024K, 100% used [0x0000000782300000, 0x0000000782400000)
AC   0  O    TS   199 PTAMS 0x0000000782400000 NTAMS 0x0000000782400000 space 1024K, 100% used [0x0000000782400000, 0x0000000782500000)
AC   0  O    TS     3 PTAMS 0x0000000782500000 NTAMS 0x0000000782500000 space 1024K, 100% used [0x0000000782500000, 0x0000000782600000)
AC   0  O    TS   201 PTAMS 0x0000000782600000 NTAMS 0x0000000782600000 space 1024K, 100% used [0x0000000782600000, 0x0000000782700000)
AC   0  O    TS   203 PTAMS 0x0000000782700000 NTAMS 0x0000000782700000 space 1024K, 100% used [0x0000000782700000, 0x0000000782800000)
AC   0  O    TS     0 PTAMS 0x0000000782900000 NTAMS 0x0000000782900000 space 1024K, 100% used [0x0000000782800000, 0x0000000782900000)
AC   0  O    TS     0 PTAMS 0x0000000782a00000 NTAMS 0x0000000782a00000 space 1024K, 100% used [0x0000000782900000, 0x0000000782a00000)
AC   0  O    TS     3 PTAMS 0x0000000782a00000 NTAMS 0x0000000782a00000 space 1024K, 100% used [0x0000000782a00000, 0x0000000782b00000)
AC   0  O    TS     0 PTAMS 0x0000000782c00000 NTAMS 0x0000000782c00000 space 1024K, 100% used [0x0000000782b00000, 0x0000000782c00000)
AC   0  O    TS     0 PTAMS 0x0000000782d00000 NTAMS 0x0000000782d00000 space 1024K, 100% used [0x0000000782c00000, 0x0000000782d00000)
AC   0  O    TS     0 PTAMS 0x0000000782e00000 NTAMS 0x0000000782e00000 space 1024K, 100% used [0x0000000782d00000, 0x0000000782e00000)
AC   0  O    TS     3 PTAMS 0x0000000782e00000 NTAMS 0x0000000782e00000 space 1024K, 100% used [0x0000000782e00000, 0x0000000782f00000)
AC   0  O    TS     3 PTAMS 0x0000000782f00000 NTAMS 0x0000000782f00000 space 1024K, 100% used [0x0000000782f00000, 0x0000000783000000)
AC   0  O    TS    57 PTAMS 0x0000000783000000 NTAMS 0x0000000783000000 space 1024K, 100% used [0x0000000783000000, 0x0000000783100000)
AC   0  O    TS     0 PTAMS 0x0000000783200000 NTAMS 0x0000000783200000 space 1024K, 100% used [0x0000000783100000, 0x0000000783200000)
AC   0  O    TS     0 PTAMS 0x0000000783300000 NTAMS 0x0000000783300000 space 1024K, 100% used [0x0000000783200000, 0x0000000783300000)
AC   0  O    TS     0 PTAMS 0x0000000783400000 NTAMS 0x0000000783400000 space 1024K, 100% used [0x0000000783300000, 0x0000000783400000)
AC   0  O    TS     0 PTAMS 0x0000000783500000 NTAMS 0x0000000783500000 space 1024K, 100% used [0x0000000783400000, 0x0000000783500000)
AC   0  O    TS     0 PTAMS 0x0000000783600000 NTAMS 0x0000000783600000 space 1024K, 100% used [0x0000000783500000, 0x0000000783600000)
AC   0  O    TS   237 PTAMS 0x0000000783600000 NTAMS 0x0000000783600000 space 1024K, 100% used [0x0000000783600000, 0x0000000783700000)
AC   0  O    TS   261 PTAMS 0x0000000783700000 NTAMS 0x0000000783700000 space 1024K, 100% used [0x0000000783700000, 0x0000000783800000)
AC   0  O    TS     0 PTAMS 0x0000000783900000 NTAMS 0x0000000783900000 space 1024K, 100% used [0x0000000783800000, 0x0000000783900000)
AC   0  O    TS     0 PTAMS 0x0000000783a00000 NTAMS 0x0000000783a00000 space 1024K, 100% used [0x0000000783900000, 0x0000000783a00000)
AC   0  O    TS     0 PTAMS 0x0000000783b00000 NTAMS 0x0000000783b00000 space 1024K, 100% used [0x0000000783a00000, 0x0000000783b00000)
AC   0  O    TS     0 PTAMS 0x0000000783c00000 NTAMS 0x0000000783c00000 space 1024K, 100% used [0x0000000783b00000, 0x0000000783c00000)
AC   0  O    TS     0 PTAMS 0x0000000783d00000 NTAMS 0x0000000783d00000 space 1024K, 100% used [0x0000000783c00000, 0x0000000783d00000)
AC   0  O    TS     0 PTAMS 0x0000000783e00000 NTAMS 0x0000000783e00000 space 1024K, 100% used [0x0000000783d00000, 0x0000000783e00000)
AC   0  O    TS     0 PTAMS 0x0000000783f00000 NTAMS 0x0000000783f00000 space 1024K, 100% used [0x0000000783e00000, 0x0000000783f00000)
AC   0  O    TS     0 PTAMS 0x0000000784000000 NTAMS 0x0000000784000000 space 1024K, 100% used [0x0000000783f00000, 0x0000000784000000)
AC   0  O    TS     0 PTAMS 0x0000000784100000 NTAMS 0x0000000784100000 space 1024K, 100% used [0x0000000784000000, 0x0000000784100000)
AC   0  O    TS   299 PTAMS 0x0000000784100000 NTAMS 0x0000000784100000 space 1024K, 100% used [0x0000000784100000, 0x0000000784200000)
AC   0  O    TS     0 PTAMS 0x0000000784300000 NTAMS 0x0000000784300000 space 1024K, 100% used [0x0000000784200000, 0x0000000784300000)
AC   0  O    TS     0 PTAMS 0x0000000784400000 NTAMS 0x0000000784400000 space 1024K, 100% used [0x0000000784300000, 0x0000000784400000)
AC   0  O    TS     0 PTAMS 0x0000000784500000 NTAMS 0x0000000784500000 space 1024K, 100% used [0x0000000784400000, 0x0000000784500000)
AC   0  O    TS     0 PTAMS 0x0000000784600000 NTAMS 0x0000000784600000 space 1024K, 100% used [0x0000000784500000, 0x0000000784600000)
AC   0  O    TS     0 PTAMS 0x0000000784700000 NTAMS 0x0000000784700000 space 1024K, 100% used [0x0000000784600000, 0x0000000784700000)
AC   0  O    TS     0 PTAMS 0x0000000784800000 NTAMS 0x0000000784800000 space 1024K, 100% used [0x0000000784700000, 0x0000000784800000)
AC   0  O    TS     0 PTAMS 0x0000000784900000 NTAMS 0x0000000784900000 space 1024K, 100% used [0x0000000784800000, 0x0000000784900000)
AC   0  O    TS     0 PTAMS 0x0000000784a00000 NTAMS 0x0000000784a00000 space 1024K, 100% used [0x0000000784900000, 0x0000000784a00000)
AC   0  O    TS   301 PTAMS 0x0000000784a00000 NTAMS 0x0000000784a00000 space 1024K,   2% used [0x0000000784a00000, 0x0000000784b00000)
AC   0  O    TS     0 PTAMS 0x0000000784c00000 NTAMS 0x0000000784c00000 space 1024K, 100% used [0x0000000784b00000, 0x0000000784c00000)
AC   0  F    TS     0 PTAMS 0x0000000784c00000 NTAMS 0x0000000784c00000 space 1024K,   0% used [0x0000000784c00000, 0x0000000784d00000)
AC   0  F    TS     0 PTAMS 0x0000000784d00000 NTAMS 0x0000000784d00000 space 1024K,   0% used [0x0000000784d00000, 0x0000000784e00000)
AC   0  O    TS     0 PTAMS 0x0000000784f00000 NTAMS 0x0000000784f00000 space 1024K, 100% used [0x0000000784e00000, 0x0000000784f00000)
AC   0  O    TS     0 PTAMS 0x0000000785000000 NTAMS 0x0000000785000000 space 1024K, 100% used [0x0000000784f00000, 0x0000000785000000)
AC   0  O    TS     0 PTAMS 0x0000000785100000 NTAMS 0x0000000785100000 space 1024K, 100% used [0x0000000785000000, 0x0000000785100000)
AC   0  O    TS     0 PTAMS 0x0000000785200000 NTAMS 0x0000000785200000 space 1024K, 100% used [0x0000000785100000, 0x0000000785200000)
AC   0  O    TS     0 PTAMS 0x0000000785300000 NTAMS 0x0000000785300000 space 1024K, 100% used [0x0000000785200000, 0x0000000785300000)
AC   0  F    TS     0 PTAMS 0x0000000785300000 NTAMS 0x0000000785300000 space 1024K,   0% used [0x0000000785300000, 0x0000000785400000)
AC   0  F    TS     0 PTAMS 0x0000000785400000 NTAMS 0x0000000785400000 space 1024K,   0% used [0x0000000785400000, 0x0000000785500000)
AC   0  F    TS     0 PTAMS 0x0000000785500000 NTAMS 0x0000000785500000 space 1024K,   0% used [0x0000000785500000, 0x0000000785600000)
AC   0  O    TS     0 PTAMS 0x0000000785700000 NTAMS 0x0000000785700000 space 1024K, 100% used [0x0000000785600000, 0x0000000785700000)
AC   0  F    TS     0 PTAMS 0x0000000785700000 NTAMS 0x0000000785700000 space 1024K,   0% used [0x0000000785700000, 0x0000000785800000)
AC   0  F    TS     0 PTAMS 0x0000000785800000 NTAMS 0x0000000785800000 space 1024K,   0% used [0x0000000785800000, 0x0000000785900000)
AC   0  O    TS     0 PTAMS 0x0000000785a00000 NTAMS 0x0000000785a00000 space 1024K, 100% used [0x0000000785900000, 0x0000000785a00000)
AC   0  F    TS     0 PTAMS 0x0000000785a00000 NTAMS 0x0000000785a00000 space 1024K,   0% used [0x0000000785a00000, 0x0000000785b00000)
AC   0  F    TS    41 PTAMS 0x0000000785b00000 NTAMS 0x0000000785b00000 space 1024K,   0% used [0x0000000785b00000, 0x0000000785c00000)
AC   0  F    TS    41 PTAMS 0x0000000785c00000 NTAMS 0x0000000785c00000 space 1024K,   0% used [0x0000000785c00000, 0x0000000785d00000)
AC   0  F    TS    67 PTAMS 0x0000000785d00000 NTAMS 0x0000000785d00000 space 1024K,   0% used [0x0000000785d00000, 0x0000000785e00000)
AC   0  F    TS    93 PTAMS 0x0000000785e00000 NTAMS 0x0000000785e00000 space 1024K,   0% used [0x0000000785e00000, 0x0000000785f00000)
AC   0  O    TS     0 PTAMS 0x0000000786000000 NTAMS 0x0000000786000000 space 1024K, 100% used [0x0000000785f00000, 0x0000000786000000)
AC   0  O    TS     0 PTAMS 0x0000000786100000 NTAMS 0x0000000786100000 space 1024K, 100% used [0x0000000786000000, 0x0000000786100000)
AC   0  F    TS   111 PTAMS 0x0000000786100000 NTAMS 0x0000000786100000 space 1024K,   0% used [0x0000000786100000, 0x0000000786200000)
AC   0  F    TS   125 PTAMS 0x0000000786200000 NTAMS 0x0000000786200000 space 1024K,   0% used [0x0000000786200000, 0x0000000786300000)
AC   0  F    TS   153 PTAMS 0x0000000786300000 NTAMS 0x0000000786300000 space 1024K,   0% used [0x0000000786300000, 0x0000000786400000)
AC   0  F    TS   153 PTAMS 0x0000000786400000 NTAMS 0x0000000786400000 space 1024K,   0% used [0x0000000786400000, 0x0000000786500000)
AC   0  O    TS     0 PTAMS 0x0000000786600000 NTAMS 0x0000000786600000 space 1024K, 100% used [0x0000000786500000, 0x0000000786600000)
AC   0  F    TS   173 PTAMS 0x0000000786600000 NTAMS 0x0000000786600000 space 1024K,   0% used [0x0000000786600000, 0x0000000786700000)
AC   0  O    TS     0 PTAMS 0x0000000786800000 NTAMS 0x0000000786800000 space 1024K, 100% used [0x0000000786700000, 0x0000000786800000)
AC   0  F    TS   173 PTAMS 0x0000000786800000 NTAMS 0x0000000786800000 space 1024K,   0% used [0x0000000786800000, 0x0000000786900000)
AC   0  O    TS     0 PTAMS 0x0000000786a00000 NTAMS 0x0000000786a00000 space 1024K, 100% used [0x0000000786900000, 0x0000000786a00000)
AC   0  O    TS     0 PTAMS 0x0000000786b00000 NTAMS 0x0000000786b00000 space 1024K, 100% used [0x0000000786a00000, 0x0000000786b00000)
AC   0  O    TS     0 PTAMS 0x0000000786c00000 NTAMS 0x0000000786c00000 space 1024K, 100% used [0x0000000786b00000, 0x0000000786c00000)
AC   0  O    TS     0 PTAMS 0x0000000786d00000 NTAMS 0x0000000786d00000 space 1024K, 100% used [0x0000000786c00000, 0x0000000786d00000)
AC   0  O    TS     0 PTAMS 0x0000000786e00000 NTAMS 0x0000000786e00000 space 1024K, 100% used [0x0000000786d00000, 0x0000000786e00000)
AC   0  O    TS     0 PTAMS 0x0000000786f00000 NTAMS 0x0000000786f00000 space 1024K, 100% used [0x0000000786e00000, 0x0000000786f00000)
AC   0  O    TS     0 PTAMS 0x0000000787000000 NTAMS 0x0000000787000000 space 1024K, 100% used [0x0000000786f00000, 0x0000000787000000)
AC   0  O    TS     0 PTAMS 0x0000000787100000 NTAMS 0x0000000787100000 space 1024K, 100% used [0x0000000787000000, 0x0000000787100000)
AC   0  F    TS   179 PTAMS 0x0000000787100000 NTAMS 0x0000000787100000 space 1024K,   0% used [0x0000000787100000, 0x0000000787200000)
AC   0  F    TS   195 PTAMS 0x0000000787200000 NTAMS 0x0000000787200000 space 1024K,   0% used [0x0000000787200000, 0x0000000787300000)
AC   0  F    TS   195 PTAMS 0x0000000787300000 NTAMS 0x0000000787300000 space 1024K,   0% used [0x0000000787300000, 0x0000000787400000)
AC   0  O    TS     0 PTAMS 0x0000000787500000 NTAMS 0x0000000787500000 space 1024K, 100% used [0x0000000787400000, 0x0000000787500000)
AC   0  O    TS     0 PTAMS 0x0000000787600000 NTAMS 0x0000000787600000 space 1024K, 100% used [0x0000000787500000, 0x0000000787600000)
AC   0  O    TS     0 PTAMS 0x0000000787700000 NTAMS 0x0000000787700000 space 1024K, 100% used [0x0000000787600000, 0x0000000787700000)
AC   0  F    TS   231 PTAMS 0x0000000787700000 NTAMS 0x0000000787700000 space 1024K,   0% used [0x0000000787700000, 0x0000000787800000)
AC   0  O    TS     0 PTAMS 0x0000000787900000 NTAMS 0x0000000787900000 space 1024K, 100% used [0x0000000787800000, 0x0000000787900000)
AC   0  O    TS     0 PTAMS 0x0000000787a00000 NTAMS 0x0000000787a00000 space 1024K, 100% used [0x0000000787900000, 0x0000000787a00000)
AC   0  F    TS   229 PTAMS 0x0000000787a00000 NTAMS 0x0000000787a00000 space 1024K,   0% used [0x0000000787a00000, 0x0000000787b00000)
AC   0  F    TS   273 PTAMS 0x0000000787b00000 NTAMS 0x0000000787b00000 space 1024K,   0% used [0x0000000787b00000, 0x0000000787c00000)
AC   0  F    TS   291 PTAMS 0x0000000787c00000 NTAMS 0x0000000787c00000 space 1024K,   0% used [0x0000000787c00000, 0x0000000787d00000)
AC   0  F    TS   295 PTAMS 0x0000000787d00000 NTAMS 0x0000000787d00000 space 1024K,   0% used [0x0000000787d00000, 0x0000000787e00000)
AC   0  F    TS   295 PTAMS 0x0000000787e00000 NTAMS 0x0000000787e00000 space 1024K,   0% used [0x0000000787e00000, 0x0000000787f00000)
AC   0  F    TS   299 PTAMS 0x0000000787f00000 NTAMS 0x0000000787f00000 space 1024K,   0% used [0x0000000787f00000, 0x0000000788000000)
AC   0  F    TS   299 PTAMS 0x0000000788000000 NTAMS 0x0000000788000000 space 1024K,   0% used [0x0000000788000000, 0x0000000788100000)
AC   0  F    TS   299 PTAMS 0x0000000788100000 NTAMS 0x0000000788100000 space 1024K,   0% used [0x0000000788100000, 0x0000000788200000)
AC   0  S CS TS   301 PTAMS 0x0000000788200000 NTAMS 0x0000000788200000 space 1024K,  49% used [0x0000000788200000, 0x0000000788300000)
AC   0  S CS TS   301 PTAMS 0x0000000788300000 NTAMS 0x0000000788300000 space 1024K, 100% used [0x0000000788300000, 0x0000000788400000)
AC   0  S CS TS   301 PTAMS 0x0000000788400000 NTAMS 0x0000000788400000 space 1024K, 100% used [0x0000000788400000, 0x0000000788500000)
AC   0  F    TS   297 PTAMS 0x0000000788500000 NTAMS 0x0000000788500000 space 1024K,   0% used [0x0000000788500000, 0x0000000788600000)
AC   0  O    TS     0 PTAMS 0x0000000788700000 NTAMS 0x0000000788700000 space 1024K, 100% used [0x0000000788600000, 0x0000000788700000)
AC   0  F    TS   297 PTAMS 0x0000000788700000 NTAMS 0x0000000788700000 space 1024K,   0% used [0x0000000788700000, 0x0000000788800000)
AC   0  F    TS   297 PTAMS 0x0000000788800000 NTAMS 0x0000000788800000 space 1024K,   0% used [0x0000000788800000, 0x0000000788900000)
AC   0  F    TS   293 PTAMS 0x0000000788900000 NTAMS 0x0000000788900000 space 1024K,   0% used [0x0000000788900000, 0x0000000788a00000)
AC   0  F    TS   293 PTAMS 0x0000000788a00000 NTAMS 0x0000000788a00000 space 1024K,   0% used [0x0000000788a00000, 0x0000000788b00000)
AC   0  E    TS   275 PTAMS 0x0000000788b00000 NTAMS 0x0000000788b00000 space 1024K,   6% used [0x0000000788b00000, 0x0000000788c00000)
AC   0  E CS TS   275 PTAMS 0x0000000788c00000 NTAMS 0x0000000788c00000 space 1024K, 100% used [0x0000000788c00000, 0x0000000788d00000)
AC   0  E CS TS     0 PTAMS 0x0000000788d00000 NTAMS 0x0000000788d00000 space 1024K, 100% used [0x0000000788d00000, 0x0000000788e00000)
AC   0  E CS TS     1 PTAMS 0x0000000788e00000 NTAMS 0x0000000788e00000 space 1024K, 100% used [0x0000000788e00000, 0x0000000788f00000)
AC   0  E CS TS     1 PTAMS 0x0000000788f00000 NTAMS 0x0000000788f00000 space 1024K, 100% used [0x0000000788f00000, 0x0000000789000000)
AC   0  E CS TS     1 PTAMS 0x0000000789000000 NTAMS 0x0000000789000000 space 1024K, 100% used [0x0000000789000000, 0x0000000789100000)
AC   0  E CS TS     0 PTAMS 0x0000000789100000 NTAMS 0x0000000789100000 space 1024K, 100% used [0x0000000789100000, 0x0000000789200000)
AC   0  E CS TS     0 PTAMS 0x0000000789200000 NTAMS 0x0000000789200000 space 1024K, 100% used [0x0000000789200000, 0x0000000789300000)
AC   0  O    TS     0 PTAMS 0x0000000789400000 NTAMS 0x0000000789400000 space 1024K, 100% used [0x0000000789300000, 0x0000000789400000)
AC   0  O    TS     0 PTAMS 0x0000000789500000 NTAMS 0x0000000789500000 space 1024K, 100% used [0x0000000789400000, 0x0000000789500000)
AC   0  E CS TS     1 PTAMS 0x0000000789500000 NTAMS 0x0000000789500000 space 1024K, 100% used [0x0000000789500000, 0x0000000789600000)
AC   0  O    TS     0 PTAMS 0x0000000789700000 NTAMS 0x0000000789700000 space 1024K, 100% used [0x0000000789600000, 0x0000000789700000)
AC   0  E CS TS     0 PTAMS 0x0000000789700000 NTAMS 0x0000000789700000 space 1024K, 100% used [0x0000000789700000, 0x0000000789800000)
AC   0  E CS TS     0 PTAMS 0x0000000789800000 NTAMS 0x0000000789800000 space 1024K, 100% used [0x0000000789800000, 0x0000000789900000)
AC   0  E CS TS     0 PTAMS 0x0000000789900000 NTAMS 0x0000000789900000 space 1024K, 100% used [0x0000000789900000, 0x0000000789a00000)
AC   0  E CS TS     0 PTAMS 0x0000000789a00000 NTAMS 0x0000000789a00000 space 1024K, 100% used [0x0000000789a00000, 0x0000000789b00000)
AC   0  E CS TS     0 PTAMS 0x0000000789b00000 NTAMS 0x0000000789b00000 space 1024K, 100% used [0x0000000789b00000, 0x0000000789c00000)
AC   0  E CS TS     0 PTAMS 0x0000000789c00000 NTAMS 0x0000000789c00000 space 1024K, 100% used [0x0000000789c00000, 0x0000000789d00000)
AC   0  O    TS     0 PTAMS 0x0000000789e00000 NTAMS 0x0000000789e00000 space 1024K, 100% used [0x0000000789d00000, 0x0000000789e00000)
AC   0  E CS TS     0 PTAMS 0x0000000789e00000 NTAMS 0x0000000789e00000 space 1024K, 100% used [0x0000000789e00000, 0x0000000789f00000)
AC   0  E CS TS     0 PTAMS 0x0000000789f00000 NTAMS 0x0000000789f00000 space 1024K, 100% used [0x0000000789f00000, 0x000000078a000000)
AC   0  E CS TS     0 PTAMS 0x000000078a000000 NTAMS 0x000000078a000000 space 1024K, 100% used [0x000000078a000000, 0x000000078a100000)
AC   0  E CS TS     0 PTAMS 0x000000078a100000 NTAMS 0x000000078a100000 space 1024K, 100% used [0x000000078a100000, 0x000000078a200000)
AC   0  E CS TS     0 PTAMS 0x000000078a200000 NTAMS 0x000000078a200000 space 1024K, 100% used [0x000000078a200000, 0x000000078a300000)
AC   0  O    TS     0 PTAMS 0x000000078a400000 NTAMS 0x000000078a400000 space 1024K, 100% used [0x000000078a300000, 0x000000078a400000)
AC   0  E CS TS     0 PTAMS 0x000000078a400000 NTAMS 0x000000078a400000 space 1024K, 100% used [0x000000078a400000, 0x000000078a500000)
AC   0  E CS TS     0 PTAMS 0x000000078a500000 NTAMS 0x000000078a500000 space 1024K, 100% used [0x000000078a500000, 0x000000078a600000)
AC   0  E CS TS     0 PTAMS 0x000000078a600000 NTAMS 0x000000078a600000 space 1024K, 100% used [0x000000078a600000, 0x000000078a700000)
AC   0  E CS TS     0 PTAMS 0x000000078a700000 NTAMS 0x000000078a700000 space 1024K, 100% used [0x000000078a700000, 0x000000078a800000)
AC   0  O    TS     0 PTAMS 0x000000078a900000 NTAMS 0x000000078a900000 space 1024K, 100% used [0x000000078a800000, 0x000000078a900000)
AC   0  E CS TS     0 PTAMS 0x000000078a900000 NTAMS 0x000000078a900000 space 1024K, 100% used [0x000000078a900000, 0x000000078aa00000)
AC   0  E CS TS     0 PTAMS 0x000000078aa00000 NTAMS 0x000000078aa00000 space 1024K, 100% used [0x000000078aa00000, 0x000000078ab00000)
AC   0  E CS TS     0 PTAMS 0x000000078ab00000 NTAMS 0x000000078ab00000 space 1024K, 100% used [0x000000078ab00000, 0x000000078ac00000)
AC   0  E CS TS     0 PTAMS 0x000000078ac00000 NTAMS 0x000000078ac00000 space 1024K, 100% used [0x000000078ac00000, 0x000000078ad00000)
AC   0  E CS TS     0 PTAMS 0x000000078ad00000 NTAMS 0x000000078ad00000 space 1024K, 100% used [0x000000078ad00000, 0x000000078ae00000)
AC   0  E CS TS     0 PTAMS 0x000000078ae00000 NTAMS 0x000000078ae00000 space 1024K, 100% used [0x000000078ae00000, 0x000000078af00000)
AC   0  E CS TS     0 PTAMS 0x000000078af00000 NTAMS 0x000000078af00000 space 1024K, 100% used [0x000000078af00000, 0x000000078b000000)
AC   0  E CS TS     0 PTAMS 0x000000078b000000 NTAMS 0x000000078b000000 space 1024K, 100% used [0x000000078b000000, 0x000000078b100000)
AC   0  E CS TS     0 PTAMS 0x000000078b100000 NTAMS 0x000000078b100000 space 1024K, 100% used [0x000000078b100000, 0x000000078b200000)
AC   0  E CS TS     0 PTAMS 0x000000078b200000 NTAMS 0x000000078b200000 space 1024K, 100% used [0x000000078b200000, 0x000000078b300000)
AC   0  O    TS     0 PTAMS 0x000000078b400000 NTAMS 0x000000078b400000 space 1024K, 100% used [0x000000078b300000, 0x000000078b400000)
AC   0  O    TS     0 PTAMS 0x000000078b500000 NTAMS 0x000000078b500000 space 1024K, 100% used [0x000000078b400000, 0x000000078b500000)
AC   0  O    TS     0 PTAMS 0x000000078b600000 NTAMS 0x000000078b600000 space 1024K, 100% used [0x000000078b500000, 0x000000078b600000)
AC   0  E CS TS     0 PTAMS 0x000000078b600000 NTAMS 0x000000078b600000 space 1024K, 100% used [0x000000078b600000, 0x000000078b700000)
AC   0  E CS TS     0 PTAMS 0x000000078b700000 NTAMS 0x000000078b700000 space 1024K, 100% used [0x000000078b700000, 0x000000078b800000)
AC   0  E CS TS     0 PTAMS 0x000000078b800000 NTAMS 0x000000078b800000 space 1024K, 100% used [0x000000078b800000, 0x000000078b900000)
AC   0  E CS TS     0 PTAMS 0x000000078b900000 NTAMS 0x000000078b900000 space 1024K, 100% used [0x000000078b900000, 0x000000078ba00000)
AC   0  E CS TS     0 PTAMS 0x000000078ba00000 NTAMS 0x000000078ba00000 space 1024K, 100% used [0x000000078ba00000, 0x000000078bb00000)
AC   0  E CS TS     0 PTAMS 0x000000078bb00000 NTAMS 0x000000078bb00000 space 1024K, 100% used [0x000000078bb00000, 0x000000078bc00000)
AC   0  O    TS     0 PTAMS 0x000000078bd00000 NTAMS 0x000000078bd00000 space 1024K, 100% used [0x000000078bc00000, 0x000000078bd00000)
AC   0  O    TS     0 PTAMS 0x000000078be00000 NTAMS 0x000000078be00000 space 1024K, 100% used [0x000000078bd00000, 0x000000078be00000)
AC   0  E CS TS     0 PTAMS 0x000000078be00000 NTAMS 0x000000078be00000 space 1024K, 100% used [0x000000078be00000, 0x000000078bf00000)
AC   0  E CS TS     0 PTAMS 0x000000078bf00000 NTAMS 0x000000078bf00000 space 1024K, 100% used [0x000000078bf00000, 0x000000078c000000)
AC   0  E CS TS     0 PTAMS 0x000000078c000000 NTAMS 0x000000078c000000 space 1024K, 100% used [0x000000078c000000, 0x000000078c100000)
AC   0  E CS TS     0 PTAMS 0x000000078c100000 NTAMS 0x000000078c100000 space 1024K, 100% used [0x000000078c100000, 0x000000078c200000)
AC   0  E CS TS     0 PTAMS 0x000000078c200000 NTAMS 0x000000078c200000 space 1024K, 100% used [0x000000078c200000, 0x000000078c300000)
AC   0  E CS TS     0 PTAMS 0x000000078c300000 NTAMS 0x000000078c300000 space 1024K, 100% used [0x000000078c300000, 0x000000078c400000)
AC   0  E CS TS     0 PTAMS 0x000000078c400000 NTAMS 0x000000078c400000 space 1024K, 100% used [0x000000078c400000, 0x000000078c500000)
AC   0  E CS TS     0 PTAMS 0x000000078c500000 NTAMS 0x000000078c500000 space 1024K, 100% used [0x000000078c500000, 0x000000078c600000)
AC   0  E CS TS     0 PTAMS 0x000000078c600000 NTAMS 0x000000078c600000 space 1024K, 100% used [0x000000078c600000, 0x000000078c700000)
AC   0  E CS TS     0 PTAMS 0x000000078c700000 NTAMS 0x000000078c700000 space 1024K, 100% used [0x000000078c700000, 0x000000078c800000)
AC   0  E CS TS     0 PTAMS 0x000000078c800000 NTAMS 0x000000078c800000 space 1024K, 100% used [0x000000078c800000, 0x000000078c900000)
AC   0  E CS TS     0 PTAMS 0x000000078c900000 NTAMS 0x000000078c900000 space 1024K, 100% used [0x000000078c900000, 0x000000078ca00000)
AC   0  E CS TS     0 PTAMS 0x000000078ca00000 NTAMS 0x000000078ca00000 space 1024K, 100% used [0x000000078ca00000, 0x000000078cb00000)
AC   0  E CS TS     0 PTAMS 0x000000078cb00000 NTAMS 0x000000078cb00000 space 1024K, 100% used [0x000000078cb00000, 0x000000078cc00000)
AC   0  E CS TS     0 PTAMS 0x000000078cc00000 NTAMS 0x000000078cc00000 space 1024K, 100% used [0x000000078cc00000, 0x000000078cd00000)
AC   0  E CS TS     0 PTAMS 0x000000078cd00000 NTAMS 0x000000078cd00000 space 1024K, 100% used [0x000000078cd00000, 0x000000078ce00000)
AC   0  E CS TS     0 PTAMS 0x000000078ce00000 NTAMS 0x000000078ce00000 space 1024K, 100% used [0x000000078ce00000, 0x000000078cf00000)
AC   0  E CS TS     0 PTAMS 0x000000078cf00000 NTAMS 0x000000078cf00000 space 1024K, 100% used [0x000000078cf00000, 0x000000078d000000)
AC   0  E CS TS     0 PTAMS 0x000000078d000000 NTAMS 0x000000078d000000 space 1024K, 100% used [0x000000078d000000, 0x000000078d100000)
AC   0  E CS TS     0 PTAMS 0x000000078d100000 NTAMS 0x000000078d100000 space 1024K, 100% used [0x000000078d100000, 0x000000078d200000)
AC   0  E CS TS     0 PTAMS 0x000000078d200000 NTAMS 0x000000078d200000 space 1024K, 100% used [0x000000078d200000, 0x000000078d300000)
AC   0  E CS TS     0 PTAMS 0x000000078d300000 NTAMS 0x000000078d300000 space 1024K, 100% used [0x000000078d300000, 0x000000078d400000)
AC   0  E CS TS     0 PTAMS 0x000000078d400000 NTAMS 0x000000078d400000 space 1024K, 100% used [0x000000078d400000, 0x000000078d500000)
AC   0  E CS TS     0 PTAMS 0x000000078d500000 NTAMS 0x000000078d500000 space 1024K, 100% used [0x000000078d500000, 0x000000078d600000)
AC   0  E CS TS     0 PTAMS 0x000000078d600000 NTAMS 0x000000078d600000 space 1024K, 100% used [0x000000078d600000, 0x000000078d700000)
AC   0  E CS TS     0 PTAMS 0x000000078d700000 NTAMS 0x000000078d700000 space 1024K, 100% used [0x000000078d700000, 0x000000078d800000)
AC   0  E CS TS     0 PTAMS 0x000000078d800000 NTAMS 0x000000078d800000 space 1024K, 100% used [0x000000078d800000, 0x000000078d900000)
AC   0  E CS TS     0 PTAMS 0x000000078d900000 NTAMS 0x000000078d900000 space 1024K, 100% used [0x000000078d900000, 0x000000078da00000)
AC   0  E CS TS     0 PTAMS 0x000000078da00000 NTAMS 0x000000078da00000 space 1024K, 100% used [0x000000078da00000, 0x000000078db00000)
AC   0  E CS TS     0 PTAMS 0x000000078db00000 NTAMS 0x000000078db00000 space 1024K, 100% used [0x000000078db00000, 0x000000078dc00000)
AC   0  E CS TS     0 PTAMS 0x000000078dc00000 NTAMS 0x000000078dc00000 space 1024K, 100% used [0x000000078dc00000, 0x000000078dd00000)
AC   0  E CS TS     0 PTAMS 0x000000078dd00000 NTAMS 0x000000078dd00000 space 1024K, 100% used [0x000000078dd00000, 0x000000078de00000)
AC   0  E CS TS     0 PTAMS 0x000000078de00000 NTAMS 0x000000078de00000 space 1024K, 100% used [0x000000078de00000, 0x000000078df00000)
AC   0  E CS TS     0 PTAMS 0x000000078df00000 NTAMS 0x000000078df00000 space 1024K, 100% used [0x000000078df00000, 0x000000078e000000)
AC   0  E CS TS     0 PTAMS 0x000000078e000000 NTAMS 0x000000078e000000 space 1024K, 100% used [0x000000078e000000, 0x000000078e100000)
AC   0  E CS TS     0 PTAMS 0x000000078e100000 NTAMS 0x000000078e100000 space 1024K, 100% used [0x000000078e100000, 0x000000078e200000)
AC   0  E CS TS     0 PTAMS 0x000000078e200000 NTAMS 0x000000078e200000 space 1024K, 100% used [0x000000078e200000, 0x000000078e300000)
AC   0  E CS TS     0 PTAMS 0x000000078e300000 NTAMS 0x000000078e300000 space 1024K, 100% used [0x000000078e300000, 0x000000078e400000)
AC   0  E CS TS     0 PTAMS 0x000000078e400000 NTAMS 0x000000078e400000 space 1024K, 100% used [0x000000078e400000, 0x000000078e500000)
AC   0  E CS TS     0 PTAMS 0x000000078e500000 NTAMS 0x000000078e500000 space 1024K, 100% used [0x000000078e500000, 0x000000078e600000)
AC   0  E CS TS     0 PTAMS 0x000000078e600000 NTAMS 0x000000078e600000 space 1024K, 100% used [0x000000078e600000, 0x000000078e700000)
AC   0  E CS TS     0 PTAMS 0x000000078e700000 NTAMS 0x000000078e700000 space 1024K, 100% used [0x000000078e700000, 0x000000078e800000)
AC   0  E CS TS     0 PTAMS 0x000000078e800000 NTAMS 0x000000078e800000 space 1024K, 100% used [0x000000078e800000, 0x000000078e900000)
AC   0  E CS TS     0 PTAMS 0x000000078e900000 NTAMS 0x000000078e900000 space 1024K, 100% used [0x000000078e900000, 0x000000078ea00000)
AC   0  E CS TS     0 PTAMS 0x000000078ea00000 NTAMS 0x000000078ea00000 space 1024K, 100% used [0x000000078ea00000, 0x000000078eb00000)
AC   0  E CS TS     0 PTAMS 0x000000078eb00000 NTAMS 0x000000078eb00000 space 1024K, 100% used [0x000000078eb00000, 0x000000078ec00000)
AC   0  E CS TS     0 PTAMS 0x000000078ec00000 NTAMS 0x000000078ec00000 space 1024K, 100% used [0x000000078ec00000, 0x000000078ed00000)
AC   0  E CS TS     0 PTAMS 0x000000078ed00000 NTAMS 0x000000078ed00000 space 1024K, 100% used [0x000000078ed00000, 0x000000078ee00000)
AC   0  E CS TS     0 PTAMS 0x000000078ee00000 NTAMS 0x000000078ee00000 space 1024K, 100% used [0x000000078ee00000, 0x000000078ef00000)
AC   0  E CS TS     0 PTAMS 0x000000078ef00000 NTAMS 0x000000078ef00000 space 1024K, 100% used [0x000000078ef00000, 0x000000078f000000)
AC   0  E CS TS     0 PTAMS 0x000000078f000000 NTAMS 0x000000078f000000 space 1024K, 100% used [0x000000078f000000, 0x000000078f100000)
AC   0  E CS TS     0 PTAMS 0x000000078f100000 NTAMS 0x000000078f100000 space 1024K, 100% used [0x000000078f100000, 0x000000078f200000)
AC   0  E CS TS     0 PTAMS 0x000000078f200000 NTAMS 0x000000078f200000 space 1024K, 100% used [0x000000078f200000, 0x000000078f300000)
AC   0  E CS TS     0 PTAMS 0x000000078f300000 NTAMS 0x000000078f300000 space 1024K, 100% used [0x000000078f300000, 0x000000078f400000)
AC   0  E CS TS     0 PTAMS 0x000000078f400000 NTAMS 0x000000078f400000 space 1024K, 100% used [0x000000078f400000, 0x000000078f500000)
AC   0  E CS TS     0 PTAMS 0x000000078f500000 NTAMS 0x000000078f500000 space 1024K, 100% used [0x000000078f500000, 0x000000078f600000)
AC   0  E CS TS     0 PTAMS 0x000000078f600000 NTAMS 0x000000078f600000 space 1024K, 100% used [0x000000078f600000, 0x000000078f700000)
AC   0  E CS TS     0 PTAMS 0x000000078f700000 NTAMS 0x000000078f700000 space 1024K, 100% used [0x000000078f700000, 0x000000078f800000)
AC   0  E CS TS     0 PTAMS 0x000000078f800000 NTAMS 0x000000078f800000 space 1024K, 100% used [0x000000078f800000, 0x000000078f900000)
AC   0  E CS TS     0 PTAMS 0x000000078f900000 NTAMS 0x000000078f900000 space 1024K, 100% used [0x000000078f900000, 0x000000078fa00000)
AC   0  E CS TS     0 PTAMS 0x000000078fa00000 NTAMS 0x000000078fa00000 space 1024K, 100% used [0x000000078fa00000, 0x000000078fb00000)
AC   0  E CS TS     0 PTAMS 0x000000078fb00000 NTAMS 0x000000078fb00000 space 1024K, 100% used [0x000000078fb00000, 0x000000078fc00000)
AC   0  E CS TS     0 PTAMS 0x000000078fc00000 NTAMS 0x000000078fc00000 space 1024K, 100% used [0x000000078fc00000, 0x000000078fd00000)
AC   0  E CS TS     0 PTAMS 0x000000078fd00000 NTAMS 0x000000078fd00000 space 1024K, 100% used [0x000000078fd00000, 0x000000078fe00000)
AC   0  E CS TS     0 PTAMS 0x000000078fe00000 NTAMS 0x000000078fe00000 space 1024K, 100% used [0x000000078fe00000, 0x000000078ff00000)
AC   0  E CS TS     0 PTAMS 0x000000078ff00000 NTAMS 0x000000078ff00000 space 1024K, 100% used [0x000000078ff00000, 0x0000000790000000)
AC   0  E CS TS     0 PTAMS 0x0000000790000000 NTAMS 0x0000000790000000 space 1024K, 100% used [0x0000000790000000, 0x0000000790100000)
AC   0  E CS TS     0 PTAMS 0x0000000790100000 NTAMS 0x0000000790100000 space 1024K, 100% used [0x0000000790100000, 0x0000000790200000)
AC   0  E CS TS     0 PTAMS 0x0000000790200000 NTAMS 0x0000000790200000 space 1024K, 100% used [0x0000000790200000, 0x0000000790300000)
AC   0  E CS TS     3 PTAMS 0x0000000790300000 NTAMS 0x0000000790300000 space 1024K, 100% used [0x0000000790300000, 0x0000000790400000)
AC   0  E CS TS     0 PTAMS 0x0000000790400000 NTAMS 0x0000000790400000 space 1024K, 100% used [0x0000000790400000, 0x0000000790500000)
AC   0  E CS TS     0 PTAMS 0x0000000790500000 NTAMS 0x0000000790500000 space 1024K, 100% used [0x0000000790500000, 0x0000000790600000)
AC   0  E CS TS     0 PTAMS 0x0000000790600000 NTAMS 0x0000000790600000 space 1024K, 100% used [0x0000000790600000, 0x0000000790700000)
AC   0  E CS TS     0 PTAMS 0x0000000790700000 NTAMS 0x0000000790700000 space 1024K, 100% used [0x0000000790700000, 0x0000000790800000)
AC   0  E CS TS     0 PTAMS 0x0000000790800000 NTAMS 0x0000000790800000 space 1024K, 100% used [0x0000000790800000, 0x0000000790900000)
AC   0  E CS TS     0 PTAMS 0x0000000790900000 NTAMS 0x0000000790900000 space 1024K, 100% used [0x0000000790900000, 0x0000000790a00000)
AC   0  E CS TS     0 PTAMS 0x0000000790a00000 NTAMS 0x0000000790a00000 space 1024K, 100% used [0x0000000790a00000, 0x0000000790b00000)
AC   0  E CS TS     0 PTAMS 0x0000000790b00000 NTAMS 0x0000000790b00000 space 1024K, 100% used [0x0000000790b00000, 0x0000000790c00000)
AC   0  E CS TS     0 PTAMS 0x0000000790c00000 NTAMS 0x0000000790c00000 space 1024K, 100% used [0x0000000790c00000, 0x0000000790d00000)

Card table byte_map: [0x0000000114017000,0x0000000114217000] byte_map_base: 0x0000000110417000

Marking Bits (Prev, Next): (CMBitMap*) 0x0000000100849688, (CMBitMap*) 0x00000001008496e0
 Prev Bits: [0x0000000114417000, 0x0000000115417000)
 Next Bits: [0x0000000115417000, 0x0000000116417000)

Polling page: 0x0000000100766000

CodeCache: size=245760Kb used=103812Kb max_used=103837Kb free=141947Kb
 bounds [0x0000000104857000, 0x000000010ae87000, 0x0000000113857000]
 total_blobs=25540 nmethods=24758 adapters=689
 compilation: enabled

Compilation events (10 events):
Event: 23702.494 Thread 0x0000000101896000 40231  s    3       org.eclipse.ui.actions.CloseResourceAction::getSelectedResources (5 bytes)
Event: 23702.495 Thread 0x0000000101896000 nmethod 40231 0x0000000105666210 code [0x00000001056663a0, 0x00000001056667e8]
Event: 23702.580 Thread 0x0000000101896000 40232       3       org.eclipse.core.internal.resources.ComputeProjectOrder$Digraph::<init> (41 bytes)
Event: 23702.581 Thread 0x0000000101896000 nmethod 40232 0x000000010ac4a6d0 code [0x000000010ac4a880, 0x000000010ac4acb8]
Event: 23702.581 Thread 0x0000000101896000 40233       3       org.eclipse.core.internal.resources.ComputeProjectOrder$Digraph::addEdge (82 bytes)
Event: 23702.581 Thread 0x0000000101896000 nmethod 40233 0x0000000105ae5850 code [0x0000000105ae5a40, 0x0000000105ae6298]
Event: 23702.581 Thread 0x0000000101896000 40234       3       org.eclipse.core.internal.resources.ComputeProjectOrder$Digraph::freeze (17 bytes)
Event: 23702.582 Thread 0x0000000101896000 nmethod 40234 0x00000001087a03d0 code [0x00000001087a0540, 0x00000001087a0708]
Event: 23702.582 Thread 0x0000000101896000 40235       3       org.eclipse.core.internal.resources.ComputeProjectOrder$Digraph::idsByDFSFinishTime (107 bytes)
Event: 23702.583 Thread 0x0000000101896000 nmethod 40235 0x00000001087a7310 code [0x00000001087a7540, 0x00000001087a8388]

GC Heap History (10 events):
Event: 23555.668 GC heap before
{Heap before GC invocations=356 (full 0):
 garbage-first heap   total 275456K, used 241576K [0x0000000780000000, 0x0000000780100868, 0x00000007c0000000)
  region size 1024K, 125 young (128000K), 6 survivors (6144K)
 Metaspace       used 112553K, capacity 122456K, committed 122908K, reserved 1157120K
  class space    used 13183K, capacity 16016K, committed 16156K, reserved 1048576K
Event: 23555.713 GC heap after
Heap after GC invocations=357 (full 0):
 garbage-first heap   total 275456K, used 117723K [0x0000000780000000, 0x0000000780100868, 0x00000007c0000000)
  region size 1024K, 4 young (4096K), 4 survivors (4096K)
 Metaspace       used 112553K, capacity 122456K, committed 122908K, reserved 1157120K
  class space    used 13183K, capacity 16016K, committed 16156K, reserved 1048576K
}
Event: 23557.205 GC heap before
{Heap before GC invocations=357 (full 0):
 garbage-first heap   total 275456K, used 243675K [0x0000000780000000, 0x0000000780100868, 0x00000007c0000000)
  region size 1024K, 127 young (130048K), 4 survivors (4096K)
 Metaspace       used 112553K, capacity 122456K, committed 122908K, reserved 1157120K
  class space    used 13183K, capacity 16016K, committed 16156K, reserved 1048576K
Event: 23557.233 GC heap after
Heap after GC invocations=358 (full 0):
 garbage-first heap   total 275456K, used 118761K [0x0000000780000000, 0x0000000780100868, 0x00000007c0000000)
  region size 1024K, 5 young (5120K), 5 survivors (5120K)
 Metaspace       used 112553K, capacity 122456K, committed 122908K, reserved 1157120K
  class space    used 13183K, capacity 16016K, committed 16156K, reserved 1048576K
}
Event: 23640.869 GC heap before
{Heap before GC invocations=358 (full 0):
 garbage-first heap   total 275456K, used 242665K [0x0000000780000000, 0x0000000780100868, 0x00000007c0000000)
  region size 1024K, 126 young (129024K), 5 survivors (5120K)
 Metaspace       used 112583K, capacity 122456K, committed 122908K, reserved 1157120K
  class space    used 13183K, capacity 16016K, committed 16156K, reserved 1048576K
Event: 23640.896 GC heap after
Heap after GC invocations=359 (full 0):
 garbage-first heap   total 275456K, used 116730K [0x0000000780000000, 0x0000000780100868, 0x00000007c0000000)
  region size 1024K, 3 young (3072K), 3 survivors (3072K)
 Metaspace       used 112583K, capacity 122456K, committed 122908K, reserved 1157120K
  class space    used 13183K, capacity 16016K, committed 16156K, reserved 1048576K
}
Event: 23677.021 GC heap before
{Heap before GC invocations=359 (full 0):
 garbage-first heap   total 275456K, used 243706K [0x0000000780000000, 0x0000000780100868, 0x00000007c0000000)
  region size 1024K, 127 young (130048K), 3 survivors (3072K)
 Metaspace       used 112585K, capacity 122456K, committed 122908K, reserved 1157120K
  class space    used 13183K, capacity 16016K, committed 16156K, reserved 1048576K
Event: 23677.042 GC heap after
Heap after GC invocations=360 (full 0):
 garbage-first heap   total 275456K, used 116236K [0x0000000780000000, 0x0000000780100868, 0x00000007c0000000)
  region size 1024K, 3 young (3072K), 3 survivors (3072K)
 Metaspace       used 112585K, capacity 122456K, committed 122908K, reserved 1157120K
  class space    used 13183K, capacity 16016K, committed 16156K, reserved 1048576K
}
Event: 23690.147 GC heap before
{Heap before GC invocations=360 (full 0):
 garbage-first heap   total 275456K, used 243212K [0x0000000780000000, 0x0000000780100868, 0x00000007c0000000)
  region size 1024K, 127 young (130048K), 3 survivors (3072K)
 Metaspace       used 112588K, capacity 122456K, committed 122908K, reserved 1157120K
  class space    used 13183K, capacity 16016K, committed 16156K, reserved 1048576K
Event: 23690.173 GC heap after
Heap after GC invocations=361 (full 0):
 garbage-first heap   total 275456K, used 116250K [0x0000000780000000, 0x0000000780100868, 0x00000007c0000000)
  region size 1024K, 3 young (3072K), 3 survivors (3072K)
 Metaspace       used 112588K, capacity 122456K, committed 122908K, reserved 1157120K
  class space    used 13183K, capacity 16016K, committed 16156K, reserved 1048576K
}

Deoptimization events (10 events):
Event: 23641.415 Thread 0x0000000120cb9800 Uncommon trap: reason=class_check action=maybe_recompile pc=0x000000010a83d8e0 method=java.util.Collections$SynchronizedCollection.<init>(Ljava/util/Collection;Ljava/lang/Object;)V @ 9
Event: 23646.097 Thread 0x0000000101805000 Uncommon trap: reason=class_check action=maybe_recompile pc=0x0000000105ca4fa0 method=org.eclipse.jface.text.rules.FastPartitioner.getPartition(I)Lorg/eclipse/jface/text/ITypedRegion; @ 48
Event: 23646.097 Thread 0x0000000101805000 Uncommon trap: reason=class_check action=maybe_recompile pc=0x0000000105ca4fa0 method=org.eclipse.jface.text.rules.FastPartitioner.getPartition(I)Lorg/eclipse/jface/text/ITypedRegion; @ 48
Event: 23646.097 Thread 0x0000000101805000 Uncommon trap: reason=class_check action=maybe_recompile pc=0x0000000105ca4fa0 method=org.eclipse.jface.text.rules.FastPartitioner.getPartition(I)Lorg/eclipse/jface/text/ITypedRegion; @ 48
Event: 23646.097 Thread 0x0000000101805000 Uncommon trap: reason=class_check action=maybe_recompile pc=0x000000010748af60 method=org.eclipse.cdt.internal.ui.text.CHeuristicScanner.getPartition(I)Lorg/eclipse/jface/text/ITypedRegion; @ 30
Event: 23646.097 Thread 0x0000000101805000 Uncommon trap: reason=class_check action=maybe_recompile pc=0x0000000105ca4fa0 method=org.eclipse.jface.text.rules.FastPartitioner.getPartition(I)Lorg/eclipse/jface/text/ITypedRegion; @ 48
Event: 23646.097 Thread 0x0000000101805000 Uncommon trap: reason=class_check action=maybe_recompile pc=0x000000010748af60 method=org.eclipse.cdt.internal.ui.text.CHeuristicScanner.getPartition(I)Lorg/eclipse/jface/text/ITypedRegion; @ 30
Event: 23646.991 Thread 0x0000000120cb9800 Uncommon trap: reason=unstable_if action=reinterpret pc=0x000000010707fcd8 method=org.eclipse.cdt.internal.core.dom.parser.cpp.semantics.EvalID.create(Lorg/eclipse/cdt/core/dom/ast/IASTIdExpression;)Lorg/eclipse/cdt/internal/core/dom/parser/cpp/ICPPEvalua
Event: 23690.568 Thread 0x0000000120bb2000 Uncommon trap: reason=null_check action=make_not_entrant pc=0x00000001097f6068 method=org.eclipse.cdt.internal.ui.editor.CDocumentProvider$TranslationUnitAnnotationModel.acceptProblem(Lorg/eclipse/cdt/core/parser/IProblem;)V @ 14
Event: 23690.569 Thread 0x0000000120cb9800 Uncommon trap: reason=null_check action=make_not_entrant pc=0x00000001097f6068 method=org.eclipse.cdt.internal.ui.editor.CDocumentProvider$TranslationUnitAnnotationModel.acceptProblem(Lorg/eclipse/cdt/core/parser/IProblem;)V @ 14

Internal exceptions (10 events):
Event: 23702.363 Thread 0x000000010082b000 Exception <a 'java/lang/UnsatisfiedLinkError': org.eclipse.cdt.utils.spawner.SpawnerInputStream.available0(I)I> (0x0000000789ea6988) thrown at [/Users/java_re/workspace/8-2-build-macosx-x86_64/jdk8u111/7883/hotspot/src/share/vm/prims/nativeLookup.cpp, lin
Event: 23702.408 Thread 0x0000000121ff5000 Exception <a 'sun/nio/fs/UnixException'> (0x000000078922e188) thrown at [/Users/java_re/workspace/8-2-build-macosx-x86_64/jdk8u111/7883/hotspot/src/share/vm/prims/jni.cpp, line 709]
Event: 23702.576 Thread 0x0000000100bbd000 Exception <a 'sun/nio/fs/UnixException'> (0x0000000789b2e438) thrown at [/Users/java_re/workspace/8-2-build-macosx-x86_64/jdk8u111/7883/hotspot/src/share/vm/prims/jni.cpp, line 709]
Event: 23702.576 Thread 0x0000000100bbd000 Exception <a 'sun/nio/fs/UnixException'> (0x0000000789b2ed70) thrown at [/Users/java_re/workspace/8-2-build-macosx-x86_64/jdk8u111/7883/hotspot/src/share/vm/prims/jni.cpp, line 709]
Event: 23702.577 Thread 0x0000000100bbd000 Exception <a 'sun/nio/fs/UnixException'> (0x0000000788da0f70) thrown at [/Users/java_re/workspace/8-2-build-macosx-x86_64/jdk8u111/7883/hotspot/src/share/vm/prims/jni.cpp, line 709]
Event: 23702.578 Thread 0x000000012b345800 Exception <a 'sun/nio/fs/UnixException'> (0x0000000788dcbdb8) thrown at [/Users/java_re/workspace/8-2-build-macosx-x86_64/jdk8u111/7883/hotspot/src/share/vm/prims/jni.cpp, line 709]
Event: 23702.579 Thread 0x000000012b345800 Exception <a 'sun/nio/fs/UnixException'> (0x0000000788dcc678) thrown at [/Users/java_re/workspace/8-2-build-macosx-x86_64/jdk8u111/7883/hotspot/src/share/vm/prims/jni.cpp, line 709]
Event: 23702.579 Thread 0x000000012b345800 Exception <a 'sun/nio/fs/UnixException'> (0x0000000788dccf78) thrown at [/Users/java_re/workspace/8-2-build-macosx-x86_64/jdk8u111/7883/hotspot/src/share/vm/prims/jni.cpp, line 709]
Event: 23702.579 Thread 0x000000012b345800 Exception <a 'sun/nio/fs/UnixException'> (0x0000000788dd0d08) thrown at [/Users/java_re/workspace/8-2-build-macosx-x86_64/jdk8u111/7883/hotspot/src/share/vm/prims/jni.cpp, line 709]
Event: 23702.593 Thread 0x0000000121ff5000 Exception <a 'sun/nio/fs/UnixException'> (0x0000000788d55ca0) thrown at [/Users/java_re/workspace/8-2-build-macosx-x86_64/jdk8u111/7883/hotspot/src/share/vm/prims/jni.cpp, line 709]

Events (10 events):
Event: 23702.363 Executing VM operation: RevokeBias
Event: 23702.363 Executing VM operation: RevokeBias done
Event: 23702.363 Thread 0x000000010082b000 Thread exited: 0x000000010082b000
Event: 23702.431 Executing VM operation: RevokeBias
Event: 23702.432 Executing VM operation: RevokeBias done
Event: 23702.436 Executing VM operation: RevokeBias
Event: 23702.436 Executing VM operation: RevokeBias done
Event: 23702.467 Executing VM operation: RevokeBias
Event: 23702.467 Executing VM operation: RevokeBias done
Event: 23702.594 Thread 0x000000012f987000 Thread added: 0x000000012f987000


Dynamic libraries:
0x0000000033a49000 	/System/Library/Frameworks/Cocoa.framework/Versions/A/Cocoa
0x0000000033a49000 	/usr/lib/libSystem.B.dylib
0x0000000033a49000 	/System/Library/Frameworks/CoreServices.framework/Versions/A/CoreServices
0x0000000033a49000 	/usr/lib/libobjc.A.dylib
0x0000000033a49000 	/System/Library/Frameworks/CoreFoundation.framework/Versions/A/CoreFoundation
0x0000000033a49000 	/System/Library/Frameworks/AppKit.framework/Versions/C/AppKit
0x0000000033a49000 	/System/Library/Frameworks/ApplicationServices.framework/Versions/A/ApplicationServices
0x0000000033a49000 	/System/Library/Frameworks/Foundation.framework/Versions/C/Foundation
0x0000000033a49000 	/System/Library/Frameworks/CoreData.framework/Versions/A/CoreData
0x0000000033a49000 	/System/Library/PrivateFrameworks/RemoteViewServices.framework/Versions/A/RemoteViewServices
0x0000000033a49000 	/System/Library/PrivateFrameworks/UIFoundation.framework/Versions/A/UIFoundation
0x0000000033a49000 	/System/Library/PrivateFrameworks/DFRFoundation.framework/Versions/A/DFRFoundation
0x0000000033a49000 	/usr/lib/libenergytrace.dylib
0x0000000033a49000 	/System/Library/PrivateFrameworks/SkyLight.framework/Versions/A/SkyLight
0x0000000033a49000 	/System/Library/Frameworks/CoreGraphics.framework/Versions/A/CoreGraphics
0x0000000033a49000 	/usr/lib/libScreenReader.dylib
0x0000000033a49000 	/System/Library/Frameworks/Accelerate.framework/Versions/A/Accelerate
0x0000000033a49000 	/System/Library/Frameworks/IOSurface.framework/Versions/A/IOSurface
0x0000000033a49000 	/System/Library/Frameworks/AudioToolbox.framework/Versions/A/AudioToolbox
0x0000000033a49000 	/System/Library/Frameworks/AudioUnit.framework/Versions/A/AudioUnit
0x0000000033a49000 	/System/Library/PrivateFrameworks/DataDetectorsCore.framework/Versions/A/DataDetectorsCore
0x0000000033a49000 	/System/Library/PrivateFrameworks/DesktopServicesPriv.framework/Versions/A/DesktopServicesPriv
0x0000000033a49000 	/System/Library/Frameworks/Carbon.framework/Versions/A/Frameworks/HIToolbox.framework/Versions/A/HIToolbox
0x0000000033a49000 	/usr/lib/libicucore.A.dylib
0x0000000033a49000 	/usr/lib/libz.1.dylib
0x0000000033a49000 	/System/Library/Frameworks/QuartzCore.framework/Versions/A/QuartzCore
0x0000000033a49000 	/System/Library/Frameworks/Security.framework/Versions/A/Security
0x0000000033a49000 	/System/Library/Frameworks/Carbon.framework/Versions/A/Frameworks/SpeechRecognition.framework/Versions/A/SpeechRecognition
0x0000000033a49000 	/usr/lib/libauto.dylib
0x0000000033a49000 	/usr/lib/libxml2.2.dylib
0x0000000033a49000 	/System/Library/PrivateFrameworks/CoreUI.framework/Versions/A/CoreUI
0x0000000033a49000 	/System/Library/Frameworks/CoreAudio.framework/Versions/A/CoreAudio
0x0000000033a49000 	/System/Library/Frameworks/DiskArbitration.framework/Versions/A/DiskArbitration
0x0000000033a49000 	/usr/lib/liblangid.dylib
0x0000000033a49000 	/System/Library/PrivateFrameworks/MultitouchSupport.framework/Versions/A/MultitouchSupport
0x0000000033a49000 	/System/Library/Frameworks/IOKit.framework/Versions/A/IOKit
0x0000000033a49000 	/usr/lib/libDiagnosticMessagesClient.dylib
0x0000000033a49000 	/System/Library/PrivateFrameworks/PerformanceAnalysis.framework/Versions/A/PerformanceAnalysis
0x0000000033a49000 	/System/Library/PrivateFrameworks/GenerationalStorage.framework/Versions/A/GenerationalStorage
0x0000000033a49000 	/System/Library/Frameworks/OpenGL.framework/Versions/A/OpenGL
0x0000000033a49000 	/System/Library/Frameworks/CoreImage.framework/Versions/A/CoreImage
0x0000000033a49000 	/System/Library/Frameworks/CoreText.framework/Versions/A/CoreText
0x0000000033a49000 	/System/Library/Frameworks/ImageIO.framework/Versions/A/ImageIO
0x0000000033a49000 	/System/Library/PrivateFrameworks/Backup.framework/Versions/A/Backup
0x0000000033a49000 	/usr/lib/libarchive.2.dylib
0x0000000033a49000 	/System/Library/Frameworks/CFNetwork.framework/Versions/A/CFNetwork
0x0000000033a49000 	/System/Library/Frameworks/SystemConfiguration.framework/Versions/A/SystemConfiguration
0x0000000033a49000 	/usr/lib/libCRFSuite.dylib
0x0000000033a49000 	/usr/lib/libc++.1.dylib
0x0000000033a49000 	/usr/lib/libc++abi.dylib
0x0000000033a49000 	/usr/lib/system/libcache.dylib
0x0000000033a49000 	/usr/lib/system/libcommonCrypto.dylib
0x0000000033a49000 	/usr/lib/system/libcompiler_rt.dylib
0x0000000033a49000 	/usr/lib/system/libcopyfile.dylib
0x0000000033a49000 	/usr/lib/system/libcorecrypto.dylib
0x0000000033a49000 	/usr/lib/system/libdispatch.dylib
0x0000000033a49000 	/usr/lib/system/libdyld.dylib
0x0000000033a49000 	/usr/lib/system/libkeymgr.dylib
0x0000000033a49000 	/usr/lib/system/liblaunch.dylib
0x0000000033a49000 	/usr/lib/system/libmacho.dylib
0x0000000033a49000 	/usr/lib/system/libquarantine.dylib
0x0000000033a49000 	/usr/lib/system/libremovefile.dylib
0x0000000033a49000 	/usr/lib/system/libsystem_asl.dylib
0x0000000033a49000 	/usr/lib/system/libsystem_blocks.dylib
0x0000000033a49000 	/usr/lib/system/libsystem_c.dylib
0x0000000033a49000 	/usr/lib/system/libsystem_configuration.dylib
0x0000000033a49000 	/usr/lib/system/libsystem_coreservices.dylib
0x0000000033a49000 	/usr/lib/system/libsystem_coretls.dylib
0x0000000033a49000 	/usr/lib/system/libsystem_dnssd.dylib
0x0000000033a49000 	/usr/lib/system/libsystem_info.dylib
0x0000000033a49000 	/usr/lib/system/libsystem_kernel.dylib
0x0000000033a49000 	/usr/lib/system/libsystem_m.dylib
0x0000000033a49000 	/usr/lib/system/libsystem_malloc.dylib
0x0000000033a49000 	/usr/lib/system/libsystem_network.dylib
0x0000000033a49000 	/usr/lib/system/libsystem_networkextension.dylib
0x0000000033a49000 	/usr/lib/system/libsystem_notify.dylib
0x0000000033a49000 	/usr/lib/system/libsystem_platform.dylib
0x0000000033a49000 	/usr/lib/system/libsystem_pthread.dylib
0x0000000033a49000 	/usr/lib/system/libsystem_sandbox.dylib
0x0000000033a49000 	/usr/lib/system/libsystem_secinit.dylib
0x0000000033a49000 	/usr/lib/system/libsystem_symptoms.dylib
0x0000000033a49000 	/usr/lib/system/libsystem_trace.dylib
0x0000000033a49000 	/usr/lib/system/libunwind.dylib
0x0000000033a49000 	/usr/lib/system/libxpc.dylib
0x0000000033a49000 	/usr/lib/libbsm.0.dylib
0x0000000033a49000 	/usr/lib/system/libkxld.dylib
0x0000000033a49000 	/usr/lib/libcoretls.dylib
0x0000000033a49000 	/usr/lib/libcoretls_cfhelpers.dylib
0x0000000033a49000 	/usr/lib/libxar.1.dylib
0x0000000033a49000 	/usr/lib/libsqlite3.dylib
0x0000000033a49000 	/usr/lib/libpam.2.dylib
0x0000000033a49000 	/usr/lib/libOpenScriptingUtil.dylib
0x0000000033a49000 	/usr/lib/libbz2.1.0.dylib
0x0000000033a49000 	/usr/lib/liblzma.5.dylib
0x0000000033a49000 	/usr/lib/libnetwork.dylib
0x0000000033a49000 	/usr/lib/libpcap.A.dylib
0x0000000033a49000 	/System/Library/Frameworks/CoreServices.framework/Versions/A/Frameworks/FSEvents.framework/Versions/A/FSEvents
0x0000000033a49000 	/System/Library/Frameworks/CoreServices.framework/Versions/A/Frameworks/CarbonCore.framework/Versions/A/CarbonCore
0x0000000033a49000 	/System/Library/Frameworks/CoreServices.framework/Versions/A/Frameworks/Metadata.framework/Versions/A/Metadata
0x0000000033a49000 	/System/Library/Frameworks/CoreServices.framework/Versions/A/Frameworks/OSServices.framework/Versions/A/OSServices
0x0000000033a49000 	/System/Library/Frameworks/CoreServices.framework/Versions/A/Frameworks/SearchKit.framework/Versions/A/SearchKit
0x0000000033a49000 	/System/Library/Frameworks/CoreServices.framework/Versions/A/Frameworks/AE.framework/Versions/A/AE
0x0000000033a49000 	/System/Library/Frameworks/CoreServices.framework/Versions/A/Frameworks/LaunchServices.framework/Versions/A/LaunchServices
0x0000000033a49000 	/System/Library/Frameworks/CoreServices.framework/Versions/A/Frameworks/DictionaryServices.framework/Versions/A/DictionaryServices
0x0000000033a49000 	/System/Library/Frameworks/CoreServices.framework/Versions/A/Frameworks/SharedFileList.framework/Versions/A/SharedFileList
0x0000000033a49000 	/System/Library/Frameworks/NetFS.framework/Versions/A/NetFS
0x0000000033a49000 	/System/Library/PrivateFrameworks/NetAuth.framework/Versions/A/NetAuth
0x0000000033a49000 	/System/Library/PrivateFrameworks/login.framework/Versions/A/Frameworks/loginsupport.framework/Versions/A/loginsupport
0x0000000033a49000 	/System/Library/PrivateFrameworks/TCC.framework/Versions/A/TCC
0x0000000033a49000 	/usr/lib/libmecabra.dylib
0x0000000033a49000 	/System/Library/Frameworks/ApplicationServices.framework/Versions/A/Frameworks/ATS.framework/Versions/A/ATS
0x0000000033a49000 	/System/Library/Frameworks/ApplicationServices.framework/Versions/A/Frameworks/ColorSync.framework/Versions/A/ColorSync
0x0000000033a49000 	/System/Library/Frameworks/ApplicationServices.framework/Versions/A/Frameworks/HIServices.framework/Versions/A/HIServices
0x0000000033a49000 	/System/Library/Frameworks/ApplicationServices.framework/Versions/A/Frameworks/LangAnalysis.framework/Versions/A/LangAnalysis
0x0000000033a49000 	/System/Library/Frameworks/ApplicationServices.framework/Versions/A/Frameworks/PrintCore.framework/Versions/A/PrintCore
0x0000000033a49000 	/System/Library/Frameworks/ApplicationServices.framework/Versions/A/Frameworks/QD.framework/Versions/A/QD
0x0000000033a49000 	/System/Library/Frameworks/ApplicationServices.framework/Versions/A/Frameworks/SpeechSynthesis.framework/Versions/A/SpeechSynthesis
0x0000000033a49000 	/System/Library/Frameworks/Accelerate.framework/Versions/A/Frameworks/vImage.framework/Versions/A/vImage
0x0000000033a49000 	/System/Library/Frameworks/Accelerate.framework/Versions/A/Frameworks/vecLib.framework/Versions/A/vecLib
0x0000000033a49000 	/System/Library/Frameworks/Accelerate.framework/Versions/A/Frameworks/vecLib.framework/Versions/A/libvDSP.dylib
0x0000000033a49000 	/System/Library/Frameworks/Accelerate.framework/Versions/A/Frameworks/vecLib.framework/Versions/A/libBNNS.dylib
0x0000000033a49000 	/System/Library/Frameworks/Accelerate.framework/Versions/A/Frameworks/vecLib.framework/Versions/A/libQuadrature.dylib
0x0000000033a49000 	/System/Library/Frameworks/Accelerate.framework/Versions/A/Frameworks/vecLib.framework/Versions/A/libvMisc.dylib
0x0000000033a49000 	/System/Library/Frameworks/Accelerate.framework/Versions/A/Frameworks/vecLib.framework/Versions/A/libLAPACK.dylib
0x0000000033a49000 	/System/Library/Frameworks/Accelerate.framework/Versions/A/Frameworks/vecLib.framework/Versions/A/libBLAS.dylib
0x0000000033a49000 	/System/Library/Frameworks/Accelerate.framework/Versions/A/Frameworks/vecLib.framework/Versions/A/libLinearAlgebra.dylib
0x0000000033a49000 	/System/Library/Frameworks/Accelerate.framework/Versions/A/Frameworks/vecLib.framework/Versions/A/libSparseBLAS.dylib
0x0000000033a49000 	/System/Library/Frameworks/ApplicationServices.framework/Versions/A/Frameworks/ATS.framework/Versions/A/Resources/libFontParser.dylib
0x0000000033a49000 	/System/Library/Frameworks/ApplicationServices.framework/Versions/A/Frameworks/ATS.framework/Versions/A/Resources/libFontRegistry.dylib
0x0000000033a49000 	/System/Library/Frameworks/ImageIO.framework/Versions/A/Resources/libJPEG.dylib
0x0000000033a49000 	/System/Library/Frameworks/ImageIO.framework/Versions/A/Resources/libTIFF.dylib
0x0000000033a49000 	/System/Library/Frameworks/ImageIO.framework/Versions/A/Resources/libPng.dylib
0x0000000033a49000 	/System/Library/Frameworks/ImageIO.framework/Versions/A/Resources/libGIF.dylib
0x0000000033a49000 	/System/Library/Frameworks/ImageIO.framework/Versions/A/Resources/libJP2.dylib
0x0000000033a49000 	/System/Library/Frameworks/ImageIO.framework/Versions/A/Resources/libRadiance.dylib
0x0000000033a49000 	/usr/lib/libcompression.dylib
0x0000000033a49000 	/System/Library/PrivateFrameworks/AppleJPEG.framework/Versions/A/AppleJPEG
0x0000000033a49000 	/usr/lib/libcups.2.dylib
0x0000000033a49000 	/System/Library/Frameworks/Kerberos.framework/Versions/A/Kerberos
0x0000000033a49000 	/System/Library/Frameworks/GSS.framework/Versions/A/GSS
0x0000000033a49000 	/usr/lib/libresolv.9.dylib
0x0000000033a49000 	/usr/lib/libiconv.2.dylib
0x0000000033a49000 	/System/Library/PrivateFrameworks/Heimdal.framework/Versions/A/Heimdal
0x0000000033a49000 	/usr/lib/libheimdal-asn1.dylib
0x0000000033a49000 	/System/Library/Frameworks/OpenDirectory.framework/Versions/A/OpenDirectory
0x0000000033a49000 	/System/Library/PrivateFrameworks/CommonAuth.framework/Versions/A/CommonAuth
0x0000000033a49000 	/System/Library/Frameworks/OpenDirectory.framework/Versions/A/Frameworks/CFOpenDirectory.framework/Versions/A/CFOpenDirectory
0x0000000033a49000 	/System/Library/Frameworks/SecurityFoundation.framework/Versions/A/SecurityFoundation
0x0000000033a49000 	/System/Library/PrivateFrameworks/LanguageModeling.framework/Versions/A/LanguageModeling
0x0000000033a49000 	/usr/lib/libmarisa.dylib
0x0000000033a49000 	/usr/lib/libChineseTokenizer.dylib
0x0000000033a49000 	/usr/lib/libcmph.dylib
0x0000000033a49000 	/System/Library/PrivateFrameworks/CoreEmoji.framework/Versions/A/CoreEmoji
0x0000000033a49000 	/System/Library/Frameworks/ServiceManagement.framework/Versions/A/ServiceManagement
0x0000000033a49000 	/usr/lib/libxslt.1.dylib
0x0000000033a49000 	/System/Library/Frameworks/Carbon.framework/Versions/A/Frameworks/Ink.framework/Versions/A/Ink
0x0000000033a49000 	/System/Library/PrivateFrameworks/TextureIO.framework/Versions/A/TextureIO
0x0000000033a49000 	/System/Library/Frameworks/Metal.framework/Versions/A/Metal
0x0000000033a49000 	/usr/lib/libate.dylib
0x0000000033a49000 	/System/Library/PrivateFrameworks/GPUCompiler.framework/libmetal_timestamp.dylib
0x0000000033a49000 	/System/Library/Frameworks/OpenGL.framework/Versions/A/Libraries/libCoreFSCache.dylib
0x0000000033a49000 	/System/Library/PrivateFrameworks/IOAccelerator.framework/Versions/A/IOAccelerator
0x0000000033a49000 	/System/Library/Frameworks/CoreVideo.framework/Versions/A/CoreVideo
0x0000000033a49000 	/usr/lib/libFosl_dynamic.dylib
0x0000000033a49000 	/System/Library/PrivateFrameworks/MetalPerformanceShaders.framework/Versions/A/MetalPerformanceShaders
0x0000000033a49000 	/System/Library/PrivateFrameworks/FaceCore.framework/Versions/A/FaceCore
0x0000000033a49000 	/System/Library/Frameworks/OpenCL.framework/Versions/A/OpenCL
0x0000000033a49000 	/System/Library/Frameworks/OpenGL.framework/Versions/A/Libraries/libGLU.dylib
0x0000000033a49000 	/System/Library/Frameworks/OpenGL.framework/Versions/A/Libraries/libGFXShared.dylib
0x0000000033a49000 	/System/Library/Frameworks/OpenGL.framework/Versions/A/Libraries/libGL.dylib
0x0000000033a49000 	/System/Library/Frameworks/OpenGL.framework/Versions/A/Libraries/libGLImage.dylib
0x0000000033a49000 	/System/Library/Frameworks/OpenGL.framework/Versions/A/Libraries/libCVMSPluginSupport.dylib
0x0000000033a49000 	/System/Library/Frameworks/OpenGL.framework/Versions/A/Libraries/libCoreVMClient.dylib
0x0000000033a49000 	/System/Library/PrivateFrameworks/CrashReporterSupport.framework/Versions/A/CrashReporterSupport
0x0000000033a49000 	/System/Library/PrivateFrameworks/Sharing.framework/Versions/A/Sharing
0x0000000033a49000 	/System/Library/PrivateFrameworks/IconServices.framework/Versions/A/IconServices
0x0000000033a49000 	/System/Library/PrivateFrameworks/ProtocolBuffer.framework/Versions/A/ProtocolBuffer
0x0000000033a49000 	/System/Library/PrivateFrameworks/Apple80211.framework/Versions/A/Apple80211
0x0000000033a49000 	/System/Library/Frameworks/CoreWLAN.framework/Versions/A/CoreWLAN
0x0000000033a49000 	/System/Library/PrivateFrameworks/CoreUtils.framework/Versions/A/CoreUtils
0x0000000033a49000 	/System/Library/Frameworks/IOBluetooth.framework/Versions/A/IOBluetooth
0x0000000033a49000 	/System/Library/PrivateFrameworks/CoreWiFi.framework/Versions/A/CoreWiFi
0x0000000033a49000 	/System/Library/Frameworks/CoreBluetooth.framework/Versions/A/CoreBluetooth
0x0000000033a49000 	/System/Library/Frameworks/CoreDisplay.framework/Versions/A/CoreDisplay
0x0000000033a49000 	/System/Library/PrivateFrameworks/IOPresentment.framework/Versions/A/IOPresentment
0x0000000033a49000 	/System/Library/PrivateFrameworks/DebugSymbols.framework/Versions/A/DebugSymbols
0x0000000033a49000 	/System/Library/PrivateFrameworks/CoreSymbolication.framework/Versions/A/CoreSymbolication
0x0000000033a49000 	/System/Library/PrivateFrameworks/Symbolication.framework/Versions/A/Symbolication
0x0000000033a49000 	/System/Library/PrivateFrameworks/AppleFSCompression.framework/Versions/A/AppleFSCompression
0x0000000033a49000 	/System/Library/PrivateFrameworks/SpeechRecognitionCore.framework/Versions/A/SpeechRecognitionCore
0x0000000033a49000 	/System/Library/PrivateFrameworks/ChunkingLibrary.framework/Versions/A/ChunkingLibrary
0x0000000100308000 	/Applications/Eclipse.app/Contents/Eclipse/plugins/org.eclipse.equinox.launcher.cocoa.macosx.x86_64_1.1.401.v20161122-1740/eclipse_1615.so
0x0000000033a49000 	/System/Library/PrivateFrameworks/CoreServicesInternal.framework/Versions/A/CoreServicesInternal
0x0000000100713000 	/Library/Java/JavaVirtualMachines/jdk1.8.0_111.jdk/Contents/MacOS/libjli.dylib
0x00000001038b6000 	/Library/Java/JavaVirtualMachines/jdk1.8.0_111.jdk/Contents/Home/jre//lib/server/libjvm.dylib
0x0000000033a49000 	/usr/lib/libstdc++.6.dylib
0x0000000100723000 	/Library/Java/JavaVirtualMachines/jdk1.8.0_111.jdk/Contents/Home/jre/lib/libverify.dylib
0x0000000100731000 	/Library/Java/JavaVirtualMachines/jdk1.8.0_111.jdk/Contents/Home/jre/lib/libjava.dylib
0x000000010076f000 	/Library/Java/JavaVirtualMachines/jdk1.8.0_111.jdk/Contents/Home/jre/lib/libzip.dylib
0x00000001011c3000 	/System/Library/Frameworks/JavaVM.framework/Frameworks/JavaRuntimeSupport.framework/JavaRuntimeSupport
0x00000001017e7000 	/System/Library/Frameworks/JavaVM.framework/Versions/A/Frameworks/JavaNativeFoundation.framework/Versions/A/JavaNativeFoundation
0x0000000119072000 	/System/Library/Frameworks/JavaVM.framework/Versions/A/JavaVM
0x0000000033a49000 	/System/Library/Frameworks/Carbon.framework/Versions/A/Carbon
0x000000011907f000 	/System/Library/PrivateFrameworks/JavaLaunching.framework/Versions/A/JavaLaunching
0x0000000033a49000 	/System/Library/Frameworks/Carbon.framework/Versions/A/Frameworks/CommonPanels.framework/Versions/A/CommonPanels
0x0000000033a49000 	/System/Library/Frameworks/Carbon.framework/Versions/A/Frameworks/Help.framework/Versions/A/Help
0x0000000033a49000 	/System/Library/Frameworks/Carbon.framework/Versions/A/Frameworks/ImageCapture.framework/Versions/A/ImageCapture
0x0000000033a49000 	/System/Library/Frameworks/Carbon.framework/Versions/A/Frameworks/OpenScripting.framework/Versions/A/OpenScripting
0x0000000033a49000 	/System/Library/Frameworks/Carbon.framework/Versions/A/Frameworks/Print.framework/Versions/A/Print
0x0000000033a49000 	/System/Library/Frameworks/Carbon.framework/Versions/A/Frameworks/SecurityHI.framework/Versions/A/SecurityHI
0x0000000033a49000 	/System/Library/CoreServices/RawCamera.bundle/Contents/MacOS/RawCamera
0x0000000033a49000 	/System/Library/Frameworks/Accelerate.framework/Versions/A/Frameworks/vImage.framework/Versions/A/Libraries/libCGInterfaces.dylib
0x0000000033a49000 	/System/Library/PrivateFrameworks/FamilyControls.framework/Versions/A/FamilyControls
0x0000000033a49000 	/System/Library/PrivateFrameworks/CommerceKit.framework/Versions/A/Frameworks/CommerceCore.framework/Versions/A/CommerceCore
0x0000000033a49000 	/System/Library/PrivateFrameworks/SystemAdministration.framework/Versions/A/SystemAdministration
0x0000000033a49000 	/System/Library/PrivateFrameworks/AppContainer.framework/Versions/A/AppContainer
0x0000000033a49000 	/System/Library/PrivateFrameworks/SecCodeWrapper.framework/Versions/A/SecCodeWrapper
0x0000000033a49000 	/System/Library/Frameworks/DirectoryService.framework/Versions/A/DirectoryService
0x0000000033a49000 	/System/Library/PrivateFrameworks/DiskImages.framework/Versions/A/DiskImages
0x0000000033a49000 	/System/Library/PrivateFrameworks/LoginUIKit.framework/Versions/A/Frameworks/LoginUICore.framework/Versions/A/LoginUICore
0x0000000033a49000 	/usr/lib/libCoreStorage.dylib
0x0000000033a49000 	/usr/lib/libcsfde.dylib
0x0000000033a49000 	/usr/lib/libodfde.dylib
0x0000000033a49000 	/System/Library/Frameworks/DiscRecording.framework/Versions/A/DiscRecording
0x0000000033a49000 	/usr/lib/libcurl.4.dylib
0x0000000033a49000 	/System/Library/PrivateFrameworks/MediaKit.framework/Versions/A/MediaKit
0x0000000033a49000 	/System/Library/PrivateFrameworks/ProtectedCloudStorage.framework/Versions/A/ProtectedCloudStorage
0x0000000033a49000 	/System/Library/PrivateFrameworks/EFILogin.framework/Versions/A/EFILogin
0x0000000033a49000 	/usr/lib/libutil.dylib
0x0000000033a49000 	/System/Library/Frameworks/LDAP.framework/Versions/A/LDAP
0x0000000033a49000 	/usr/lib/libsasl2.2.dylib
0x0000000033a49000 	/System/Library/PrivateFrameworks/CoreDaemon.framework/Versions/B/CoreDaemon
0x0000000033a49000 	/System/Library/PrivateFrameworks/AppleSRP.framework/Versions/A/AppleSRP
0x0000000033a49000 	/System/Library/PrivateFrameworks/APFS.framework/Versions/A/APFS
0x0000000033a49000 	/System/Library/Frameworks/ApplicationServices.framework/Versions/A/Frameworks/ATS.framework/Versions/A/Resources/libTrueTypeScaler.dylib
0x0000000033a49000 	/System/Library/Frameworks/OpenGL.framework/Versions/A/Resources/GLEngine.bundle/GLEngine
0x0000000033a49000 	/System/Library/Frameworks/OpenGL.framework/Versions/A/Libraries/libGLProgrammability.dylib
0x000000011c800000 	/System/Library/Extensions/GeForceTeslaGLDriver.bundle/Contents/MacOS/GeForceTeslaGLDriver
0x000000011e3c6000 	/System/Library/Extensions/GeForceTeslaGLDriver.bundle/Contents/MacOS/libclh.dylib
0x0000000033a49000 	/System/Library/PrivateFrameworks/GPUSupport.framework/Versions/A/Libraries/libGPUSupport.dylib
0x0000000033a49000 	/System/Library/Frameworks/OpenGL.framework/Versions/A/Resources/GLRendererFloat.bundle/GLRendererFloat
0x0000000033a49000 	/System/Library/Frameworks/OpenCL.framework/Versions/A/Libraries/libcldcpuengine.dylib
0x0000000033a49000 	/usr/lib/libcrypto.0.9.8.dylib
0x0000000033a49000 	/System/Library/PrivateFrameworks/TrustEvaluationAgent.framework/Versions/A/TrustEvaluationAgent
0x000000011fa40000 	/Library/Java/JavaVirtualMachines/jdk1.8.0_111.jdk/Contents/Home/jre/lib/libnet.dylib
0x0000000120361000 	/Library/Java/JavaVirtualMachines/jdk1.8.0_111.jdk/Contents/Home/jre/lib/libnio.dylib
0x0000000033a49000 	/System/Library/PrivateFrameworks/ViewBridge.framework/Versions/A/ViewBridge
0x0000000033a49000 	/System/Library/PrivateFrameworks/XPCService.framework/Versions/A/XPCService
0x0000000033a49000 	/System/Library/PrivateFrameworks/AppSandbox.framework/Versions/A/AppSandbox
0x0000000033a49000 	/usr/lib/libsandbox.1.dylib
0x0000000033a49000 	/usr/lib/libMatch.1.dylib
0x0000000120091000 	/Applications/Eclipse.app/Contents/Eclipse/configuration/org.eclipse.osgi/710/0/.cp/libswt-cocoa-4628.jnilib
0x0000000033a49000 	/System/Library/Frameworks/WebKit.framework/Versions/A/WebKit
0x0000000033a49000 	/System/Library/Frameworks/JavaScriptCore.framework/Versions/A/JavaScriptCore
0x0000000033a49000 	/System/Library/Frameworks/SecurityInterface.framework/Versions/A/SecurityInterface
0x0000000033a49000 	/System/Library/Frameworks/WebKit.framework/Versions/A/Frameworks/WebKitLegacy.framework/Versions/A/WebKitLegacy
0x0000000033a49000 	/System/Library/Frameworks/WebKit.framework/Versions/A/Frameworks/WebCore.framework/Versions/A/WebCore
0x0000000120188000 	/Applications/Eclipse.app/Contents/Eclipse/configuration/org.eclipse.osgi/710/0/.cp/libswt-pi-cocoa-4628.jnilib
0x00000001190af000 	/Applications/Eclipse.app/Contents/Eclipse/configuration/org.eclipse.osgi/100/0/.cp/os/macosx/libunixfile_1_0_0.jnilib
0x000000012000f000 	/Library/Java/JavaVirtualMachines/jdk1.8.0_111.jdk/Contents/Home/jre/lib/libsunec.dylib
0x0000000033a49000 	/System/Library/PrivateFrameworks/CloudDocs.framework/Versions/A/CloudDocs
0x0000000033a49000 	/System/Library/Frameworks/CloudKit.framework/Versions/A/CloudKit
0x0000000033a49000 	/System/Library/PrivateFrameworks/MMCS.framework/Versions/A/MMCS
0x0000000033a49000 	/System/Library/Frameworks/CoreLocation.framework/Versions/A/CoreLocation
0x0000000033a49000 	/System/Library/PrivateFrameworks/AssetCacheServices.framework/Versions/A/AssetCacheServices
0x0000000033a49000 	/System/Library/PrivateFrameworks/GeoServices.framework/Versions/A/GeoServices
0x00000001202ae000 	cl_kernels
0x0000000033a49000 	/System/Library/Frameworks/OpenCL.framework/Versions/A/Libraries/ImageFormats/unorm8_bgra.dylib
0x0000000033a49000 	/System/Library/PrivateFrameworks/Shortcut.framework/Versions/A/Shortcut
0x0000000033a49000 	/System/Library/PrivateFrameworks/HelpData.framework/Versions/A/HelpData
0x0000000033a49000 	/System/Library/PrivateFrameworks/DataDetectors.framework/Versions/A/DataDetectors
0x0000000033a49000 	/System/Library/Frameworks/AddressBook.framework/Versions/A/AddressBook
0x0000000033a49000 	/System/Library/Frameworks/Quartz.framework/Versions/A/Quartz
0x0000000033a49000 	/System/Library/PrivateFrameworks/ContactsPersistence.framework/Versions/A/ContactsPersistence
0x0000000033a49000 	/System/Library/PrivateFrameworks/CalendarAgentLink.framework/Versions/A/CalendarAgentLink
0x0000000033a49000 	/System/Library/PrivateFrameworks/ContactsFoundation.framework/Versions/A/ContactsFoundation
0x0000000033a49000 	/System/Library/PrivateFrameworks/vCard.framework/Versions/A/vCard
0x0000000033a49000 	/System/Library/PrivateFrameworks/IntlPreferences.framework/Versions/A/IntlPreferences
0x0000000033a49000 	/System/Library/PrivateFrameworks/ToneLibrary.framework/Versions/A/ToneLibrary
0x0000000033a49000 	/System/Library/PrivateFrameworks/ToneKit.framework/Versions/A/ToneKit
0x0000000033a49000 	/System/Library/PrivateFrameworks/ApplePushService.framework/Versions/A/ApplePushService
0x0000000033a49000 	/System/Library/PrivateFrameworks/PhoneNumbers.framework/Versions/A/PhoneNumbers
0x0000000033a49000 	/System/Library/Frameworks/Accounts.framework/Versions/A/Accounts
0x0000000033a49000 	/System/Library/PrivateFrameworks/OAuth.framework/Versions/A/OAuth
0x0000000033a49000 	/System/Library/Frameworks/AVFoundation.framework/Versions/A/AVFoundation
0x0000000033a49000 	/System/Library/Frameworks/AVFoundation.framework/Versions/A/Frameworks/AVFAudio.framework/Versions/A/AVFAudio
0x0000000033a49000 	/System/Library/Frameworks/CoreMedia.framework/Versions/A/CoreMedia
0x0000000033a49000 	/System/Library/Frameworks/MediaToolbox.framework/Versions/A/MediaToolbox
0x0000000033a49000 	/System/Library/Frameworks/VideoToolbox.framework/Versions/A/VideoToolbox
0x0000000033a49000 	/System/Library/Frameworks/CoreMediaIO.framework/Versions/A/CoreMediaIO
0x0000000033a49000 	/usr/lib/libspindump.dylib
0x0000000033a49000 	/usr/lib/libdscsym.dylib
0x0000000033a49000 	/System/Library/PrivateFrameworks/CoreAVCHD.framework/Versions/A/CoreAVCHD
0x0000000033a49000 	/System/Library/Frameworks/MediaAccessibility.framework/Versions/A/MediaAccessibility
0x0000000033a49000 	/System/Library/PrivateFrameworks/Mangrove.framework/Versions/A/Mangrove
0x0000000033a49000 	/System/Library/PrivateFrameworks/CoreAUC.framework/Versions/A/CoreAUC
0x0000000033a49000 	/System/Library/PrivateFrameworks/AppleVA.framework/Versions/A/AppleVA
0x0000000033a49000 	/System/Library/Frameworks/Quartz.framework/Versions/A/Frameworks/QuartzComposer.framework/Versions/A/QuartzComposer
0x0000000033a49000 	/System/Library/Frameworks/Quartz.framework/Versions/A/Frameworks/PDFKit.framework/Versions/A/PDFKit
0x0000000033a49000 	/System/Library/Frameworks/Quartz.framework/Versions/A/Frameworks/QuartzFilters.framework/Versions/A/QuartzFilters
0x0000000033a49000 	/System/Library/Frameworks/Quartz.framework/Versions/A/Frameworks/ImageKit.framework/Versions/A/ImageKit
0x0000000033a49000 	/System/Library/Frameworks/Quartz.framework/Versions/A/Frameworks/QuickLookUI.framework/Versions/A/QuickLookUI
0x0000000033a49000 	/System/Library/Frameworks/QTKit.framework/Versions/A/QTKit
0x0000000033a49000 	/System/Library/PrivateFrameworks/AppleSystemInfo.framework/Versions/A/AppleSystemInfo
0x0000000033a49000 	/System/Library/PrivateFrameworks/CoreMediaAuthoring.framework/Versions/A/CoreMediaAuthoring
0x0000000033a49000 	/System/Library/PrivateFrameworks/CorePDF.framework/Versions/A/CorePDF
0x0000000033a49000 	/System/Library/Frameworks/SafariServices.framework/Versions/A/SafariServices
0x0000000033a49000 	/System/Library/Frameworks/QuickLook.framework/Versions/A/QuickLook
0x0000000033a49000 	/System/Library/PrivateFrameworks/MobileKeyBag.framework/Versions/A/MobileKeyBag
0x0000000033a49000 	/System/Library/PrivateFrameworks/QuickLookThumbnailing.framework/Versions/A/QuickLookThumbnailing
0x0000000033a49000 	/System/Library/PrivateFrameworks/DisplayServices.framework/Versions/A/DisplayServices
0x0000000033a49000 	/System/Library/Frameworks/ImageCaptureCore.framework/Versions/A/ImageCaptureCore
0x000000011bdc0000 	/Applications/Eclipse.app/Contents/Eclipse/configuration/org.eclipse.osgi/519/0/.cp/os/macosx/x86_64/libspawner.jnilib
0x0000000119529000 	cl_kernels
0x0000000119506000 	/Applications/Eclipse.app/Contents/Eclipse/configuration/org.eclipse.osgi/519/0/.cp/os/macosx/x86_64/libpty.jnilib
0x0000000120241000 	/System/Library/PrivateFrameworks/CoreNLP.framework/Versions/A/CoreNLP

VM Arguments:
jvm_args: -Dosgi.requiredJavaVersion=1.8 -XX:+UseG1GC -XX:+UseStringDeduplication -XstartOnFirstThread -Dorg.eclipse.swt.internal.carbon.smallFonts -Dosgi.requiredJavaVersion=1.8 -Xms256m -Xmx1024m -Xdock:icon=../Resources/Eclipse.icns -XstartOnFirstThread -Dorg.eclipse.swt.internal.carbon.smallFonts 
java_command: <unknown>
java_class_path (initial): /Applications/Eclipse.app/Contents/MacOS//../Eclipse/plugins/org.eclipse.equinox.launcher_1.3.201.v20161025-1711.jar
Launcher Type: generic

Environment Variables:
PATH=/usr/bin:/bin:/usr/sbin:/sbin
SHELL=/bin/bash

Signal Handlers:
SIGSEGV: [libjvm.dylib+0x5b03ed], sa_mask[0]=11111111011111110111111111111111, sa_flags=SA_ONSTACK|SA_RESTART|SA_SIGINFO
SIGBUS: [libjvm.dylib+0x5b03ed], sa_mask[0]=11111111011111110111111111111111, sa_flags=SA_RESTART|SA_SIGINFO
SIGFPE: [libjvm.dylib+0x48711c], sa_mask[0]=11111111011111110111111111111111, sa_flags=SA_RESTART|SA_SIGINFO
SIGPIPE: [libjvm.dylib+0x48711c], sa_mask[0]=11111111011111110111111111111111, sa_flags=SA_RESTART|SA_SIGINFO
SIGXFSZ: [libjvm.dylib+0x48711c], sa_mask[0]=11111111011111110111111111111111, sa_flags=SA_RESTART|SA_SIGINFO
SIGILL: [libjvm.dylib+0x48711c], sa_mask[0]=11111111011111110111111111111111, sa_flags=SA_RESTART|SA_SIGINFO
SIGUSR1: SIG_DFL, sa_mask[0]=00000000000000000000000000000000, sa_flags=none
SIGUSR2: [libjvm.dylib+0x486c3a], sa_mask[0]=00000000000000000000000000000000, sa_flags=SA_RESTART|SA_SIGINFO
SIGHUP: [libjvm.dylib+0x485211], sa_mask[0]=11111111011111110111111111111111, sa_flags=SA_RESTART|SA_SIGINFO
SIGINT: [libjvm.dylib+0x485211], sa_mask[0]=11111111011111110111111111111111, sa_flags=SA_RESTART|SA_SIGINFO
SIGTERM: [libjvm.dylib+0x485211], sa_mask[0]=11111111011111110111111111111111, sa_flags=SA_RESTART|SA_SIGINFO
SIGQUIT: [libjvm.dylib+0x485211], sa_mask[0]=11111111011111110111111111111111, sa_flags=SA_RESTART|SA_SIGINFO


---------------  S Y S T E M  ---------------

OS:Bsduname:Darwin 16.1.0 Darwin Kernel Version 16.1.0: Wed Oct 19 20:31:56 PDT 2016; root:xnu-3789.21.4~4/RELEASE_X86_64 x86_64
rlimit: STACK 8192k, CORE 0k, NPROC 709, NOFILE 10240, AS infinity
load average:3.70 3.81 3.42

CPU:total 2 (2 cores per cpu, 1 threads per core) family 6 model 23 stepping 10, cmov, cx8, fxsr, mmx, sse, sse2, sse3, ssse3, sse4.1, tsc

Memory: 4k page, physical 8388608k(81372k free)

/proc/meminfo:


vm_info: Java HotSpot(TM) 64-Bit Server VM (25.111-b14) for bsd-amd64 JRE (1.8.0_111-b14), built on Sep 22 2016 15:31:41 by "java_re" with gcc 4.2.1 (Based on Apple Inc. build 5658) (LLVM build 2336.11.00)

time: Sun Feb 26 13:40:25 2017
elapsed time: 23702 seconds (0d 6h 35m 2s)

